2025-07-28 14:51:06 | INFO     | devpulse_client.auth.collectors.device_collector:collect_fingerprint:20 - Collecting device fingerprint
2025-07-28 14:51:06 | INFO     | devpulse_client.auth.collectors.device_collector:collect_fingerprint:23 - Collecting device fingerprint: 18:60:24:92:da:75
2025-07-28 14:51:06 | INFO     | devpulse_client.auth.collectors.device_collector:collect_fingerprint:26 - Collecting device fingerprint: OKEY
2025-07-28 14:51:06 | DEBUG    | devpulse_client.auth.collectors.device_collector:collect_fingerprint:29 - Collected device fingerprint: MAC=18:60:24:92:da:75
2025-07-28 14:51:07 | INFO     | devpulse_client.auth.client.auth_client:_send_login_request:144 - Credential validation successful: {'access_token': 'eyJhbGciOiJIUzI1NiIsInR5cCI6IkpXVCJ9.eyJzdWIiOiJmYXJ1ayIsImRldmljZV9tYWMiOiIxODo2MDoyNDo5MjpkYTo3NSJ9.mdvGKPs6tdby8LCZ1GdpPUjIwZ7I28mBg07IeLUbcuc', 'token_type': 'bearer', 'expires': False}
2025-07-28 14:51:07 | INFO     | devpulse_client.ingest.client.event_client:run:32 - Starting activity tracker
2025-07-28 14:51:07 | INFO     | devpulse_client.ingest.client.event_client:run:40 - Logging activity: System Started
2025-07-28 14:51:07 | DEBUG    | devpulse_client.core.window_tracker.window_task:_start_tracking_new_window:68 - Started tracking window: 'app.py - devpulse-client-v2 - Visual Studio Code'
2025-07-28 14:51:07 | INFO     | devpulse_client.core.activity_state_tracker.activity_state_task:tick:74 - Logging activity: User Active
2025-07-28 14:51:15 | INFO     | devpulse_client.core.window_tracker.window_task:_log_previous_window_if_needed:51 - Window 'app.py - devpulse-client-v2 - Visual Studio Code' met duration threshold | Start: 2025-07-28T14:51:07.222433 | End: 2025-07-28T14:51:15.377267 | Duration: 8.2s (>= 0s threshold)
2025-07-28 14:51:15 | INFO     | devpulse_client.core.window_tracker.window_task:_log_window_event:75 - Logging window event for 'app.py - devpulse-client-v2 - Visual Studio Code' | Start: 2025-07-28T14:51:07.222433 | End: 2025-07-28T14:51:15.377267 | Duration: 8.2s
2025-07-28 14:51:15 | DEBUG    | devpulse_client.core.window_tracker.window_task:_start_tracking_new_window:68 - Started tracking window: 'pgAdmin 4'
2025-07-28 14:51:50 | INFO     | devpulse_client.core.window_tracker.window_task:_log_previous_window_if_needed:51 - Window 'pgAdmin 4' met duration threshold | Start: 2025-07-28T14:51:15.377267 | End: 2025-07-28T14:51:50.089631 | Duration: 34.7s (>= 0s threshold)
2025-07-28 14:51:50 | INFO     | devpulse_client.core.window_tracker.window_task:_log_window_event:75 - Logging window event for 'pgAdmin 4' | Start: 2025-07-28T14:51:15.377267 | End: 2025-07-28T14:51:50.089631 | Duration: 34.7s
2025-07-28 14:51:50 | DEBUG    | devpulse_client.core.window_tracker.window_task:_start_tracking_new_window:68 - Started tracking window: 'main.py - devpulse-server - Visual Studio Code'
2025-07-28 14:51:51 | INFO     | devpulse_client.core.window_tracker.window_task:_log_previous_window_if_needed:51 - Window 'main.py - devpulse-server - Visual Studio Code' met duration threshold | Start: 2025-07-28T14:51:50.089631 | End: 2025-07-28T14:51:51.144249 | Duration: 1.1s (>= 0s threshold)
2025-07-28 14:51:51 | INFO     | devpulse_client.core.window_tracker.window_task:_log_window_event:75 - Logging window event for 'main.py - devpulse-server - Visual Studio Code' | Start: 2025-07-28T14:51:50.089631 | End: 2025-07-28T14:51:51.144249 | Duration: 1.1s
2025-07-28 14:51:51 | DEBUG    | devpulse_client.core.window_tracker.window_task:_start_tracking_new_window:68 - Started tracking window: 'pgAdmin 4'
2025-07-28 14:52:10 | INFO     | devpulse_client.core.window_tracker.window_task:_log_previous_window_if_needed:51 - Window 'pgAdmin 4' met duration threshold | Start: 2025-07-28T14:51:51.144249 | End: 2025-07-28T14:52:10.107060 | Duration: 19.0s (>= 0s threshold)
2025-07-28 14:52:10 | INFO     | devpulse_client.core.window_tracker.window_task:_log_window_event:75 - Logging window event for 'pgAdmin 4' | Start: 2025-07-28T14:51:51.144249 | End: 2025-07-28T14:52:10.107060 | Duration: 19.0s
2025-07-28 14:52:10 | DEBUG    | devpulse_client.core.window_tracker.window_task:_start_tracking_new_window:68 - Started tracking window: 'main.py - devpulse-server - Visual Studio Code'
2025-07-28 14:52:11 | INFO     | devpulse_client.core.window_tracker.window_task:_log_previous_window_if_needed:51 - Window 'main.py - devpulse-server - Visual Studio Code' met duration threshold | Start: 2025-07-28T14:52:10.107060 | End: 2025-07-28T14:52:11.630539 | Duration: 1.5s (>= 0s threshold)
2025-07-28 14:52:11 | INFO     | devpulse_client.core.window_tracker.window_task:_log_window_event:75 - Logging window event for 'main.py - devpulse-server - Visual Studio Code' | Start: 2025-07-28T14:52:10.107060 | End: 2025-07-28T14:52:11.630539 | Duration: 1.5s
2025-07-28 14:52:11 | DEBUG    | devpulse_client.core.window_tracker.window_task:_start_tracking_new_window:68 - Started tracking window: 'pgAdmin 4'
2025-07-28 14:52:51 | INFO     | devpulse_client.core.activity_state_tracker.activity_state_task:tick:101 - Logging activity: User Inactive
2025-07-28 14:52:52 | INFO     | devpulse_client.core.activity_state_tracker.activity_state_task:tick:106 - Logging activity: User Active
2025-07-28 14:53:00 | INFO     | devpulse_client.core.window_tracker.window_task:_log_previous_window_if_needed:51 - Window 'pgAdmin 4' met duration threshold | Start: 2025-07-28T14:52:11.630539 | End: 2025-07-28T14:53:00.585467 | Duration: 49.0s (>= 0s threshold)
2025-07-28 14:53:00 | INFO     | devpulse_client.core.window_tracker.window_task:_log_window_event:75 - Logging window event for 'pgAdmin 4' | Start: 2025-07-28T14:52:11.630539 | End: 2025-07-28T14:53:00.585467 | Duration: 49.0s
2025-07-28 14:53:00 | DEBUG    | devpulse_client.core.window_tracker.window_task:_start_tracking_new_window:68 - Started tracking window: 'main.py - devpulse-server - Visual Studio Code'
2025-07-28 14:53:00 | INFO     | devpulse_client.core.window_tracker.window_task:_log_previous_window_if_needed:51 - Window 'main.py - devpulse-server - Visual Studio Code' met duration threshold | Start: 2025-07-28T14:53:00.585467 | End: 2025-07-28T14:53:00.831436 | Duration: 0.2s (>= 0s threshold)
2025-07-28 14:53:00 | INFO     | devpulse_client.core.window_tracker.window_task:_log_window_event:75 - Logging window event for 'main.py - devpulse-server - Visual Studio Code' | Start: 2025-07-28T14:53:00.585467 | End: 2025-07-28T14:53:00.831436 | Duration: 0.2s
2025-07-28 14:53:00 | DEBUG    | devpulse_client.core.window_tracker.window_task:_start_tracking_new_window:68 - Started tracking window: 'user.py - devpulse-server - Visual Studio Code'
2025-07-28 14:53:01 | INFO     | devpulse_client.core.window_tracker.window_task:_log_previous_window_if_needed:51 - Window 'user.py - devpulse-server - Visual Studio Code' met duration threshold | Start: 2025-07-28T14:53:00.831436 | End: 2025-07-28T14:53:01.885282 | Duration: 1.1s (>= 0s threshold)
2025-07-28 14:53:01 | INFO     | devpulse_client.core.window_tracker.window_task:_log_window_event:75 - Logging window event for 'user.py - devpulse-server - Visual Studio Code' | Start: 2025-07-28T14:53:00.831436 | End: 2025-07-28T14:53:01.885282 | Duration: 1.1s
2025-07-28 14:53:01 | DEBUG    | devpulse_client.core.window_tracker.window_task:_start_tracking_new_window:68 - Started tracking window: 'device.py - devpulse-server - Visual Studio Code'
2025-07-28 14:53:22 | INFO     | devpulse_client.core.window_tracker.window_task:_log_previous_window_if_needed:51 - Window 'device.py - devpulse-server - Visual Studio Code' met duration threshold | Start: 2025-07-28T14:53:01.885282 | End: 2025-07-28T14:53:22.950548 | Duration: 21.1s (>= 0s threshold)
2025-07-28 14:53:22 | INFO     | devpulse_client.core.window_tracker.window_task:_log_window_event:75 - Logging window event for 'device.py - devpulse-server - Visual Studio Code' | Start: 2025-07-28T14:53:01.885282 | End: 2025-07-28T14:53:22.950548 | Duration: 21.1s
2025-07-28 14:53:22 | DEBUG    | devpulse_client.core.window_tracker.window_task:_start_tracking_new_window:68 - Started tracking window: 'user.py - devpulse-server - Visual Studio Code'
2025-07-28 14:53:24 | INFO     | devpulse_client.core.window_tracker.window_task:_log_previous_window_if_needed:51 - Window 'user.py - devpulse-server - Visual Studio Code' met duration threshold | Start: 2025-07-28T14:53:22.950548 | End: 2025-07-28T14:53:24.350913 | Duration: 1.4s (>= 0s threshold)
2025-07-28 14:53:24 | INFO     | devpulse_client.core.window_tracker.window_task:_log_window_event:75 - Logging window event for 'user.py - devpulse-server - Visual Studio Code' | Start: 2025-07-28T14:53:22.950548 | End: 2025-07-28T14:53:24.350913 | Duration: 1.4s
2025-07-28 14:53:24 | DEBUG    | devpulse_client.core.window_tracker.window_task:_start_tracking_new_window:68 - Started tracking window: 'device.py - devpulse-server - Visual Studio Code'
2025-07-28 14:53:33 | INFO     | devpulse_client.core.window_tracker.window_task:_log_previous_window_if_needed:51 - Window 'device.py - devpulse-server - Visual Studio Code' met duration threshold | Start: 2025-07-28T14:53:24.350913 | End: 2025-07-28T14:53:33.971366 | Duration: 9.6s (>= 0s threshold)
2025-07-28 14:53:33 | INFO     | devpulse_client.core.window_tracker.window_task:_log_window_event:75 - Logging window event for 'device.py - devpulse-server - Visual Studio Code' | Start: 2025-07-28T14:53:24.350913 | End: 2025-07-28T14:53:33.971366 | Duration: 9.6s
2025-07-28 14:53:33 | DEBUG    | devpulse_client.core.window_tracker.window_task:_start_tracking_new_window:68 - Started tracking window: 'user.py - devpulse-server - Visual Studio Code'
2025-07-28 14:53:45 | INFO     | devpulse_client.core.activity_state_tracker.activity_state_task:tick:101 - Logging activity: User Inactive
2025-07-28 14:53:48 | INFO     | devpulse_client.core.activity_state_tracker.activity_state_task:tick:106 - Logging activity: User Active
2025-07-28 14:53:52 | INFO     | devpulse_client.core.window_tracker.window_task:_log_previous_window_if_needed:51 - Window 'user.py - devpulse-server - Visual Studio Code' met duration threshold | Start: 2025-07-28T14:53:33.971366 | End: 2025-07-28T14:53:52.857830 | Duration: 18.9s (>= 0s threshold)
2025-07-28 14:53:52 | INFO     | devpulse_client.core.window_tracker.window_task:_log_window_event:75 - Logging window event for 'user.py - devpulse-server - Visual Studio Code' | Start: 2025-07-28T14:53:33.971366 | End: 2025-07-28T14:53:52.857830 | Duration: 18.9s
2025-07-28 14:53:52 | DEBUG    | devpulse_client.core.window_tracker.window_task:_start_tracking_new_window:68 - Started tracking window: 'pgAdmin 4'
2025-07-28 14:53:56 | INFO     | devpulse_client.core.window_tracker.window_task:_log_previous_window_if_needed:51 - Window 'pgAdmin 4' met duration threshold | Start: 2025-07-28T14:53:52.857830 | End: 2025-07-28T14:53:56.078074 | Duration: 3.2s (>= 0s threshold)
2025-07-28 14:53:56 | INFO     | devpulse_client.core.window_tracker.window_task:_log_window_event:75 - Logging window event for 'pgAdmin 4' | Start: 2025-07-28T14:53:52.857830 | End: 2025-07-28T14:53:56.078074 | Duration: 3.2s
2025-07-28 14:53:56 | DEBUG    | devpulse_client.core.window_tracker.window_task:_start_tracking_new_window:68 - Started tracking window: 'user.py - devpulse-server - Visual Studio Code'
2025-07-28 14:53:57 | INFO     | devpulse_client.core.window_tracker.window_task:_log_previous_window_if_needed:51 - Window 'user.py - devpulse-server - Visual Studio Code' met duration threshold | Start: 2025-07-28T14:53:56.078074 | End: 2025-07-28T14:53:57.503958 | Duration: 1.4s (>= 0s threshold)
2025-07-28 14:53:57 | INFO     | devpulse_client.core.window_tracker.window_task:_log_window_event:75 - Logging window event for 'user.py - devpulse-server - Visual Studio Code' | Start: 2025-07-28T14:53:56.078074 | End: 2025-07-28T14:53:57.503958 | Duration: 1.4s
2025-07-28 14:53:57 | DEBUG    | devpulse_client.core.window_tracker.window_task:_start_tracking_new_window:68 - Started tracking window: 'gnome-shell'
2025-07-28 14:53:58 | INFO     | devpulse_client.core.window_tracker.window_task:_log_previous_window_if_needed:51 - Window 'gnome-shell' met duration threshold | Start: 2025-07-28T14:53:57.503958 | End: 2025-07-28T14:53:58.216974 | Duration: 0.7s (>= 0s threshold)
2025-07-28 14:53:58 | INFO     | devpulse_client.core.window_tracker.window_task:_log_window_event:75 - Logging window event for 'gnome-shell' | Start: 2025-07-28T14:53:57.503958 | End: 2025-07-28T14:53:58.216974 | Duration: 0.7s
2025-07-28 14:53:58 | DEBUG    | devpulse_client.core.window_tracker.window_task:_start_tracking_new_window:68 - Started tracking window: 'user.py - devpulse-server - Visual Studio Code'
2025-07-28 14:53:59 | INFO     | devpulse_client.core.window_tracker.window_task:_log_previous_window_if_needed:51 - Window 'user.py - devpulse-server - Visual Studio Code' met duration threshold | Start: 2025-07-28T14:53:58.216974 | End: 2025-07-28T14:53:59.879565 | Duration: 1.7s (>= 0s threshold)
2025-07-28 14:53:59 | INFO     | devpulse_client.core.window_tracker.window_task:_log_window_event:75 - Logging window event for 'user.py - devpulse-server - Visual Studio Code' | Start: 2025-07-28T14:53:58.216974 | End: 2025-07-28T14:53:59.879565 | Duration: 1.7s
2025-07-28 14:53:59 | DEBUG    | devpulse_client.core.window_tracker.window_task:_start_tracking_new_window:68 - Started tracking window: 'gnome-shell'
2025-07-28 14:54:00 | INFO     | devpulse_client.core.window_tracker.window_task:_log_previous_window_if_needed:51 - Window 'gnome-shell' met duration threshold | Start: 2025-07-28T14:53:59.879565 | End: 2025-07-28T14:54:00.287416 | Duration: 0.4s (>= 0s threshold)
2025-07-28 14:54:00 | INFO     | devpulse_client.core.window_tracker.window_task:_log_window_event:75 - Logging window event for 'gnome-shell' | Start: 2025-07-28T14:53:59.879565 | End: 2025-07-28T14:54:00.287416 | Duration: 0.4s
2025-07-28 14:54:00 | DEBUG    | devpulse_client.core.window_tracker.window_task:_start_tracking_new_window:68 - Started tracking window: 'app.py - devpulse-client-v2 - Visual Studio Code'
2025-07-28 14:54:11 | INFO     | devpulse_client.core.activity_state_tracker.activity_state_task:tick:101 - Logging activity: User Inactive
2025-07-28 14:55:27 | INFO     | devpulse_client.core.activity_state_tracker.activity_state_task:tick:106 - Logging activity: User Active
2025-07-28 14:55:30 | INFO     | devpulse_client.core.window_tracker.window_task:_log_previous_window_if_needed:51 - Window 'app.py - devpulse-client-v2 - Visual Studio Code' met duration threshold | Start: 2025-07-28T14:54:00.287416 | End: 2025-07-28T14:55:30.423285 | Duration: 90.1s (>= 0s threshold)
2025-07-28 14:55:30 | INFO     | devpulse_client.core.window_tracker.window_task:_log_window_event:75 - Logging window event for 'app.py - devpulse-client-v2 - Visual Studio Code' | Start: 2025-07-28T14:54:00.287416 | End: 2025-07-28T14:55:30.423285 | Duration: 90.1s
2025-07-28 14:55:30 | DEBUG    | devpulse_client.core.window_tracker.window_task:_start_tracking_new_window:68 - Started tracking window: 'user.py - devpulse-server - Visual Studio Code'
2025-07-28 14:55:48 | INFO     | devpulse_client.core.window_tracker.window_task:_log_previous_window_if_needed:51 - Window 'user.py - devpulse-server - Visual Studio Code' met duration threshold | Start: 2025-07-28T14:55:30.423285 | End: 2025-07-28T14:55:48.795703 | Duration: 18.4s (>= 0s threshold)
2025-07-28 14:55:48 | INFO     | devpulse_client.core.window_tracker.window_task:_log_window_event:75 - Logging window event for 'user.py - devpulse-server - Visual Studio Code' | Start: 2025-07-28T14:55:30.423285 | End: 2025-07-28T14:55:48.795703 | Duration: 18.4s
2025-07-28 14:55:48 | DEBUG    | devpulse_client.core.window_tracker.window_task:_start_tracking_new_window:68 - Started tracking window: '● user.py - devpulse-server - Visual Studio Code'
2025-07-28 14:55:59 | INFO     | devpulse_client.core.window_tracker.window_task:_log_previous_window_if_needed:51 - Window '● user.py - devpulse-server - Visual Studio Code' met duration threshold | Start: 2025-07-28T14:55:48.795703 | End: 2025-07-28T14:55:59.651357 | Duration: 10.9s (>= 0s threshold)
2025-07-28 14:55:59 | INFO     | devpulse_client.core.window_tracker.window_task:_log_window_event:75 - Logging window event for '● user.py - devpulse-server - Visual Studio Code' | Start: 2025-07-28T14:55:48.795703 | End: 2025-07-28T14:55:59.651357 | Duration: 10.9s
2025-07-28 14:55:59 | DEBUG    | devpulse_client.core.window_tracker.window_task:_start_tracking_new_window:68 - Started tracking window: 'gnome-shell'
2025-07-28 14:56:00 | INFO     | devpulse_client.core.window_tracker.window_task:_log_previous_window_if_needed:51 - Window 'gnome-shell' met duration threshold | Start: 2025-07-28T14:55:59.651357 | End: 2025-07-28T14:56:00.362271 | Duration: 0.7s (>= 0s threshold)
2025-07-28 14:56:00 | INFO     | devpulse_client.core.window_tracker.window_task:_log_window_event:75 - Logging window event for 'gnome-shell' | Start: 2025-07-28T14:55:59.651357 | End: 2025-07-28T14:56:00.362271 | Duration: 0.7s
2025-07-28 14:56:00 | DEBUG    | devpulse_client.core.window_tracker.window_task:_start_tracking_new_window:68 - Started tracking window: '● user.py - devpulse-server - Visual Studio Code'
2025-07-28 14:56:07 | INFO     | devpulse_client.core.window_tracker.window_task:_log_previous_window_if_needed:51 - Window '● user.py - devpulse-server - Visual Studio Code' met duration threshold | Start: 2025-07-28T14:56:00.362271 | End: 2025-07-28T14:56:07.200582 | Duration: 6.8s (>= 0s threshold)
2025-07-28 14:56:07 | INFO     | devpulse_client.core.window_tracker.window_task:_log_window_event:75 - Logging window event for '● user.py - devpulse-server - Visual Studio Code' | Start: 2025-07-28T14:56:00.362271 | End: 2025-07-28T14:56:07.200582 | Duration: 6.8s
2025-07-28 14:56:07 | DEBUG    | devpulse_client.core.window_tracker.window_task:_start_tracking_new_window:68 - Started tracking window: 'device.py - devpulse-server - Visual Studio Code'
2025-07-28 14:56:09 | INFO     | devpulse_client.core.window_tracker.window_task:_log_previous_window_if_needed:51 - Window 'device.py - devpulse-server - Visual Studio Code' met duration threshold | Start: 2025-07-28T14:56:07.200582 | End: 2025-07-28T14:56:09.937929 | Duration: 2.7s (>= 0s threshold)
2025-07-28 14:56:09 | INFO     | devpulse_client.core.window_tracker.window_task:_log_window_event:75 - Logging window event for 'device.py - devpulse-server - Visual Studio Code' | Start: 2025-07-28T14:56:07.200582 | End: 2025-07-28T14:56:09.937929 | Duration: 2.7s
2025-07-28 14:56:09 | DEBUG    | devpulse_client.core.window_tracker.window_task:_start_tracking_new_window:68 - Started tracking window: 'N/A'
2025-07-28 14:56:11 | INFO     | devpulse_client.core.window_tracker.window_task:_log_previous_window_if_needed:51 - Window 'N/A' met duration threshold | Start: 2025-07-28T14:56:09.937929 | End: 2025-07-28T14:56:11.559831 | Duration: 1.6s (>= 0s threshold)
2025-07-28 14:56:11 | INFO     | devpulse_client.core.window_tracker.window_task:_log_window_event:75 - Logging window event for 'N/A' | Start: 2025-07-28T14:56:09.937929 | End: 2025-07-28T14:56:11.559831 | Duration: 1.6s
2025-07-28 14:56:11 | DEBUG    | devpulse_client.core.window_tracker.window_task:_start_tracking_new_window:68 - Started tracking window: 'Mozilla Firefox'
2025-07-28 14:56:14 | INFO     | devpulse_client.core.window_tracker.window_task:_log_previous_window_if_needed:51 - Window 'Mozilla Firefox' met duration threshold | Start: 2025-07-28T14:56:11.559831 | End: 2025-07-28T14:56:14.549598 | Duration: 3.0s (>= 0s threshold)
2025-07-28 14:56:14 | INFO     | devpulse_client.core.window_tracker.window_task:_log_window_event:75 - Logging window event for 'Mozilla Firefox' | Start: 2025-07-28T14:56:11.559831 | End: 2025-07-28T14:56:14.549598 | Duration: 3.0s
2025-07-28 14:56:14 | DEBUG    | devpulse_client.core.window_tracker.window_task:_start_tracking_new_window:68 - Started tracking window: 'Cursor - The AI Code Editor — Mozilla Firefox'
2025-07-28 14:56:16 | INFO     | devpulse_client.core.window_tracker.window_task:_log_previous_window_if_needed:51 - Window 'Cursor - The AI Code Editor — Mozilla Firefox' met duration threshold | Start: 2025-07-28T14:56:14.549598 | End: 2025-07-28T14:56:16.416253 | Duration: 1.9s (>= 0s threshold)
2025-07-28 14:56:16 | INFO     | devpulse_client.core.window_tracker.window_task:_log_window_event:75 - Logging window event for 'Cursor - The AI Code Editor — Mozilla Firefox' | Start: 2025-07-28T14:56:14.549598 | End: 2025-07-28T14:56:16.416253 | Duration: 1.9s
2025-07-28 14:56:16 | DEBUG    | devpulse_client.core.window_tracker.window_task:_start_tracking_new_window:68 - Started tracking window: 'Update server to save client queue to database – The AI Code Editor — Mozilla Firefox'
2025-07-28 14:56:45 | INFO     | devpulse_client.core.activity_state_tracker.activity_state_task:tick:101 - Logging activity: User Inactive
2025-07-28 14:56:52 | INFO     | devpulse_client.core.activity_state_tracker.activity_state_task:tick:106 - Logging activity: User Active
2025-07-28 14:57:05 | INFO     | devpulse_client.core.activity_state_tracker.activity_state_task:tick:101 - Logging activity: User Inactive
2025-07-28 14:57:22 | INFO     | devpulse_client.core.activity_state_tracker.activity_state_task:tick:106 - Logging activity: User Active
2025-07-28 14:57:32 | INFO     | devpulse_client.core.activity_state_tracker.activity_state_task:tick:101 - Logging activity: User Inactive
2025-07-28 14:57:45 | INFO     | devpulse_client.core.activity_state_tracker.activity_state_task:tick:106 - Logging activity: User Active
2025-07-28 14:57:50 | INFO     | devpulse_client.core.window_tracker.window_task:_log_previous_window_if_needed:51 - Window 'Update server to save client queue to database – The AI Code Editor — Mozilla Firefox' met duration threshold | Start: 2025-07-28T14:56:16.416253 | End: 2025-07-28T14:57:50.132028 | Duration: 93.7s (>= 0s threshold)
2025-07-28 14:57:50 | INFO     | devpulse_client.core.window_tracker.window_task:_log_window_event:75 - Logging window event for 'Update server to save client queue to database – The AI Code Editor — Mozilla Firefox' | Start: 2025-07-28T14:56:16.416253 | End: 2025-07-28T14:57:50.132028 | Duration: 93.7s
2025-07-28 14:57:50 | DEBUG    | devpulse_client.core.window_tracker.window_task:_start_tracking_new_window:68 - Started tracking window: 'device.py - devpulse-server - Visual Studio Code'
2025-07-28 14:58:39 | INFO     | devpulse_client.core.window_tracker.window_task:_log_previous_window_if_needed:51 - Window 'device.py - devpulse-server - Visual Studio Code' met duration threshold | Start: 2025-07-28T14:57:50.132028 | End: 2025-07-28T14:58:39.910833 | Duration: 49.8s (>= 0s threshold)
2025-07-28 14:58:39 | INFO     | devpulse_client.core.window_tracker.window_task:_log_window_event:75 - Logging window event for 'device.py - devpulse-server - Visual Studio Code' | Start: 2025-07-28T14:57:50.132028 | End: 2025-07-28T14:58:39.910833 | Duration: 49.8s
2025-07-28 14:58:39 | DEBUG    | devpulse_client.core.window_tracker.window_task:_start_tracking_new_window:68 - Started tracking window: 'Update server to save client queue to database – The AI Code Editor — Mozilla Firefox'
2025-07-28 14:58:44 | INFO     | devpulse_client.core.window_tracker.window_task:_log_previous_window_if_needed:51 - Window 'Update server to save client queue to database – The AI Code Editor — Mozilla Firefox' met duration threshold | Start: 2025-07-28T14:58:39.910833 | End: 2025-07-28T14:58:44.193474 | Duration: 4.3s (>= 0s threshold)
2025-07-28 14:58:44 | INFO     | devpulse_client.core.window_tracker.window_task:_log_window_event:75 - Logging window event for 'Update server to save client queue to database – The AI Code Editor — Mozilla Firefox' | Start: 2025-07-28T14:58:39.910833 | End: 2025-07-28T14:58:44.193474 | Duration: 4.3s
2025-07-28 14:58:44 | DEBUG    | devpulse_client.core.window_tracker.window_task:_start_tracking_new_window:68 - Started tracking window: 'device.py - devpulse-server - Visual Studio Code'
2025-07-28 14:58:48 | INFO     | devpulse_client.core.window_tracker.window_task:_log_previous_window_if_needed:51 - Window 'device.py - devpulse-server - Visual Studio Code' met duration threshold | Start: 2025-07-28T14:58:44.193474 | End: 2025-07-28T14:58:48.210351 | Duration: 4.0s (>= 0s threshold)
2025-07-28 14:58:48 | INFO     | devpulse_client.core.window_tracker.window_task:_log_window_event:75 - Logging window event for 'device.py - devpulse-server - Visual Studio Code' | Start: 2025-07-28T14:58:44.193474 | End: 2025-07-28T14:58:48.210351 | Duration: 4.0s
2025-07-28 14:58:48 | DEBUG    | devpulse_client.core.window_tracker.window_task:_start_tracking_new_window:68 - Started tracking window: '● device.py - devpulse-server - Visual Studio Code'
2025-07-28 14:58:54 | INFO     | devpulse_client.core.window_tracker.window_task:_log_previous_window_if_needed:51 - Window '● device.py - devpulse-server - Visual Studio Code' met duration threshold | Start: 2025-07-28T14:58:48.210351 | End: 2025-07-28T14:58:54.234649 | Duration: 6.0s (>= 0s threshold)
2025-07-28 14:58:54 | INFO     | devpulse_client.core.window_tracker.window_task:_log_window_event:75 - Logging window event for '● device.py - devpulse-server - Visual Studio Code' | Start: 2025-07-28T14:58:48.210351 | End: 2025-07-28T14:58:54.234649 | Duration: 6.0s
2025-07-28 14:58:54 | DEBUG    | devpulse_client.core.window_tracker.window_task:_start_tracking_new_window:68 - Started tracking window: 'device.py - devpulse-server - Visual Studio Code'
2025-07-28 14:58:57 | INFO     | devpulse_client.core.window_tracker.window_task:_log_previous_window_if_needed:51 - Window 'device.py - devpulse-server - Visual Studio Code' met duration threshold | Start: 2025-07-28T14:58:54.234649 | End: 2025-07-28T14:58:57.090985 | Duration: 2.9s (>= 0s threshold)
2025-07-28 14:58:57 | INFO     | devpulse_client.core.window_tracker.window_task:_log_window_event:75 - Logging window event for 'device.py - devpulse-server - Visual Studio Code' | Start: 2025-07-28T14:58:54.234649 | End: 2025-07-28T14:58:57.090985 | Duration: 2.9s
2025-07-28 14:58:57 | DEBUG    | devpulse_client.core.window_tracker.window_task:_start_tracking_new_window:68 - Started tracking window: 'gnome-shell'
2025-07-28 14:58:57 | INFO     | devpulse_client.core.window_tracker.window_task:_log_previous_window_if_needed:51 - Window 'gnome-shell' met duration threshold | Start: 2025-07-28T14:58:57.090985 | End: 2025-07-28T14:58:57.629358 | Duration: 0.5s (>= 0s threshold)
2025-07-28 14:58:57 | INFO     | devpulse_client.core.window_tracker.window_task:_log_window_event:75 - Logging window event for 'gnome-shell' | Start: 2025-07-28T14:58:57.090985 | End: 2025-07-28T14:58:57.629358 | Duration: 0.5s
2025-07-28 14:58:57 | DEBUG    | devpulse_client.core.window_tracker.window_task:_start_tracking_new_window:68 - Started tracking window: 'device.py - devpulse-server - Visual Studio Code'
2025-07-28 14:58:58 | INFO     | devpulse_client.core.window_tracker.window_task:_log_previous_window_if_needed:51 - Window 'device.py - devpulse-server - Visual Studio Code' met duration threshold | Start: 2025-07-28T14:58:57.629358 | End: 2025-07-28T14:58:58.326093 | Duration: 0.7s (>= 0s threshold)
2025-07-28 14:58:58 | INFO     | devpulse_client.core.window_tracker.window_task:_log_window_event:75 - Logging window event for 'device.py - devpulse-server - Visual Studio Code' | Start: 2025-07-28T14:58:57.629358 | End: 2025-07-28T14:58:58.326093 | Duration: 0.7s
2025-07-28 14:58:58 | DEBUG    | devpulse_client.core.window_tracker.window_task:_start_tracking_new_window:68 - Started tracking window: 'gnome-shell'
2025-07-28 14:58:58 | ERROR    | devpulse_client.ingest.client.event_client:send_events:83 - Error sending events: [Errno 111] Connection refused
2025-07-28 14:58:58 | INFO     | devpulse_client.core.window_tracker.window_task:_log_previous_window_if_needed:51 - Window 'gnome-shell' met duration threshold | Start: 2025-07-28T14:58:58.326093 | End: 2025-07-28T14:58:58.754708 | Duration: 0.4s (>= 0s threshold)
2025-07-28 14:58:58 | INFO     | devpulse_client.core.window_tracker.window_task:_log_window_event:75 - Logging window event for 'gnome-shell' | Start: 2025-07-28T14:58:58.326093 | End: 2025-07-28T14:58:58.754708 | Duration: 0.4s
2025-07-28 14:58:58 | DEBUG    | devpulse_client.core.window_tracker.window_task:_start_tracking_new_window:68 - Started tracking window: 'app.py - devpulse-client-v2 - Visual Studio Code'
2025-07-28 14:58:59 | INFO     | devpulse_client.core.signal_handler.signal_handler:_handle_exit:54 - Received SIGINT – starting graceful shutdown…
2025-07-28 14:58:59 | ERROR    | devpulse_client.ingest.client.event_client:send_events:83 - Error sending events: [Errno 111] Connection refused
2025-07-28 14:58:59 | INFO     | devpulse_client.ingest.client.event_client:run:59 - Logging activity: System Stopped
