2025-07-30 11:13:20 | INFO     | devpulse_client.auth.collectors.device_collector:collect_fingerprint:20 - Collecting device fingerprint
2025-07-30 11:13:20 | INFO     | devpulse_client.auth.collectors.device_collector:collect_fingerprint:23 - Collecting device fingerprint: 18:60:24:92:da:75
2025-07-30 11:13:20 | INFO     | devpulse_client.auth.collectors.device_collector:collect_fingerprint:26 - Collecting device fingerprint: OKEY
2025-07-30 11:13:20 | DEBUG    | devpulse_client.auth.collectors.device_collector:collect_fingerprint:29 - Collected device fingerprint: MAC=18:60:24:92:da:75
2025-07-30 11:13:21 | INFO     | devpulse_client.auth.client.auth_client:_send_login_request:144 - Credential validation successful: {'access_token': 'eyJhbGciOiJIUzI1NiIsInR5cCI6IkpXVCJ9.eyJzdWIiOiJmYXJ1ayIsImRldmljZV9tYWMiOiIxODo2MDoyNDo5MjpkYTo3NSJ9.mdvGKPs6tdby8LCZ1GdpPUjIwZ7I28mBg07IeLUbcuc', 'token_type': 'bearer', 'expires': False}
2025-07-30 11:13:21 | INFO     | devpulse_client.ingest.client.event_client:run:34 - Starting activity tracker
2025-07-30 11:13:21 | INFO     | devpulse_client.ingest.client.event_client:run:42 - Logging activity: System Started
2025-07-30 11:13:21 | DEBUG    | devpulse_client.core.window_tracker.window_task:_start_tracking_new_window:68 - Started tracking window: 'tracker_config.py - devpulse-client-v2 - Visual Studio Code'
2025-07-30 11:13:21 | INFO     | devpulse_client.core.activity_state_tracker.activity_state_task:tick:74 - Logging activity: User Active
2025-07-30 11:13:21 | INFO     | devpulse_client.core.window_tracker.window_task:_log_previous_window_if_needed:51 - Window 'tracker_config.py - devpulse-client-v2 - Visual Studio Code' met duration threshold | Start: 2025-07-30T11:13:21.267629 | End: 2025-07-30T11:13:21.528238 | Duration: 0.3s (>= 0s threshold)
2025-07-30 11:13:21 | INFO     | devpulse_client.core.window_tracker.window_task:_log_window_event:75 - Logging window event for 'tracker_config.py - devpulse-client-v2 - Visual Studio Code' | Start: 2025-07-30T11:13:21.267629 | End: 2025-07-30T11:13:21.528238 | Duration: 0.3s
2025-07-30 11:13:21 | DEBUG    | devpulse_client.core.window_tracker.window_task:_start_tracking_new_window:68 - Started tracking window: 'Math Challenge'
2025-07-30 11:13:26 | INFO     | devpulse_client.core.window_tracker.window_task:_log_previous_window_if_needed:51 - Window 'Math Challenge' met duration threshold | Start: 2025-07-30T11:13:21.528238 | End: 2025-07-30T11:13:26.125099 | Duration: 4.6s (>= 0s threshold)
2025-07-30 11:13:26 | INFO     | devpulse_client.core.window_tracker.window_task:_log_window_event:75 - Logging window event for 'Math Challenge' | Start: 2025-07-30T11:13:21.528238 | End: 2025-07-30T11:13:26.125099 | Duration: 4.6s
2025-07-30 11:13:26 | DEBUG    | devpulse_client.core.window_tracker.window_task:_start_tracking_new_window:68 - Started tracking window: 'tracker_config.py - devpulse-client-v2 - Visual Studio Code'
2025-07-30 11:13:34 | INFO     | devpulse_client.core.window_tracker.window_task:_log_previous_window_if_needed:51 - Window 'tracker_config.py - devpulse-client-v2 - Visual Studio Code' met duration threshold | Start: 2025-07-30T11:13:26.125099 | End: 2025-07-30T11:13:34.837243 | Duration: 8.7s (>= 0s threshold)
2025-07-30 11:13:34 | INFO     | devpulse_client.core.window_tracker.window_task:_log_window_event:75 - Logging window event for 'tracker_config.py - devpulse-client-v2 - Visual Studio Code' | Start: 2025-07-30T11:13:26.125099 | End: 2025-07-30T11:13:34.837243 | Duration: 8.7s
2025-07-30 11:13:34 | DEBUG    | devpulse_client.core.window_tracker.window_task:_start_tracking_new_window:68 - Started tracking window: 'pgAdmin 4'
2025-07-30 11:13:38 | INFO     | devpulse_client.core.window_tracker.window_task:_log_previous_window_if_needed:51 - Window 'pgAdmin 4' met duration threshold | Start: 2025-07-30T11:13:34.837243 | End: 2025-07-30T11:13:38.574604 | Duration: 3.7s (>= 0s threshold)
2025-07-30 11:13:38 | INFO     | devpulse_client.core.window_tracker.window_task:_log_window_event:75 - Logging window event for 'pgAdmin 4' | Start: 2025-07-30T11:13:34.837243 | End: 2025-07-30T11:13:38.574604 | Duration: 3.7s
2025-07-30 11:13:38 | DEBUG    | devpulse_client.core.window_tracker.window_task:_start_tracking_new_window:68 - Started tracking window: 'tracker_config.py - devpulse-client-v2 - Visual Studio Code'
2025-07-30 11:13:41 | INFO     | devpulse_client.core.window_tracker.window_task:_log_previous_window_if_needed:51 - Window 'tracker_config.py - devpulse-client-v2 - Visual Studio Code' met duration threshold | Start: 2025-07-30T11:13:38.574604 | End: 2025-07-30T11:13:41.669084 | Duration: 3.1s (>= 0s threshold)
2025-07-30 11:13:41 | INFO     | devpulse_client.core.window_tracker.window_task:_log_window_event:75 - Logging window event for 'tracker_config.py - devpulse-client-v2 - Visual Studio Code' | Start: 2025-07-30T11:13:38.574604 | End: 2025-07-30T11:13:41.669084 | Duration: 3.1s
2025-07-30 11:13:41 | DEBUG    | devpulse_client.core.window_tracker.window_task:_start_tracking_new_window:68 - Started tracking window: 'gnome-shell'
2025-07-30 11:13:44 | INFO     | devpulse_client.core.window_tracker.window_task:_log_previous_window_if_needed:51 - Window 'gnome-shell' met duration threshold | Start: 2025-07-30T11:13:41.669084 | End: 2025-07-30T11:13:44.467537 | Duration: 2.8s (>= 0s threshold)
2025-07-30 11:13:44 | INFO     | devpulse_client.core.window_tracker.window_task:_log_window_event:75 - Logging window event for 'gnome-shell' | Start: 2025-07-30T11:13:41.669084 | End: 2025-07-30T11:13:44.467537 | Duration: 2.8s
2025-07-30 11:13:44 | DEBUG    | devpulse_client.core.window_tracker.window_task:_start_tracking_new_window:68 - Started tracking window: 'tracker_config.py - devpulse-client-v2 - Visual Studio Code'
2025-07-30 11:13:46 | INFO     | devpulse_client.core.window_tracker.window_task:_log_previous_window_if_needed:51 - Window 'tracker_config.py - devpulse-client-v2 - Visual Studio Code' met duration threshold | Start: 2025-07-30T11:13:44.467537 | End: 2025-07-30T11:13:46.542910 | Duration: 2.1s (>= 0s threshold)
2025-07-30 11:13:46 | INFO     | devpulse_client.core.window_tracker.window_task:_log_window_event:75 - Logging window event for 'tracker_config.py - devpulse-client-v2 - Visual Studio Code' | Start: 2025-07-30T11:13:44.467537 | End: 2025-07-30T11:13:46.542910 | Duration: 2.1s
2025-07-30 11:13:46 | DEBUG    | devpulse_client.core.window_tracker.window_task:_start_tracking_new_window:68 - Started tracking window: 'pgAdmin 4'
2025-07-30 11:14:21 | INFO     | devpulse_client.core.window_tracker.window_task:_log_previous_window_if_needed:51 - Window 'pgAdmin 4' met duration threshold | Start: 2025-07-30T11:13:46.542910 | End: 2025-07-30T11:14:21.423451 | Duration: 34.9s (>= 0s threshold)
2025-07-30 11:14:21 | INFO     | devpulse_client.core.window_tracker.window_task:_log_window_event:75 - Logging window event for 'pgAdmin 4' | Start: 2025-07-30T11:13:46.542910 | End: 2025-07-30T11:14:21.423451 | Duration: 34.9s
2025-07-30 11:14:21 | DEBUG    | devpulse_client.core.window_tracker.window_task:_start_tracking_new_window:68 - Started tracking window: 'Math Challenge'
2025-07-30 11:14:25 | INFO     | devpulse_client.core.window_tracker.window_task:_log_previous_window_if_needed:51 - Window 'Math Challenge' met duration threshold | Start: 2025-07-30T11:14:21.423451 | End: 2025-07-30T11:14:25.227075 | Duration: 3.8s (>= 0s threshold)
2025-07-30 11:14:25 | INFO     | devpulse_client.core.window_tracker.window_task:_log_window_event:75 - Logging window event for 'Math Challenge' | Start: 2025-07-30T11:14:21.423451 | End: 2025-07-30T11:14:25.227075 | Duration: 3.8s
2025-07-30 11:14:25 | DEBUG    | devpulse_client.core.window_tracker.window_task:_start_tracking_new_window:68 - Started tracking window: 'pgAdmin 4'
2025-07-30 11:14:34 | INFO     | devpulse_client.core.window_tracker.window_task:_log_previous_window_if_needed:51 - Window 'pgAdmin 4' met duration threshold | Start: 2025-07-30T11:14:25.227075 | End: 2025-07-30T11:14:34.420300 | Duration: 9.2s (>= 0s threshold)
2025-07-30 11:14:34 | INFO     | devpulse_client.core.window_tracker.window_task:_log_window_event:75 - Logging window event for 'pgAdmin 4' | Start: 2025-07-30T11:14:25.227075 | End: 2025-07-30T11:14:34.420300 | Duration: 9.2s
2025-07-30 11:14:34 | DEBUG    | devpulse_client.core.window_tracker.window_task:_start_tracking_new_window:68 - Started tracking window: 'Math Challenge'
2025-07-30 11:14:36 | INFO     | devpulse_client.core.window_tracker.window_task:_log_previous_window_if_needed:51 - Window 'Math Challenge' met duration threshold | Start: 2025-07-30T11:14:34.420300 | End: 2025-07-30T11:14:36.587447 | Duration: 2.2s (>= 0s threshold)
2025-07-30 11:14:36 | INFO     | devpulse_client.core.window_tracker.window_task:_log_window_event:75 - Logging window event for 'Math Challenge' | Start: 2025-07-30T11:14:34.420300 | End: 2025-07-30T11:14:36.587447 | Duration: 2.2s
2025-07-30 11:14:36 | DEBUG    | devpulse_client.core.window_tracker.window_task:_start_tracking_new_window:68 - Started tracking window: 'pgAdmin 4'
2025-07-30 11:14:36 | INFO     | devpulse_client.core.window_tracker.window_task:_log_previous_window_if_needed:51 - Window 'pgAdmin 4' met duration threshold | Start: 2025-07-30T11:14:36.587447 | End: 2025-07-30T11:14:36.807218 | Duration: 0.2s (>= 0s threshold)
2025-07-30 11:14:36 | INFO     | devpulse_client.core.window_tracker.window_task:_log_window_event:75 - Logging window event for 'pgAdmin 4' | Start: 2025-07-30T11:14:36.587447 | End: 2025-07-30T11:14:36.807218 | Duration: 0.2s
2025-07-30 11:14:36 | DEBUG    | devpulse_client.core.window_tracker.window_task:_start_tracking_new_window:68 - Started tracking window: 'Information'
2025-07-30 11:14:37 | INFO     | devpulse_client.core.window_tracker.window_task:_log_previous_window_if_needed:51 - Window 'Information' met duration threshold | Start: 2025-07-30T11:14:36.807218 | End: 2025-07-30T11:14:37.611967 | Duration: 0.8s (>= 0s threshold)
2025-07-30 11:14:37 | INFO     | devpulse_client.core.window_tracker.window_task:_log_window_event:75 - Logging window event for 'Information' | Start: 2025-07-30T11:14:36.807218 | End: 2025-07-30T11:14:37.611967 | Duration: 0.8s
2025-07-30 11:14:37 | DEBUG    | devpulse_client.core.window_tracker.window_task:_start_tracking_new_window:68 - Started tracking window: 'pgAdmin 4'
2025-07-30 11:15:21 | INFO     | devpulse_client.core.window_tracker.window_task:_log_previous_window_if_needed:51 - Window 'pgAdmin 4' met duration threshold | Start: 2025-07-30T11:14:37.611967 | End: 2025-07-30T11:15:21.445274 | Duration: 43.8s (>= 0s threshold)
2025-07-30 11:15:21 | INFO     | devpulse_client.core.window_tracker.window_task:_log_window_event:75 - Logging window event for 'pgAdmin 4' | Start: 2025-07-30T11:14:37.611967 | End: 2025-07-30T11:15:21.445274 | Duration: 43.8s
2025-07-30 11:15:21 | DEBUG    | devpulse_client.core.window_tracker.window_task:_start_tracking_new_window:68 - Started tracking window: 'Math Challenge'
2025-07-30 11:15:23 | INFO     | devpulse_client.core.activity_state_tracker.activity_state_task:tick:101 - Logging activity: User Inactive
2025-07-30 11:15:42 | INFO     | devpulse_client.core.activity_state_tracker.activity_state_task:tick:106 - Logging activity: User Active
2025-07-30 11:15:43 | INFO     | devpulse_client.core.window_tracker.window_task:_log_previous_window_if_needed:51 - Window 'Math Challenge' met duration threshold | Start: 2025-07-30T11:15:21.445274 | End: 2025-07-30T11:15:43.722614 | Duration: 22.3s (>= 0s threshold)
2025-07-30 11:15:43 | INFO     | devpulse_client.core.window_tracker.window_task:_log_window_event:75 - Logging window event for 'Math Challenge' | Start: 2025-07-30T11:15:21.445274 | End: 2025-07-30T11:15:43.722614 | Duration: 22.3s
2025-07-30 11:15:43 | DEBUG    | devpulse_client.core.window_tracker.window_task:_start_tracking_new_window:68 - Started tracking window: 'pgAdmin 4'
2025-07-30 11:15:51 | INFO     | devpulse_client.core.window_tracker.window_task:_log_previous_window_if_needed:51 - Window 'pgAdmin 4' met duration threshold | Start: 2025-07-30T11:15:43.722614 | End: 2025-07-30T11:15:51.068398 | Duration: 7.3s (>= 0s threshold)
2025-07-30 11:15:51 | INFO     | devpulse_client.core.window_tracker.window_task:_log_window_event:75 - Logging window event for 'pgAdmin 4' | Start: 2025-07-30T11:15:43.722614 | End: 2025-07-30T11:15:51.068398 | Duration: 7.3s
2025-07-30 11:15:51 | DEBUG    | devpulse_client.core.window_tracker.window_task:_start_tracking_new_window:68 - Started tracking window: 'Math Challenge'
2025-07-30 11:16:02 | INFO     | devpulse_client.core.activity_state_tracker.activity_state_task:tick:101 - Logging activity: User Inactive
2025-07-30 11:16:22 | INFO     | devpulse_client.core.activity_state_tracker.activity_state_task:tick:106 - Logging activity: User Active
2025-07-30 11:16:23 | INFO     | devpulse_client.core.window_tracker.window_task:_log_previous_window_if_needed:51 - Window 'Math Challenge' met duration threshold | Start: 2025-07-30T11:15:51.068398 | End: 2025-07-30T11:16:23.527401 | Duration: 32.5s (>= 0s threshold)
2025-07-30 11:16:23 | INFO     | devpulse_client.core.window_tracker.window_task:_log_window_event:75 - Logging window event for 'Math Challenge' | Start: 2025-07-30T11:15:51.068398 | End: 2025-07-30T11:16:23.527401 | Duration: 32.5s
2025-07-30 11:16:23 | DEBUG    | devpulse_client.core.window_tracker.window_task:_start_tracking_new_window:68 - Started tracking window: 'pgAdmin 4'
2025-07-30 11:16:33 | INFO     | devpulse_client.core.window_tracker.window_task:_log_previous_window_if_needed:51 - Window 'pgAdmin 4' met duration threshold | Start: 2025-07-30T11:16:23.527401 | End: 2025-07-30T11:16:33.787322 | Duration: 10.3s (>= 0s threshold)
2025-07-30 11:16:33 | INFO     | devpulse_client.core.window_tracker.window_task:_log_window_event:75 - Logging window event for 'pgAdmin 4' | Start: 2025-07-30T11:16:23.527401 | End: 2025-07-30T11:16:33.787322 | Duration: 10.3s
2025-07-30 11:16:33 | DEBUG    | devpulse_client.core.window_tracker.window_task:_start_tracking_new_window:68 - Started tracking window: 'Math Challenge'
2025-07-30 11:16:36 | INFO     | devpulse_client.core.window_tracker.window_task:_log_previous_window_if_needed:51 - Window 'Math Challenge' met duration threshold | Start: 2025-07-30T11:16:33.787322 | End: 2025-07-30T11:16:36.045537 | Duration: 2.3s (>= 0s threshold)
2025-07-30 11:16:36 | INFO     | devpulse_client.core.window_tracker.window_task:_log_window_event:75 - Logging window event for 'Math Challenge' | Start: 2025-07-30T11:16:33.787322 | End: 2025-07-30T11:16:36.045537 | Duration: 2.3s
2025-07-30 11:16:36 | DEBUG    | devpulse_client.core.window_tracker.window_task:_start_tracking_new_window:68 - Started tracking window: 'pgAdmin 4'
2025-07-30 11:16:36 | INFO     | devpulse_client.core.window_tracker.window_task:_log_previous_window_if_needed:51 - Window 'pgAdmin 4' met duration threshold | Start: 2025-07-30T11:16:36.045537 | End: 2025-07-30T11:16:36.218969 | Duration: 0.2s (>= 0s threshold)
2025-07-30 11:16:36 | INFO     | devpulse_client.core.window_tracker.window_task:_log_window_event:75 - Logging window event for 'pgAdmin 4' | Start: 2025-07-30T11:16:36.045537 | End: 2025-07-30T11:16:36.218969 | Duration: 0.2s
2025-07-30 11:16:36 | DEBUG    | devpulse_client.core.window_tracker.window_task:_start_tracking_new_window:68 - Started tracking window: 'Information'
2025-07-30 11:16:37 | INFO     | devpulse_client.core.window_tracker.window_task:_log_previous_window_if_needed:51 - Window 'Information' met duration threshold | Start: 2025-07-30T11:16:36.218969 | End: 2025-07-30T11:16:37.377054 | Duration: 1.2s (>= 0s threshold)
2025-07-30 11:16:37 | INFO     | devpulse_client.core.window_tracker.window_task:_log_window_event:75 - Logging window event for 'Information' | Start: 2025-07-30T11:16:36.218969 | End: 2025-07-30T11:16:37.377054 | Duration: 1.2s
2025-07-30 11:16:37 | DEBUG    | devpulse_client.core.window_tracker.window_task:_start_tracking_new_window:68 - Started tracking window: 'N/A'
2025-07-30 11:16:37 | INFO     | devpulse_client.core.window_tracker.window_task:_log_previous_window_if_needed:51 - Window 'N/A' met duration threshold | Start: 2025-07-30T11:16:37.377054 | End: 2025-07-30T11:16:37.417019 | Duration: 0.0s (>= 0s threshold)
2025-07-30 11:16:37 | INFO     | devpulse_client.core.window_tracker.window_task:_log_window_event:75 - Logging window event for 'N/A' | Start: 2025-07-30T11:16:37.377054 | End: 2025-07-30T11:16:37.417019 | Duration: 0.0s
2025-07-30 11:16:37 | DEBUG    | devpulse_client.core.window_tracker.window_task:_start_tracking_new_window:68 - Started tracking window: 'pgAdmin 4'
2025-07-30 11:16:56 | INFO     | devpulse_client.core.activity_state_tracker.activity_state_task:tick:101 - Logging activity: User Inactive
2025-07-30 11:17:21 | INFO     | devpulse_client.core.window_tracker.window_task:_log_previous_window_if_needed:51 - Window 'pgAdmin 4' met duration threshold | Start: 2025-07-30T11:16:37.417019 | End: 2025-07-30T11:17:21.506399 | Duration: 44.1s (>= 0s threshold)
2025-07-30 11:17:21 | INFO     | devpulse_client.core.window_tracker.window_task:_log_window_event:75 - Logging window event for 'pgAdmin 4' | Start: 2025-07-30T11:16:37.417019 | End: 2025-07-30T11:17:21.506399 | Duration: 44.1s
2025-07-30 11:17:21 | DEBUG    | devpulse_client.core.window_tracker.window_task:_start_tracking_new_window:68 - Started tracking window: 'Math Challenge'
2025-07-30 11:33:03 | INFO     | devpulse_client.core.activity_state_tracker.activity_state_task:tick:106 - Logging activity: User Active
2025-07-30 11:33:04 | INFO     | devpulse_client.core.window_tracker.window_task:_log_previous_window_if_needed:51 - Window 'Math Challenge' met duration threshold | Start: 2025-07-30T11:17:21.506399 | End: 2025-07-30T11:33:04.018199 | Duration: 942.5s (>= 0s threshold)
2025-07-30 11:33:04 | INFO     | devpulse_client.core.window_tracker.window_task:_log_window_event:75 - Logging window event for 'Math Challenge' | Start: 2025-07-30T11:17:21.506399 | End: 2025-07-30T11:33:04.018199 | Duration: 942.5s
2025-07-30 11:33:04 | DEBUG    | devpulse_client.core.window_tracker.window_task:_start_tracking_new_window:68 - Started tracking window: 'pgAdmin 4'
2025-07-30 11:33:04 | INFO     | devpulse_client.core.window_tracker.window_task:_log_previous_window_if_needed:51 - Window 'pgAdmin 4' met duration threshold | Start: 2025-07-30T11:33:04.018199 | End: 2025-07-30T11:33:04.198990 | Duration: 0.2s (>= 0s threshold)
2025-07-30 11:33:04 | INFO     | devpulse_client.core.window_tracker.window_task:_log_window_event:75 - Logging window event for 'pgAdmin 4' | Start: 2025-07-30T11:33:04.018199 | End: 2025-07-30T11:33:04.198990 | Duration: 0.2s
2025-07-30 11:33:04 | DEBUG    | devpulse_client.core.window_tracker.window_task:_start_tracking_new_window:68 - Started tracking window: 'Information'
2025-07-30 11:33:05 | INFO     | devpulse_client.core.window_tracker.window_task:_log_previous_window_if_needed:51 - Window 'Information' met duration threshold | Start: 2025-07-30T11:33:04.198990 | End: 2025-07-30T11:33:05.043976 | Duration: 0.8s (>= 0s threshold)
2025-07-30 11:33:05 | INFO     | devpulse_client.core.window_tracker.window_task:_log_window_event:75 - Logging window event for 'Information' | Start: 2025-07-30T11:33:04.198990 | End: 2025-07-30T11:33:05.043976 | Duration: 0.8s
2025-07-30 11:33:05 | DEBUG    | devpulse_client.core.window_tracker.window_task:_start_tracking_new_window:68 - Started tracking window: 'pgAdmin 4'
2025-07-30 11:33:16 | INFO     | devpulse_client.core.activity_state_tracker.activity_state_task:tick:101 - Logging activity: User Inactive
2025-07-30 11:33:21 | INFO     | devpulse_client.core.window_tracker.window_task:_log_previous_window_if_needed:51 - Window 'pgAdmin 4' met duration threshold | Start: 2025-07-30T11:33:05.043976 | End: 2025-07-30T11:33:21.713880 | Duration: 16.7s (>= 0s threshold)
2025-07-30 11:33:21 | INFO     | devpulse_client.core.window_tracker.window_task:_log_window_event:75 - Logging window event for 'pgAdmin 4' | Start: 2025-07-30T11:33:05.043976 | End: 2025-07-30T11:33:21.713880 | Duration: 16.7s
2025-07-30 11:33:21 | DEBUG    | devpulse_client.core.window_tracker.window_task:_start_tracking_new_window:68 - Started tracking window: 'Math Challenge'
2025-07-30 11:33:22 | INFO     | devpulse_client.core.activity_state_tracker.activity_state_task:tick:106 - Logging activity: User Active
2025-07-30 11:33:24 | INFO     | devpulse_client.core.window_tracker.window_task:_log_previous_window_if_needed:51 - Window 'Math Challenge' met duration threshold | Start: 2025-07-30T11:33:21.713880 | End: 2025-07-30T11:33:24.697574 | Duration: 3.0s (>= 0s threshold)
2025-07-30 11:33:24 | INFO     | devpulse_client.core.window_tracker.window_task:_log_window_event:75 - Logging window event for 'Math Challenge' | Start: 2025-07-30T11:33:21.713880 | End: 2025-07-30T11:33:24.697574 | Duration: 3.0s
2025-07-30 11:33:24 | DEBUG    | devpulse_client.core.window_tracker.window_task:_start_tracking_new_window:68 - Started tracking window: 'N/A'
2025-07-30 11:33:24 | INFO     | devpulse_client.core.window_tracker.window_task:_log_previous_window_if_needed:51 - Window 'N/A' met duration threshold | Start: 2025-07-30T11:33:24.697574 | End: 2025-07-30T11:33:24.750464 | Duration: 0.1s (>= 0s threshold)
2025-07-30 11:33:24 | INFO     | devpulse_client.core.window_tracker.window_task:_log_window_event:75 - Logging window event for 'N/A' | Start: 2025-07-30T11:33:24.697574 | End: 2025-07-30T11:33:24.750464 | Duration: 0.1s
2025-07-30 11:33:24 | DEBUG    | devpulse_client.core.window_tracker.window_task:_start_tracking_new_window:68 - Started tracking window: 'pgAdmin 4'
2025-07-30 11:33:24 | INFO     | devpulse_client.core.window_tracker.window_task:_log_previous_window_if_needed:51 - Window 'pgAdmin 4' met duration threshold | Start: 2025-07-30T11:33:24.750464 | End: 2025-07-30T11:33:24.979642 | Duration: 0.2s (>= 0s threshold)
2025-07-30 11:33:24 | INFO     | devpulse_client.core.window_tracker.window_task:_log_window_event:75 - Logging window event for 'pgAdmin 4' | Start: 2025-07-30T11:33:24.750464 | End: 2025-07-30T11:33:24.979642 | Duration: 0.2s
2025-07-30 11:33:24 | DEBUG    | devpulse_client.core.window_tracker.window_task:_start_tracking_new_window:68 - Started tracking window: 'Information'
2025-07-30 11:33:25 | INFO     | devpulse_client.core.window_tracker.window_task:_log_previous_window_if_needed:51 - Window 'Information' met duration threshold | Start: 2025-07-30T11:33:24.979642 | End: 2025-07-30T11:33:25.895023 | Duration: 0.9s (>= 0s threshold)
2025-07-30 11:33:25 | INFO     | devpulse_client.core.window_tracker.window_task:_log_window_event:75 - Logging window event for 'Information' | Start: 2025-07-30T11:33:24.979642 | End: 2025-07-30T11:33:25.895023 | Duration: 0.9s
2025-07-30 11:33:25 | DEBUG    | devpulse_client.core.window_tracker.window_task:_start_tracking_new_window:68 - Started tracking window: 'pgAdmin 4'
2025-07-30 11:34:21 | INFO     | devpulse_client.core.window_tracker.window_task:_log_previous_window_if_needed:51 - Window 'pgAdmin 4' met duration threshold | Start: 2025-07-30T11:33:25.895023 | End: 2025-07-30T11:34:21.820221 | Duration: 55.9s (>= 0s threshold)
2025-07-30 11:34:21 | INFO     | devpulse_client.core.window_tracker.window_task:_log_window_event:75 - Logging window event for 'pgAdmin 4' | Start: 2025-07-30T11:33:25.895023 | End: 2025-07-30T11:34:21.820221 | Duration: 55.9s
2025-07-30 11:34:21 | DEBUG    | devpulse_client.core.window_tracker.window_task:_start_tracking_new_window:68 - Started tracking window: 'Math Challenge'
2025-07-30 11:34:28 | INFO     | devpulse_client.core.activity_state_tracker.activity_state_task:tick:101 - Logging activity: User Inactive
2025-07-30 11:35:17 | INFO     | devpulse_client.core.activity_state_tracker.activity_state_task:tick:106 - Logging activity: User Active
2025-07-30 11:35:25 | INFO     | devpulse_client.core.window_tracker.window_task:_log_previous_window_if_needed:51 - Window 'Math Challenge' met duration threshold | Start: 2025-07-30T11:34:21.820221 | End: 2025-07-30T11:35:25.362372 | Duration: 63.5s (>= 0s threshold)
2025-07-30 11:35:25 | INFO     | devpulse_client.core.window_tracker.window_task:_log_window_event:75 - Logging window event for 'Math Challenge' | Start: 2025-07-30T11:34:21.820221 | End: 2025-07-30T11:35:25.362372 | Duration: 63.5s
2025-07-30 11:35:25 | DEBUG    | devpulse_client.core.window_tracker.window_task:_start_tracking_new_window:68 - Started tracking window: 'tracker_config.py - devpulse-client-v2 - Visual Studio Code'
2025-07-30 11:35:25 | INFO     | devpulse_client.core.window_tracker.window_task:_log_previous_window_if_needed:51 - Window 'tracker_config.py - devpulse-client-v2 - Visual Studio Code' met duration threshold | Start: 2025-07-30T11:35:25.362372 | End: 2025-07-30T11:35:25.456911 | Duration: 0.1s (>= 0s threshold)
2025-07-30 11:35:25 | INFO     | devpulse_client.core.window_tracker.window_task:_log_window_event:75 - Logging window event for 'tracker_config.py - devpulse-client-v2 - Visual Studio Code' | Start: 2025-07-30T11:35:25.362372 | End: 2025-07-30T11:35:25.456911 | Duration: 0.1s
2025-07-30 11:35:25 | DEBUG    | devpulse_client.core.window_tracker.window_task:_start_tracking_new_window:68 - Started tracking window: '__init__.py - devpulse-client-v2 - Visual Studio Code'
2025-07-30 11:35:25 | INFO     | devpulse_client.core.window_tracker.window_task:_log_previous_window_if_needed:51 - Window '__init__.py - devpulse-client-v2 - Visual Studio Code' met duration threshold | Start: 2025-07-30T11:35:25.456911 | End: 2025-07-30T11:35:25.719972 | Duration: 0.3s (>= 0s threshold)
2025-07-30 11:35:25 | INFO     | devpulse_client.core.window_tracker.window_task:_log_window_event:75 - Logging window event for '__init__.py - devpulse-client-v2 - Visual Studio Code' | Start: 2025-07-30T11:35:25.456911 | End: 2025-07-30T11:35:25.719972 | Duration: 0.3s
2025-07-30 11:35:25 | DEBUG    | devpulse_client.core.window_tracker.window_task:_start_tracking_new_window:68 - Started tracking window: 'captcha_task.py - devpulse-client-v2 - Visual Studio Code'
2025-07-30 11:35:42 | INFO     | devpulse_client.core.activity_state_tracker.activity_state_task:tick:101 - Logging activity: User Inactive
2025-07-30 11:35:49 | INFO     | devpulse_client.core.activity_state_tracker.activity_state_task:tick:106 - Logging activity: User Active
2025-07-30 11:36:09 | INFO     | devpulse_client.core.window_tracker.window_task:_log_previous_window_if_needed:51 - Window 'captcha_task.py - devpulse-client-v2 - Visual Studio Code' met duration threshold | Start: 2025-07-30T11:35:25.719972 | End: 2025-07-30T11:36:09.487416 | Duration: 43.8s (>= 0s threshold)
2025-07-30 11:36:09 | INFO     | devpulse_client.core.window_tracker.window_task:_log_window_event:75 - Logging window event for 'captcha_task.py - devpulse-client-v2 - Visual Studio Code' | Start: 2025-07-30T11:35:25.719972 | End: 2025-07-30T11:36:09.487416 | Duration: 43.8s
2025-07-30 11:36:09 | DEBUG    | devpulse_client.core.window_tracker.window_task:_start_tracking_new_window:68 - Started tracking window: 'pgAdmin 4'
2025-07-30 11:36:24 | INFO     | devpulse_client.core.window_tracker.window_task:_log_previous_window_if_needed:51 - Window 'pgAdmin 4' met duration threshold | Start: 2025-07-30T11:36:09.487416 | End: 2025-07-30T11:36:24.468025 | Duration: 15.0s (>= 0s threshold)
2025-07-30 11:36:24 | INFO     | devpulse_client.core.window_tracker.window_task:_log_window_event:75 - Logging window event for 'pgAdmin 4' | Start: 2025-07-30T11:36:09.487416 | End: 2025-07-30T11:36:24.468025 | Duration: 15.0s
2025-07-30 11:36:24 | DEBUG    | devpulse_client.core.window_tracker.window_task:_start_tracking_new_window:68 - Started tracking window: 'Math Challenge'
2025-07-30 11:37:10 | INFO     | devpulse_client.core.window_tracker.window_task:_log_previous_window_if_needed:51 - Window 'Math Challenge' met duration threshold | Start: 2025-07-30T11:36:24.468025 | End: 2025-07-30T11:37:10.684311 | Duration: 46.2s (>= 0s threshold)
2025-07-30 11:37:10 | INFO     | devpulse_client.core.window_tracker.window_task:_log_window_event:75 - Logging window event for 'Math Challenge' | Start: 2025-07-30T11:36:24.468025 | End: 2025-07-30T11:37:10.684311 | Duration: 46.2s
2025-07-30 11:37:10 | DEBUG    | devpulse_client.core.window_tracker.window_task:_start_tracking_new_window:68 - Started tracking window: 'captcha_task.py - devpulse-client-v2 - Visual Studio Code'
2025-07-30 11:37:39 | INFO     | devpulse_client.core.window_tracker.window_task:_log_previous_window_if_needed:51 - Window 'captcha_task.py - devpulse-client-v2 - Visual Studio Code' met duration threshold | Start: 2025-07-30T11:37:10.684311 | End: 2025-07-30T11:37:39.458856 | Duration: 28.8s (>= 0s threshold)
2025-07-30 11:37:39 | INFO     | devpulse_client.core.window_tracker.window_task:_log_window_event:75 - Logging window event for 'captcha_task.py - devpulse-client-v2 - Visual Studio Code' | Start: 2025-07-30T11:37:10.684311 | End: 2025-07-30T11:37:39.458856 | Duration: 28.8s
2025-07-30 11:37:39 | DEBUG    | devpulse_client.core.window_tracker.window_task:_start_tracking_new_window:68 - Started tracking window: 'Yaman Yücel Cybersoft (DM) - Sirket Ici - Slack — Mozilla Firefox'
2025-07-30 11:37:39 | INFO     | devpulse_client.core.window_tracker.window_task:_log_previous_window_if_needed:51 - Window 'Yaman Yücel Cybersoft (DM) - Sirket Ici - Slack — Mozilla Firefox' met duration threshold | Start: 2025-07-30T11:37:39.458856 | End: 2025-07-30T11:37:39.739204 | Duration: 0.3s (>= 0s threshold)
2025-07-30 11:37:39 | INFO     | devpulse_client.core.window_tracker.window_task:_log_window_event:75 - Logging window event for 'Yaman Yücel Cybersoft (DM) - Sirket Ici - Slack — Mozilla Firefox' | Start: 2025-07-30T11:37:39.458856 | End: 2025-07-30T11:37:39.739204 | Duration: 0.3s
2025-07-30 11:37:39 | DEBUG    | devpulse_client.core.window_tracker.window_task:_start_tracking_new_window:68 - Started tracking window: 'yaman - Google'da Ara — Mozilla Firefox'
2025-07-30 11:37:40 | INFO     | devpulse_client.core.window_tracker.window_task:_log_previous_window_if_needed:51 - Window 'yaman - Google'da Ara — Mozilla Firefox' met duration threshold | Start: 2025-07-30T11:37:39.739204 | End: 2025-07-30T11:37:40.723441 | Duration: 1.0s (>= 0s threshold)
2025-07-30 11:37:40 | INFO     | devpulse_client.core.window_tracker.window_task:_log_window_event:75 - Logging window event for 'yaman - Google'da Ara — Mozilla Firefox' | Start: 2025-07-30T11:37:39.739204 | End: 2025-07-30T11:37:40.723441 | Duration: 1.0s
2025-07-30 11:37:40 | DEBUG    | devpulse_client.core.window_tracker.window_task:_start_tracking_new_window:68 - Started tracking window: 'Yaman Yücel Cybersoft (DM) - Sirket Ici - Slack — Mozilla Firefox'
2025-07-30 11:37:40 | INFO     | devpulse_client.core.window_tracker.window_task:_log_previous_window_if_needed:51 - Window 'Yaman Yücel Cybersoft (DM) - Sirket Ici - Slack — Mozilla Firefox' met duration threshold | Start: 2025-07-30T11:37:40.723441 | End: 2025-07-30T11:37:40.928520 | Duration: 0.2s (>= 0s threshold)
2025-07-30 11:37:40 | INFO     | devpulse_client.core.window_tracker.window_task:_log_window_event:75 - Logging window event for 'Yaman Yücel Cybersoft (DM) - Sirket Ici - Slack — Mozilla Firefox' | Start: 2025-07-30T11:37:40.723441 | End: 2025-07-30T11:37:40.928520 | Duration: 0.2s
2025-07-30 11:37:40 | DEBUG    | devpulse_client.core.window_tracker.window_task:_start_tracking_new_window:68 - Started tracking window: 'Handle captcha timeouts and incorrect answers – The AI Code Editor — Mozilla Firefox'
2025-07-30 11:37:41 | INFO     | devpulse_client.core.window_tracker.window_task:_log_previous_window_if_needed:51 - Window 'Handle captcha timeouts and incorrect answers – The AI Code Editor — Mozilla Firefox' met duration threshold | Start: 2025-07-30T11:37:40.928520 | End: 2025-07-30T11:37:41.923432 | Duration: 1.0s (>= 0s threshold)
2025-07-30 11:37:41 | INFO     | devpulse_client.core.window_tracker.window_task:_log_window_event:75 - Logging window event for 'Handle captcha timeouts and incorrect answers – The AI Code Editor — Mozilla Firefox' | Start: 2025-07-30T11:37:40.928520 | End: 2025-07-30T11:37:41.923432 | Duration: 1.0s
2025-07-30 11:37:41 | DEBUG    | devpulse_client.core.window_tracker.window_task:_start_tracking_new_window:68 - Started tracking window: 'Transfer repository — Mozilla Firefox'
2025-07-30 11:37:43 | INFO     | devpulse_client.core.window_tracker.window_task:_log_previous_window_if_needed:51 - Window 'Transfer repository — Mozilla Firefox' met duration threshold | Start: 2025-07-30T11:37:41.923432 | End: 2025-07-30T11:37:43.054335 | Duration: 1.1s (>= 0s threshold)
2025-07-30 11:37:43 | INFO     | devpulse_client.core.window_tracker.window_task:_log_window_event:75 - Logging window event for 'Transfer repository — Mozilla Firefox' | Start: 2025-07-30T11:37:41.923432 | End: 2025-07-30T11:37:43.054335 | Duration: 1.1s
2025-07-30 11:37:43 | DEBUG    | devpulse_client.core.window_tracker.window_task:_start_tracking_new_window:68 - Started tracking window: 'Handle captcha timeouts and incorrect answers – The AI Code Editor — Mozilla Firefox'
2025-07-30 11:37:54 | INFO     | devpulse_client.core.activity_state_tracker.activity_state_task:tick:101 - Logging activity: User Inactive
2025-07-30 11:39:34 | INFO     | devpulse_client.core.activity_state_tracker.activity_state_task:tick:106 - Logging activity: User Active
2025-07-30 11:39:35 | INFO     | devpulse_client.core.window_tracker.window_task:_log_previous_window_if_needed:51 - Window 'Handle captcha timeouts and incorrect answers – The AI Code Editor — Mozilla Firefox' met duration threshold | Start: 2025-07-30T11:37:43.054335 | End: 2025-07-30T11:39:35.286184 | Duration: 112.2s (>= 0s threshold)
2025-07-30 11:39:35 | INFO     | devpulse_client.core.window_tracker.window_task:_log_window_event:75 - Logging window event for 'Handle captcha timeouts and incorrect answers – The AI Code Editor — Mozilla Firefox' | Start: 2025-07-30T11:37:43.054335 | End: 2025-07-30T11:39:35.286184 | Duration: 112.2s
2025-07-30 11:39:35 | DEBUG    | devpulse_client.core.window_tracker.window_task:_start_tracking_new_window:68 - Started tracking window: 'gnome-shell'
2025-07-30 11:39:36 | INFO     | devpulse_client.core.activity_state_tracker.activity_state_task:tick:82 - Logging activity: Screen Locked
2025-07-30 12:40:14 | INFO     | devpulse_client.core.window_tracker.window_task:_log_previous_window_if_needed:51 - Window 'gnome-shell' met duration threshold | Start: 2025-07-30T11:39:35.286184 | End: 2025-07-30T12:40:14.148999 | Duration: 3638.9s (>= 0s threshold)
2025-07-30 12:40:14 | INFO     | devpulse_client.core.window_tracker.window_task:_log_window_event:75 - Logging window event for 'gnome-shell' | Start: 2025-07-30T11:39:35.286184 | End: 2025-07-30T12:40:14.148999 | Duration: 3638.9s
2025-07-30 12:40:14 | DEBUG    | devpulse_client.core.window_tracker.window_task:_start_tracking_new_window:68 - Started tracking window: 'Handle captcha timeouts and incorrect answers – The AI Code Editor — Mozilla Firefox'
2025-07-30 12:40:14 | INFO     | devpulse_client.core.window_tracker.window_task:_log_previous_window_if_needed:51 - Window 'Handle captcha timeouts and incorrect answers – The AI Code Editor — Mozilla Firefox' met duration threshold | Start: 2025-07-30T12:40:14.148999 | End: 2025-07-30T12:40:14.312563 | Duration: 0.2s (>= 0s threshold)
2025-07-30 12:40:14 | INFO     | devpulse_client.core.window_tracker.window_task:_log_window_event:75 - Logging window event for 'Handle captcha timeouts and incorrect answers – The AI Code Editor — Mozilla Firefox' | Start: 2025-07-30T12:40:14.148999 | End: 2025-07-30T12:40:14.312563 | Duration: 0.2s
2025-07-30 12:40:14 | DEBUG    | devpulse_client.core.window_tracker.window_task:_start_tracking_new_window:68 - Started tracking window: 'gnome-shell'
2025-07-30 12:40:14 | INFO     | devpulse_client.core.window_tracker.window_task:_log_previous_window_if_needed:51 - Window 'gnome-shell' met duration threshold | Start: 2025-07-30T12:40:14.312563 | End: 2025-07-30T12:40:14.531035 | Duration: 0.2s (>= 0s threshold)
2025-07-30 12:40:14 | INFO     | devpulse_client.core.window_tracker.window_task:_log_window_event:75 - Logging window event for 'gnome-shell' | Start: 2025-07-30T12:40:14.312563 | End: 2025-07-30T12:40:14.531035 | Duration: 0.2s
2025-07-30 12:40:14 | DEBUG    | devpulse_client.core.window_tracker.window_task:_start_tracking_new_window:68 - Started tracking window: 'Handle captcha timeouts and incorrect answers – The AI Code Editor — Mozilla Firefox'
2025-07-30 12:40:14 | INFO     | devpulse_client.core.activity_state_tracker.activity_state_task:tick:87 - Logging activity: Screen Unlocked
2025-07-30 12:40:14 | INFO     | devpulse_client.core.activity_state_tracker.activity_state_task:tick:91 - Logging activity: User Active
2025-07-30 12:40:17 | INFO     | devpulse_client.core.window_tracker.window_task:_log_previous_window_if_needed:51 - Window 'Handle captcha timeouts and incorrect answers – The AI Code Editor — Mozilla Firefox' met duration threshold | Start: 2025-07-30T12:40:14.531035 | End: 2025-07-30T12:40:17.812205 | Duration: 3.3s (>= 0s threshold)
2025-07-30 12:40:17 | INFO     | devpulse_client.core.window_tracker.window_task:_log_window_event:75 - Logging window event for 'Handle captcha timeouts and incorrect answers – The AI Code Editor — Mozilla Firefox' | Start: 2025-07-30T12:40:14.531035 | End: 2025-07-30T12:40:17.812205 | Duration: 3.3s
2025-07-30 12:40:17 | DEBUG    | devpulse_client.core.window_tracker.window_task:_start_tracking_new_window:68 - Started tracking window: 'Mozilla Firefox'
2025-07-30 12:40:28 | INFO     | devpulse_client.core.activity_state_tracker.activity_state_task:tick:101 - Logging activity: User Inactive
2025-07-30 12:47:30 | INFO     | devpulse_client.core.activity_state_tracker.activity_state_task:tick:106 - Logging activity: User Active
2025-07-30 12:47:33 | INFO     | devpulse_client.core.window_tracker.window_task:_log_previous_window_if_needed:51 - Window 'Mozilla Firefox' met duration threshold | Start: 2025-07-30T12:40:17.812205 | End: 2025-07-30T12:47:33.936451 | Duration: 436.1s (>= 0s threshold)
2025-07-30 12:47:33 | INFO     | devpulse_client.core.window_tracker.window_task:_log_window_event:75 - Logging window event for 'Mozilla Firefox' | Start: 2025-07-30T12:40:17.812205 | End: 2025-07-30T12:47:33.936451 | Duration: 436.1s
2025-07-30 12:47:33 | DEBUG    | devpulse_client.core.window_tracker.window_task:_start_tracking_new_window:68 - Started tracking window: 'captcha_task.py - devpulse-client-v2 - Visual Studio Code'
2025-07-30 12:47:34 | INFO     | devpulse_client.core.signal_handler.signal_handler:_handle_exit:54 - Received SIGINT – starting graceful shutdown…
2025-07-30 12:47:34 | INFO     | devpulse_client.ingest.client.event_client:run:61 - Logging activity: System Stopped
