2025-07-30 13:03:15 | INFO     | devpulse_client.auth.collectors.device_collector:collect_fingerprint:20 - Collecting device fingerprint
2025-07-30 13:03:15 | INFO     | devpulse_client.auth.collectors.device_collector:collect_fingerprint:23 - Collecting device fingerprint: 18:60:24:92:da:75
2025-07-30 13:03:15 | INFO     | devpulse_client.auth.collectors.device_collector:collect_fingerprint:26 - Collecting device fingerprint: OKEY
2025-07-30 13:03:15 | DEBUG    | devpulse_client.auth.collectors.device_collector:collect_fingerprint:29 - Collected device fingerprint: MAC=18:60:24:92:da:75
2025-07-30 13:03:16 | INFO     | devpulse_client.auth.client.auth_client:_send_login_request:144 - Credential validation successful: {'access_token': 'eyJhbGciOiJIUzI1NiIsInR5cCI6IkpXVCJ9.eyJzdWIiOiJmYXJ1ayIsImRldmljZV9tYWMiOiIxODo2MDoyNDo5MjpkYTo3NSJ9.mdvGKPs6tdby8LCZ1GdpPUjIwZ7I28mBg07IeLUbcuc', 'token_type': 'bearer', 'expires': False}
2025-07-30 13:03:16 | INFO     | devpulse_client.ingest.client.event_client:run:34 - Starting activity tracker
2025-07-30 13:03:16 | INFO     | devpulse_client.ingest.client.event_client:run:42 - Logging activity: System Started
2025-07-30 13:03:16 | DEBUG    | devpulse_client.core.window_tracker.window_task:_start_tracking_new_window:68 - Started tracking window: 'captcha_task.py - devpulse-client-v2 - Visual Studio Code'
2025-07-30 13:03:16 | INFO     | devpulse_client.core.activity_state_tracker.activity_state_task:tick:74 - Logging activity: User Active
2025-07-30 13:03:16 | INFO     | devpulse_client.core.window_tracker.window_task:_log_previous_window_if_needed:51 - Window 'captcha_task.py - devpulse-client-v2 - Visual Studio Code' met duration threshold | Start: 2025-07-30T13:03:16.295988 | End: 2025-07-30T13:03:16.461113 | Duration: 0.2s (>= 0s threshold)
2025-07-30 13:03:16 | INFO     | devpulse_client.core.window_tracker.window_task:_log_window_event:75 - Logging window event for 'captcha_task.py - devpulse-client-v2 - Visual Studio Code' | Start: 2025-07-30T13:03:16.295988 | End: 2025-07-30T13:03:16.461113 | Duration: 0.2s
2025-07-30 13:03:16 | DEBUG    | devpulse_client.core.window_tracker.window_task:_start_tracking_new_window:68 - Started tracking window: 'Math Challenge'
2025-07-30 13:03:20 | INFO     | devpulse_client.core.window_tracker.window_task:_log_previous_window_if_needed:51 - Window 'Math Challenge' met duration threshold | Start: 2025-07-30T13:03:16.461113 | End: 2025-07-30T13:03:20.171174 | Duration: 3.7s (>= 0s threshold)
2025-07-30 13:03:20 | INFO     | devpulse_client.core.window_tracker.window_task:_log_window_event:75 - Logging window event for 'Math Challenge' | Start: 2025-07-30T13:03:16.461113 | End: 2025-07-30T13:03:20.171174 | Duration: 3.7s
2025-07-30 13:03:20 | DEBUG    | devpulse_client.core.window_tracker.window_task:_start_tracking_new_window:68 - Started tracking window: 'pgAdmin 4'
2025-07-30 13:03:29 | INFO     | devpulse_client.core.window_tracker.window_task:_log_previous_window_if_needed:51 - Window 'pgAdmin 4' met duration threshold | Start: 2025-07-30T13:03:20.171174 | End: 2025-07-30T13:03:29.698582 | Duration: 9.5s (>= 0s threshold)
2025-07-30 13:03:29 | INFO     | devpulse_client.core.window_tracker.window_task:_log_window_event:75 - Logging window event for 'pgAdmin 4' | Start: 2025-07-30T13:03:20.171174 | End: 2025-07-30T13:03:29.698582 | Duration: 9.5s
2025-07-30 13:03:29 | DEBUG    | devpulse_client.core.window_tracker.window_task:_start_tracking_new_window:68 - Started tracking window: 'Math Challenge'
2025-07-30 13:03:30 | INFO     | devpulse_client.core.window_tracker.window_task:_log_previous_window_if_needed:51 - Window 'Math Challenge' met duration threshold | Start: 2025-07-30T13:03:29.698582 | End: 2025-07-30T13:03:30.412758 | Duration: 0.7s (>= 0s threshold)
2025-07-30 13:03:30 | INFO     | devpulse_client.core.window_tracker.window_task:_log_window_event:75 - Logging window event for 'Math Challenge' | Start: 2025-07-30T13:03:29.698582 | End: 2025-07-30T13:03:30.412758 | Duration: 0.7s
2025-07-30 13:03:30 | DEBUG    | devpulse_client.core.window_tracker.window_task:_start_tracking_new_window:68 - Started tracking window: 'pgAdmin 4'
2025-07-30 13:03:30 | INFO     | devpulse_client.core.window_tracker.window_task:_log_previous_window_if_needed:51 - Window 'pgAdmin 4' met duration threshold | Start: 2025-07-30T13:03:30.412758 | End: 2025-07-30T13:03:30.582693 | Duration: 0.2s (>= 0s threshold)
2025-07-30 13:03:30 | INFO     | devpulse_client.core.window_tracker.window_task:_log_window_event:75 - Logging window event for 'pgAdmin 4' | Start: 2025-07-30T13:03:30.412758 | End: 2025-07-30T13:03:30.582693 | Duration: 0.2s
2025-07-30 13:03:30 | DEBUG    | devpulse_client.core.window_tracker.window_task:_start_tracking_new_window:68 - Started tracking window: 'Information'
2025-07-30 13:03:31 | INFO     | devpulse_client.core.window_tracker.window_task:_log_previous_window_if_needed:51 - Window 'Information' met duration threshold | Start: 2025-07-30T13:03:30.582693 | End: 2025-07-30T13:03:31.273972 | Duration: 0.7s (>= 0s threshold)
2025-07-30 13:03:31 | INFO     | devpulse_client.core.window_tracker.window_task:_log_window_event:75 - Logging window event for 'Information' | Start: 2025-07-30T13:03:30.582693 | End: 2025-07-30T13:03:31.273972 | Duration: 0.7s
2025-07-30 13:03:31 | DEBUG    | devpulse_client.core.window_tracker.window_task:_start_tracking_new_window:68 - Started tracking window: 'pgAdmin 4'
2025-07-30 13:04:12 | INFO     | devpulse_client.core.window_tracker.window_task:_log_previous_window_if_needed:51 - Window 'pgAdmin 4' met duration threshold | Start: 2025-07-30T13:03:31.273972 | End: 2025-07-30T13:04:12.417922 | Duration: 41.1s (>= 0s threshold)
2025-07-30 13:04:12 | INFO     | devpulse_client.core.window_tracker.window_task:_log_window_event:75 - Logging window event for 'pgAdmin 4' | Start: 2025-07-30T13:03:31.273972 | End: 2025-07-30T13:04:12.417922 | Duration: 41.1s
2025-07-30 13:04:12 | DEBUG    | devpulse_client.core.window_tracker.window_task:_start_tracking_new_window:68 - Started tracking window: 'captcha_task.py - devpulse-client-v2 - Visual Studio Code'
2025-07-30 13:04:12 | INFO     | devpulse_client.core.window_tracker.window_task:_log_previous_window_if_needed:51 - Window 'captcha_task.py - devpulse-client-v2 - Visual Studio Code' met duration threshold | Start: 2025-07-30T13:04:12.417922 | End: 2025-07-30T13:04:12.572686 | Duration: 0.2s (>= 0s threshold)
2025-07-30 13:04:12 | INFO     | devpulse_client.core.window_tracker.window_task:_log_window_event:75 - Logging window event for 'captcha_task.py - devpulse-client-v2 - Visual Studio Code' | Start: 2025-07-30T13:04:12.417922 | End: 2025-07-30T13:04:12.572686 | Duration: 0.2s
2025-07-30 13:04:12 | DEBUG    | devpulse_client.core.window_tracker.window_task:_start_tracking_new_window:68 - Started tracking window: 'tracker_config.py - devpulse-client-v2 - Visual Studio Code'
2025-07-30 13:04:15 | INFO     | devpulse_client.core.window_tracker.window_task:_log_previous_window_if_needed:51 - Window 'tracker_config.py - devpulse-client-v2 - Visual Studio Code' met duration threshold | Start: 2025-07-30T13:04:12.572686 | End: 2025-07-30T13:04:15.510411 | Duration: 2.9s (>= 0s threshold)
2025-07-30 13:04:15 | INFO     | devpulse_client.core.window_tracker.window_task:_log_window_event:75 - Logging window event for 'tracker_config.py - devpulse-client-v2 - Visual Studio Code' | Start: 2025-07-30T13:04:12.572686 | End: 2025-07-30T13:04:15.510411 | Duration: 2.9s
2025-07-30 13:04:15 | DEBUG    | devpulse_client.core.window_tracker.window_task:_start_tracking_new_window:68 - Started tracking window: '● tracker_config.py - devpulse-client-v2 - Visual Studio Code'
2025-07-30 13:04:16 | INFO     | devpulse_client.core.window_tracker.window_task:_log_previous_window_if_needed:51 - Window '● tracker_config.py - devpulse-client-v2 - Visual Studio Code' met duration threshold | Start: 2025-07-30T13:04:15.510411 | End: 2025-07-30T13:04:16.502443 | Duration: 1.0s (>= 0s threshold)
2025-07-30 13:04:16 | INFO     | devpulse_client.core.window_tracker.window_task:_log_window_event:75 - Logging window event for '● tracker_config.py - devpulse-client-v2 - Visual Studio Code' | Start: 2025-07-30T13:04:15.510411 | End: 2025-07-30T13:04:16.502443 | Duration: 1.0s
2025-07-30 13:04:16 | DEBUG    | devpulse_client.core.window_tracker.window_task:_start_tracking_new_window:68 - Started tracking window: 'Math Challenge'
2025-07-30 13:04:19 | INFO     | devpulse_client.core.window_tracker.window_task:_log_previous_window_if_needed:51 - Window 'Math Challenge' met duration threshold | Start: 2025-07-30T13:04:16.502443 | End: 2025-07-30T13:04:19.797206 | Duration: 3.3s (>= 0s threshold)
2025-07-30 13:04:19 | INFO     | devpulse_client.core.window_tracker.window_task:_log_window_event:75 - Logging window event for 'Math Challenge' | Start: 2025-07-30T13:04:16.502443 | End: 2025-07-30T13:04:19.797206 | Duration: 3.3s
2025-07-30 13:04:19 | DEBUG    | devpulse_client.core.window_tracker.window_task:_start_tracking_new_window:68 - Started tracking window: 'N/A'
2025-07-30 13:04:19 | INFO     | devpulse_client.core.window_tracker.window_task:_log_previous_window_if_needed:51 - Window 'N/A' met duration threshold | Start: 2025-07-30T13:04:19.797206 | End: 2025-07-30T13:04:19.841120 | Duration: 0.0s (>= 0s threshold)
2025-07-30 13:04:19 | INFO     | devpulse_client.core.window_tracker.window_task:_log_window_event:75 - Logging window event for 'N/A' | Start: 2025-07-30T13:04:19.797206 | End: 2025-07-30T13:04:19.841120 | Duration: 0.0s
2025-07-30 13:04:19 | DEBUG    | devpulse_client.core.window_tracker.window_task:_start_tracking_new_window:68 - Started tracking window: '● tracker_config.py - devpulse-client-v2 - Visual Studio Code'
2025-07-30 13:04:19 | INFO     | devpulse_client.core.window_tracker.window_task:_log_previous_window_if_needed:51 - Window '● tracker_config.py - devpulse-client-v2 - Visual Studio Code' met duration threshold | Start: 2025-07-30T13:04:19.841120 | End: 2025-07-30T13:04:19.971616 | Duration: 0.1s (>= 0s threshold)
2025-07-30 13:04:19 | INFO     | devpulse_client.core.window_tracker.window_task:_log_window_event:75 - Logging window event for '● tracker_config.py - devpulse-client-v2 - Visual Studio Code' | Start: 2025-07-30T13:04:19.841120 | End: 2025-07-30T13:04:19.971616 | Duration: 0.1s
2025-07-30 13:04:19 | DEBUG    | devpulse_client.core.window_tracker.window_task:_start_tracking_new_window:68 - Started tracking window: 'Math Challenge'
2025-07-30 13:04:22 | INFO     | devpulse_client.core.window_tracker.window_task:_log_previous_window_if_needed:51 - Window 'Math Challenge' met duration threshold | Start: 2025-07-30T13:04:19.971616 | End: 2025-07-30T13:04:22.847902 | Duration: 2.9s (>= 0s threshold)
2025-07-30 13:04:22 | INFO     | devpulse_client.core.window_tracker.window_task:_log_window_event:75 - Logging window event for 'Math Challenge' | Start: 2025-07-30T13:04:19.971616 | End: 2025-07-30T13:04:22.847902 | Duration: 2.9s
2025-07-30 13:04:22 | DEBUG    | devpulse_client.core.window_tracker.window_task:_start_tracking_new_window:68 - Started tracking window: '● tracker_config.py - devpulse-client-v2 - Visual Studio Code'
2025-07-30 13:04:23 | INFO     | devpulse_client.core.window_tracker.window_task:_log_previous_window_if_needed:51 - Window '● tracker_config.py - devpulse-client-v2 - Visual Studio Code' met duration threshold | Start: 2025-07-30T13:04:22.847902 | End: 2025-07-30T13:04:23.024620 | Duration: 0.2s (>= 0s threshold)
2025-07-30 13:04:23 | INFO     | devpulse_client.core.window_tracker.window_task:_log_window_event:75 - Logging window event for '● tracker_config.py - devpulse-client-v2 - Visual Studio Code' | Start: 2025-07-30T13:04:22.847902 | End: 2025-07-30T13:04:23.024620 | Duration: 0.2s
2025-07-30 13:04:23 | DEBUG    | devpulse_client.core.window_tracker.window_task:_start_tracking_new_window:68 - Started tracking window: 'Warning'
2025-07-30 13:04:24 | INFO     | devpulse_client.core.window_tracker.window_task:_log_previous_window_if_needed:51 - Window 'Warning' met duration threshold | Start: 2025-07-30T13:04:23.024620 | End: 2025-07-30T13:04:24.695175 | Duration: 1.7s (>= 0s threshold)
2025-07-30 13:04:24 | INFO     | devpulse_client.core.window_tracker.window_task:_log_window_event:75 - Logging window event for 'Warning' | Start: 2025-07-30T13:04:23.024620 | End: 2025-07-30T13:04:24.695175 | Duration: 1.7s
2025-07-30 13:04:24 | DEBUG    | devpulse_client.core.window_tracker.window_task:_start_tracking_new_window:68 - Started tracking window: '● tracker_config.py - devpulse-client-v2 - Visual Studio Code'
2025-07-30 13:04:24 | INFO     | devpulse_client.core.window_tracker.window_task:_log_previous_window_if_needed:51 - Window '● tracker_config.py - devpulse-client-v2 - Visual Studio Code' met duration threshold | Start: 2025-07-30T13:04:24.695175 | End: 2025-07-30T13:04:24.907593 | Duration: 0.2s (>= 0s threshold)
2025-07-30 13:04:24 | INFO     | devpulse_client.core.window_tracker.window_task:_log_window_event:75 - Logging window event for '● tracker_config.py - devpulse-client-v2 - Visual Studio Code' | Start: 2025-07-30T13:04:24.695175 | End: 2025-07-30T13:04:24.907593 | Duration: 0.2s
2025-07-30 13:04:24 | DEBUG    | devpulse_client.core.window_tracker.window_task:_start_tracking_new_window:68 - Started tracking window: 'Math Challenge'
2025-07-30 13:04:26 | INFO     | devpulse_client.core.window_tracker.window_task:_log_previous_window_if_needed:51 - Window 'Math Challenge' met duration threshold | Start: 2025-07-30T13:04:24.907593 | End: 2025-07-30T13:04:26.540056 | Duration: 1.6s (>= 0s threshold)
2025-07-30 13:04:26 | INFO     | devpulse_client.core.window_tracker.window_task:_log_window_event:75 - Logging window event for 'Math Challenge' | Start: 2025-07-30T13:04:24.907593 | End: 2025-07-30T13:04:26.540056 | Duration: 1.6s
2025-07-30 13:04:26 | DEBUG    | devpulse_client.core.window_tracker.window_task:_start_tracking_new_window:68 - Started tracking window: 'pgAdmin 4'
2025-07-30 13:04:41 | INFO     | devpulse_client.core.window_tracker.window_task:_log_previous_window_if_needed:51 - Window 'pgAdmin 4' met duration threshold | Start: 2025-07-30T13:04:26.540056 | End: 2025-07-30T13:04:41.818503 | Duration: 15.3s (>= 0s threshold)
2025-07-30 13:04:41 | INFO     | devpulse_client.core.window_tracker.window_task:_log_window_event:75 - Logging window event for 'pgAdmin 4' | Start: 2025-07-30T13:04:26.540056 | End: 2025-07-30T13:04:41.818503 | Duration: 15.3s
2025-07-30 13:04:41 | DEBUG    | devpulse_client.core.window_tracker.window_task:_start_tracking_new_window:68 - Started tracking window: 'Math Challenge'
2025-07-30 13:04:53 | INFO     | devpulse_client.core.window_tracker.window_task:_log_previous_window_if_needed:51 - Window 'Math Challenge' met duration threshold | Start: 2025-07-30T13:04:41.818503 | End: 2025-07-30T13:04:53.865175 | Duration: 12.0s (>= 0s threshold)
2025-07-30 13:04:53 | INFO     | devpulse_client.core.window_tracker.window_task:_log_window_event:75 - Logging window event for 'Math Challenge' | Start: 2025-07-30T13:04:41.818503 | End: 2025-07-30T13:04:53.865175 | Duration: 12.0s
2025-07-30 13:04:53 | DEBUG    | devpulse_client.core.window_tracker.window_task:_start_tracking_new_window:68 - Started tracking window: 'pgAdmin 4'
2025-07-30 13:04:54 | INFO     | devpulse_client.core.window_tracker.window_task:_log_previous_window_if_needed:51 - Window 'pgAdmin 4' met duration threshold | Start: 2025-07-30T13:04:53.865175 | End: 2025-07-30T13:04:54.067099 | Duration: 0.2s (>= 0s threshold)
2025-07-30 13:04:54 | INFO     | devpulse_client.core.window_tracker.window_task:_log_window_event:75 - Logging window event for 'pgAdmin 4' | Start: 2025-07-30T13:04:53.865175 | End: 2025-07-30T13:04:54.067099 | Duration: 0.2s
2025-07-30 13:04:54 | DEBUG    | devpulse_client.core.window_tracker.window_task:_start_tracking_new_window:68 - Started tracking window: 'Warning'
2025-07-30 13:04:54 | INFO     | devpulse_client.core.window_tracker.window_task:_log_previous_window_if_needed:51 - Window 'Warning' met duration threshold | Start: 2025-07-30T13:04:54.067099 | End: 2025-07-30T13:04:54.625927 | Duration: 0.6s (>= 0s threshold)
2025-07-30 13:04:54 | INFO     | devpulse_client.core.window_tracker.window_task:_log_window_event:75 - Logging window event for 'Warning' | Start: 2025-07-30T13:04:54.067099 | End: 2025-07-30T13:04:54.625927 | Duration: 0.6s
2025-07-30 13:04:54 | DEBUG    | devpulse_client.core.window_tracker.window_task:_start_tracking_new_window:68 - Started tracking window: 'pgAdmin 4'
2025-07-30 13:04:54 | INFO     | devpulse_client.core.window_tracker.window_task:_log_previous_window_if_needed:51 - Window 'pgAdmin 4' met duration threshold | Start: 2025-07-30T13:04:54.625927 | End: 2025-07-30T13:04:54.831255 | Duration: 0.2s (>= 0s threshold)
2025-07-30 13:04:54 | INFO     | devpulse_client.core.window_tracker.window_task:_log_window_event:75 - Logging window event for 'pgAdmin 4' | Start: 2025-07-30T13:04:54.625927 | End: 2025-07-30T13:04:54.831255 | Duration: 0.2s
2025-07-30 13:04:54 | DEBUG    | devpulse_client.core.window_tracker.window_task:_start_tracking_new_window:68 - Started tracking window: 'Math Challenge'
2025-07-30 13:04:55 | INFO     | devpulse_client.core.window_tracker.window_task:_log_previous_window_if_needed:51 - Window 'Math Challenge' met duration threshold | Start: 2025-07-30T13:04:54.831255 | End: 2025-07-30T13:04:55.824393 | Duration: 1.0s (>= 0s threshold)
2025-07-30 13:04:55 | INFO     | devpulse_client.core.window_tracker.window_task:_log_window_event:75 - Logging window event for 'Math Challenge' | Start: 2025-07-30T13:04:54.831255 | End: 2025-07-30T13:04:55.824393 | Duration: 1.0s
2025-07-30 13:04:55 | DEBUG    | devpulse_client.core.window_tracker.window_task:_start_tracking_new_window:68 - Started tracking window: 'pgAdmin 4'
2025-07-30 13:05:13 | INFO     | devpulse_client.core.window_tracker.window_task:_log_previous_window_if_needed:51 - Window 'pgAdmin 4' met duration threshold | Start: 2025-07-30T13:04:55.824393 | End: 2025-07-30T13:05:13.793664 | Duration: 18.0s (>= 0s threshold)
2025-07-30 13:05:13 | INFO     | devpulse_client.core.window_tracker.window_task:_log_window_event:75 - Logging window event for 'pgAdmin 4' | Start: 2025-07-30T13:04:55.824393 | End: 2025-07-30T13:05:13.793664 | Duration: 18.0s
2025-07-30 13:05:13 | DEBUG    | devpulse_client.core.window_tracker.window_task:_start_tracking_new_window:68 - Started tracking window: 'Math Challenge'
2025-07-30 13:05:13 | INFO     | devpulse_client.core.window_tracker.window_task:_log_previous_window_if_needed:51 - Window 'Math Challenge' met duration threshold | Start: 2025-07-30T13:05:13.793664 | End: 2025-07-30T13:05:13.886698 | Duration: 0.1s (>= 0s threshold)
2025-07-30 13:05:13 | INFO     | devpulse_client.core.window_tracker.window_task:_log_window_event:75 - Logging window event for 'Math Challenge' | Start: 2025-07-30T13:05:13.793664 | End: 2025-07-30T13:05:13.886698 | Duration: 0.1s
2025-07-30 13:05:13 | DEBUG    | devpulse_client.core.window_tracker.window_task:_start_tracking_new_window:68 - Started tracking window: 'pgAdmin 4'
2025-07-30 13:05:14 | INFO     | devpulse_client.core.window_tracker.window_task:_log_previous_window_if_needed:51 - Window 'pgAdmin 4' met duration threshold | Start: 2025-07-30T13:05:13.886698 | End: 2025-07-30T13:05:14.014279 | Duration: 0.1s (>= 0s threshold)
2025-07-30 13:05:14 | INFO     | devpulse_client.core.window_tracker.window_task:_log_window_event:75 - Logging window event for 'pgAdmin 4' | Start: 2025-07-30T13:05:13.886698 | End: 2025-07-30T13:05:14.014279 | Duration: 0.1s
2025-07-30 13:05:14 | DEBUG    | devpulse_client.core.window_tracker.window_task:_start_tracking_new_window:68 - Started tracking window: 'Math Challenge'
2025-07-30 13:05:15 | INFO     | devpulse_client.core.window_tracker.window_task:_log_previous_window_if_needed:51 - Window 'Math Challenge' met duration threshold | Start: 2025-07-30T13:05:14.014279 | End: 2025-07-30T13:05:15.359655 | Duration: 1.3s (>= 0s threshold)
2025-07-30 13:05:15 | INFO     | devpulse_client.core.window_tracker.window_task:_log_window_event:75 - Logging window event for 'Math Challenge' | Start: 2025-07-30T13:05:14.014279 | End: 2025-07-30T13:05:15.359655 | Duration: 1.3s
2025-07-30 13:05:15 | DEBUG    | devpulse_client.core.window_tracker.window_task:_start_tracking_new_window:68 - Started tracking window: 'pgAdmin 4'
2025-07-30 13:05:15 | INFO     | devpulse_client.core.window_tracker.window_task:_log_previous_window_if_needed:51 - Window 'pgAdmin 4' met duration threshold | Start: 2025-07-30T13:05:15.359655 | End: 2025-07-30T13:05:15.533020 | Duration: 0.2s (>= 0s threshold)
2025-07-30 13:05:15 | INFO     | devpulse_client.core.window_tracker.window_task:_log_window_event:75 - Logging window event for 'pgAdmin 4' | Start: 2025-07-30T13:05:15.359655 | End: 2025-07-30T13:05:15.533020 | Duration: 0.2s
2025-07-30 13:05:15 | DEBUG    | devpulse_client.core.window_tracker.window_task:_start_tracking_new_window:68 - Started tracking window: 'Math Challenge'
2025-07-30 13:05:15 | INFO     | devpulse_client.core.window_tracker.window_task:_log_previous_window_if_needed:51 - Window 'Math Challenge' met duration threshold | Start: 2025-07-30T13:05:15.533020 | End: 2025-07-30T13:05:15.627645 | Duration: 0.1s (>= 0s threshold)
2025-07-30 13:05:15 | INFO     | devpulse_client.core.window_tracker.window_task:_log_window_event:75 - Logging window event for 'Math Challenge' | Start: 2025-07-30T13:05:15.533020 | End: 2025-07-30T13:05:15.627645 | Duration: 0.1s
2025-07-30 13:05:15 | DEBUG    | devpulse_client.core.window_tracker.window_task:_start_tracking_new_window:68 - Started tracking window: 'pgAdmin 4'
2025-07-30 13:05:15 | INFO     | devpulse_client.core.window_tracker.window_task:_log_previous_window_if_needed:51 - Window 'pgAdmin 4' met duration threshold | Start: 2025-07-30T13:05:15.627645 | End: 2025-07-30T13:05:15.814004 | Duration: 0.2s (>= 0s threshold)
2025-07-30 13:05:15 | INFO     | devpulse_client.core.window_tracker.window_task:_log_window_event:75 - Logging window event for 'pgAdmin 4' | Start: 2025-07-30T13:05:15.627645 | End: 2025-07-30T13:05:15.814004 | Duration: 0.2s
2025-07-30 13:05:15 | DEBUG    | devpulse_client.core.window_tracker.window_task:_start_tracking_new_window:68 - Started tracking window: 'Math Challenge'
2025-07-30 13:05:15 | INFO     | devpulse_client.core.window_tracker.window_task:_log_previous_window_if_needed:51 - Window 'Math Challenge' met duration threshold | Start: 2025-07-30T13:05:15.814004 | End: 2025-07-30T13:05:15.921433 | Duration: 0.1s (>= 0s threshold)
2025-07-30 13:05:15 | INFO     | devpulse_client.core.window_tracker.window_task:_log_window_event:75 - Logging window event for 'Math Challenge' | Start: 2025-07-30T13:05:15.814004 | End: 2025-07-30T13:05:15.921433 | Duration: 0.1s
2025-07-30 13:05:15 | DEBUG    | devpulse_client.core.window_tracker.window_task:_start_tracking_new_window:68 - Started tracking window: 'pgAdmin 4'
2025-07-30 13:05:16 | INFO     | devpulse_client.core.window_tracker.window_task:_log_previous_window_if_needed:51 - Window 'pgAdmin 4' met duration threshold | Start: 2025-07-30T13:05:15.921433 | End: 2025-07-30T13:05:16.063812 | Duration: 0.1s (>= 0s threshold)
2025-07-30 13:05:16 | INFO     | devpulse_client.core.window_tracker.window_task:_log_window_event:75 - Logging window event for 'pgAdmin 4' | Start: 2025-07-30T13:05:15.921433 | End: 2025-07-30T13:05:16.063812 | Duration: 0.1s
2025-07-30 13:05:16 | DEBUG    | devpulse_client.core.window_tracker.window_task:_start_tracking_new_window:68 - Started tracking window: 'Math Challenge'
2025-07-30 13:05:16 | INFO     | devpulse_client.core.window_tracker.window_task:_log_previous_window_if_needed:51 - Window 'Math Challenge' met duration threshold | Start: 2025-07-30T13:05:16.063812 | End: 2025-07-30T13:05:16.150829 | Duration: 0.1s (>= 0s threshold)
2025-07-30 13:05:16 | INFO     | devpulse_client.core.window_tracker.window_task:_log_window_event:75 - Logging window event for 'Math Challenge' | Start: 2025-07-30T13:05:16.063812 | End: 2025-07-30T13:05:16.150829 | Duration: 0.1s
2025-07-30 13:05:16 | DEBUG    | devpulse_client.core.window_tracker.window_task:_start_tracking_new_window:68 - Started tracking window: 'pgAdmin 4'
2025-07-30 13:05:16 | INFO     | devpulse_client.core.window_tracker.window_task:_log_previous_window_if_needed:51 - Window 'pgAdmin 4' met duration threshold | Start: 2025-07-30T13:05:16.150829 | End: 2025-07-30T13:05:16.282971 | Duration: 0.1s (>= 0s threshold)
2025-07-30 13:05:16 | INFO     | devpulse_client.core.window_tracker.window_task:_log_window_event:75 - Logging window event for 'pgAdmin 4' | Start: 2025-07-30T13:05:16.150829 | End: 2025-07-30T13:05:16.282971 | Duration: 0.1s
2025-07-30 13:05:16 | DEBUG    | devpulse_client.core.window_tracker.window_task:_start_tracking_new_window:68 - Started tracking window: 'Math Challenge'
2025-07-30 13:05:16 | INFO     | devpulse_client.core.window_tracker.window_task:_log_previous_window_if_needed:51 - Window 'Math Challenge' met duration threshold | Start: 2025-07-30T13:05:16.282971 | End: 2025-07-30T13:05:16.430324 | Duration: 0.1s (>= 0s threshold)
2025-07-30 13:05:16 | INFO     | devpulse_client.core.window_tracker.window_task:_log_window_event:75 - Logging window event for 'Math Challenge' | Start: 2025-07-30T13:05:16.282971 | End: 2025-07-30T13:05:16.430324 | Duration: 0.1s
2025-07-30 13:05:16 | DEBUG    | devpulse_client.core.window_tracker.window_task:_start_tracking_new_window:68 - Started tracking window: 'N/A'
2025-07-30 13:05:16 | INFO     | devpulse_client.core.window_tracker.window_task:_log_previous_window_if_needed:51 - Window 'N/A' met duration threshold | Start: 2025-07-30T13:05:16.430324 | End: 2025-07-30T13:05:16.464988 | Duration: 0.0s (>= 0s threshold)
2025-07-30 13:05:16 | INFO     | devpulse_client.core.window_tracker.window_task:_log_window_event:75 - Logging window event for 'N/A' | Start: 2025-07-30T13:05:16.430324 | End: 2025-07-30T13:05:16.464988 | Duration: 0.0s
2025-07-30 13:05:16 | DEBUG    | devpulse_client.core.window_tracker.window_task:_start_tracking_new_window:68 - Started tracking window: 'pgAdmin 4'
2025-07-30 13:05:16 | INFO     | devpulse_client.core.window_tracker.window_task:_log_previous_window_if_needed:51 - Window 'pgAdmin 4' met duration threshold | Start: 2025-07-30T13:05:16.464988 | End: 2025-07-30T13:05:16.519820 | Duration: 0.1s (>= 0s threshold)
2025-07-30 13:05:16 | INFO     | devpulse_client.core.window_tracker.window_task:_log_window_event:75 - Logging window event for 'pgAdmin 4' | Start: 2025-07-30T13:05:16.464988 | End: 2025-07-30T13:05:16.519820 | Duration: 0.1s
2025-07-30 13:05:16 | DEBUG    | devpulse_client.core.window_tracker.window_task:_start_tracking_new_window:68 - Started tracking window: 'Math Challenge'
2025-07-30 13:05:18 | INFO     | devpulse_client.core.window_tracker.window_task:_log_previous_window_if_needed:51 - Window 'Math Challenge' met duration threshold | Start: 2025-07-30T13:05:16.519820 | End: 2025-07-30T13:05:18.421104 | Duration: 1.9s (>= 0s threshold)
2025-07-30 13:05:18 | INFO     | devpulse_client.core.window_tracker.window_task:_log_window_event:75 - Logging window event for 'Math Challenge' | Start: 2025-07-30T13:05:16.519820 | End: 2025-07-30T13:05:18.421104 | Duration: 1.9s
2025-07-30 13:05:18 | DEBUG    | devpulse_client.core.window_tracker.window_task:_start_tracking_new_window:68 - Started tracking window: 'N/A'
2025-07-30 13:05:18 | INFO     | devpulse_client.core.window_tracker.window_task:_log_previous_window_if_needed:51 - Window 'N/A' met duration threshold | Start: 2025-07-30T13:05:18.421104 | End: 2025-07-30T13:05:18.462130 | Duration: 0.0s (>= 0s threshold)
2025-07-30 13:05:18 | INFO     | devpulse_client.core.window_tracker.window_task:_log_window_event:75 - Logging window event for 'N/A' | Start: 2025-07-30T13:05:18.421104 | End: 2025-07-30T13:05:18.462130 | Duration: 0.0s
2025-07-30 13:05:18 | DEBUG    | devpulse_client.core.window_tracker.window_task:_start_tracking_new_window:68 - Started tracking window: 'Math Challenge'
2025-07-30 13:05:20 | INFO     | devpulse_client.core.window_tracker.window_task:_log_previous_window_if_needed:51 - Window 'Math Challenge' met duration threshold | Start: 2025-07-30T13:05:18.462130 | End: 2025-07-30T13:05:20.096531 | Duration: 1.6s (>= 0s threshold)
2025-07-30 13:05:20 | INFO     | devpulse_client.core.window_tracker.window_task:_log_window_event:75 - Logging window event for 'Math Challenge' | Start: 2025-07-30T13:05:18.462130 | End: 2025-07-30T13:05:20.096531 | Duration: 1.6s
2025-07-30 13:05:20 | DEBUG    | devpulse_client.core.window_tracker.window_task:_start_tracking_new_window:68 - Started tracking window: 'pgAdmin 4'
2025-07-30 13:05:41 | INFO     | devpulse_client.core.window_tracker.window_task:_log_previous_window_if_needed:51 - Window 'pgAdmin 4' met duration threshold | Start: 2025-07-30T13:05:20.096531 | End: 2025-07-30T13:05:41.534514 | Duration: 21.4s (>= 0s threshold)
2025-07-30 13:05:41 | INFO     | devpulse_client.core.window_tracker.window_task:_log_window_event:75 - Logging window event for 'pgAdmin 4' | Start: 2025-07-30T13:05:20.096531 | End: 2025-07-30T13:05:41.534514 | Duration: 21.4s
2025-07-30 13:05:41 | DEBUG    | devpulse_client.core.window_tracker.window_task:_start_tracking_new_window:68 - Started tracking window: 'Captcha task update — Mozilla Firefox'
2025-07-30 13:06:16 | INFO     | devpulse_client.core.window_tracker.window_task:_log_previous_window_if_needed:51 - Window 'Captcha task update — Mozilla Firefox' met duration threshold | Start: 2025-07-30T13:05:41.534514 | End: 2025-07-30T13:06:16.565411 | Duration: 35.0s (>= 0s threshold)
2025-07-30 13:06:16 | INFO     | devpulse_client.core.window_tracker.window_task:_log_window_event:75 - Logging window event for 'Captcha task update — Mozilla Firefox' | Start: 2025-07-30T13:05:41.534514 | End: 2025-07-30T13:06:16.565411 | Duration: 35.0s
2025-07-30 13:06:16 | DEBUG    | devpulse_client.core.window_tracker.window_task:_start_tracking_new_window:68 - Started tracking window: 'Math Challenge'
2025-07-30 13:06:20 | INFO     | devpulse_client.core.window_tracker.window_task:_log_previous_window_if_needed:51 - Window 'Math Challenge' met duration threshold | Start: 2025-07-30T13:06:16.565411 | End: 2025-07-30T13:06:20.073367 | Duration: 3.5s (>= 0s threshold)
2025-07-30 13:06:20 | INFO     | devpulse_client.core.window_tracker.window_task:_log_window_event:75 - Logging window event for 'Math Challenge' | Start: 2025-07-30T13:06:16.565411 | End: 2025-07-30T13:06:20.073367 | Duration: 3.5s
2025-07-30 13:06:20 | DEBUG    | devpulse_client.core.window_tracker.window_task:_start_tracking_new_window:68 - Started tracking window: 'Captcha task update — Mozilla Firefox'
2025-07-30 13:06:29 | INFO     | devpulse_client.core.window_tracker.window_task:_log_previous_window_if_needed:51 - Window 'Captcha task update — Mozilla Firefox' met duration threshold | Start: 2025-07-30T13:06:20.073367 | End: 2025-07-30T13:06:29.982102 | Duration: 9.9s (>= 0s threshold)
2025-07-30 13:06:29 | INFO     | devpulse_client.core.window_tracker.window_task:_log_window_event:75 - Logging window event for 'Captcha task update — Mozilla Firefox' | Start: 2025-07-30T13:06:20.073367 | End: 2025-07-30T13:06:29.982102 | Duration: 9.9s
2025-07-30 13:06:29 | DEBUG    | devpulse_client.core.window_tracker.window_task:_start_tracking_new_window:68 - Started tracking window: 'Math Challenge'
2025-07-30 13:06:37 | INFO     | devpulse_client.core.window_tracker.window_task:_log_previous_window_if_needed:51 - Window 'Math Challenge' met duration threshold | Start: 2025-07-30T13:06:29.982102 | End: 2025-07-30T13:06:37.590379 | Duration: 7.6s (>= 0s threshold)
2025-07-30 13:06:37 | INFO     | devpulse_client.core.window_tracker.window_task:_log_window_event:75 - Logging window event for 'Math Challenge' | Start: 2025-07-30T13:06:29.982102 | End: 2025-07-30T13:06:37.590379 | Duration: 7.6s
2025-07-30 13:06:37 | DEBUG    | devpulse_client.core.window_tracker.window_task:_start_tracking_new_window:68 - Started tracking window: 'N/A'
2025-07-30 13:06:37 | INFO     | devpulse_client.core.window_tracker.window_task:_log_previous_window_if_needed:51 - Window 'N/A' met duration threshold | Start: 2025-07-30T13:06:37.590379 | End: 2025-07-30T13:06:37.641983 | Duration: 0.1s (>= 0s threshold)
2025-07-30 13:06:37 | INFO     | devpulse_client.core.window_tracker.window_task:_log_window_event:75 - Logging window event for 'N/A' | Start: 2025-07-30T13:06:37.590379 | End: 2025-07-30T13:06:37.641983 | Duration: 0.1s
2025-07-30 13:06:37 | DEBUG    | devpulse_client.core.window_tracker.window_task:_start_tracking_new_window:68 - Started tracking window: 'Captcha task update — Mozilla Firefox'
2025-07-30 13:06:37 | INFO     | devpulse_client.core.window_tracker.window_task:_log_previous_window_if_needed:51 - Window 'Captcha task update — Mozilla Firefox' met duration threshold | Start: 2025-07-30T13:06:37.641983 | End: 2025-07-30T13:06:37.785220 | Duration: 0.1s (>= 0s threshold)
2025-07-30 13:06:37 | INFO     | devpulse_client.core.window_tracker.window_task:_log_window_event:75 - Logging window event for 'Captcha task update — Mozilla Firefox' | Start: 2025-07-30T13:06:37.641983 | End: 2025-07-30T13:06:37.785220 | Duration: 0.1s
2025-07-30 13:06:37 | DEBUG    | devpulse_client.core.window_tracker.window_task:_start_tracking_new_window:68 - Started tracking window: 'Math Challenge'
2025-07-30 13:06:38 | INFO     | devpulse_client.core.window_tracker.window_task:_log_previous_window_if_needed:51 - Window 'Math Challenge' met duration threshold | Start: 2025-07-30T13:06:37.785220 | End: 2025-07-30T13:06:38.332997 | Duration: 0.5s (>= 0s threshold)
2025-07-30 13:06:38 | INFO     | devpulse_client.core.window_tracker.window_task:_log_window_event:75 - Logging window event for 'Math Challenge' | Start: 2025-07-30T13:06:37.785220 | End: 2025-07-30T13:06:38.332997 | Duration: 0.5s
2025-07-30 13:06:38 | DEBUG    | devpulse_client.core.window_tracker.window_task:_start_tracking_new_window:68 - Started tracking window: 'Captcha task update — Mozilla Firefox'
2025-07-30 13:06:38 | INFO     | devpulse_client.core.window_tracker.window_task:_log_previous_window_if_needed:51 - Window 'Captcha task update — Mozilla Firefox' met duration threshold | Start: 2025-07-30T13:06:38.332997 | End: 2025-07-30T13:06:38.479026 | Duration: 0.1s (>= 0s threshold)
2025-07-30 13:06:38 | INFO     | devpulse_client.core.window_tracker.window_task:_log_window_event:75 - Logging window event for 'Captcha task update — Mozilla Firefox' | Start: 2025-07-30T13:06:38.332997 | End: 2025-07-30T13:06:38.479026 | Duration: 0.1s
2025-07-30 13:06:38 | DEBUG    | devpulse_client.core.window_tracker.window_task:_start_tracking_new_window:68 - Started tracking window: 'Math Challenge'
2025-07-30 13:06:38 | INFO     | devpulse_client.core.window_tracker.window_task:_log_previous_window_if_needed:51 - Window 'Math Challenge' met duration threshold | Start: 2025-07-30T13:06:38.479026 | End: 2025-07-30T13:06:38.984676 | Duration: 0.5s (>= 0s threshold)
2025-07-30 13:06:38 | INFO     | devpulse_client.core.window_tracker.window_task:_log_window_event:75 - Logging window event for 'Math Challenge' | Start: 2025-07-30T13:06:38.479026 | End: 2025-07-30T13:06:38.984676 | Duration: 0.5s
2025-07-30 13:06:38 | DEBUG    | devpulse_client.core.window_tracker.window_task:_start_tracking_new_window:68 - Started tracking window: 'Captcha task update — Mozilla Firefox'
2025-07-30 13:06:39 | INFO     | devpulse_client.core.window_tracker.window_task:_log_previous_window_if_needed:51 - Window 'Captcha task update — Mozilla Firefox' met duration threshold | Start: 2025-07-30T13:06:38.984676 | End: 2025-07-30T13:06:39.188461 | Duration: 0.2s (>= 0s threshold)
2025-07-30 13:06:39 | INFO     | devpulse_client.core.window_tracker.window_task:_log_window_event:75 - Logging window event for 'Captcha task update — Mozilla Firefox' | Start: 2025-07-30T13:06:38.984676 | End: 2025-07-30T13:06:39.188461 | Duration: 0.2s
2025-07-30 13:06:39 | DEBUG    | devpulse_client.core.window_tracker.window_task:_start_tracking_new_window:68 - Started tracking window: 'Math Challenge'
2025-07-30 13:06:39 | INFO     | devpulse_client.core.window_tracker.window_task:_log_previous_window_if_needed:51 - Window 'Math Challenge' met duration threshold | Start: 2025-07-30T13:06:39.188461 | End: 2025-07-30T13:06:39.587528 | Duration: 0.4s (>= 0s threshold)
2025-07-30 13:06:39 | INFO     | devpulse_client.core.window_tracker.window_task:_log_window_event:75 - Logging window event for 'Math Challenge' | Start: 2025-07-30T13:06:39.188461 | End: 2025-07-30T13:06:39.587528 | Duration: 0.4s
2025-07-30 13:06:39 | DEBUG    | devpulse_client.core.window_tracker.window_task:_start_tracking_new_window:68 - Started tracking window: 'Captcha task update — Mozilla Firefox'
2025-07-30 13:06:39 | INFO     | devpulse_client.core.window_tracker.window_task:_log_previous_window_if_needed:51 - Window 'Captcha task update — Mozilla Firefox' met duration threshold | Start: 2025-07-30T13:06:39.587528 | End: 2025-07-30T13:06:39.737967 | Duration: 0.2s (>= 0s threshold)
2025-07-30 13:06:39 | INFO     | devpulse_client.core.window_tracker.window_task:_log_window_event:75 - Logging window event for 'Captcha task update — Mozilla Firefox' | Start: 2025-07-30T13:06:39.587528 | End: 2025-07-30T13:06:39.737967 | Duration: 0.2s
2025-07-30 13:06:39 | DEBUG    | devpulse_client.core.window_tracker.window_task:_start_tracking_new_window:68 - Started tracking window: 'Math Challenge'
2025-07-30 13:06:41 | INFO     | devpulse_client.core.window_tracker.window_task:_log_previous_window_if_needed:51 - Window 'Math Challenge' met duration threshold | Start: 2025-07-30T13:06:39.737967 | End: 2025-07-30T13:06:41.771454 | Duration: 2.0s (>= 0s threshold)
2025-07-30 13:06:41 | INFO     | devpulse_client.core.window_tracker.window_task:_log_window_event:75 - Logging window event for 'Math Challenge' | Start: 2025-07-30T13:06:39.737967 | End: 2025-07-30T13:06:41.771454 | Duration: 2.0s
2025-07-30 13:06:41 | DEBUG    | devpulse_client.core.window_tracker.window_task:_start_tracking_new_window:68 - Started tracking window: 'pgAdmin 4'
2025-07-30 13:06:58 | INFO     | devpulse_client.core.window_tracker.window_task:_log_previous_window_if_needed:51 - Window 'pgAdmin 4' met duration threshold | Start: 2025-07-30T13:06:41.771454 | End: 2025-07-30T13:06:58.725939 | Duration: 17.0s (>= 0s threshold)
2025-07-30 13:06:58 | INFO     | devpulse_client.core.window_tracker.window_task:_log_window_event:75 - Logging window event for 'pgAdmin 4' | Start: 2025-07-30T13:06:41.771454 | End: 2025-07-30T13:06:58.725939 | Duration: 17.0s
2025-07-30 13:06:58 | DEBUG    | devpulse_client.core.window_tracker.window_task:_start_tracking_new_window:68 - Started tracking window: 'Captcha task update — Mozilla Firefox'
2025-07-30 13:07:09 | INFO     | devpulse_client.core.activity_state_tracker.activity_state_task:tick:101 - Logging activity: User Inactive
2025-07-30 13:07:16 | INFO     | devpulse_client.core.window_tracker.window_task:_log_previous_window_if_needed:51 - Window 'Captcha task update — Mozilla Firefox' met duration threshold | Start: 2025-07-30T13:06:58.725939 | End: 2025-07-30T13:07:16.531367 | Duration: 17.8s (>= 0s threshold)
2025-07-30 13:07:16 | INFO     | devpulse_client.core.window_tracker.window_task:_log_window_event:75 - Logging window event for 'Captcha task update — Mozilla Firefox' | Start: 2025-07-30T13:06:58.725939 | End: 2025-07-30T13:07:16.531367 | Duration: 17.8s
2025-07-30 13:07:16 | DEBUG    | devpulse_client.core.window_tracker.window_task:_start_tracking_new_window:68 - Started tracking window: 'Math Challenge'
2025-07-30 13:07:34 | INFO     | devpulse_client.core.activity_state_tracker.activity_state_task:tick:106 - Logging activity: User Active
2025-07-30 13:07:48 | INFO     | devpulse_client.core.activity_state_tracker.activity_state_task:tick:101 - Logging activity: User Inactive
2025-07-30 13:07:51 | INFO     | devpulse_client.core.activity_state_tracker.activity_state_task:tick:106 - Logging activity: User Active
2025-07-30 13:07:54 | INFO     | devpulse_client.core.window_tracker.window_task:_log_previous_window_if_needed:51 - Window 'Math Challenge' met duration threshold | Start: 2025-07-30T13:07:16.531367 | End: 2025-07-30T13:07:54.575855 | Duration: 38.0s (>= 0s threshold)
2025-07-30 13:07:54 | INFO     | devpulse_client.core.window_tracker.window_task:_log_window_event:75 - Logging window event for 'Math Challenge' | Start: 2025-07-30T13:07:16.531367 | End: 2025-07-30T13:07:54.575855 | Duration: 38.0s
2025-07-30 13:07:54 | DEBUG    | devpulse_client.core.window_tracker.window_task:_start_tracking_new_window:68 - Started tracking window: 'Captcha task update — Mozilla Firefox'
2025-07-30 13:08:12 | INFO     | devpulse_client.core.window_tracker.window_task:_log_previous_window_if_needed:51 - Window 'Captcha task update — Mozilla Firefox' met duration threshold | Start: 2025-07-30T13:07:54.575855 | End: 2025-07-30T13:08:12.145072 | Duration: 17.6s (>= 0s threshold)
2025-07-30 13:08:12 | INFO     | devpulse_client.core.window_tracker.window_task:_log_window_event:75 - Logging window event for 'Captcha task update — Mozilla Firefox' | Start: 2025-07-30T13:07:54.575855 | End: 2025-07-30T13:08:12.145072 | Duration: 17.6s
2025-07-30 13:08:12 | DEBUG    | devpulse_client.core.window_tracker.window_task:_start_tracking_new_window:68 - Started tracking window: '● tracker_config.py - devpulse-client-v2 - Visual Studio Code'
2025-07-30 13:08:12 | INFO     | devpulse_client.core.window_tracker.window_task:_log_previous_window_if_needed:51 - Window '● tracker_config.py - devpulse-client-v2 - Visual Studio Code' met duration threshold | Start: 2025-07-30T13:08:12.145072 | End: 2025-07-30T13:08:12.260060 | Duration: 0.1s (>= 0s threshold)
2025-07-30 13:08:12 | INFO     | devpulse_client.core.window_tracker.window_task:_log_window_event:75 - Logging window event for '● tracker_config.py - devpulse-client-v2 - Visual Studio Code' | Start: 2025-07-30T13:08:12.145072 | End: 2025-07-30T13:08:12.260060 | Duration: 0.1s
2025-07-30 13:08:12 | DEBUG    | devpulse_client.core.window_tracker.window_task:_start_tracking_new_window:68 - Started tracking window: 'captcha_task.py - devpulse-client-v2 - Visual Studio Code'
2025-07-30 13:08:16 | INFO     | devpulse_client.core.window_tracker.window_task:_log_previous_window_if_needed:51 - Window 'captcha_task.py - devpulse-client-v2 - Visual Studio Code' met duration threshold | Start: 2025-07-30T13:08:12.260060 | End: 2025-07-30T13:08:16.577899 | Duration: 4.3s (>= 0s threshold)
2025-07-30 13:08:16 | INFO     | devpulse_client.core.window_tracker.window_task:_log_window_event:75 - Logging window event for 'captcha_task.py - devpulse-client-v2 - Visual Studio Code' | Start: 2025-07-30T13:08:12.260060 | End: 2025-07-30T13:08:16.577899 | Duration: 4.3s
2025-07-30 13:08:16 | DEBUG    | devpulse_client.core.window_tracker.window_task:_start_tracking_new_window:68 - Started tracking window: 'Math Challenge'
2025-07-30 13:08:17 | INFO     | devpulse_client.core.window_tracker.window_task:_log_previous_window_if_needed:51 - Window 'Math Challenge' met duration threshold | Start: 2025-07-30T13:08:16.577899 | End: 2025-07-30T13:08:17.968227 | Duration: 1.4s (>= 0s threshold)
2025-07-30 13:08:17 | INFO     | devpulse_client.core.window_tracker.window_task:_log_window_event:75 - Logging window event for 'Math Challenge' | Start: 2025-07-30T13:08:16.577899 | End: 2025-07-30T13:08:17.968227 | Duration: 1.4s
2025-07-30 13:08:17 | DEBUG    | devpulse_client.core.window_tracker.window_task:_start_tracking_new_window:68 - Started tracking window: 'captcha_task.py - devpulse-client-v2 - Visual Studio Code'
2025-07-30 13:08:18 | INFO     | devpulse_client.core.window_tracker.window_task:_log_previous_window_if_needed:51 - Window 'captcha_task.py - devpulse-client-v2 - Visual Studio Code' met duration threshold | Start: 2025-07-30T13:08:17.968227 | End: 2025-07-30T13:08:18.198846 | Duration: 0.2s (>= 0s threshold)
2025-07-30 13:08:18 | INFO     | devpulse_client.core.window_tracker.window_task:_log_window_event:75 - Logging window event for 'captcha_task.py - devpulse-client-v2 - Visual Studio Code' | Start: 2025-07-30T13:08:17.968227 | End: 2025-07-30T13:08:18.198846 | Duration: 0.2s
2025-07-30 13:08:18 | DEBUG    | devpulse_client.core.window_tracker.window_task:_start_tracking_new_window:68 - Started tracking window: 'Math Challenge'
2025-07-30 13:08:18 | INFO     | devpulse_client.core.window_tracker.window_task:_log_previous_window_if_needed:51 - Window 'Math Challenge' met duration threshold | Start: 2025-07-30T13:08:18.198846 | End: 2025-07-30T13:08:18.927018 | Duration: 0.7s (>= 0s threshold)
2025-07-30 13:08:18 | INFO     | devpulse_client.core.window_tracker.window_task:_log_window_event:75 - Logging window event for 'Math Challenge' | Start: 2025-07-30T13:08:18.198846 | End: 2025-07-30T13:08:18.927018 | Duration: 0.7s
2025-07-30 13:08:18 | DEBUG    | devpulse_client.core.window_tracker.window_task:_start_tracking_new_window:68 - Started tracking window: 'captcha_task.py - devpulse-client-v2 - Visual Studio Code'
2025-07-30 13:08:19 | INFO     | devpulse_client.core.window_tracker.window_task:_log_previous_window_if_needed:51 - Window 'captcha_task.py - devpulse-client-v2 - Visual Studio Code' met duration threshold | Start: 2025-07-30T13:08:18.927018 | End: 2025-07-30T13:08:19.098832 | Duration: 0.2s (>= 0s threshold)
2025-07-30 13:08:19 | INFO     | devpulse_client.core.window_tracker.window_task:_log_window_event:75 - Logging window event for 'captcha_task.py - devpulse-client-v2 - Visual Studio Code' | Start: 2025-07-30T13:08:18.927018 | End: 2025-07-30T13:08:19.098832 | Duration: 0.2s
2025-07-30 13:08:19 | DEBUG    | devpulse_client.core.window_tracker.window_task:_start_tracking_new_window:68 - Started tracking window: 'Math Challenge'
2025-07-30 13:08:20 | INFO     | devpulse_client.core.window_tracker.window_task:_log_previous_window_if_needed:51 - Window 'Math Challenge' met duration threshold | Start: 2025-07-30T13:08:19.098832 | End: 2025-07-30T13:08:20.761337 | Duration: 1.7s (>= 0s threshold)
2025-07-30 13:08:20 | INFO     | devpulse_client.core.window_tracker.window_task:_log_window_event:75 - Logging window event for 'Math Challenge' | Start: 2025-07-30T13:08:19.098832 | End: 2025-07-30T13:08:20.761337 | Duration: 1.7s
2025-07-30 13:08:20 | DEBUG    | devpulse_client.core.window_tracker.window_task:_start_tracking_new_window:68 - Started tracking window: 'captcha_task.py - devpulse-client-v2 - Visual Studio Code'
2025-07-30 13:08:21 | INFO     | devpulse_client.core.window_tracker.window_task:_log_previous_window_if_needed:51 - Window 'captcha_task.py - devpulse-client-v2 - Visual Studio Code' met duration threshold | Start: 2025-07-30T13:08:20.761337 | End: 2025-07-30T13:08:21.019026 | Duration: 0.3s (>= 0s threshold)
2025-07-30 13:08:21 | INFO     | devpulse_client.core.window_tracker.window_task:_log_window_event:75 - Logging window event for 'captcha_task.py - devpulse-client-v2 - Visual Studio Code' | Start: 2025-07-30T13:08:20.761337 | End: 2025-07-30T13:08:21.019026 | Duration: 0.3s
2025-07-30 13:08:21 | DEBUG    | devpulse_client.core.window_tracker.window_task:_start_tracking_new_window:68 - Started tracking window: 'Information'
2025-07-30 13:08:21 | INFO     | devpulse_client.core.window_tracker.window_task:_log_previous_window_if_needed:51 - Window 'Information' met duration threshold | Start: 2025-07-30T13:08:21.019026 | End: 2025-07-30T13:08:21.957606 | Duration: 0.9s (>= 0s threshold)
2025-07-30 13:08:21 | INFO     | devpulse_client.core.window_tracker.window_task:_log_window_event:75 - Logging window event for 'Information' | Start: 2025-07-30T13:08:21.019026 | End: 2025-07-30T13:08:21.957606 | Duration: 0.9s
2025-07-30 13:08:21 | DEBUG    | devpulse_client.core.window_tracker.window_task:_start_tracking_new_window:68 - Started tracking window: 'captcha_task.py - devpulse-client-v2 - Visual Studio Code'
2025-07-30 13:08:29 | INFO     | devpulse_client.core.window_tracker.window_task:_log_previous_window_if_needed:51 - Window 'captcha_task.py - devpulse-client-v2 - Visual Studio Code' met duration threshold | Start: 2025-07-30T13:08:21.957606 | End: 2025-07-30T13:08:29.125908 | Duration: 7.2s (>= 0s threshold)
2025-07-30 13:08:29 | INFO     | devpulse_client.core.window_tracker.window_task:_log_window_event:75 - Logging window event for 'captcha_task.py - devpulse-client-v2 - Visual Studio Code' | Start: 2025-07-30T13:08:21.957606 | End: 2025-07-30T13:08:29.125908 | Duration: 7.2s
2025-07-30 13:08:29 | DEBUG    | devpulse_client.core.window_tracker.window_task:_start_tracking_new_window:68 - Started tracking window: '● captcha_task.py - devpulse-client-v2 - Visual Studio Code'
2025-07-30 13:08:33 | INFO     | devpulse_client.core.window_tracker.window_task:_log_previous_window_if_needed:51 - Window '● captcha_task.py - devpulse-client-v2 - Visual Studio Code' met duration threshold | Start: 2025-07-30T13:08:29.125908 | End: 2025-07-30T13:08:32.993030 | Duration: 3.9s (>= 0s threshold)
2025-07-30 13:08:33 | INFO     | devpulse_client.core.window_tracker.window_task:_log_window_event:75 - Logging window event for '● captcha_task.py - devpulse-client-v2 - Visual Studio Code' | Start: 2025-07-30T13:08:29.125908 | End: 2025-07-30T13:08:32.993030 | Duration: 3.9s
2025-07-30 13:08:33 | DEBUG    | devpulse_client.core.window_tracker.window_task:_start_tracking_new_window:68 - Started tracking window: 'captcha_task.py - devpulse-client-v2 - Visual Studio Code'
2025-07-30 13:08:33 | INFO     | devpulse_client.core.signal_handler.signal_handler:_handle_exit:54 - Received SIGINT – starting graceful shutdown…
2025-07-30 13:08:34 | INFO     | devpulse_client.ingest.client.event_client:run:61 - Logging activity: System Stopped
