2025-07-28 14:46:09 | INFO     | devpulse_client.auth.collectors.device_collector:collect_fingerprint:20 - Collecting device fingerprint
2025-07-28 14:46:09 | INFO     | devpulse_client.auth.collectors.device_collector:collect_fingerprint:23 - Collecting device fingerprint: 18:60:24:92:da:75
2025-07-28 14:46:09 | INFO     | devpulse_client.auth.collectors.device_collector:collect_fingerprint:26 - Collecting device fingerprint: OKEY
2025-07-28 14:46:09 | DEBUG    | devpulse_client.auth.collectors.device_collector:collect_fingerprint:29 - Collected device fingerprint: MAC=18:60:24:92:da:75
2025-07-28 14:46:09 | INFO     | devpulse_client.auth.client.auth_client:_send_login_request:144 - Credential validation successful: {'access_token': 'eyJhbGciOiJIUzI1NiIsInR5cCI6IkpXVCJ9.eyJzdWIiOiJmYXJ1ayIsImRldmljZV9tYWMiOiIxODo2MDoyNDo5MjpkYTo3NSJ9.mdvGKPs6tdby8LCZ1GdpPUjIwZ7I28mBg07IeLUbcuc', 'token_type': 'bearer', 'expires': False}
2025-07-28 14:46:09 | INFO     | devpulse_client.ingest.client.event_client:run:32 - Starting activity tracker
2025-07-28 14:46:09 | INFO     | devpulse_client.ingest.client.event_client:run:40 - Logging activity: System Started
2025-07-28 14:46:09 | DEBUG    | devpulse_client.core.window_tracker.window_task:_start_tracking_new_window:68 - Started tracking window: 'app.py - devpulse-client-v2 - Visual Studio Code'
2025-07-28 14:46:09 | INFO     | devpulse_client.core.activity_state_tracker.activity_state_task:tick:74 - Logging activity: User Active
2025-07-28 14:46:14 | INFO     | devpulse_client.core.window_tracker.window_task:_log_previous_window_if_needed:51 - Window 'app.py - devpulse-client-v2 - Visual Studio Code' met duration threshold | Start: 2025-07-28T14:46:09.581741 | End: 2025-07-28T14:46:14.097835 | Duration: 4.5s (>= 0s threshold)
2025-07-28 14:46:14 | INFO     | devpulse_client.core.window_tracker.window_task:_log_window_event:75 - Logging window event for 'app.py - devpulse-client-v2 - Visual Studio Code' | Start: 2025-07-28T14:46:09.581741 | End: 2025-07-28T14:46:14.097835 | Duration: 4.5s
2025-07-28 14:46:14 | DEBUG    | devpulse_client.core.window_tracker.window_task:_start_tracking_new_window:68 - Started tracking window: 'pgAdmin 4'
2025-07-28 14:46:39 | INFO     | devpulse_client.core.window_tracker.window_task:_log_previous_window_if_needed:51 - Window 'pgAdmin 4' met duration threshold | Start: 2025-07-28T14:46:14.097835 | End: 2025-07-28T14:46:39.828436 | Duration: 25.7s (>= 0s threshold)
2025-07-28 14:46:39 | INFO     | devpulse_client.core.window_tracker.window_task:_log_window_event:75 - Logging window event for 'pgAdmin 4' | Start: 2025-07-28T14:46:14.097835 | End: 2025-07-28T14:46:39.828436 | Duration: 25.7s
2025-07-28 14:46:39 | DEBUG    | devpulse_client.core.window_tracker.window_task:_start_tracking_new_window:68 - Started tracking window: '@!0,0;BDHF'
2025-07-28 14:46:49 | INFO     | devpulse_client.core.window_tracker.window_task:_log_previous_window_if_needed:51 - Window '@!0,0;BDHF' met duration threshold | Start: 2025-07-28T14:46:39.828436 | End: 2025-07-28T14:46:49.133112 | Duration: 9.3s (>= 0s threshold)
2025-07-28 14:46:49 | INFO     | devpulse_client.core.window_tracker.window_task:_log_window_event:75 - Logging window event for '@!0,0;BDHF' | Start: 2025-07-28T14:46:39.828436 | End: 2025-07-28T14:46:49.133112 | Duration: 9.3s
2025-07-28 14:46:49 | DEBUG    | devpulse_client.core.window_tracker.window_task:_start_tracking_new_window:68 - Started tracking window: 'N/A'
2025-07-28 14:46:50 | INFO     | devpulse_client.core.window_tracker.window_task:_log_previous_window_if_needed:51 - Window 'N/A' met duration threshold | Start: 2025-07-28T14:46:49.133112 | End: 2025-07-28T14:46:50.847712 | Duration: 1.7s (>= 0s threshold)
2025-07-28 14:46:50 | INFO     | devpulse_client.core.window_tracker.window_task:_log_window_event:75 - Logging window event for 'N/A' | Start: 2025-07-28T14:46:49.133112 | End: 2025-07-28T14:46:50.847712 | Duration: 1.7s
2025-07-28 14:46:50 | DEBUG    | devpulse_client.core.window_tracker.window_task:_start_tracking_new_window:68 - Started tracking window: 'Startup Applications Preferences'
2025-07-28 14:46:54 | INFO     | devpulse_client.core.window_tracker.window_task:_log_previous_window_if_needed:51 - Window 'Startup Applications Preferences' met duration threshold | Start: 2025-07-28T14:46:50.847712 | End: 2025-07-28T14:46:54.517735 | Duration: 3.7s (>= 0s threshold)
2025-07-28 14:46:54 | INFO     | devpulse_client.core.window_tracker.window_task:_log_window_event:75 - Logging window event for 'Startup Applications Preferences' | Start: 2025-07-28T14:46:50.847712 | End: 2025-07-28T14:46:54.517735 | Duration: 3.7s
2025-07-28 14:46:54 | DEBUG    | devpulse_client.core.window_tracker.window_task:_start_tracking_new_window:68 - Started tracking window: 'pgAdmin 4'
2025-07-28 14:46:58 | INFO     | devpulse_client.core.window_tracker.window_task:_log_previous_window_if_needed:51 - Window 'pgAdmin 4' met duration threshold | Start: 2025-07-28T14:46:54.517735 | End: 2025-07-28T14:46:58.005360 | Duration: 3.5s (>= 0s threshold)
2025-07-28 14:46:58 | INFO     | devpulse_client.core.window_tracker.window_task:_log_window_event:75 - Logging window event for 'pgAdmin 4' | Start: 2025-07-28T14:46:54.517735 | End: 2025-07-28T14:46:58.005360 | Duration: 3.5s
2025-07-28 14:46:58 | DEBUG    | devpulse_client.core.window_tracker.window_task:_start_tracking_new_window:68 - Started tracking window: 'main.py - devpulse-server - Visual Studio Code'
2025-07-28 14:46:58 | INFO     | devpulse_client.core.window_tracker.window_task:_log_previous_window_if_needed:51 - Window 'main.py - devpulse-server - Visual Studio Code' met duration threshold | Start: 2025-07-28T14:46:58.005360 | End: 2025-07-28T14:46:58.217348 | Duration: 0.2s (>= 0s threshold)
2025-07-28 14:46:58 | INFO     | devpulse_client.core.window_tracker.window_task:_log_window_event:75 - Logging window event for 'main.py - devpulse-server - Visual Studio Code' | Start: 2025-07-28T14:46:58.005360 | End: 2025-07-28T14:46:58.217348 | Duration: 0.2s
2025-07-28 14:46:58 | DEBUG    | devpulse_client.core.window_tracker.window_task:_start_tracking_new_window:68 - Started tracking window: 'pgAdmin 4'
2025-07-28 14:46:59 | ERROR    | devpulse_client.ingest.client.event_client:send_events:83 - Error sending events: [Errno 111] Connection refused
2025-07-28 14:47:00 | INFO     | devpulse_client.core.window_tracker.window_task:_log_previous_window_if_needed:51 - Window 'pgAdmin 4' met duration threshold | Start: 2025-07-28T14:46:58.217348 | End: 2025-07-28T14:47:00.119843 | Duration: 1.9s (>= 0s threshold)
2025-07-28 14:47:00 | INFO     | devpulse_client.core.window_tracker.window_task:_log_window_event:75 - Logging window event for 'pgAdmin 4' | Start: 2025-07-28T14:46:58.217348 | End: 2025-07-28T14:47:00.119843 | Duration: 1.9s
2025-07-28 14:47:00 | DEBUG    | devpulse_client.core.window_tracker.window_task:_start_tracking_new_window:68 - Started tracking window: 'app.py - devpulse-client-v2 - Visual Studio Code'
2025-07-28 14:47:01 | INFO     | devpulse_client.core.window_tracker.window_task:_log_previous_window_if_needed:51 - Window 'app.py - devpulse-client-v2 - Visual Studio Code' met duration threshold | Start: 2025-07-28T14:47:00.119843 | End: 2025-07-28T14:47:01.269901 | Duration: 1.2s (>= 0s threshold)
2025-07-28 14:47:01 | INFO     | devpulse_client.core.window_tracker.window_task:_log_window_event:75 - Logging window event for 'app.py - devpulse-client-v2 - Visual Studio Code' | Start: 2025-07-28T14:47:00.119843 | End: 2025-07-28T14:47:01.269901 | Duration: 1.2s
2025-07-28 14:47:01 | DEBUG    | devpulse_client.core.window_tracker.window_task:_start_tracking_new_window:68 - Started tracking window: 'Update server to save client queue to database – The AI Code Editor — Mozilla Firefox'
2025-07-28 14:47:01 | INFO     | devpulse_client.core.signal_handler.signal_handler:_handle_exit:54 - Received SIGHUP – starting graceful shutdown…
2025-07-28 14:47:01 | INFO     | devpulse_client.ingest.client.event_client:run:59 - Logging activity: System Stopped
