2025-07-25 15:41:06 | INFO     | devpulse_client.app.app:__init__:49 - Initialized DevPulse client for server: http://localhost:8000
2025-07-25 15:41:06 | INFO     | devpulse_client.app.app:start:76 - Validating credentials with server...
2025-07-25 15:41:06 | INFO     | devpulse_client.auth.collectors.device_collector:collect_fingerprint:20 - Collecting device fingerprint
2025-07-25 15:41:06 | INFO     | devpulse_client.auth.collectors.device_collector:collect_fingerprint:23 - Collecting device fingerprint: 18:60:24:92:da:75
2025-07-25 15:41:06 | INFO     | devpulse_client.auth.collectors.device_collector:collect_fingerprint:26 - Collecting device fingerprint: OKEY
2025-07-25 15:41:06 | DEBUG    | devpulse_client.auth.collectors.device_collector:collect_fingerprint:29 - Collected device fingerprint: MAC=18:60:24:92:da:75
2025-07-25 15:41:06 | INFO     | devpulse_client.auth.client.auth_client:_send_login_request:144 - Credential validation successful: {'access_token': 'eyJhbGciOiJIUzI1NiIsInR5cCI6IkpXVCJ9.eyJzdWIiOiJ5YW1hbiIsImRldmljZV9tYWMiOiIxODo2MDoyNDo5MjpkYTo3NSJ9.Tpu5dPrmlxNTPDWFGQzhKpsOGf-H2KHv7WlZTQ0a3KI', 'token_type': 'bearer', 'expires': False}
2025-07-25 15:41:06 | INFO     | devpulse_client.app.app:start:83 - ✅ Access token recieved.
2025-07-25 15:41:06 | INFO     | devpulse_client.ingest.client.event_client:run:33 - Starting activity tracker
2025-07-25 15:41:06 | INFO     | devpulse_client.ingest.client.event_client:run:43 - Logging activity: System Started
2025-07-25 15:41:06 | DEBUG    | devpulse_client.core.window_tracker.window_task:_start_tracking_new_window:68 - Started tracking window: 'event_client.py - devpulse-client-v2 - Visual Studio Code'
2025-07-25 15:41:06 | INFO     | devpulse_client.core.activity_state_tracker.activity_state_task:tick:74 - Logging activity: User Active
2025-07-25 15:41:11 | ERROR    | devpulse_client.ingest.client.event_client:_send_events:90 - Error sending events: object of type 'EventRequest' has no len()
2025-07-25 15:41:15 | INFO     | devpulse_client.core.activity_state_tracker.activity_state_task:tick:101 - Logging activity: User Inactive
2025-07-25 15:41:16 | ERROR    | devpulse_client.ingest.client.event_client:_send_events:90 - Error sending events: object of type 'EventRequest' has no len()
2025-07-25 15:41:18 | INFO     | devpulse_client.core.activity_state_tracker.activity_state_task:tick:106 - Logging activity: User Active
2025-07-25 15:41:21 | ERROR    | devpulse_client.ingest.client.event_client:_send_events:90 - Error sending events: object of type 'EventRequest' has no len()
2025-07-25 15:41:26 | ERROR    | devpulse_client.ingest.client.event_client:_send_events:90 - Error sending events: object of type 'EventRequest' has no len()
2025-07-25 15:41:31 | ERROR    | devpulse_client.ingest.client.event_client:_send_events:90 - Error sending events: object of type 'EventRequest' has no len()
2025-07-25 15:41:34 | INFO     | devpulse_client.core.activity_state_tracker.activity_state_task:tick:101 - Logging activity: User Inactive
2025-07-25 15:41:37 | ERROR    | devpulse_client.ingest.client.event_client:_send_events:90 - Error sending events: object of type 'EventRequest' has no len()
2025-07-25 15:41:39 | INFO     | devpulse_client.core.activity_state_tracker.activity_state_task:tick:106 - Logging activity: User Active
2025-07-25 15:41:42 | ERROR    | devpulse_client.ingest.client.event_client:_send_events:90 - Error sending events: object of type 'EventRequest' has no len()
2025-07-25 15:41:47 | ERROR    | devpulse_client.ingest.client.event_client:_send_events:90 - Error sending events: object of type 'EventRequest' has no len()
2025-07-25 15:41:47 | INFO     | devpulse_client.core.window_tracker.window_task:_log_previous_window_if_needed:51 - Window 'event_client.py - devpulse-client-v2 - Visual Studio Code' met duration threshold | Start: 2025-07-25T15:41:06.569206 | End: 2025-07-25T15:41:47.360831 | Duration: 40.8s (>= 0s threshold)
2025-07-25 15:41:47 | INFO     | devpulse_client.core.window_tracker.window_task:_log_window_event:75 - Logging window event for 'event_client.py - devpulse-client-v2 - Visual Studio Code' | Start: 2025-07-25T15:41:06.569206 | End: 2025-07-25T15:41:47.360831 | Duration: 40.8s
2025-07-25 15:41:47 | DEBUG    | devpulse_client.core.window_tracker.window_task:_start_tracking_new_window:68 - Started tracking window: '● event_client.py - devpulse-client-v2 - Visual Studio Code'
2025-07-25 15:41:49 | INFO     | devpulse_client.core.window_tracker.window_task:_log_previous_window_if_needed:51 - Window '● event_client.py - devpulse-client-v2 - Visual Studio Code' met duration threshold | Start: 2025-07-25T15:41:47.360831 | End: 2025-07-25T15:41:49.807944 | Duration: 2.4s (>= 0s threshold)
2025-07-25 15:41:49 | INFO     | devpulse_client.core.window_tracker.window_task:_log_window_event:75 - Logging window event for '● event_client.py - devpulse-client-v2 - Visual Studio Code' | Start: 2025-07-25T15:41:47.360831 | End: 2025-07-25T15:41:49.807944 | Duration: 2.4s
2025-07-25 15:41:49 | DEBUG    | devpulse_client.core.window_tracker.window_task:_start_tracking_new_window:68 - Started tracking window: 'event_client.py - devpulse-client-v2 - Visual Studio Code'
2025-07-25 15:41:51 | INFO     | devpulse_client.ingest.client.event_client:run:63 - Logging activity: System Stopped
2025-07-25 15:41:51 | INFO     | devpulse_client.app.app:start:100 - Received interrupt, shutting down
2025-07-25 15:41:51 | ERROR    | devpulse_client.cli.commands:run:48 - ❌ Failed to start client
