2025-07-25 15:32:37 | INFO     | devpulse_client.app.app:__init__:49 - Initialized DevPulse client for server: http://localhost:8000
2025-07-25 15:32:37 | INFO     | devpulse_client.app.app:start:76 - Validating credentials with server...
2025-07-25 15:32:37 | INFO     | devpulse_client.auth.collectors.device_collector:collect_fingerprint:20 - Collecting device fingerprint
2025-07-25 15:32:37 | INFO     | devpulse_client.auth.collectors.device_collector:collect_fingerprint:23 - Collecting device fingerprint: 18:60:24:92:da:75
2025-07-25 15:32:37 | INFO     | devpulse_client.auth.collectors.device_collector:collect_fingerprint:26 - Collecting device fingerprint: OKEY
2025-07-25 15:32:37 | DEBUG    | devpulse_client.auth.collectors.device_collector:collect_fingerprint:29 - Collected device fingerprint: MAC=18:60:24:92:da:75
2025-07-25 15:32:38 | INFO     | devpulse_client.auth.client.auth_client:_send_login_request:144 - Credential validation successful: {'access_token': 'eyJhbGciOiJIUzI1NiIsInR5cCI6IkpXVCJ9.eyJzdWIiOiJ5YW1hbiIsImRldmljZV9tYWMiOiIxODo2MDoyNDo5MjpkYTo3NSJ9.Tpu5dPrmlxNTPDWFGQzhKpsOGf-H2KHv7WlZTQ0a3KI', 'token_type': 'bearer', 'expires': False}
2025-07-25 15:32:38 | INFO     | devpulse_client.app.app:start:83 - ✅ Access token recieved.
2025-07-25 15:32:38 | INFO     | devpulse_client.ingest.client.event_client:run:33 - Starting activity tracker
2025-07-25 15:32:38 | INFO     | devpulse_client.ingest.client.event_client:run:43 - Logging activity: System Started
2025-07-25 15:32:38 | DEBUG    | devpulse_client.core.window_tracker.window_task:_start_tracking_new_window:68 - Started tracking window: 'event_client.py - devpulse-client-v2 - Visual Studio Code'
2025-07-25 15:32:38 | INFO     | devpulse_client.core.activity_state_tracker.activity_state_task:tick:74 - Logging activity: User Active
2025-07-25 15:32:43 | ERROR    | devpulse_client.ingest.client.event_client:_send_events:86 - Failed to send events: 422 {"detail":[{"type":"model_attributes_type","loc":["body"],"msg":"Input should be a valid dictionary or object to extract fields from","input":"{\"events\":[{\"username\":\"faruk\",\"timestamp\":\"2025-07-25T15:32:38.174582\",\"event\":\"System Started\"},{\"username\":\"faruk\",\"timestamp\":\"2025-07-25T15:32:38.174869\"},{\"username\":\"faruk\",\"timestamp\":\"2025-07-25T15:32:38.174869\",\"event\":\"User Active\"}]}"}]}
2025-07-25 15:32:48 | ERROR    | devpulse_client.ingest.client.event_client:_send_events:86 - Failed to send events: 422 {"detail":[{"type":"model_attributes_type","loc":["body"],"msg":"Input should be a valid dictionary or object to extract fields from","input":"{\"events\":[{\"username\":\"faruk\",\"timestamp\":\"2025-07-25T15:32:38.174582\",\"event\":\"System Started\"},{\"username\":\"faruk\",\"timestamp\":\"2025-07-25T15:32:38.174869\"},{\"username\":\"faruk\",\"timestamp\":\"2025-07-25T15:32:38.174869\",\"event\":\"User Active\"},{\"username\":\"faruk\",\"timestamp\":\"2025-07-25T15:32:48.248795\"}]}"}]}
2025-07-25 15:32:53 | ERROR    | devpulse_client.ingest.client.event_client:_send_events:86 - Failed to send events: 422 {"detail":[{"type":"model_attributes_type","loc":["body"],"msg":"Input should be a valid dictionary or object to extract fields from","input":"{\"events\":[{\"username\":\"faruk\",\"timestamp\":\"2025-07-25T15:32:38.174582\",\"event\":\"System Started\"},{\"username\":\"faruk\",\"timestamp\":\"2025-07-25T15:32:38.174869\"},{\"username\":\"faruk\",\"timestamp\":\"2025-07-25T15:32:38.174869\",\"event\":\"User Active\"},{\"username\":\"faruk\",\"timestamp\":\"2025-07-25T15:32:48.248795\"}]}"}]}
2025-07-25 15:32:58 | INFO     | devpulse_client.core.window_tracker.window_task:_log_previous_window_if_needed:51 - Window 'event_client.py - devpulse-client-v2 - Visual Studio Code' met duration threshold | Start: 2025-07-25T15:32:38.174869 | End: 2025-07-25T15:32:58.008109 | Duration: 19.8s (>= 0s threshold)
2025-07-25 15:32:58 | INFO     | devpulse_client.core.window_tracker.window_task:_log_window_event:75 - Logging window event for 'event_client.py - devpulse-client-v2 - Visual Studio Code' | Start: 2025-07-25T15:32:38.174869 | End: 2025-07-25T15:32:58.008109 | Duration: 19.8s
2025-07-25 15:32:58 | DEBUG    | devpulse_client.core.window_tracker.window_task:_start_tracking_new_window:68 - Started tracking window: 'router.py - devpulse-server - Visual Studio Code'
2025-07-25 15:32:58 | ERROR    | devpulse_client.ingest.client.event_client:_send_events:90 - Error sending events: [Errno 111] Connection refused
2025-07-25 15:33:03 | ERROR    | devpulse_client.ingest.client.event_client:_send_events:90 - Error sending events: [Errno 111] Connection refused
2025-07-25 15:33:04 | INFO     | devpulse_client.core.window_tracker.window_task:_log_previous_window_if_needed:51 - Window 'router.py - devpulse-server - Visual Studio Code' met duration threshold | Start: 2025-07-25T15:32:58.008109 | End: 2025-07-25T15:33:04.223590 | Duration: 6.2s (>= 0s threshold)
2025-07-25 15:33:04 | INFO     | devpulse_client.core.window_tracker.window_task:_log_window_event:75 - Logging window event for 'router.py - devpulse-server - Visual Studio Code' | Start: 2025-07-25T15:32:58.008109 | End: 2025-07-25T15:33:04.223590 | Duration: 6.2s
2025-07-25 15:33:04 | DEBUG    | devpulse_client.core.window_tracker.window_task:_start_tracking_new_window:68 - Started tracking window: 'event_client.py - devpulse-client-v2 - Visual Studio Code'
2025-07-25 15:33:08 | ERROR    | devpulse_client.ingest.client.event_client:_send_events:90 - Error sending events: [Errno 111] Connection refused
2025-07-25 15:33:13 | INFO     | devpulse_client.core.window_tracker.window_task:_log_previous_window_if_needed:51 - Window 'event_client.py - devpulse-client-v2 - Visual Studio Code' met duration threshold | Start: 2025-07-25T15:33:04.223590 | End: 2025-07-25T15:33:13.377492 | Duration: 9.2s (>= 0s threshold)
2025-07-25 15:33:13 | INFO     | devpulse_client.core.window_tracker.window_task:_log_window_event:75 - Logging window event for 'event_client.py - devpulse-client-v2 - Visual Studio Code' | Start: 2025-07-25T15:33:04.223590 | End: 2025-07-25T15:33:13.377492 | Duration: 9.2s
2025-07-25 15:33:13 | DEBUG    | devpulse_client.core.window_tracker.window_task:_start_tracking_new_window:68 - Started tracking window: 'auth_client.py - devpulse-client-v2 - Visual Studio Code'
2025-07-25 15:33:13 | ERROR    | devpulse_client.ingest.client.event_client:_send_events:90 - Error sending events: [Errno 111] Connection refused
2025-07-25 15:33:18 | ERROR    | devpulse_client.ingest.client.event_client:_send_events:90 - Error sending events: [Errno 111] Connection refused
2025-07-25 15:33:23 | INFO     | devpulse_client.core.window_tracker.window_task:_log_previous_window_if_needed:51 - Window 'auth_client.py - devpulse-client-v2 - Visual Studio Code' met duration threshold | Start: 2025-07-25T15:33:13.377492 | End: 2025-07-25T15:33:23.466724 | Duration: 10.1s (>= 0s threshold)
2025-07-25 15:33:23 | INFO     | devpulse_client.core.window_tracker.window_task:_log_window_event:75 - Logging window event for 'auth_client.py - devpulse-client-v2 - Visual Studio Code' | Start: 2025-07-25T15:33:13.377492 | End: 2025-07-25T15:33:23.466724 | Duration: 10.1s
2025-07-25 15:33:23 | DEBUG    | devpulse_client.core.window_tracker.window_task:_start_tracking_new_window:68 - Started tracking window: 'event_client.py - devpulse-client-v2 - Visual Studio Code'
2025-07-25 15:33:23 | ERROR    | devpulse_client.ingest.client.event_client:_send_events:90 - Error sending events: [Errno 111] Connection refused
2025-07-25 15:33:26 | INFO     | devpulse_client.core.window_tracker.window_task:_log_previous_window_if_needed:51 - Window 'event_client.py - devpulse-client-v2 - Visual Studio Code' met duration threshold | Start: 2025-07-25T15:33:23.466724 | End: 2025-07-25T15:33:26.299522 | Duration: 2.8s (>= 0s threshold)
2025-07-25 15:33:26 | INFO     | devpulse_client.core.window_tracker.window_task:_log_window_event:75 - Logging window event for 'event_client.py - devpulse-client-v2 - Visual Studio Code' | Start: 2025-07-25T15:33:23.466724 | End: 2025-07-25T15:33:26.299522 | Duration: 2.8s
2025-07-25 15:33:26 | DEBUG    | devpulse_client.core.window_tracker.window_task:_start_tracking_new_window:68 - Started tracking window: '● event_client.py - devpulse-client-v2 - Visual Studio Code'
2025-07-25 15:33:27 | INFO     | devpulse_client.core.window_tracker.window_task:_log_previous_window_if_needed:51 - Window '● event_client.py - devpulse-client-v2 - Visual Studio Code' met duration threshold | Start: 2025-07-25T15:33:26.299522 | End: 2025-07-25T15:33:27.261451 | Duration: 1.0s (>= 0s threshold)
2025-07-25 15:33:27 | INFO     | devpulse_client.core.window_tracker.window_task:_log_window_event:75 - Logging window event for '● event_client.py - devpulse-client-v2 - Visual Studio Code' | Start: 2025-07-25T15:33:26.299522 | End: 2025-07-25T15:33:27.261451 | Duration: 1.0s
2025-07-25 15:33:27 | DEBUG    | devpulse_client.core.window_tracker.window_task:_start_tracking_new_window:68 - Started tracking window: 'event_client.py - devpulse-client-v2 - Visual Studio Code'
2025-07-25 15:33:28 | INFO     | devpulse_client.ingest.client.event_client:run:63 - Logging activity: System Stopped
2025-07-25 15:33:28 | INFO     | devpulse_client.app.app:start:100 - Received interrupt, shutting down
2025-07-25 15:33:28 | ERROR    | devpulse_client.cli.commands:run:48 - ❌ Failed to start client
