2025-07-30 11:12:13 | INFO     | devpulse_client.auth.collectors.device_collector:collect_fingerprint:20 - Collecting device fingerprint
2025-07-30 11:12:13 | INFO     | devpulse_client.auth.collectors.device_collector:collect_fingerprint:23 - Collecting device fingerprint: 18:60:24:92:da:75
2025-07-30 11:12:13 | INFO     | devpulse_client.auth.collectors.device_collector:collect_fingerprint:26 - Collecting device fingerprint: OKEY
2025-07-30 11:12:13 | DEBUG    | devpulse_client.auth.collectors.device_collector:collect_fingerprint:29 - Collected device fingerprint: MAC=18:60:24:92:da:75
2025-07-30 11:12:14 | INFO     | devpulse_client.auth.client.auth_client:_send_login_request:144 - Credential validation successful: {'access_token': 'eyJhbGciOiJIUzI1NiIsInR5cCI6IkpXVCJ9.eyJzdWIiOiJmYXJ1ayIsImRldmljZV9tYWMiOiIxODo2MDoyNDo5MjpkYTo3NSJ9.mdvGKPs6tdby8LCZ1GdpPUjIwZ7I28mBg07IeLUbcuc', 'token_type': 'bearer', 'expires': False}
2025-07-30 11:12:14 | INFO     | devpulse_client.ingest.client.event_client:run:34 - Starting activity tracker
2025-07-30 11:12:14 | INFO     | devpulse_client.ingest.client.event_client:run:42 - Logging activity: System Started
2025-07-30 11:12:14 | DEBUG    | devpulse_client.core.window_tracker.window_task:_start_tracking_new_window:68 - Started tracking window: 'tracker_config.py - devpulse-client-v2 - Visual Studio Code'
2025-07-30 11:12:14 | INFO     | devpulse_client.core.activity_state_tracker.activity_state_task:tick:74 - Logging activity: User Active
2025-07-30 11:12:14 | INFO     | devpulse_client.core.window_tracker.window_task:_log_previous_window_if_needed:51 - Window 'tracker_config.py - devpulse-client-v2 - Visual Studio Code' met duration threshold | Start: 2025-07-30T11:12:14.244319 | End: 2025-07-30T11:12:14.448435 | Duration: 0.2s (>= 0s threshold)
2025-07-30 11:12:14 | INFO     | devpulse_client.core.window_tracker.window_task:_log_window_event:75 - Logging window event for 'tracker_config.py - devpulse-client-v2 - Visual Studio Code' | Start: 2025-07-30T11:12:14.244319 | End: 2025-07-30T11:12:14.448435 | Duration: 0.2s
2025-07-30 11:12:14 | DEBUG    | devpulse_client.core.window_tracker.window_task:_start_tracking_new_window:68 - Started tracking window: 'Math Challenge'
2025-07-30 11:12:18 | INFO     | devpulse_client.core.window_tracker.window_task:_log_previous_window_if_needed:51 - Window 'Math Challenge' met duration threshold | Start: 2025-07-30T11:12:14.448435 | End: 2025-07-30T11:12:18.109312 | Duration: 3.7s (>= 0s threshold)
2025-07-30 11:12:18 | INFO     | devpulse_client.core.window_tracker.window_task:_log_window_event:75 - Logging window event for 'Math Challenge' | Start: 2025-07-30T11:12:14.448435 | End: 2025-07-30T11:12:18.109312 | Duration: 3.7s
2025-07-30 11:12:18 | DEBUG    | devpulse_client.core.window_tracker.window_task:_start_tracking_new_window:68 - Started tracking window: 'pgAdmin 4'
2025-07-30 11:12:29 | INFO     | devpulse_client.core.window_tracker.window_task:_log_previous_window_if_needed:51 - Window 'pgAdmin 4' met duration threshold | Start: 2025-07-30T11:12:18.109312 | End: 2025-07-30T11:12:29.065762 | Duration: 11.0s (>= 0s threshold)
2025-07-30 11:12:29 | INFO     | devpulse_client.core.window_tracker.window_task:_log_window_event:75 - Logging window event for 'pgAdmin 4' | Start: 2025-07-30T11:12:18.109312 | End: 2025-07-30T11:12:29.065762 | Duration: 11.0s
2025-07-30 11:12:29 | DEBUG    | devpulse_client.core.window_tracker.window_task:_start_tracking_new_window:68 - Started tracking window: 'Math Challenge'
2025-07-30 11:12:30 | INFO     | devpulse_client.core.window_tracker.window_task:_log_previous_window_if_needed:51 - Window 'Math Challenge' met duration threshold | Start: 2025-07-30T11:12:29.065762 | End: 2025-07-30T11:12:30.244172 | Duration: 1.2s (>= 0s threshold)
2025-07-30 11:12:30 | INFO     | devpulse_client.core.window_tracker.window_task:_log_window_event:75 - Logging window event for 'Math Challenge' | Start: 2025-07-30T11:12:29.065762 | End: 2025-07-30T11:12:30.244172 | Duration: 1.2s
2025-07-30 11:12:30 | DEBUG    | devpulse_client.core.window_tracker.window_task:_start_tracking_new_window:68 - Started tracking window: 'pgAdmin 4'
2025-07-30 11:12:34 | INFO     | devpulse_client.core.window_tracker.window_task:_log_previous_window_if_needed:51 - Window 'pgAdmin 4' met duration threshold | Start: 2025-07-30T11:12:30.244172 | End: 2025-07-30T11:12:34.468023 | Duration: 4.2s (>= 0s threshold)
2025-07-30 11:12:34 | INFO     | devpulse_client.core.window_tracker.window_task:_log_window_event:75 - Logging window event for 'pgAdmin 4' | Start: 2025-07-30T11:12:30.244172 | End: 2025-07-30T11:12:34.468023 | Duration: 4.2s
2025-07-30 11:12:34 | DEBUG    | devpulse_client.core.window_tracker.window_task:_start_tracking_new_window:68 - Started tracking window: 'Math Challenge'
2025-07-30 11:12:38 | INFO     | devpulse_client.core.window_tracker.window_task:_log_previous_window_if_needed:51 - Window 'Math Challenge' met duration threshold | Start: 2025-07-30T11:12:34.468023 | End: 2025-07-30T11:12:38.007456 | Duration: 3.5s (>= 0s threshold)
2025-07-30 11:12:38 | INFO     | devpulse_client.core.window_tracker.window_task:_log_window_event:75 - Logging window event for 'Math Challenge' | Start: 2025-07-30T11:12:34.468023 | End: 2025-07-30T11:12:38.007456 | Duration: 3.5s
2025-07-30 11:12:38 | DEBUG    | devpulse_client.core.window_tracker.window_task:_start_tracking_new_window:68 - Started tracking window: 'pgAdmin 4'
2025-07-30 11:12:44 | INFO     | devpulse_client.core.window_tracker.window_task:_log_previous_window_if_needed:51 - Window 'pgAdmin 4' met duration threshold | Start: 2025-07-30T11:12:38.007456 | End: 2025-07-30T11:12:44.625368 | Duration: 6.6s (>= 0s threshold)
2025-07-30 11:12:44 | INFO     | devpulse_client.core.window_tracker.window_task:_log_window_event:75 - Logging window event for 'pgAdmin 4' | Start: 2025-07-30T11:12:38.007456 | End: 2025-07-30T11:12:44.625368 | Duration: 6.6s
2025-07-30 11:12:44 | DEBUG    | devpulse_client.core.window_tracker.window_task:_start_tracking_new_window:68 - Started tracking window: 'Math Challenge'
2025-07-30 11:12:46 | INFO     | devpulse_client.core.window_tracker.window_task:_log_previous_window_if_needed:51 - Window 'Math Challenge' met duration threshold | Start: 2025-07-30T11:12:44.625368 | End: 2025-07-30T11:12:46.170563 | Duration: 1.5s (>= 0s threshold)
2025-07-30 11:12:46 | INFO     | devpulse_client.core.window_tracker.window_task:_log_window_event:75 - Logging window event for 'Math Challenge' | Start: 2025-07-30T11:12:44.625368 | End: 2025-07-30T11:12:46.170563 | Duration: 1.5s
2025-07-30 11:12:46 | DEBUG    | devpulse_client.core.window_tracker.window_task:_start_tracking_new_window:68 - Started tracking window: 'pgAdmin 4'
2025-07-30 11:12:46 | INFO     | devpulse_client.core.window_tracker.window_task:_log_previous_window_if_needed:51 - Window 'pgAdmin 4' met duration threshold | Start: 2025-07-30T11:12:46.170563 | End: 2025-07-30T11:12:46.331276 | Duration: 0.2s (>= 0s threshold)
2025-07-30 11:12:46 | INFO     | devpulse_client.core.window_tracker.window_task:_log_window_event:75 - Logging window event for 'pgAdmin 4' | Start: 2025-07-30T11:12:46.170563 | End: 2025-07-30T11:12:46.331276 | Duration: 0.2s
2025-07-30 11:12:46 | DEBUG    | devpulse_client.core.window_tracker.window_task:_start_tracking_new_window:68 - Started tracking window: 'Information'
2025-07-30 11:12:48 | INFO     | devpulse_client.core.window_tracker.window_task:_log_previous_window_if_needed:51 - Window 'Information' met duration threshold | Start: 2025-07-30T11:12:46.331276 | End: 2025-07-30T11:12:48.381238 | Duration: 2.0s (>= 0s threshold)
2025-07-30 11:12:48 | INFO     | devpulse_client.core.window_tracker.window_task:_log_window_event:75 - Logging window event for 'Information' | Start: 2025-07-30T11:12:46.331276 | End: 2025-07-30T11:12:48.381238 | Duration: 2.0s
2025-07-30 11:12:48 | DEBUG    | devpulse_client.core.window_tracker.window_task:_start_tracking_new_window:68 - Started tracking window: 'pgAdmin 4'
2025-07-30 11:12:50 | INFO     | devpulse_client.core.window_tracker.window_task:_log_previous_window_if_needed:51 - Window 'pgAdmin 4' met duration threshold | Start: 2025-07-30T11:12:48.381238 | End: 2025-07-30T11:12:50.018565 | Duration: 1.6s (>= 0s threshold)
2025-07-30 11:12:50 | INFO     | devpulse_client.core.window_tracker.window_task:_log_window_event:75 - Logging window event for 'pgAdmin 4' | Start: 2025-07-30T11:12:48.381238 | End: 2025-07-30T11:12:50.018565 | Duration: 1.6s
2025-07-30 11:12:50 | DEBUG    | devpulse_client.core.window_tracker.window_task:_start_tracking_new_window:68 - Started tracking window: 'Math Challenge'
2025-07-30 11:12:57 | INFO     | devpulse_client.core.window_tracker.window_task:_log_previous_window_if_needed:51 - Window 'Math Challenge' met duration threshold | Start: 2025-07-30T11:12:50.018565 | End: 2025-07-30T11:12:57.547036 | Duration: 7.5s (>= 0s threshold)
2025-07-30 11:12:57 | INFO     | devpulse_client.core.window_tracker.window_task:_log_window_event:75 - Logging window event for 'Math Challenge' | Start: 2025-07-30T11:12:50.018565 | End: 2025-07-30T11:12:57.547036 | Duration: 7.5s
2025-07-30 11:12:57 | DEBUG    | devpulse_client.core.window_tracker.window_task:_start_tracking_new_window:68 - Started tracking window: 'Information'
2025-07-30 11:12:58 | INFO     | devpulse_client.core.window_tracker.window_task:_log_previous_window_if_needed:51 - Window 'Information' met duration threshold | Start: 2025-07-30T11:12:57.547036 | End: 2025-07-30T11:12:58.326709 | Duration: 0.8s (>= 0s threshold)
2025-07-30 11:12:58 | INFO     | devpulse_client.core.window_tracker.window_task:_log_window_event:75 - Logging window event for 'Information' | Start: 2025-07-30T11:12:57.547036 | End: 2025-07-30T11:12:58.326709 | Duration: 0.8s
2025-07-30 11:12:58 | DEBUG    | devpulse_client.core.window_tracker.window_task:_start_tracking_new_window:68 - Started tracking window: 'N/A'
2025-07-30 11:12:58 | INFO     | devpulse_client.core.window_tracker.window_task:_log_previous_window_if_needed:51 - Window 'N/A' met duration threshold | Start: 2025-07-30T11:12:58.326709 | End: 2025-07-30T11:12:58.382027 | Duration: 0.1s (>= 0s threshold)
2025-07-30 11:12:58 | INFO     | devpulse_client.core.window_tracker.window_task:_log_window_event:75 - Logging window event for 'N/A' | Start: 2025-07-30T11:12:58.326709 | End: 2025-07-30T11:12:58.382027 | Duration: 0.1s
2025-07-30 11:12:58 | DEBUG    | devpulse_client.core.window_tracker.window_task:_start_tracking_new_window:68 - Started tracking window: 'Math Challenge'
2025-07-30 11:12:59 | INFO     | devpulse_client.core.window_tracker.window_task:_log_previous_window_if_needed:51 - Window 'Math Challenge' met duration threshold | Start: 2025-07-30T11:12:58.382027 | End: 2025-07-30T11:12:59.842847 | Duration: 1.5s (>= 0s threshold)
2025-07-30 11:12:59 | INFO     | devpulse_client.core.window_tracker.window_task:_log_window_event:75 - Logging window event for 'Math Challenge' | Start: 2025-07-30T11:12:58.382027 | End: 2025-07-30T11:12:59.842847 | Duration: 1.5s
2025-07-30 11:12:59 | DEBUG    | devpulse_client.core.window_tracker.window_task:_start_tracking_new_window:68 - Started tracking window: 'pgAdmin 4'
2025-07-30 11:13:02 | INFO     | devpulse_client.core.window_tracker.window_task:_log_previous_window_if_needed:51 - Window 'pgAdmin 4' met duration threshold | Start: 2025-07-30T11:12:59.842847 | End: 2025-07-30T11:13:02.758890 | Duration: 2.9s (>= 0s threshold)
2025-07-30 11:13:02 | INFO     | devpulse_client.core.window_tracker.window_task:_log_window_event:75 - Logging window event for 'pgAdmin 4' | Start: 2025-07-30T11:12:59.842847 | End: 2025-07-30T11:13:02.758890 | Duration: 2.9s
2025-07-30 11:13:02 | DEBUG    | devpulse_client.core.window_tracker.window_task:_start_tracking_new_window:68 - Started tracking window: 'tracker_config.py - devpulse-client-v2 - Visual Studio Code'
2025-07-30 11:13:04 | INFO     | devpulse_client.core.window_tracker.window_task:_log_previous_window_if_needed:51 - Window 'tracker_config.py - devpulse-client-v2 - Visual Studio Code' met duration threshold | Start: 2025-07-30T11:13:02.758890 | End: 2025-07-30T11:13:04.713839 | Duration: 2.0s (>= 0s threshold)
2025-07-30 11:13:04 | INFO     | devpulse_client.core.window_tracker.window_task:_log_window_event:75 - Logging window event for 'tracker_config.py - devpulse-client-v2 - Visual Studio Code' | Start: 2025-07-30T11:13:02.758890 | End: 2025-07-30T11:13:04.713839 | Duration: 2.0s
2025-07-30 11:13:04 | DEBUG    | devpulse_client.core.window_tracker.window_task:_start_tracking_new_window:68 - Started tracking window: '● tracker_config.py - devpulse-client-v2 - Visual Studio Code'
2025-07-30 11:13:06 | INFO     | devpulse_client.core.window_tracker.window_task:_log_previous_window_if_needed:51 - Window '● tracker_config.py - devpulse-client-v2 - Visual Studio Code' met duration threshold | Start: 2025-07-30T11:13:04.713839 | End: 2025-07-30T11:13:06.816402 | Duration: 2.1s (>= 0s threshold)
2025-07-30 11:13:06 | INFO     | devpulse_client.core.window_tracker.window_task:_log_window_event:75 - Logging window event for '● tracker_config.py - devpulse-client-v2 - Visual Studio Code' | Start: 2025-07-30T11:13:04.713839 | End: 2025-07-30T11:13:06.816402 | Duration: 2.1s
2025-07-30 11:13:06 | DEBUG    | devpulse_client.core.window_tracker.window_task:_start_tracking_new_window:68 - Started tracking window: 'tracker_config.py - devpulse-client-v2 - Visual Studio Code'
2025-07-30 11:13:07 | INFO     | devpulse_client.core.signal_handler.signal_handler:_handle_exit:54 - Received SIGINT – starting graceful shutdown…
2025-07-30 11:13:07 | INFO     | devpulse_client.ingest.client.event_client:run:61 - Logging activity: System Stopped
