2025-07-30 15:30:21 | INFO     | devpulse_client.auth.collectors.device_collector:collect_fingerprint:20 - Collecting device fingerprint
2025-07-30 15:30:21 | INFO     | devpulse_client.auth.collectors.device_collector:collect_fingerprint:23 - Collecting device fingerprint: 18:60:24:92:da:75
2025-07-30 15:30:21 | INFO     | devpulse_client.auth.collectors.device_collector:collect_fingerprint:26 - Collecting device fingerprint: OKEY
2025-07-30 15:30:21 | DEBUG    | devpulse_client.auth.collectors.device_collector:collect_fingerprint:29 - Collected device fingerprint: MAC=18:60:24:92:da:75
2025-07-30 15:30:22 | INFO     | devpulse_client.auth.client.auth_client:_send_login_request:144 - Credential validation successful: {'access_token': 'eyJhbGciOiJIUzI1NiIsInR5cCI6IkpXVCJ9.eyJzdWIiOiJmYXJ1ayIsImRldmljZV9tYWMiOiIxODo2MDoyNDo5MjpkYTo3NSJ9.mdvGKPs6tdby8LCZ1GdpPUjIwZ7I28mBg07IeLUbcuc', 'token_type': 'bearer', 'expires': False}
2025-07-30 15:30:22 | INFO     | devpulse_client.ingest.client.event_client:run:34 - Starting activity tracker
2025-07-30 15:30:22 | INFO     | devpulse_client.ingest.client.event_client:run:42 - Logging activity: System Started
2025-07-30 15:30:22 | DEBUG    | devpulse_client.core.window_tracker.window_task:_start_tracking_new_window:68 - Started tracking window: 'gnome-shell'
2025-07-30 15:30:22 | INFO     | devpulse_client.core.activity_state_tracker.activity_state_task:tick:42 - Logging activity: Screen Locked
2025-07-30 15:30:32 | INFO     | devpulse_client.core.window_tracker.window_task:_log_previous_window_if_needed:51 - Window 'gnome-shell' met duration threshold | Start: 2025-07-30T15:30:22.185308 | End: 2025-07-30T15:30:32.340036 | Duration: 10.2s (>= 0s threshold)
2025-07-30 15:30:32 | INFO     | devpulse_client.core.window_tracker.window_task:_log_window_event:75 - Logging window event for 'gnome-shell' | Start: 2025-07-30T15:30:22.185308 | End: 2025-07-30T15:30:32.340036 | Duration: 10.2s
2025-07-30 15:30:32 | DEBUG    | devpulse_client.core.window_tracker.window_task:_start_tracking_new_window:68 - Started tracking window: 'activity_state_task.py - devpulse-client-v2 - Visual Studio Code'
2025-07-30 15:30:32 | INFO     | devpulse_client.core.activity_state_tracker.activity_state_task:tick:64 - Logging activity: Screen Unlocked
2025-07-30 15:30:32 | INFO     | devpulse_client.core.activity_state_tracker.activity_state_task:tick:68 - Logging activity: User Active
2025-07-30 15:30:45 | INFO     | devpulse_client.core.window_tracker.window_task:_log_previous_window_if_needed:51 - Window 'activity_state_task.py - devpulse-client-v2 - Visual Studio Code' met duration threshold | Start: 2025-07-30T15:30:32.340036 | End: 2025-07-30T15:30:45.729876 | Duration: 13.4s (>= 0s threshold)
2025-07-30 15:30:45 | INFO     | devpulse_client.core.window_tracker.window_task:_log_window_event:75 - Logging window event for 'activity_state_task.py - devpulse-client-v2 - Visual Studio Code' | Start: 2025-07-30T15:30:32.340036 | End: 2025-07-30T15:30:45.729876 | Duration: 13.4s
2025-07-30 15:30:45 | DEBUG    | devpulse_client.core.window_tracker.window_task:_start_tracking_new_window:68 - Started tracking window: '● activity_state_task.py - devpulse-client-v2 - Visual Studio Code'
2025-07-30 15:30:51 | INFO     | devpulse_client.core.activity_state_tracker.activity_state_task:tick:34 - Screen locked by scheduler (based on config interval).
2025-07-30 15:30:52 | INFO     | devpulse_client.core.activity_state_tracker.activity_state_task:tick:59 - Logging activity: Screen Locked
2025-07-30 15:30:52 | INFO     | devpulse_client.core.window_tracker.window_task:_log_previous_window_if_needed:51 - Window '● activity_state_task.py - devpulse-client-v2 - Visual Studio Code' met duration threshold | Start: 2025-07-30T15:30:45.729876 | End: 2025-07-30T15:30:52.061440 | Duration: 6.3s (>= 0s threshold)
2025-07-30 15:30:52 | INFO     | devpulse_client.core.window_tracker.window_task:_log_window_event:75 - Logging window event for '● activity_state_task.py - devpulse-client-v2 - Visual Studio Code' | Start: 2025-07-30T15:30:45.729876 | End: 2025-07-30T15:30:52.061440 | Duration: 6.3s
2025-07-30 15:30:52 | DEBUG    | devpulse_client.core.window_tracker.window_task:_start_tracking_new_window:68 - Started tracking window: 'gnome-shell'
2025-07-30 15:31:07 | INFO     | devpulse_client.core.window_tracker.window_task:_log_previous_window_if_needed:51 - Window 'gnome-shell' met duration threshold | Start: 2025-07-30T15:30:52.061440 | End: 2025-07-30T15:31:07.306480 | Duration: 15.2s (>= 0s threshold)
2025-07-30 15:31:07 | INFO     | devpulse_client.core.window_tracker.window_task:_log_window_event:75 - Logging window event for 'gnome-shell' | Start: 2025-07-30T15:30:52.061440 | End: 2025-07-30T15:31:07.306480 | Duration: 15.2s
2025-07-30 15:31:07 | DEBUG    | devpulse_client.core.window_tracker.window_task:_start_tracking_new_window:68 - Started tracking window: '● activity_state_task.py - devpulse-client-v2 - Visual Studio Code'
2025-07-30 15:31:07 | INFO     | devpulse_client.core.activity_state_tracker.activity_state_task:tick:64 - Logging activity: Screen Unlocked
2025-07-30 15:31:07 | INFO     | devpulse_client.core.activity_state_tracker.activity_state_task:tick:68 - Logging activity: User Active
2025-07-30 15:31:21 | INFO     | devpulse_client.core.activity_state_tracker.activity_state_task:tick:34 - Screen locked by scheduler (based on config interval).
2025-07-30 15:31:22 | INFO     | devpulse_client.core.activity_state_tracker.activity_state_task:tick:59 - Logging activity: Screen Locked
2025-07-30 15:31:22 | INFO     | devpulse_client.core.window_tracker.window_task:_log_previous_window_if_needed:51 - Window '● activity_state_task.py - devpulse-client-v2 - Visual Studio Code' met duration threshold | Start: 2025-07-30T15:31:07.306480 | End: 2025-07-30T15:31:22.062565 | Duration: 14.8s (>= 0s threshold)
2025-07-30 15:31:22 | INFO     | devpulse_client.core.window_tracker.window_task:_log_window_event:75 - Logging window event for '● activity_state_task.py - devpulse-client-v2 - Visual Studio Code' | Start: 2025-07-30T15:31:07.306480 | End: 2025-07-30T15:31:22.062565 | Duration: 14.8s
2025-07-30 15:31:22 | DEBUG    | devpulse_client.core.window_tracker.window_task:_start_tracking_new_window:68 - Started tracking window: 'gnome-shell'
2025-07-30 15:31:27 | INFO     | devpulse_client.core.window_tracker.window_task:_log_previous_window_if_needed:51 - Window 'gnome-shell' met duration threshold | Start: 2025-07-30T15:31:22.062565 | End: 2025-07-30T15:31:27.712756 | Duration: 5.7s (>= 0s threshold)
2025-07-30 15:31:27 | INFO     | devpulse_client.core.window_tracker.window_task:_log_window_event:75 - Logging window event for 'gnome-shell' | Start: 2025-07-30T15:31:22.062565 | End: 2025-07-30T15:31:27.712756 | Duration: 5.7s
2025-07-30 15:31:27 | DEBUG    | devpulse_client.core.window_tracker.window_task:_start_tracking_new_window:68 - Started tracking window: '● activity_state_task.py - devpulse-client-v2 - Visual Studio Code'
2025-07-30 15:31:28 | INFO     | devpulse_client.core.activity_state_tracker.activity_state_task:tick:64 - Logging activity: Screen Unlocked
2025-07-30 15:31:28 | INFO     | devpulse_client.core.activity_state_tracker.activity_state_task:tick:68 - Logging activity: User Active
2025-07-30 15:31:29 | INFO     | devpulse_client.core.signal_handler.signal_handler:_handle_exit:54 - Received SIGINT – starting graceful shutdown…
2025-07-30 15:31:29 | INFO     | devpulse_client.ingest.client.event_client:run:61 - Logging activity: System Stopped
