2025-07-25 15:16:42 | INFO     | devpulse_client.app.app:__init__:53 - Initialized DevPulse client for server: http://localhost:8000
2025-07-25 15:16:42 | INFO     | devpulse_client.app.app:start:80 - Validating credentials with server...
2025-07-25 15:16:42 | INFO     | devpulse_client.auth.collectors.device_collector:collect_fingerprint:20 - Collecting device fingerprint
2025-07-25 15:16:42 | INFO     | devpulse_client.auth.collectors.device_collector:collect_fingerprint:23 - Collecting device fingerprint: 18:60:24:92:da:75
2025-07-25 15:16:42 | INFO     | devpulse_client.auth.collectors.device_collector:collect_fingerprint:26 - Collecting device fingerprint: OKEY
2025-07-25 15:16:42 | DEBUG    | devpulse_client.auth.collectors.device_collector:collect_fingerprint:29 - Collected device fingerprint: MAC=18:60:24:92:da:75
2025-07-25 15:16:43 | INFO     | devpulse_client.auth.client.auth_client:_send_login_request:144 - Credential validation successful: {'access_token': 'eyJhbGciOiJIUzI1NiIsInR5cCI6IkpXVCJ9.eyJzdWIiOiJ5YW1hbiIsImRldmljZV9tYWMiOiIxODo2MDoyNDo5MjpkYTo3NSJ9.Tpu5dPrmlxNTPDWFGQzhKpsOGf-H2KHv7WlZTQ0a3KI', 'token_type': 'bearer', 'expires': False}
2025-07-25 15:16:43 | INFO     | devpulse_client.app.app:start:87 - ✅ Access token recieved.
2025-07-25 15:16:43 | INFO     | devpulse_client.ingest.client.event_client:run:32 - Starting activity tracker
2025-07-25 15:16:43 | INFO     | devpulse_client.ingest.client.event_client:run:42 - Logging activity: System Started
2025-07-25 15:16:43 | DEBUG    | devpulse_client.core.window_tracker.window_task:_start_tracking_new_window:68 - Started tracking window: 'event_client.py - devpulse-client-v2 - Visual Studio Code'
2025-07-25 15:16:43 | INFO     | devpulse_client.core.activity_state_tracker.activity_state_task:tick:74 - Logging activity: User Active
2025-07-25 15:16:48 | ERROR    | devpulse_client.ingest.client.event_client:_send_events:82 - Failed to send events: 405 {"detail":"Method Not Allowed"}
2025-07-25 15:16:53 | ERROR    | devpulse_client.ingest.client.event_client:_send_events:82 - Failed to send events: 405 {"detail":"Method Not Allowed"}
2025-07-25 15:16:58 | ERROR    | devpulse_client.ingest.client.event_client:_send_events:82 - Failed to send events: 405 {"detail":"Method Not Allowed"}
2025-07-25 15:17:03 | ERROR    | devpulse_client.ingest.client.event_client:_send_events:82 - Failed to send events: 405 {"detail":"Method Not Allowed"}
2025-07-25 15:17:08 | ERROR    | devpulse_client.ingest.client.event_client:_send_events:82 - Failed to send events: 405 {"detail":"Method Not Allowed"}
2025-07-25 15:17:09 | INFO     | devpulse_client.core.window_tracker.window_task:_log_previous_window_if_needed:51 - Window 'event_client.py - devpulse-client-v2 - Visual Studio Code' met duration threshold | Start: 2025-07-25T15:16:43.066870 | End: 2025-07-25T15:17:09.217704 | Duration: 26.2s (>= 0s threshold)
2025-07-25 15:17:09 | INFO     | devpulse_client.core.window_tracker.window_task:_log_window_event:75 - Logging window event for 'event_client.py - devpulse-client-v2 - Visual Studio Code' | Start: 2025-07-25T15:16:43.066870 | End: 2025-07-25T15:17:09.217704 | Duration: 26.2s
2025-07-25 15:17:09 | DEBUG    | devpulse_client.core.window_tracker.window_task:_start_tracking_new_window:68 - Started tracking window: 'router.py - devpulse-server - Visual Studio Code'
2025-07-25 15:17:13 | INFO     | devpulse_client.core.window_tracker.window_task:_log_previous_window_if_needed:51 - Window 'router.py - devpulse-server - Visual Studio Code' met duration threshold | Start: 2025-07-25T15:17:09.217704 | End: 2025-07-25T15:17:13.593912 | Duration: 4.4s (>= 0s threshold)
2025-07-25 15:17:13 | INFO     | devpulse_client.core.window_tracker.window_task:_log_window_event:75 - Logging window event for 'router.py - devpulse-server - Visual Studio Code' | Start: 2025-07-25T15:17:09.217704 | End: 2025-07-25T15:17:13.593912 | Duration: 4.4s
2025-07-25 15:17:13 | DEBUG    | devpulse_client.core.window_tracker.window_task:_start_tracking_new_window:68 - Started tracking window: '● router.py - devpulse-server - Visual Studio Code'
2025-07-25 15:17:13 | ERROR    | devpulse_client.ingest.client.event_client:_send_events:82 - Failed to send events: 405 {"detail":"Method Not Allowed"}
2025-07-25 15:17:18 | ERROR    | devpulse_client.ingest.client.event_client:_send_events:82 - Failed to send events: 405 {"detail":"Method Not Allowed"}
2025-07-25 15:17:20 | INFO     | devpulse_client.core.window_tracker.window_task:_log_previous_window_if_needed:51 - Window '● router.py - devpulse-server - Visual Studio Code' met duration threshold | Start: 2025-07-25T15:17:13.593912 | End: 2025-07-25T15:17:20.976450 | Duration: 7.4s (>= 0s threshold)
2025-07-25 15:17:20 | INFO     | devpulse_client.core.window_tracker.window_task:_log_window_event:75 - Logging window event for '● router.py - devpulse-server - Visual Studio Code' | Start: 2025-07-25T15:17:13.593912 | End: 2025-07-25T15:17:20.976450 | Duration: 7.4s
2025-07-25 15:17:20 | DEBUG    | devpulse_client.core.window_tracker.window_task:_start_tracking_new_window:68 - Started tracking window: 'router.py - devpulse-server - Visual Studio Code'
2025-07-25 15:17:23 | INFO     | devpulse_client.core.window_tracker.window_task:_log_previous_window_if_needed:51 - Window 'router.py - devpulse-server - Visual Studio Code' met duration threshold | Start: 2025-07-25T15:17:20.976450 | End: 2025-07-25T15:17:23.620338 | Duration: 2.6s (>= 0s threshold)
2025-07-25 15:17:23 | INFO     | devpulse_client.core.window_tracker.window_task:_log_window_event:75 - Logging window event for 'router.py - devpulse-server - Visual Studio Code' | Start: 2025-07-25T15:17:20.976450 | End: 2025-07-25T15:17:23.620338 | Duration: 2.6s
2025-07-25 15:17:23 | DEBUG    | devpulse_client.core.window_tracker.window_task:_start_tracking_new_window:68 - Started tracking window: '● router.py - devpulse-server - Visual Studio Code'
2025-07-25 15:17:23 | ERROR    | devpulse_client.ingest.client.event_client:_send_events:82 - Failed to send events: 405 {"detail":"Method Not Allowed"}
2025-07-25 15:17:25 | INFO     | devpulse_client.core.window_tracker.window_task:_log_previous_window_if_needed:51 - Window '● router.py - devpulse-server - Visual Studio Code' met duration threshold | Start: 2025-07-25T15:17:23.620338 | End: 2025-07-25T15:17:25.103458 | Duration: 1.5s (>= 0s threshold)
2025-07-25 15:17:25 | INFO     | devpulse_client.core.window_tracker.window_task:_log_window_event:75 - Logging window event for '● router.py - devpulse-server - Visual Studio Code' | Start: 2025-07-25T15:17:23.620338 | End: 2025-07-25T15:17:25.103458 | Duration: 1.5s
2025-07-25 15:17:25 | DEBUG    | devpulse_client.core.window_tracker.window_task:_start_tracking_new_window:68 - Started tracking window: 'router.py - devpulse-server - Visual Studio Code'
2025-07-25 15:17:28 | ERROR    | devpulse_client.ingest.client.event_client:_send_events:86 - Error sending events: [Errno 111] Connection refused
2025-07-25 15:17:29 | INFO     | devpulse_client.core.window_tracker.window_task:_log_previous_window_if_needed:51 - Window 'router.py - devpulse-server - Visual Studio Code' met duration threshold | Start: 2025-07-25T15:17:25.103458 | End: 2025-07-25T15:17:29.054296 | Duration: 4.0s (>= 0s threshold)
2025-07-25 15:17:29 | INFO     | devpulse_client.core.window_tracker.window_task:_log_window_event:75 - Logging window event for 'router.py - devpulse-server - Visual Studio Code' | Start: 2025-07-25T15:17:25.103458 | End: 2025-07-25T15:17:29.054296 | Duration: 4.0s
2025-07-25 15:17:29 | DEBUG    | devpulse_client.core.window_tracker.window_task:_start_tracking_new_window:68 - Started tracking window: 'event_client.py - devpulse-client-v2 - Visual Studio Code'
2025-07-25 15:17:29 | INFO     | devpulse_client.ingest.client.event_client:run:62 - Logging activity: System Stopped
2025-07-25 15:17:29 | INFO     | devpulse_client.app.app:start:94 - Received interrupt, shutting down
2025-07-25 15:17:29 | ERROR    | devpulse_client.cli.commands:run:48 - ❌ Failed to start client
