2025-07-30 13:35:12 | INFO     | devpulse_client.auth.collectors.device_collector:collect_fingerprint:20 - Collecting device fingerprint
2025-07-30 13:35:12 | INFO     | devpulse_client.auth.collectors.device_collector:collect_fingerprint:23 - Collecting device fingerprint: 18:60:24:92:da:75
2025-07-30 13:35:12 | INFO     | devpulse_client.auth.collectors.device_collector:collect_fingerprint:26 - Collecting device fingerprint: OKEY
2025-07-30 13:35:12 | DEBUG    | devpulse_client.auth.collectors.device_collector:collect_fingerprint:29 - Collected device fingerprint: MAC=18:60:24:92:da:75
2025-07-30 13:35:13 | INFO     | devpulse_client.auth.client.auth_client:_send_login_request:144 - Credential validation successful: {'access_token': 'eyJhbGciOiJIUzI1NiIsInR5cCI6IkpXVCJ9.eyJzdWIiOiJmYXJ1ayIsImRldmljZV9tYWMiOiIxODo2MDoyNDo5MjpkYTo3NSJ9.mdvGKPs6tdby8LCZ1GdpPUjIwZ7I28mBg07IeLUbcuc', 'token_type': 'bearer', 'expires': False}
2025-07-30 13:35:13 | INFO     | devpulse_client.ingest.client.event_client:run:34 - Starting activity tracker
2025-07-30 13:35:13 | INFO     | devpulse_client.ingest.client.event_client:run:42 - Logging activity: System Started
2025-07-30 13:35:13 | DEBUG    | devpulse_client.core.window_tracker.window_task:_start_tracking_new_window:68 - Started tracking window: 'captcha_task.py - devpulse-client-v2 - Visual Studio Code'
2025-07-30 13:35:13 | INFO     | devpulse_client.core.activity_state_tracker.activity_state_task:tick:74 - Logging activity: User Active
2025-07-30 13:35:13 | INFO     | devpulse_client.core.window_tracker.window_task:_log_previous_window_if_needed:51 - Window 'captcha_task.py - devpulse-client-v2 - Visual Studio Code' met duration threshold | Start: 2025-07-30T13:35:13.243511 | End: 2025-07-30T13:35:13.421734 | Duration: 0.2s (>= 0s threshold)
2025-07-30 13:35:13 | INFO     | devpulse_client.core.window_tracker.window_task:_log_window_event:75 - Logging window event for 'captcha_task.py - devpulse-client-v2 - Visual Studio Code' | Start: 2025-07-30T13:35:13.243511 | End: 2025-07-30T13:35:13.421734 | Duration: 0.2s
2025-07-30 13:35:13 | DEBUG    | devpulse_client.core.window_tracker.window_task:_start_tracking_new_window:68 - Started tracking window: 'Math Challenge'
2025-07-30 13:35:15 | INFO     | devpulse_client.core.window_tracker.window_task:_log_previous_window_if_needed:51 - Window 'Math Challenge' met duration threshold | Start: 2025-07-30T13:35:13.421734 | End: 2025-07-30T13:35:15.739437 | Duration: 2.3s (>= 0s threshold)
2025-07-30 13:35:15 | INFO     | devpulse_client.core.window_tracker.window_task:_log_window_event:75 - Logging window event for 'Math Challenge' | Start: 2025-07-30T13:35:13.421734 | End: 2025-07-30T13:35:15.739437 | Duration: 2.3s
2025-07-30 13:35:15 | DEBUG    | devpulse_client.core.window_tracker.window_task:_start_tracking_new_window:68 - Started tracking window: 'captcha_task.py - devpulse-client-v2 - Visual Studio Code'
2025-07-30 13:35:23 | INFO     | devpulse_client.core.window_tracker.window_task:_log_previous_window_if_needed:51 - Window 'captcha_task.py - devpulse-client-v2 - Visual Studio Code' met duration threshold | Start: 2025-07-30T13:35:15.739437 | End: 2025-07-30T13:35:23.448138 | Duration: 7.7s (>= 0s threshold)
2025-07-30 13:35:23 | INFO     | devpulse_client.core.window_tracker.window_task:_log_window_event:75 - Logging window event for 'captcha_task.py - devpulse-client-v2 - Visual Studio Code' | Start: 2025-07-30T13:35:15.739437 | End: 2025-07-30T13:35:23.448138 | Duration: 7.7s
2025-07-30 13:35:23 | DEBUG    | devpulse_client.core.window_tracker.window_task:_start_tracking_new_window:68 - Started tracking window: 'Math Challenge'
2025-07-30 13:35:23 | INFO     | devpulse_client.core.window_tracker.window_task:_log_previous_window_if_needed:51 - Window 'Math Challenge' met duration threshold | Start: 2025-07-30T13:35:23.448138 | End: 2025-07-30T13:35:23.872146 | Duration: 0.4s (>= 0s threshold)
2025-07-30 13:35:23 | INFO     | devpulse_client.core.window_tracker.window_task:_log_window_event:75 - Logging window event for 'Math Challenge' | Start: 2025-07-30T13:35:23.448138 | End: 2025-07-30T13:35:23.872146 | Duration: 0.4s
2025-07-30 13:35:23 | DEBUG    | devpulse_client.core.window_tracker.window_task:_start_tracking_new_window:68 - Started tracking window: 'captcha_task.py - devpulse-client-v2 - Visual Studio Code'
2025-07-30 13:35:24 | INFO     | devpulse_client.core.window_tracker.window_task:_log_previous_window_if_needed:51 - Window 'captcha_task.py - devpulse-client-v2 - Visual Studio Code' met duration threshold | Start: 2025-07-30T13:35:23.872146 | End: 2025-07-30T13:35:24.016122 | Duration: 0.1s (>= 0s threshold)
2025-07-30 13:35:24 | INFO     | devpulse_client.core.window_tracker.window_task:_log_window_event:75 - Logging window event for 'captcha_task.py - devpulse-client-v2 - Visual Studio Code' | Start: 2025-07-30T13:35:23.872146 | End: 2025-07-30T13:35:24.016122 | Duration: 0.1s
2025-07-30 13:35:24 | DEBUG    | devpulse_client.core.window_tracker.window_task:_start_tracking_new_window:68 - Started tracking window: 'Invalid Input'
2025-07-30 13:35:25 | INFO     | devpulse_client.core.window_tracker.window_task:_log_previous_window_if_needed:51 - Window 'Invalid Input' met duration threshold | Start: 2025-07-30T13:35:24.016122 | End: 2025-07-30T13:35:25.029846 | Duration: 1.0s (>= 0s threshold)
2025-07-30 13:35:25 | INFO     | devpulse_client.core.window_tracker.window_task:_log_window_event:75 - Logging window event for 'Invalid Input' | Start: 2025-07-30T13:35:24.016122 | End: 2025-07-30T13:35:25.029846 | Duration: 1.0s
2025-07-30 13:35:25 | DEBUG    | devpulse_client.core.window_tracker.window_task:_start_tracking_new_window:68 - Started tracking window: 'captcha_task.py - devpulse-client-v2 - Visual Studio Code'
2025-07-30 13:35:25 | INFO     | devpulse_client.core.window_tracker.window_task:_log_previous_window_if_needed:51 - Window 'captcha_task.py - devpulse-client-v2 - Visual Studio Code' met duration threshold | Start: 2025-07-30T13:35:25.029846 | End: 2025-07-30T13:35:25.211855 | Duration: 0.2s (>= 0s threshold)
2025-07-30 13:35:25 | INFO     | devpulse_client.core.window_tracker.window_task:_log_window_event:75 - Logging window event for 'captcha_task.py - devpulse-client-v2 - Visual Studio Code' | Start: 2025-07-30T13:35:25.029846 | End: 2025-07-30T13:35:25.211855 | Duration: 0.2s
2025-07-30 13:35:25 | DEBUG    | devpulse_client.core.window_tracker.window_task:_start_tracking_new_window:68 - Started tracking window: 'Math Challenge'
2025-07-30 13:35:25 | INFO     | devpulse_client.core.window_tracker.window_task:_log_previous_window_if_needed:51 - Window 'Math Challenge' met duration threshold | Start: 2025-07-30T13:35:25.211855 | End: 2025-07-30T13:35:25.274154 | Duration: 0.1s (>= 0s threshold)
2025-07-30 13:35:25 | INFO     | devpulse_client.core.window_tracker.window_task:_log_window_event:75 - Logging window event for 'Math Challenge' | Start: 2025-07-30T13:35:25.211855 | End: 2025-07-30T13:35:25.274154 | Duration: 0.1s
2025-07-30 13:35:25 | DEBUG    | devpulse_client.core.window_tracker.window_task:_start_tracking_new_window:68 - Started tracking window: 'captcha_task.py - devpulse-client-v2 - Visual Studio Code'
2025-07-30 13:35:33 | INFO     | devpulse_client.core.window_tracker.window_task:_log_previous_window_if_needed:51 - Window 'captcha_task.py - devpulse-client-v2 - Visual Studio Code' met duration threshold | Start: 2025-07-30T13:35:25.274154 | End: 2025-07-30T13:35:33.523898 | Duration: 8.2s (>= 0s threshold)
2025-07-30 13:35:33 | INFO     | devpulse_client.core.window_tracker.window_task:_log_window_event:75 - Logging window event for 'captcha_task.py - devpulse-client-v2 - Visual Studio Code' | Start: 2025-07-30T13:35:25.274154 | End: 2025-07-30T13:35:33.523898 | Duration: 8.2s
2025-07-30 13:35:33 | DEBUG    | devpulse_client.core.window_tracker.window_task:_start_tracking_new_window:68 - Started tracking window: 'Math Challenge'
2025-07-30 13:35:38 | INFO     | devpulse_client.core.window_tracker.window_task:_log_previous_window_if_needed:51 - Window 'Math Challenge' met duration threshold | Start: 2025-07-30T13:35:33.523898 | End: 2025-07-30T13:35:38.922359 | Duration: 5.4s (>= 0s threshold)
2025-07-30 13:35:38 | INFO     | devpulse_client.core.window_tracker.window_task:_log_window_event:75 - Logging window event for 'Math Challenge' | Start: 2025-07-30T13:35:33.523898 | End: 2025-07-30T13:35:38.922359 | Duration: 5.4s
2025-07-30 13:35:38 | DEBUG    | devpulse_client.core.window_tracker.window_task:_start_tracking_new_window:68 - Started tracking window: 'Captcha task update — Mozilla Firefox'
2025-07-30 13:35:40 | INFO     | devpulse_client.core.window_tracker.window_task:_log_previous_window_if_needed:51 - Window 'Captcha task update — Mozilla Firefox' met duration threshold | Start: 2025-07-30T13:35:38.922359 | End: 2025-07-30T13:35:40.796410 | Duration: 1.9s (>= 0s threshold)
2025-07-30 13:35:40 | INFO     | devpulse_client.core.window_tracker.window_task:_log_window_event:75 - Logging window event for 'Captcha task update — Mozilla Firefox' | Start: 2025-07-30T13:35:38.922359 | End: 2025-07-30T13:35:40.796410 | Duration: 1.9s
2025-07-30 13:35:40 | DEBUG    | devpulse_client.core.window_tracker.window_task:_start_tracking_new_window:68 - Started tracking window: 'captcha_task.py - devpulse-client-v2 - Visual Studio Code'
2025-07-30 13:35:43 | INFO     | devpulse_client.core.window_tracker.window_task:_log_previous_window_if_needed:51 - Window 'captcha_task.py - devpulse-client-v2 - Visual Studio Code' met duration threshold | Start: 2025-07-30T13:35:40.796410 | End: 2025-07-30T13:35:43.567839 | Duration: 2.8s (>= 0s threshold)
2025-07-30 13:35:43 | INFO     | devpulse_client.core.window_tracker.window_task:_log_window_event:75 - Logging window event for 'captcha_task.py - devpulse-client-v2 - Visual Studio Code' | Start: 2025-07-30T13:35:40.796410 | End: 2025-07-30T13:35:43.567839 | Duration: 2.8s
2025-07-30 13:35:43 | DEBUG    | devpulse_client.core.window_tracker.window_task:_start_tracking_new_window:68 - Started tracking window: 'Math Challenge'
2025-07-30 13:35:45 | INFO     | devpulse_client.core.window_tracker.window_task:_log_previous_window_if_needed:51 - Window 'Math Challenge' met duration threshold | Start: 2025-07-30T13:35:43.567839 | End: 2025-07-30T13:35:45.105978 | Duration: 1.5s (>= 0s threshold)
2025-07-30 13:35:45 | INFO     | devpulse_client.core.window_tracker.window_task:_log_window_event:75 - Logging window event for 'Math Challenge' | Start: 2025-07-30T13:35:43.567839 | End: 2025-07-30T13:35:45.105978 | Duration: 1.5s
2025-07-30 13:35:45 | DEBUG    | devpulse_client.core.window_tracker.window_task:_start_tracking_new_window:68 - Started tracking window: 'captcha_task.py - devpulse-client-v2 - Visual Studio Code'
2025-07-30 13:35:50 | INFO     | devpulse_client.core.window_tracker.window_task:_log_previous_window_if_needed:51 - Window 'captcha_task.py - devpulse-client-v2 - Visual Studio Code' met duration threshold | Start: 2025-07-30T13:35:45.105978 | End: 2025-07-30T13:35:50.095059 | Duration: 5.0s (>= 0s threshold)
2025-07-30 13:35:50 | INFO     | devpulse_client.core.window_tracker.window_task:_log_window_event:75 - Logging window event for 'captcha_task.py - devpulse-client-v2 - Visual Studio Code' | Start: 2025-07-30T13:35:45.105978 | End: 2025-07-30T13:35:50.095059 | Duration: 5.0s
2025-07-30 13:35:50 | DEBUG    | devpulse_client.core.window_tracker.window_task:_start_tracking_new_window:68 - Started tracking window: 'Math Challenge'
2025-07-30 13:35:52 | INFO     | devpulse_client.core.window_tracker.window_task:_log_previous_window_if_needed:51 - Window 'Math Challenge' met duration threshold | Start: 2025-07-30T13:35:50.095059 | End: 2025-07-30T13:35:52.331901 | Duration: 2.2s (>= 0s threshold)
2025-07-30 13:35:52 | INFO     | devpulse_client.core.window_tracker.window_task:_log_window_event:75 - Logging window event for 'Math Challenge' | Start: 2025-07-30T13:35:50.095059 | End: 2025-07-30T13:35:52.331901 | Duration: 2.2s
2025-07-30 13:35:52 | DEBUG    | devpulse_client.core.window_tracker.window_task:_start_tracking_new_window:68 - Started tracking window: 'captcha_task.py - devpulse-client-v2 - Visual Studio Code'
2025-07-30 13:35:53 | INFO     | devpulse_client.core.window_tracker.window_task:_log_previous_window_if_needed:51 - Window 'captcha_task.py - devpulse-client-v2 - Visual Studio Code' met duration threshold | Start: 2025-07-30T13:35:52.331901 | End: 2025-07-30T13:35:53.558899 | Duration: 1.2s (>= 0s threshold)
2025-07-30 13:35:53 | INFO     | devpulse_client.core.window_tracker.window_task:_log_window_event:75 - Logging window event for 'captcha_task.py - devpulse-client-v2 - Visual Studio Code' | Start: 2025-07-30T13:35:52.331901 | End: 2025-07-30T13:35:53.558899 | Duration: 1.2s
2025-07-30 13:35:53 | DEBUG    | devpulse_client.core.window_tracker.window_task:_start_tracking_new_window:68 - Started tracking window: 'Math Challenge'
2025-07-30 13:35:54 | INFO     | devpulse_client.core.window_tracker.window_task:_log_previous_window_if_needed:51 - Window 'Math Challenge' met duration threshold | Start: 2025-07-30T13:35:53.558899 | End: 2025-07-30T13:35:54.255246 | Duration: 0.7s (>= 0s threshold)
2025-07-30 13:35:54 | INFO     | devpulse_client.core.window_tracker.window_task:_log_window_event:75 - Logging window event for 'Math Challenge' | Start: 2025-07-30T13:35:53.558899 | End: 2025-07-30T13:35:54.255246 | Duration: 0.7s
2025-07-30 13:35:54 | DEBUG    | devpulse_client.core.window_tracker.window_task:_start_tracking_new_window:68 - Started tracking window: 'N/A'
2025-07-30 13:35:54 | INFO     | devpulse_client.core.window_tracker.window_task:_log_previous_window_if_needed:51 - Window 'N/A' met duration threshold | Start: 2025-07-30T13:35:54.255246 | End: 2025-07-30T13:35:54.304510 | Duration: 0.0s (>= 0s threshold)
2025-07-30 13:35:54 | INFO     | devpulse_client.core.window_tracker.window_task:_log_window_event:75 - Logging window event for 'N/A' | Start: 2025-07-30T13:35:54.255246 | End: 2025-07-30T13:35:54.304510 | Duration: 0.0s
2025-07-30 13:35:54 | DEBUG    | devpulse_client.core.window_tracker.window_task:_start_tracking_new_window:68 - Started tracking window: 'captcha_task.py - devpulse-client-v2 - Visual Studio Code'
2025-07-30 13:35:54 | INFO     | devpulse_client.core.window_tracker.window_task:_log_previous_window_if_needed:51 - Window 'captcha_task.py - devpulse-client-v2 - Visual Studio Code' met duration threshold | Start: 2025-07-30T13:35:54.304510 | End: 2025-07-30T13:35:54.466176 | Duration: 0.2s (>= 0s threshold)
2025-07-30 13:35:54 | INFO     | devpulse_client.core.window_tracker.window_task:_log_window_event:75 - Logging window event for 'captcha_task.py - devpulse-client-v2 - Visual Studio Code' | Start: 2025-07-30T13:35:54.304510 | End: 2025-07-30T13:35:54.466176 | Duration: 0.2s
2025-07-30 13:35:54 | DEBUG    | devpulse_client.core.window_tracker.window_task:_start_tracking_new_window:68 - Started tracking window: 'Invalid Input'
2025-07-30 13:35:55 | INFO     | devpulse_client.core.window_tracker.window_task:_log_previous_window_if_needed:51 - Window 'Invalid Input' met duration threshold | Start: 2025-07-30T13:35:54.466176 | End: 2025-07-30T13:35:55.223782 | Duration: 0.8s (>= 0s threshold)
2025-07-30 13:35:55 | INFO     | devpulse_client.core.window_tracker.window_task:_log_window_event:75 - Logging window event for 'Invalid Input' | Start: 2025-07-30T13:35:54.466176 | End: 2025-07-30T13:35:55.223782 | Duration: 0.8s
2025-07-30 13:35:55 | DEBUG    | devpulse_client.core.window_tracker.window_task:_start_tracking_new_window:68 - Started tracking window: 'captcha_task.py - devpulse-client-v2 - Visual Studio Code'
2025-07-30 13:35:55 | INFO     | devpulse_client.core.window_tracker.window_task:_log_previous_window_if_needed:51 - Window 'captcha_task.py - devpulse-client-v2 - Visual Studio Code' met duration threshold | Start: 2025-07-30T13:35:55.223782 | End: 2025-07-30T13:35:55.348431 | Duration: 0.1s (>= 0s threshold)
2025-07-30 13:35:55 | INFO     | devpulse_client.core.window_tracker.window_task:_log_window_event:75 - Logging window event for 'captcha_task.py - devpulse-client-v2 - Visual Studio Code' | Start: 2025-07-30T13:35:55.223782 | End: 2025-07-30T13:35:55.348431 | Duration: 0.1s
2025-07-30 13:35:55 | DEBUG    | devpulse_client.core.window_tracker.window_task:_start_tracking_new_window:68 - Started tracking window: 'Math Challenge'
2025-07-30 13:35:55 | INFO     | devpulse_client.core.window_tracker.window_task:_log_previous_window_if_needed:51 - Window 'Math Challenge' met duration threshold | Start: 2025-07-30T13:35:55.348431 | End: 2025-07-30T13:35:55.627175 | Duration: 0.3s (>= 0s threshold)
2025-07-30 13:35:55 | INFO     | devpulse_client.core.window_tracker.window_task:_log_window_event:75 - Logging window event for 'Math Challenge' | Start: 2025-07-30T13:35:55.348431 | End: 2025-07-30T13:35:55.627175 | Duration: 0.3s
2025-07-30 13:35:55 | DEBUG    | devpulse_client.core.window_tracker.window_task:_start_tracking_new_window:68 - Started tracking window: 'captcha_task.py - devpulse-client-v2 - Visual Studio Code'
2025-07-30 13:35:56 | INFO     | devpulse_client.core.window_tracker.window_task:_log_previous_window_if_needed:51 - Window 'captcha_task.py - devpulse-client-v2 - Visual Studio Code' met duration threshold | Start: 2025-07-30T13:35:55.627175 | End: 2025-07-30T13:35:56.623353 | Duration: 1.0s (>= 0s threshold)
2025-07-30 13:35:56 | INFO     | devpulse_client.core.window_tracker.window_task:_log_window_event:75 - Logging window event for 'captcha_task.py - devpulse-client-v2 - Visual Studio Code' | Start: 2025-07-30T13:35:55.627175 | End: 2025-07-30T13:35:56.623353 | Duration: 1.0s
2025-07-30 13:35:56 | DEBUG    | devpulse_client.core.window_tracker.window_task:_start_tracking_new_window:68 - Started tracking window: 'Math Challenge'
2025-07-30 13:35:58 | INFO     | devpulse_client.core.window_tracker.window_task:_log_previous_window_if_needed:51 - Window 'Math Challenge' met duration threshold | Start: 2025-07-30T13:35:56.623353 | End: 2025-07-30T13:35:58.011615 | Duration: 1.4s (>= 0s threshold)
2025-07-30 13:35:58 | INFO     | devpulse_client.core.window_tracker.window_task:_log_window_event:75 - Logging window event for 'Math Challenge' | Start: 2025-07-30T13:35:56.623353 | End: 2025-07-30T13:35:58.011615 | Duration: 1.4s
2025-07-30 13:35:58 | DEBUG    | devpulse_client.core.window_tracker.window_task:_start_tracking_new_window:68 - Started tracking window: 'captcha_task.py - devpulse-client-v2 - Visual Studio Code'
2025-07-30 13:35:59 | INFO     | devpulse_client.core.window_tracker.window_task:_log_previous_window_if_needed:51 - Window 'captcha_task.py - devpulse-client-v2 - Visual Studio Code' met duration threshold | Start: 2025-07-30T13:35:58.011615 | End: 2025-07-30T13:35:59.708522 | Duration: 1.7s (>= 0s threshold)
2025-07-30 13:35:59 | INFO     | devpulse_client.core.window_tracker.window_task:_log_window_event:75 - Logging window event for 'captcha_task.py - devpulse-client-v2 - Visual Studio Code' | Start: 2025-07-30T13:35:58.011615 | End: 2025-07-30T13:35:59.708522 | Duration: 1.7s
2025-07-30 13:35:59 | DEBUG    | devpulse_client.core.window_tracker.window_task:_start_tracking_new_window:68 - Started tracking window: 'Math Challenge'
2025-07-30 13:36:00 | INFO     | devpulse_client.core.window_tracker.window_task:_log_previous_window_if_needed:51 - Window 'Math Challenge' met duration threshold | Start: 2025-07-30T13:35:59.708522 | End: 2025-07-30T13:36:00.635832 | Duration: 0.9s (>= 0s threshold)
2025-07-30 13:36:00 | INFO     | devpulse_client.core.window_tracker.window_task:_log_window_event:75 - Logging window event for 'Math Challenge' | Start: 2025-07-30T13:35:59.708522 | End: 2025-07-30T13:36:00.635832 | Duration: 0.9s
2025-07-30 13:36:00 | DEBUG    | devpulse_client.core.window_tracker.window_task:_start_tracking_new_window:68 - Started tracking window: 'captcha_task.py - devpulse-client-v2 - Visual Studio Code'
2025-07-30 13:36:01 | INFO     | devpulse_client.core.window_tracker.window_task:_log_previous_window_if_needed:51 - Window 'captcha_task.py - devpulse-client-v2 - Visual Studio Code' met duration threshold | Start: 2025-07-30T13:36:00.635832 | End: 2025-07-30T13:36:01.725430 | Duration: 1.1s (>= 0s threshold)
2025-07-30 13:36:01 | INFO     | devpulse_client.core.window_tracker.window_task:_log_window_event:75 - Logging window event for 'captcha_task.py - devpulse-client-v2 - Visual Studio Code' | Start: 2025-07-30T13:36:00.635832 | End: 2025-07-30T13:36:01.725430 | Duration: 1.1s
2025-07-30 13:36:01 | DEBUG    | devpulse_client.core.window_tracker.window_task:_start_tracking_new_window:68 - Started tracking window: 'Math Challenge'
2025-07-30 13:36:02 | INFO     | devpulse_client.core.window_tracker.window_task:_log_previous_window_if_needed:51 - Window 'Math Challenge' met duration threshold | Start: 2025-07-30T13:36:01.725430 | End: 2025-07-30T13:36:02.635309 | Duration: 0.9s (>= 0s threshold)
2025-07-30 13:36:02 | INFO     | devpulse_client.core.window_tracker.window_task:_log_window_event:75 - Logging window event for 'Math Challenge' | Start: 2025-07-30T13:36:01.725430 | End: 2025-07-30T13:36:02.635309 | Duration: 0.9s
2025-07-30 13:36:02 | DEBUG    | devpulse_client.core.window_tracker.window_task:_start_tracking_new_window:68 - Started tracking window: 'captcha_task.py - devpulse-client-v2 - Visual Studio Code'
2025-07-30 13:36:03 | INFO     | devpulse_client.core.window_tracker.window_task:_log_previous_window_if_needed:51 - Window 'captcha_task.py - devpulse-client-v2 - Visual Studio Code' met duration threshold | Start: 2025-07-30T13:36:02.635309 | End: 2025-07-30T13:36:03.605214 | Duration: 1.0s (>= 0s threshold)
2025-07-30 13:36:03 | INFO     | devpulse_client.core.window_tracker.window_task:_log_window_event:75 - Logging window event for 'captcha_task.py - devpulse-client-v2 - Visual Studio Code' | Start: 2025-07-30T13:36:02.635309 | End: 2025-07-30T13:36:03.605214 | Duration: 1.0s
2025-07-30 13:36:03 | DEBUG    | devpulse_client.core.window_tracker.window_task:_start_tracking_new_window:68 - Started tracking window: 'Math Challenge'
2025-07-30 13:36:05 | INFO     | devpulse_client.core.window_tracker.window_task:_log_previous_window_if_needed:51 - Window 'Math Challenge' met duration threshold | Start: 2025-07-30T13:36:03.605214 | End: 2025-07-30T13:36:05.109799 | Duration: 1.5s (>= 0s threshold)
2025-07-30 13:36:05 | INFO     | devpulse_client.core.window_tracker.window_task:_log_window_event:75 - Logging window event for 'Math Challenge' | Start: 2025-07-30T13:36:03.605214 | End: 2025-07-30T13:36:05.109799 | Duration: 1.5s
2025-07-30 13:36:05 | DEBUG    | devpulse_client.core.window_tracker.window_task:_start_tracking_new_window:68 - Started tracking window: 'N/A'
2025-07-30 13:36:05 | INFO     | devpulse_client.core.window_tracker.window_task:_log_previous_window_if_needed:51 - Window 'N/A' met duration threshold | Start: 2025-07-30T13:36:05.109799 | End: 2025-07-30T13:36:05.157228 | Duration: 0.0s (>= 0s threshold)
2025-07-30 13:36:05 | INFO     | devpulse_client.core.window_tracker.window_task:_log_window_event:75 - Logging window event for 'N/A' | Start: 2025-07-30T13:36:05.109799 | End: 2025-07-30T13:36:05.157228 | Duration: 0.0s
2025-07-30 13:36:05 | DEBUG    | devpulse_client.core.window_tracker.window_task:_start_tracking_new_window:68 - Started tracking window: 'captcha_task.py - devpulse-client-v2 - Visual Studio Code'
2025-07-30 13:36:05 | INFO     | devpulse_client.core.window_tracker.window_task:_log_previous_window_if_needed:51 - Window 'captcha_task.py - devpulse-client-v2 - Visual Studio Code' met duration threshold | Start: 2025-07-30T13:36:05.157228 | End: 2025-07-30T13:36:05.298053 | Duration: 0.1s (>= 0s threshold)
2025-07-30 13:36:05 | INFO     | devpulse_client.core.window_tracker.window_task:_log_window_event:75 - Logging window event for 'captcha_task.py - devpulse-client-v2 - Visual Studio Code' | Start: 2025-07-30T13:36:05.157228 | End: 2025-07-30T13:36:05.298053 | Duration: 0.1s
2025-07-30 13:36:05 | DEBUG    | devpulse_client.core.window_tracker.window_task:_start_tracking_new_window:68 - Started tracking window: 'Invalid Input'
2025-07-30 13:36:05 | INFO     | devpulse_client.core.window_tracker.window_task:_log_previous_window_if_needed:51 - Window 'Invalid Input' met duration threshold | Start: 2025-07-30T13:36:05.298053 | End: 2025-07-30T13:36:05.910475 | Duration: 0.6s (>= 0s threshold)
2025-07-30 13:36:05 | INFO     | devpulse_client.core.window_tracker.window_task:_log_window_event:75 - Logging window event for 'Invalid Input' | Start: 2025-07-30T13:36:05.298053 | End: 2025-07-30T13:36:05.910475 | Duration: 0.6s
2025-07-30 13:36:05 | DEBUG    | devpulse_client.core.window_tracker.window_task:_start_tracking_new_window:68 - Started tracking window: 'captcha_task.py - devpulse-client-v2 - Visual Studio Code'
2025-07-30 13:36:06 | INFO     | devpulse_client.core.window_tracker.window_task:_log_previous_window_if_needed:51 - Window 'captcha_task.py - devpulse-client-v2 - Visual Studio Code' met duration threshold | Start: 2025-07-30T13:36:05.910475 | End: 2025-07-30T13:36:06.018663 | Duration: 0.1s (>= 0s threshold)
2025-07-30 13:36:06 | INFO     | devpulse_client.core.window_tracker.window_task:_log_window_event:75 - Logging window event for 'captcha_task.py - devpulse-client-v2 - Visual Studio Code' | Start: 2025-07-30T13:36:05.910475 | End: 2025-07-30T13:36:06.018663 | Duration: 0.1s
2025-07-30 13:36:06 | DEBUG    | devpulse_client.core.window_tracker.window_task:_start_tracking_new_window:68 - Started tracking window: 'Math Challenge'
2025-07-30 13:36:06 | INFO     | devpulse_client.core.window_tracker.window_task:_log_previous_window_if_needed:51 - Window 'Math Challenge' met duration threshold | Start: 2025-07-30T13:36:06.018663 | End: 2025-07-30T13:36:06.562166 | Duration: 0.5s (>= 0s threshold)
2025-07-30 13:36:06 | INFO     | devpulse_client.core.window_tracker.window_task:_log_window_event:75 - Logging window event for 'Math Challenge' | Start: 2025-07-30T13:36:06.018663 | End: 2025-07-30T13:36:06.562166 | Duration: 0.5s
2025-07-30 13:36:06 | DEBUG    | devpulse_client.core.window_tracker.window_task:_start_tracking_new_window:68 - Started tracking window: 'captcha_task.py - devpulse-client-v2 - Visual Studio Code'
2025-07-30 13:36:07 | INFO     | devpulse_client.core.window_tracker.window_task:_log_previous_window_if_needed:51 - Window 'captcha_task.py - devpulse-client-v2 - Visual Studio Code' met duration threshold | Start: 2025-07-30T13:36:06.562166 | End: 2025-07-30T13:36:07.257786 | Duration: 0.7s (>= 0s threshold)
2025-07-30 13:36:07 | INFO     | devpulse_client.core.window_tracker.window_task:_log_window_event:75 - Logging window event for 'captcha_task.py - devpulse-client-v2 - Visual Studio Code' | Start: 2025-07-30T13:36:06.562166 | End: 2025-07-30T13:36:07.257786 | Duration: 0.7s
2025-07-30 13:36:07 | DEBUG    | devpulse_client.core.window_tracker.window_task:_start_tracking_new_window:68 - Started tracking window: 'Math Challenge'
2025-07-30 13:36:16 | INFO     | devpulse_client.core.window_tracker.window_task:_log_previous_window_if_needed:51 - Window 'Math Challenge' met duration threshold | Start: 2025-07-30T13:36:07.257786 | End: 2025-07-30T13:36:16.689918 | Duration: 9.4s (>= 0s threshold)
2025-07-30 13:36:16 | INFO     | devpulse_client.core.window_tracker.window_task:_log_window_event:75 - Logging window event for 'Math Challenge' | Start: 2025-07-30T13:36:07.257786 | End: 2025-07-30T13:36:16.689918 | Duration: 9.4s
2025-07-30 13:36:16 | DEBUG    | devpulse_client.core.window_tracker.window_task:_start_tracking_new_window:68 - Started tracking window: 'Captcha task update — Mozilla Firefox'
2025-07-30 13:36:23 | INFO     | devpulse_client.core.window_tracker.window_task:_log_previous_window_if_needed:51 - Window 'Captcha task update — Mozilla Firefox' met duration threshold | Start: 2025-07-30T13:36:16.689918 | End: 2025-07-30T13:36:23.607146 | Duration: 6.9s (>= 0s threshold)
2025-07-30 13:36:23 | INFO     | devpulse_client.core.window_tracker.window_task:_log_window_event:75 - Logging window event for 'Captcha task update — Mozilla Firefox' | Start: 2025-07-30T13:36:16.689918 | End: 2025-07-30T13:36:23.607146 | Duration: 6.9s
2025-07-30 13:36:23 | DEBUG    | devpulse_client.core.window_tracker.window_task:_start_tracking_new_window:68 - Started tracking window: 'Math Challenge'
2025-07-30 13:36:23 | INFO     | devpulse_client.core.window_tracker.window_task:_log_previous_window_if_needed:51 - Window 'Math Challenge' met duration threshold | Start: 2025-07-30T13:36:23.607146 | End: 2025-07-30T13:36:23.986357 | Duration: 0.4s (>= 0s threshold)
2025-07-30 13:36:23 | INFO     | devpulse_client.core.window_tracker.window_task:_log_window_event:75 - Logging window event for 'Math Challenge' | Start: 2025-07-30T13:36:23.607146 | End: 2025-07-30T13:36:23.986357 | Duration: 0.4s
2025-07-30 13:36:23 | DEBUG    | devpulse_client.core.window_tracker.window_task:_start_tracking_new_window:68 - Started tracking window: 'Captcha task update — Mozilla Firefox'
2025-07-30 13:36:24 | INFO     | devpulse_client.core.window_tracker.window_task:_log_previous_window_if_needed:51 - Window 'Captcha task update — Mozilla Firefox' met duration threshold | Start: 2025-07-30T13:36:23.986357 | End: 2025-07-30T13:36:24.143685 | Duration: 0.2s (>= 0s threshold)
2025-07-30 13:36:24 | INFO     | devpulse_client.core.window_tracker.window_task:_log_window_event:75 - Logging window event for 'Captcha task update — Mozilla Firefox' | Start: 2025-07-30T13:36:23.986357 | End: 2025-07-30T13:36:24.143685 | Duration: 0.2s
2025-07-30 13:36:24 | DEBUG    | devpulse_client.core.window_tracker.window_task:_start_tracking_new_window:68 - Started tracking window: 'Invalid Input'
2025-07-30 13:36:24 | INFO     | devpulse_client.core.window_tracker.window_task:_log_previous_window_if_needed:51 - Window 'Invalid Input' met duration threshold | Start: 2025-07-30T13:36:24.143685 | End: 2025-07-30T13:36:24.884251 | Duration: 0.7s (>= 0s threshold)
2025-07-30 13:36:24 | INFO     | devpulse_client.core.window_tracker.window_task:_log_window_event:75 - Logging window event for 'Invalid Input' | Start: 2025-07-30T13:36:24.143685 | End: 2025-07-30T13:36:24.884251 | Duration: 0.7s
2025-07-30 13:36:24 | DEBUG    | devpulse_client.core.window_tracker.window_task:_start_tracking_new_window:68 - Started tracking window: 'Captcha task update — Mozilla Firefox'
2025-07-30 13:36:27 | INFO     | devpulse_client.core.window_tracker.window_task:_log_previous_window_if_needed:51 - Window 'Captcha task update — Mozilla Firefox' met duration threshold | Start: 2025-07-30T13:36:24.884251 | End: 2025-07-30T13:36:27.981187 | Duration: 3.1s (>= 0s threshold)
2025-07-30 13:36:27 | INFO     | devpulse_client.core.window_tracker.window_task:_log_window_event:75 - Logging window event for 'Captcha task update — Mozilla Firefox' | Start: 2025-07-30T13:36:24.884251 | End: 2025-07-30T13:36:27.981187 | Duration: 3.1s
2025-07-30 13:36:27 | DEBUG    | devpulse_client.core.window_tracker.window_task:_start_tracking_new_window:68 - Started tracking window: 'captcha_task.py - devpulse-client-v2 - Visual Studio Code'
2025-07-30 13:36:33 | INFO     | devpulse_client.core.window_tracker.window_task:_log_previous_window_if_needed:51 - Window 'captcha_task.py - devpulse-client-v2 - Visual Studio Code' met duration threshold | Start: 2025-07-30T13:36:27.981187 | End: 2025-07-30T13:36:33.634017 | Duration: 5.7s (>= 0s threshold)
2025-07-30 13:36:33 | INFO     | devpulse_client.core.window_tracker.window_task:_log_window_event:75 - Logging window event for 'captcha_task.py - devpulse-client-v2 - Visual Studio Code' | Start: 2025-07-30T13:36:27.981187 | End: 2025-07-30T13:36:33.634017 | Duration: 5.7s
2025-07-30 13:36:33 | DEBUG    | devpulse_client.core.window_tracker.window_task:_start_tracking_new_window:68 - Started tracking window: 'Math Challenge'
2025-07-30 13:36:39 | INFO     | devpulse_client.core.activity_state_tracker.activity_state_task:tick:101 - Logging activity: User Inactive
2025-07-30 13:38:11 | INFO     | devpulse_client.core.activity_state_tracker.activity_state_task:tick:106 - Logging activity: User Active
2025-07-30 13:38:24 | INFO     | devpulse_client.core.window_tracker.window_task:_log_previous_window_if_needed:51 - Window 'Math Challenge' met duration threshold | Start: 2025-07-30T13:36:33.634017 | End: 2025-07-30T13:38:24.707148 | Duration: 111.1s (>= 0s threshold)
2025-07-30 13:38:24 | INFO     | devpulse_client.core.window_tracker.window_task:_log_window_event:75 - Logging window event for 'Math Challenge' | Start: 2025-07-30T13:36:33.634017 | End: 2025-07-30T13:38:24.707148 | Duration: 111.1s
2025-07-30 13:38:24 | DEBUG    | devpulse_client.core.window_tracker.window_task:_start_tracking_new_window:68 - Started tracking window: 'Captcha task update — Mozilla Firefox'
2025-07-30 13:38:33 | INFO     | devpulse_client.core.window_tracker.window_task:_log_previous_window_if_needed:51 - Window 'Captcha task update — Mozilla Firefox' met duration threshold | Start: 2025-07-30T13:38:24.707148 | End: 2025-07-30T13:38:33.856280 | Duration: 9.1s (>= 0s threshold)
2025-07-30 13:38:33 | INFO     | devpulse_client.core.window_tracker.window_task:_log_window_event:75 - Logging window event for 'Captcha task update — Mozilla Firefox' | Start: 2025-07-30T13:38:24.707148 | End: 2025-07-30T13:38:33.856280 | Duration: 9.1s
2025-07-30 13:38:33 | DEBUG    | devpulse_client.core.window_tracker.window_task:_start_tracking_new_window:68 - Started tracking window: 'Math Challenge'
2025-07-30 13:38:34 | INFO     | devpulse_client.core.window_tracker.window_task:_log_previous_window_if_needed:51 - Window 'Math Challenge' met duration threshold | Start: 2025-07-30T13:38:33.856280 | End: 2025-07-30T13:38:34.401282 | Duration: 0.5s (>= 0s threshold)
2025-07-30 13:38:34 | INFO     | devpulse_client.core.window_tracker.window_task:_log_window_event:75 - Logging window event for 'Math Challenge' | Start: 2025-07-30T13:38:33.856280 | End: 2025-07-30T13:38:34.401282 | Duration: 0.5s
2025-07-30 13:38:34 | DEBUG    | devpulse_client.core.window_tracker.window_task:_start_tracking_new_window:68 - Started tracking window: 'captcha_task.py - devpulse-client-v2 - Visual Studio Code'
2025-07-30 13:38:42 | INFO     | devpulse_client.core.window_tracker.window_task:_log_previous_window_if_needed:51 - Window 'captcha_task.py - devpulse-client-v2 - Visual Studio Code' met duration threshold | Start: 2025-07-30T13:38:34.401282 | End: 2025-07-30T13:38:42.391049 | Duration: 8.0s (>= 0s threshold)
2025-07-30 13:38:42 | INFO     | devpulse_client.core.window_tracker.window_task:_log_window_event:75 - Logging window event for 'captcha_task.py - devpulse-client-v2 - Visual Studio Code' | Start: 2025-07-30T13:38:34.401282 | End: 2025-07-30T13:38:42.391049 | Duration: 8.0s
2025-07-30 13:38:42 | DEBUG    | devpulse_client.core.window_tracker.window_task:_start_tracking_new_window:68 - Started tracking window: '● captcha_task.py - devpulse-client-v2 - Visual Studio Code'
2025-07-30 13:38:43 | INFO     | devpulse_client.core.window_tracker.window_task:_log_previous_window_if_needed:51 - Window '● captcha_task.py - devpulse-client-v2 - Visual Studio Code' met duration threshold | Start: 2025-07-30T13:38:42.391049 | End: 2025-07-30T13:38:43.835631 | Duration: 1.4s (>= 0s threshold)
2025-07-30 13:38:43 | INFO     | devpulse_client.core.window_tracker.window_task:_log_window_event:75 - Logging window event for '● captcha_task.py - devpulse-client-v2 - Visual Studio Code' | Start: 2025-07-30T13:38:42.391049 | End: 2025-07-30T13:38:43.835631 | Duration: 1.4s
2025-07-30 13:38:43 | DEBUG    | devpulse_client.core.window_tracker.window_task:_start_tracking_new_window:68 - Started tracking window: 'Math Challenge'
2025-07-30 13:38:46 | INFO     | devpulse_client.core.window_tracker.window_task:_log_previous_window_if_needed:51 - Window 'Math Challenge' met duration threshold | Start: 2025-07-30T13:38:43.835631 | End: 2025-07-30T13:38:46.230653 | Duration: 2.4s (>= 0s threshold)
2025-07-30 13:38:46 | INFO     | devpulse_client.core.window_tracker.window_task:_log_window_event:75 - Logging window event for 'Math Challenge' | Start: 2025-07-30T13:38:43.835631 | End: 2025-07-30T13:38:46.230653 | Duration: 2.4s
2025-07-30 13:38:46 | DEBUG    | devpulse_client.core.window_tracker.window_task:_start_tracking_new_window:68 - Started tracking window: 'Captcha task update — Mozilla Firefox'
2025-07-30 13:38:53 | INFO     | devpulse_client.core.window_tracker.window_task:_log_previous_window_if_needed:51 - Window 'Captcha task update — Mozilla Firefox' met duration threshold | Start: 2025-07-30T13:38:46.230653 | End: 2025-07-30T13:38:53.604697 | Duration: 7.4s (>= 0s threshold)
2025-07-30 13:38:53 | INFO     | devpulse_client.core.window_tracker.window_task:_log_window_event:75 - Logging window event for 'Captcha task update — Mozilla Firefox' | Start: 2025-07-30T13:38:46.230653 | End: 2025-07-30T13:38:53.604697 | Duration: 7.4s
2025-07-30 13:38:53 | DEBUG    | devpulse_client.core.window_tracker.window_task:_start_tracking_new_window:68 - Started tracking window: '● captcha_task.py - devpulse-client-v2 - Visual Studio Code'
2025-07-30 13:38:53 | INFO     | devpulse_client.core.window_tracker.window_task:_log_previous_window_if_needed:51 - Window '● captcha_task.py - devpulse-client-v2 - Visual Studio Code' met duration threshold | Start: 2025-07-30T13:38:53.604697 | End: 2025-07-30T13:38:53.848774 | Duration: 0.2s (>= 0s threshold)
2025-07-30 13:38:53 | INFO     | devpulse_client.core.window_tracker.window_task:_log_window_event:75 - Logging window event for '● captcha_task.py - devpulse-client-v2 - Visual Studio Code' | Start: 2025-07-30T13:38:53.604697 | End: 2025-07-30T13:38:53.848774 | Duration: 0.2s
2025-07-30 13:38:53 | DEBUG    | devpulse_client.core.window_tracker.window_task:_start_tracking_new_window:68 - Started tracking window: 'Math Challenge'
2025-07-30 13:38:56 | INFO     | devpulse_client.core.window_tracker.window_task:_log_previous_window_if_needed:51 - Window 'Math Challenge' met duration threshold | Start: 2025-07-30T13:38:53.848774 | End: 2025-07-30T13:38:56.178029 | Duration: 2.3s (>= 0s threshold)
2025-07-30 13:38:56 | INFO     | devpulse_client.core.window_tracker.window_task:_log_window_event:75 - Logging window event for 'Math Challenge' | Start: 2025-07-30T13:38:53.848774 | End: 2025-07-30T13:38:56.178029 | Duration: 2.3s
2025-07-30 13:38:56 | DEBUG    | devpulse_client.core.window_tracker.window_task:_start_tracking_new_window:68 - Started tracking window: '● captcha_task.py - devpulse-client-v2 - Visual Studio Code'
2025-07-30 13:39:03 | INFO     | devpulse_client.core.window_tracker.window_task:_log_previous_window_if_needed:51 - Window '● captcha_task.py - devpulse-client-v2 - Visual Studio Code' met duration threshold | Start: 2025-07-30T13:38:56.178029 | End: 2025-07-30T13:39:03.921027 | Duration: 7.7s (>= 0s threshold)
2025-07-30 13:39:03 | INFO     | devpulse_client.core.window_tracker.window_task:_log_window_event:75 - Logging window event for '● captcha_task.py - devpulse-client-v2 - Visual Studio Code' | Start: 2025-07-30T13:38:56.178029 | End: 2025-07-30T13:39:03.921027 | Duration: 7.7s
2025-07-30 13:39:03 | DEBUG    | devpulse_client.core.window_tracker.window_task:_start_tracking_new_window:68 - Started tracking window: 'Math Challenge'
2025-07-30 13:39:05 | INFO     | devpulse_client.core.window_tracker.window_task:_log_previous_window_if_needed:51 - Window 'Math Challenge' met duration threshold | Start: 2025-07-30T13:39:03.921027 | End: 2025-07-30T13:39:05.407938 | Duration: 1.5s (>= 0s threshold)
2025-07-30 13:39:05 | INFO     | devpulse_client.core.window_tracker.window_task:_log_window_event:75 - Logging window event for 'Math Challenge' | Start: 2025-07-30T13:39:03.921027 | End: 2025-07-30T13:39:05.407938 | Duration: 1.5s
2025-07-30 13:39:05 | DEBUG    | devpulse_client.core.window_tracker.window_task:_start_tracking_new_window:68 - Started tracking window: '● captcha_task.py - devpulse-client-v2 - Visual Studio Code'
2025-07-30 13:39:05 | INFO     | devpulse_client.core.window_tracker.window_task:_log_previous_window_if_needed:51 - Window '● captcha_task.py - devpulse-client-v2 - Visual Studio Code' met duration threshold | Start: 2025-07-30T13:39:05.407938 | End: 2025-07-30T13:39:05.528982 | Duration: 0.1s (>= 0s threshold)
2025-07-30 13:39:05 | INFO     | devpulse_client.core.window_tracker.window_task:_log_window_event:75 - Logging window event for '● captcha_task.py - devpulse-client-v2 - Visual Studio Code' | Start: 2025-07-30T13:39:05.407938 | End: 2025-07-30T13:39:05.528982 | Duration: 0.1s
2025-07-30 13:39:05 | DEBUG    | devpulse_client.core.window_tracker.window_task:_start_tracking_new_window:68 - Started tracking window: 'Captcha task update — Mozilla Firefox'
2025-07-30 13:39:05 | INFO     | devpulse_client.core.window_tracker.window_task:_log_previous_window_if_needed:51 - Window 'Captcha task update — Mozilla Firefox' met duration threshold | Start: 2025-07-30T13:39:05.528982 | End: 2025-07-30T13:39:05.614516 | Duration: 0.1s (>= 0s threshold)
2025-07-30 13:39:05 | INFO     | devpulse_client.core.window_tracker.window_task:_log_window_event:75 - Logging window event for 'Captcha task update — Mozilla Firefox' | Start: 2025-07-30T13:39:05.528982 | End: 2025-07-30T13:39:05.614516 | Duration: 0.1s
2025-07-30 13:39:05 | DEBUG    | devpulse_client.core.window_tracker.window_task:_start_tracking_new_window:68 - Started tracking window: 'Math Challenge'
2025-07-30 13:39:05 | INFO     | devpulse_client.core.window_tracker.window_task:_log_previous_window_if_needed:51 - Window 'Math Challenge' met duration threshold | Start: 2025-07-30T13:39:05.614516 | End: 2025-07-30T13:39:05.737242 | Duration: 0.1s (>= 0s threshold)
2025-07-30 13:39:05 | INFO     | devpulse_client.core.window_tracker.window_task:_log_window_event:75 - Logging window event for 'Math Challenge' | Start: 2025-07-30T13:39:05.614516 | End: 2025-07-30T13:39:05.737242 | Duration: 0.1s
2025-07-30 13:39:05 | DEBUG    | devpulse_client.core.window_tracker.window_task:_start_tracking_new_window:68 - Started tracking window: 'Captcha task update — Mozilla Firefox'
2025-07-30 13:39:05 | INFO     | devpulse_client.core.window_tracker.window_task:_log_previous_window_if_needed:51 - Window 'Captcha task update — Mozilla Firefox' met duration threshold | Start: 2025-07-30T13:39:05.737242 | End: 2025-07-30T13:39:05.875287 | Duration: 0.1s (>= 0s threshold)
2025-07-30 13:39:05 | INFO     | devpulse_client.core.window_tracker.window_task:_log_window_event:75 - Logging window event for 'Captcha task update — Mozilla Firefox' | Start: 2025-07-30T13:39:05.737242 | End: 2025-07-30T13:39:05.875287 | Duration: 0.1s
2025-07-30 13:39:05 | DEBUG    | devpulse_client.core.window_tracker.window_task:_start_tracking_new_window:68 - Started tracking window: 'Math Challenge'
2025-07-30 13:39:06 | INFO     | devpulse_client.core.window_tracker.window_task:_log_previous_window_if_needed:51 - Window 'Math Challenge' met duration threshold | Start: 2025-07-30T13:39:05.875287 | End: 2025-07-30T13:39:06.633483 | Duration: 0.8s (>= 0s threshold)
2025-07-30 13:39:06 | INFO     | devpulse_client.core.window_tracker.window_task:_log_window_event:75 - Logging window event for 'Math Challenge' | Start: 2025-07-30T13:39:05.875287 | End: 2025-07-30T13:39:06.633483 | Duration: 0.8s
2025-07-30 13:39:06 | DEBUG    | devpulse_client.core.window_tracker.window_task:_start_tracking_new_window:68 - Started tracking window: '● captcha_task.py - devpulse-client-v2 - Visual Studio Code'
2025-07-30 13:39:13 | INFO     | devpulse_client.core.window_tracker.window_task:_log_previous_window_if_needed:51 - Window '● captcha_task.py - devpulse-client-v2 - Visual Studio Code' met duration threshold | Start: 2025-07-30T13:39:06.633483 | End: 2025-07-30T13:39:13.900301 | Duration: 7.3s (>= 0s threshold)
2025-07-30 13:39:13 | INFO     | devpulse_client.core.window_tracker.window_task:_log_window_event:75 - Logging window event for '● captcha_task.py - devpulse-client-v2 - Visual Studio Code' | Start: 2025-07-30T13:39:06.633483 | End: 2025-07-30T13:39:13.900301 | Duration: 7.3s
2025-07-30 13:39:13 | DEBUG    | devpulse_client.core.window_tracker.window_task:_start_tracking_new_window:68 - Started tracking window: 'Math Challenge'
2025-07-30 13:39:21 | INFO     | devpulse_client.core.activity_state_tracker.activity_state_task:tick:101 - Logging activity: User Inactive
2025-07-30 13:59:43 | INFO     | devpulse_client.core.activity_state_tracker.activity_state_task:tick:106 - Logging activity: User Active
2025-07-30 13:59:46 | INFO     | devpulse_client.core.window_tracker.window_task:_log_previous_window_if_needed:51 - Window 'Math Challenge' met duration threshold | Start: 2025-07-30T13:39:13.900301 | End: 2025-07-30T13:59:46.024427 | Duration: 1232.1s (>= 0s threshold)
2025-07-30 13:59:46 | INFO     | devpulse_client.core.window_tracker.window_task:_log_window_event:75 - Logging window event for 'Math Challenge' | Start: 2025-07-30T13:39:13.900301 | End: 2025-07-30T13:59:46.024427 | Duration: 1232.1s
2025-07-30 13:59:46 | DEBUG    | devpulse_client.core.window_tracker.window_task:_start_tracking_new_window:68 - Started tracking window: '● captcha_task.py - devpulse-client-v2 - Visual Studio Code'
2025-07-30 13:59:46 | INFO     | devpulse_client.core.window_tracker.window_task:_log_previous_window_if_needed:51 - Window '● captcha_task.py - devpulse-client-v2 - Visual Studio Code' met duration threshold | Start: 2025-07-30T13:59:46.024427 | End: 2025-07-30T13:59:46.181295 | Duration: 0.2s (>= 0s threshold)
2025-07-30 13:59:46 | INFO     | devpulse_client.core.window_tracker.window_task:_log_window_event:75 - Logging window event for '● captcha_task.py - devpulse-client-v2 - Visual Studio Code' | Start: 2025-07-30T13:59:46.024427 | End: 2025-07-30T13:59:46.181295 | Duration: 0.2s
2025-07-30 13:59:46 | DEBUG    | devpulse_client.core.window_tracker.window_task:_start_tracking_new_window:68 - Started tracking window: 'Math Challenge'
2025-07-30 13:59:48 | INFO     | devpulse_client.core.window_tracker.window_task:_log_previous_window_if_needed:51 - Window 'Math Challenge' met duration threshold | Start: 2025-07-30T13:59:46.181295 | End: 2025-07-30T13:59:48.030636 | Duration: 1.8s (>= 0s threshold)
2025-07-30 13:59:48 | INFO     | devpulse_client.core.window_tracker.window_task:_log_window_event:75 - Logging window event for 'Math Challenge' | Start: 2025-07-30T13:59:46.181295 | End: 2025-07-30T13:59:48.030636 | Duration: 1.8s
2025-07-30 13:59:48 | DEBUG    | devpulse_client.core.window_tracker.window_task:_start_tracking_new_window:68 - Started tracking window: '● captcha_task.py - devpulse-client-v2 - Visual Studio Code'
2025-07-30 13:59:48 | INFO     | devpulse_client.core.window_tracker.window_task:_log_previous_window_if_needed:51 - Window '● captcha_task.py - devpulse-client-v2 - Visual Studio Code' met duration threshold | Start: 2025-07-30T13:59:48.030636 | End: 2025-07-30T13:59:48.286459 | Duration: 0.3s (>= 0s threshold)
2025-07-30 13:59:48 | INFO     | devpulse_client.core.window_tracker.window_task:_log_window_event:75 - Logging window event for '● captcha_task.py - devpulse-client-v2 - Visual Studio Code' | Start: 2025-07-30T13:59:48.030636 | End: 2025-07-30T13:59:48.286459 | Duration: 0.3s
2025-07-30 13:59:48 | DEBUG    | devpulse_client.core.window_tracker.window_task:_start_tracking_new_window:68 - Started tracking window: 'Math Challenge'
2025-07-30 13:59:48 | INFO     | devpulse_client.core.window_tracker.window_task:_log_previous_window_if_needed:51 - Window 'Math Challenge' met duration threshold | Start: 2025-07-30T13:59:48.286459 | End: 2025-07-30T13:59:48.698843 | Duration: 0.4s (>= 0s threshold)
2025-07-30 13:59:48 | INFO     | devpulse_client.core.window_tracker.window_task:_log_window_event:75 - Logging window event for 'Math Challenge' | Start: 2025-07-30T13:59:48.286459 | End: 2025-07-30T13:59:48.698843 | Duration: 0.4s
2025-07-30 13:59:48 | DEBUG    | devpulse_client.core.window_tracker.window_task:_start_tracking_new_window:68 - Started tracking window: '● captcha_task.py - devpulse-client-v2 - Visual Studio Code'
2025-07-30 13:59:48 | INFO     | devpulse_client.core.window_tracker.window_task:_log_previous_window_if_needed:51 - Window '● captcha_task.py - devpulse-client-v2 - Visual Studio Code' met duration threshold | Start: 2025-07-30T13:59:48.698843 | End: 2025-07-30T13:59:48.959372 | Duration: 0.3s (>= 0s threshold)
2025-07-30 13:59:48 | INFO     | devpulse_client.core.window_tracker.window_task:_log_window_event:75 - Logging window event for '● captcha_task.py - devpulse-client-v2 - Visual Studio Code' | Start: 2025-07-30T13:59:48.698843 | End: 2025-07-30T13:59:48.959372 | Duration: 0.3s
2025-07-30 13:59:48 | DEBUG    | devpulse_client.core.window_tracker.window_task:_start_tracking_new_window:68 - Started tracking window: 'Math Challenge'
2025-07-30 13:59:50 | INFO     | devpulse_client.core.window_tracker.window_task:_log_previous_window_if_needed:51 - Window 'Math Challenge' met duration threshold | Start: 2025-07-30T13:59:48.959372 | End: 2025-07-30T13:59:50.492555 | Duration: 1.5s (>= 0s threshold)
2025-07-30 13:59:50 | INFO     | devpulse_client.core.window_tracker.window_task:_log_window_event:75 - Logging window event for 'Math Challenge' | Start: 2025-07-30T13:59:48.959372 | End: 2025-07-30T13:59:50.492555 | Duration: 1.5s
2025-07-30 13:59:50 | DEBUG    | devpulse_client.core.window_tracker.window_task:_start_tracking_new_window:68 - Started tracking window: '● captcha_task.py - devpulse-client-v2 - Visual Studio Code'
2025-07-30 13:59:53 | INFO     | devpulse_client.core.window_tracker.window_task:_log_previous_window_if_needed:51 - Window '● captcha_task.py - devpulse-client-v2 - Visual Studio Code' met duration threshold | Start: 2025-07-30T13:59:50.492555 | End: 2025-07-30T13:59:53.209283 | Duration: 2.7s (>= 0s threshold)
2025-07-30 13:59:53 | INFO     | devpulse_client.core.window_tracker.window_task:_log_window_event:75 - Logging window event for '● captcha_task.py - devpulse-client-v2 - Visual Studio Code' | Start: 2025-07-30T13:59:50.492555 | End: 2025-07-30T13:59:53.209283 | Duration: 2.7s
2025-07-30 13:59:53 | DEBUG    | devpulse_client.core.window_tracker.window_task:_start_tracking_new_window:68 - Started tracking window: 'Captcha task update — Mozilla Firefox'
2025-07-30 13:59:56 | INFO     | devpulse_client.core.window_tracker.window_task:_log_previous_window_if_needed:51 - Window 'Captcha task update — Mozilla Firefox' met duration threshold | Start: 2025-07-30T13:59:53.209283 | End: 2025-07-30T13:59:56.045853 | Duration: 2.8s (>= 0s threshold)
2025-07-30 13:59:56 | INFO     | devpulse_client.core.window_tracker.window_task:_log_window_event:75 - Logging window event for 'Captcha task update — Mozilla Firefox' | Start: 2025-07-30T13:59:53.209283 | End: 2025-07-30T13:59:56.045853 | Duration: 2.8s
2025-07-30 13:59:56 | DEBUG    | devpulse_client.core.window_tracker.window_task:_start_tracking_new_window:68 - Started tracking window: 'Math Challenge'
2025-07-30 14:00:01 | INFO     | devpulse_client.core.window_tracker.window_task:_log_previous_window_if_needed:51 - Window 'Math Challenge' met duration threshold | Start: 2025-07-30T13:59:56.045853 | End: 2025-07-30T14:00:01.470095 | Duration: 5.4s (>= 0s threshold)
2025-07-30 14:00:01 | INFO     | devpulse_client.core.window_tracker.window_task:_log_window_event:75 - Logging window event for 'Math Challenge' | Start: 2025-07-30T13:59:56.045853 | End: 2025-07-30T14:00:01.470095 | Duration: 5.4s
2025-07-30 14:00:01 | DEBUG    | devpulse_client.core.window_tracker.window_task:_start_tracking_new_window:68 - Started tracking window: 'Captcha task update — Mozilla Firefox'
2025-07-30 14:00:01 | INFO     | devpulse_client.core.window_tracker.window_task:_log_previous_window_if_needed:51 - Window 'Captcha task update — Mozilla Firefox' met duration threshold | Start: 2025-07-30T14:00:01.470095 | End: 2025-07-30T14:00:01.645236 | Duration: 0.2s (>= 0s threshold)
2025-07-30 14:00:01 | INFO     | devpulse_client.core.window_tracker.window_task:_log_window_event:75 - Logging window event for 'Captcha task update — Mozilla Firefox' | Start: 2025-07-30T14:00:01.470095 | End: 2025-07-30T14:00:01.645236 | Duration: 0.2s
2025-07-30 14:00:01 | DEBUG    | devpulse_client.core.window_tracker.window_task:_start_tracking_new_window:68 - Started tracking window: 'Math Challenge'
2025-07-30 14:00:04 | INFO     | devpulse_client.core.window_tracker.window_task:_log_previous_window_if_needed:51 - Window 'Math Challenge' met duration threshold | Start: 2025-07-30T14:00:01.645236 | End: 2025-07-30T14:00:04.262529 | Duration: 2.6s (>= 0s threshold)
2025-07-30 14:00:04 | INFO     | devpulse_client.core.window_tracker.window_task:_log_window_event:75 - Logging window event for 'Math Challenge' | Start: 2025-07-30T14:00:01.645236 | End: 2025-07-30T14:00:04.262529 | Duration: 2.6s
2025-07-30 14:00:04 | DEBUG    | devpulse_client.core.window_tracker.window_task:_start_tracking_new_window:68 - Started tracking window: '● captcha_task.py - devpulse-client-v2 - Visual Studio Code'
2025-07-30 14:00:04 | INFO     | devpulse_client.core.window_tracker.window_task:_log_previous_window_if_needed:51 - Window '● captcha_task.py - devpulse-client-v2 - Visual Studio Code' met duration threshold | Start: 2025-07-30T14:00:04.262529 | End: 2025-07-30T14:00:04.480031 | Duration: 0.2s (>= 0s threshold)
2025-07-30 14:00:04 | INFO     | devpulse_client.core.window_tracker.window_task:_log_window_event:75 - Logging window event for '● captcha_task.py - devpulse-client-v2 - Visual Studio Code' | Start: 2025-07-30T14:00:04.262529 | End: 2025-07-30T14:00:04.480031 | Duration: 0.2s
2025-07-30 14:00:04 | DEBUG    | devpulse_client.core.window_tracker.window_task:_start_tracking_new_window:68 - Started tracking window: 'Math Challenge'
2025-07-30 14:00:04 | INFO     | devpulse_client.core.window_tracker.window_task:_log_previous_window_if_needed:51 - Window 'Math Challenge' met duration threshold | Start: 2025-07-30T14:00:04.480031 | End: 2025-07-30T14:00:04.766121 | Duration: 0.3s (>= 0s threshold)
2025-07-30 14:00:04 | INFO     | devpulse_client.core.window_tracker.window_task:_log_window_event:75 - Logging window event for 'Math Challenge' | Start: 2025-07-30T14:00:04.480031 | End: 2025-07-30T14:00:04.766121 | Duration: 0.3s
2025-07-30 14:00:04 | DEBUG    | devpulse_client.core.window_tracker.window_task:_start_tracking_new_window:68 - Started tracking window: 'N/A'
2025-07-30 14:00:04 | INFO     | devpulse_client.core.window_tracker.window_task:_log_previous_window_if_needed:51 - Window 'N/A' met duration threshold | Start: 2025-07-30T14:00:04.766121 | End: 2025-07-30T14:00:04.838175 | Duration: 0.1s (>= 0s threshold)
2025-07-30 14:00:04 | INFO     | devpulse_client.core.window_tracker.window_task:_log_window_event:75 - Logging window event for 'N/A' | Start: 2025-07-30T14:00:04.766121 | End: 2025-07-30T14:00:04.838175 | Duration: 0.1s
2025-07-30 14:00:04 | DEBUG    | devpulse_client.core.window_tracker.window_task:_start_tracking_new_window:68 - Started tracking window: '● captcha_task.py - devpulse-client-v2 - Visual Studio Code'
2025-07-30 14:00:04 | INFO     | devpulse_client.core.window_tracker.window_task:_log_previous_window_if_needed:51 - Window '● captcha_task.py - devpulse-client-v2 - Visual Studio Code' met duration threshold | Start: 2025-07-30T14:00:04.838175 | End: 2025-07-30T14:00:04.961124 | Duration: 0.1s (>= 0s threshold)
2025-07-30 14:00:04 | INFO     | devpulse_client.core.window_tracker.window_task:_log_window_event:75 - Logging window event for '● captcha_task.py - devpulse-client-v2 - Visual Studio Code' | Start: 2025-07-30T14:00:04.838175 | End: 2025-07-30T14:00:04.961124 | Duration: 0.1s
2025-07-30 14:00:04 | DEBUG    | devpulse_client.core.window_tracker.window_task:_start_tracking_new_window:68 - Started tracking window: 'Math Challenge'
2025-07-30 14:00:05 | INFO     | devpulse_client.core.window_tracker.window_task:_log_previous_window_if_needed:51 - Window 'Math Challenge' met duration threshold | Start: 2025-07-30T14:00:04.961124 | End: 2025-07-30T14:00:05.060282 | Duration: 0.1s (>= 0s threshold)
2025-07-30 14:00:05 | INFO     | devpulse_client.core.window_tracker.window_task:_log_window_event:75 - Logging window event for 'Math Challenge' | Start: 2025-07-30T14:00:04.961124 | End: 2025-07-30T14:00:05.060282 | Duration: 0.1s
2025-07-30 14:00:05 | DEBUG    | devpulse_client.core.window_tracker.window_task:_start_tracking_new_window:68 - Started tracking window: 'N/A'
2025-07-30 14:00:05 | INFO     | devpulse_client.core.window_tracker.window_task:_log_previous_window_if_needed:51 - Window 'N/A' met duration threshold | Start: 2025-07-30T14:00:05.060282 | End: 2025-07-30T14:00:05.133358 | Duration: 0.1s (>= 0s threshold)
2025-07-30 14:00:05 | INFO     | devpulse_client.core.window_tracker.window_task:_log_window_event:75 - Logging window event for 'N/A' | Start: 2025-07-30T14:00:05.060282 | End: 2025-07-30T14:00:05.133358 | Duration: 0.1s
2025-07-30 14:00:05 | DEBUG    | devpulse_client.core.window_tracker.window_task:_start_tracking_new_window:68 - Started tracking window: '● captcha_task.py - devpulse-client-v2 - Visual Studio Code'
2025-07-30 14:00:05 | INFO     | devpulse_client.core.window_tracker.window_task:_log_previous_window_if_needed:51 - Window '● captcha_task.py - devpulse-client-v2 - Visual Studio Code' met duration threshold | Start: 2025-07-30T14:00:05.133358 | End: 2025-07-30T14:00:05.238311 | Duration: 0.1s (>= 0s threshold)
2025-07-30 14:00:05 | INFO     | devpulse_client.core.window_tracker.window_task:_log_window_event:75 - Logging window event for '● captcha_task.py - devpulse-client-v2 - Visual Studio Code' | Start: 2025-07-30T14:00:05.133358 | End: 2025-07-30T14:00:05.238311 | Duration: 0.1s
2025-07-30 14:00:05 | DEBUG    | devpulse_client.core.window_tracker.window_task:_start_tracking_new_window:68 - Started tracking window: 'Math Challenge'
2025-07-30 14:00:05 | INFO     | devpulse_client.core.window_tracker.window_task:_log_previous_window_if_needed:51 - Window 'Math Challenge' met duration threshold | Start: 2025-07-30T14:00:05.238311 | End: 2025-07-30T14:00:05.481373 | Duration: 0.2s (>= 0s threshold)
2025-07-30 14:00:05 | INFO     | devpulse_client.core.window_tracker.window_task:_log_window_event:75 - Logging window event for 'Math Challenge' | Start: 2025-07-30T14:00:05.238311 | End: 2025-07-30T14:00:05.481373 | Duration: 0.2s
2025-07-30 14:00:05 | DEBUG    | devpulse_client.core.window_tracker.window_task:_start_tracking_new_window:68 - Started tracking window: '● captcha_task.py - devpulse-client-v2 - Visual Studio Code'
2025-07-30 14:00:05 | INFO     | devpulse_client.core.window_tracker.window_task:_log_previous_window_if_needed:51 - Window '● captcha_task.py - devpulse-client-v2 - Visual Studio Code' met duration threshold | Start: 2025-07-30T14:00:05.481373 | End: 2025-07-30T14:00:05.569424 | Duration: 0.1s (>= 0s threshold)
2025-07-30 14:00:05 | INFO     | devpulse_client.core.window_tracker.window_task:_log_window_event:75 - Logging window event for '● captcha_task.py - devpulse-client-v2 - Visual Studio Code' | Start: 2025-07-30T14:00:05.481373 | End: 2025-07-30T14:00:05.569424 | Duration: 0.1s
2025-07-30 14:00:05 | DEBUG    | devpulse_client.core.window_tracker.window_task:_start_tracking_new_window:68 - Started tracking window: 'Math Challenge'
2025-07-30 14:00:06 | INFO     | devpulse_client.core.window_tracker.window_task:_log_previous_window_if_needed:51 - Window 'Math Challenge' met duration threshold | Start: 2025-07-30T14:00:05.569424 | End: 2025-07-30T14:00:06.802419 | Duration: 1.2s (>= 0s threshold)
2025-07-30 14:00:06 | INFO     | devpulse_client.core.window_tracker.window_task:_log_window_event:75 - Logging window event for 'Math Challenge' | Start: 2025-07-30T14:00:05.569424 | End: 2025-07-30T14:00:06.802419 | Duration: 1.2s
2025-07-30 14:00:06 | DEBUG    | devpulse_client.core.window_tracker.window_task:_start_tracking_new_window:68 - Started tracking window: '● captcha_task.py - devpulse-client-v2 - Visual Studio Code'
2025-07-30 14:00:08 | INFO     | devpulse_client.core.window_tracker.window_task:_log_previous_window_if_needed:51 - Window '● captcha_task.py - devpulse-client-v2 - Visual Studio Code' met duration threshold | Start: 2025-07-30T14:00:06.802419 | End: 2025-07-30T14:00:08.127873 | Duration: 1.3s (>= 0s threshold)
2025-07-30 14:00:08 | INFO     | devpulse_client.core.window_tracker.window_task:_log_window_event:75 - Logging window event for '● captcha_task.py - devpulse-client-v2 - Visual Studio Code' | Start: 2025-07-30T14:00:06.802419 | End: 2025-07-30T14:00:08.127873 | Duration: 1.3s
2025-07-30 14:00:08 | DEBUG    | devpulse_client.core.window_tracker.window_task:_start_tracking_new_window:68 - Started tracking window: 'Visual Studio Code'
2025-07-30 14:00:09 | INFO     | devpulse_client.core.window_tracker.window_task:_log_previous_window_if_needed:51 - Window 'Visual Studio Code' met duration threshold | Start: 2025-07-30T14:00:08.127873 | End: 2025-07-30T14:00:09.183705 | Duration: 1.1s (>= 0s threshold)
2025-07-30 14:00:09 | INFO     | devpulse_client.core.window_tracker.window_task:_log_window_event:75 - Logging window event for 'Visual Studio Code' | Start: 2025-07-30T14:00:08.127873 | End: 2025-07-30T14:00:09.183705 | Duration: 1.1s
2025-07-30 14:00:09 | DEBUG    | devpulse_client.core.window_tracker.window_task:_start_tracking_new_window:68 - Started tracking window: '● captcha_task.py - devpulse-client-v2 - Visual Studio Code'
2025-07-30 14:00:09 | INFO     | devpulse_client.core.window_tracker.window_task:_log_previous_window_if_needed:51 - Window '● captcha_task.py - devpulse-client-v2 - Visual Studio Code' met duration threshold | Start: 2025-07-30T14:00:09.183705 | End: 2025-07-30T14:00:09.256268 | Duration: 0.1s (>= 0s threshold)
2025-07-30 14:00:09 | INFO     | devpulse_client.core.window_tracker.window_task:_log_window_event:75 - Logging window event for '● captcha_task.py - devpulse-client-v2 - Visual Studio Code' | Start: 2025-07-30T14:00:09.183705 | End: 2025-07-30T14:00:09.256268 | Duration: 0.1s
2025-07-30 14:00:09 | DEBUG    | devpulse_client.core.window_tracker.window_task:_start_tracking_new_window:68 - Started tracking window: 'captcha_task.py - devpulse-client-v2 - Visual Studio Code'
2025-07-30 14:00:09 | INFO     | devpulse_client.core.window_tracker.window_task:_log_previous_window_if_needed:51 - Window 'captcha_task.py - devpulse-client-v2 - Visual Studio Code' met duration threshold | Start: 2025-07-30T14:00:09.256268 | End: 2025-07-30T14:00:09.400410 | Duration: 0.1s (>= 0s threshold)
2025-07-30 14:00:09 | INFO     | devpulse_client.core.window_tracker.window_task:_log_window_event:75 - Logging window event for 'captcha_task.py - devpulse-client-v2 - Visual Studio Code' | Start: 2025-07-30T14:00:09.256268 | End: 2025-07-30T14:00:09.400410 | Duration: 0.1s
2025-07-30 14:00:09 | DEBUG    | devpulse_client.core.window_tracker.window_task:_start_tracking_new_window:68 - Started tracking window: 'Math Challenge'
2025-07-30 14:00:09 | INFO     | devpulse_client.core.signal_handler.signal_handler:_handle_exit:54 - Received SIGHUP – starting graceful shutdown…
2025-07-30 14:00:09 | INFO     | devpulse_client.ingest.client.event_client:run:61 - Logging activity: System Stopped
2025-07-30 14:00:09 | ERROR    | devpulse_client.app.app:start:46 - Failed to run tracker: type object 'ActivityEventType' has no attribute 'SYSTEM_SHUTDOWN'
