2025-07-30 13:16:47 | INFO     | devpulse_client.auth.collectors.device_collector:collect_fingerprint:20 - Collecting device fingerprint
2025-07-30 13:16:47 | INFO     | devpulse_client.auth.collectors.device_collector:collect_fingerprint:23 - Collecting device fingerprint: 18:60:24:92:da:75
2025-07-30 13:16:47 | INFO     | devpulse_client.auth.collectors.device_collector:collect_fingerprint:26 - Collecting device fingerprint: OKEY
2025-07-30 13:16:47 | DEBUG    | devpulse_client.auth.collectors.device_collector:collect_fingerprint:29 - Collected device fingerprint: MAC=18:60:24:92:da:75
2025-07-30 13:16:47 | INFO     | devpulse_client.auth.client.auth_client:_send_login_request:144 - Credential validation successful: {'access_token': 'eyJhbGciOiJIUzI1NiIsInR5cCI6IkpXVCJ9.eyJzdWIiOiJmYXJ1ayIsImRldmljZV9tYWMiOiIxODo2MDoyNDo5MjpkYTo3NSJ9.mdvGKPs6tdby8LCZ1GdpPUjIwZ7I28mBg07IeLUbcuc', 'token_type': 'bearer', 'expires': False}
2025-07-30 13:16:47 | INFO     | devpulse_client.ingest.client.event_client:run:34 - Starting activity tracker
2025-07-30 13:16:47 | INFO     | devpulse_client.ingest.client.event_client:run:42 - Logging activity: System Started
2025-07-30 13:16:47 | DEBUG    | devpulse_client.core.window_tracker.window_task:_start_tracking_new_window:68 - Started tracking window: 'captcha_task.py - devpulse-client-v2 - Visual Studio Code'
2025-07-30 13:16:47 | INFO     | devpulse_client.core.activity_state_tracker.activity_state_task:tick:74 - Logging activity: User Active
2025-07-30 13:16:47 | INFO     | devpulse_client.core.window_tracker.window_task:_log_previous_window_if_needed:51 - Window 'captcha_task.py - devpulse-client-v2 - Visual Studio Code' met duration threshold | Start: 2025-07-30T13:16:47.608850 | End: 2025-07-30T13:16:47.857372 | Duration: 0.2s (>= 0s threshold)
2025-07-30 13:16:47 | INFO     | devpulse_client.core.window_tracker.window_task:_log_window_event:75 - Logging window event for 'captcha_task.py - devpulse-client-v2 - Visual Studio Code' | Start: 2025-07-30T13:16:47.608850 | End: 2025-07-30T13:16:47.857372 | Duration: 0.2s
2025-07-30 13:16:47 | DEBUG    | devpulse_client.core.window_tracker.window_task:_start_tracking_new_window:68 - Started tracking window: 'Math Challenge'
2025-07-30 13:16:50 | INFO     | devpulse_client.core.window_tracker.window_task:_log_previous_window_if_needed:51 - Window 'Math Challenge' met duration threshold | Start: 2025-07-30T13:16:47.857372 | End: 2025-07-30T13:16:50.348819 | Duration: 2.5s (>= 0s threshold)
2025-07-30 13:16:50 | INFO     | devpulse_client.core.window_tracker.window_task:_log_window_event:75 - Logging window event for 'Math Challenge' | Start: 2025-07-30T13:16:47.857372 | End: 2025-07-30T13:16:50.348819 | Duration: 2.5s
2025-07-30 13:16:50 | DEBUG    | devpulse_client.core.window_tracker.window_task:_start_tracking_new_window:68 - Started tracking window: 'captcha_task.py - devpulse-client-v2 - Visual Studio Code'
2025-07-30 13:16:50 | INFO     | devpulse_client.core.window_tracker.window_task:_log_previous_window_if_needed:51 - Window 'captcha_task.py - devpulse-client-v2 - Visual Studio Code' met duration threshold | Start: 2025-07-30T13:16:50.348819 | End: 2025-07-30T13:16:50.506715 | Duration: 0.2s (>= 0s threshold)
2025-07-30 13:16:50 | INFO     | devpulse_client.core.window_tracker.window_task:_log_window_event:75 - Logging window event for 'captcha_task.py - devpulse-client-v2 - Visual Studio Code' | Start: 2025-07-30T13:16:50.348819 | End: 2025-07-30T13:16:50.506715 | Duration: 0.2s
2025-07-30 13:16:50 | DEBUG    | devpulse_client.core.window_tracker.window_task:_start_tracking_new_window:68 - Started tracking window: 'Math Challenge'
2025-07-30 13:16:51 | INFO     | devpulse_client.core.window_tracker.window_task:_log_previous_window_if_needed:51 - Window 'Math Challenge' met duration threshold | Start: 2025-07-30T13:16:50.506715 | End: 2025-07-30T13:16:51.075269 | Duration: 0.6s (>= 0s threshold)
2025-07-30 13:16:51 | INFO     | devpulse_client.core.window_tracker.window_task:_log_window_event:75 - Logging window event for 'Math Challenge' | Start: 2025-07-30T13:16:50.506715 | End: 2025-07-30T13:16:51.075269 | Duration: 0.6s
2025-07-30 13:16:51 | DEBUG    | devpulse_client.core.window_tracker.window_task:_start_tracking_new_window:68 - Started tracking window: 'captcha_task.py - devpulse-client-v2 - Visual Studio Code'
2025-07-30 13:16:51 | INFO     | devpulse_client.core.window_tracker.window_task:_log_previous_window_if_needed:51 - Window 'captcha_task.py - devpulse-client-v2 - Visual Studio Code' met duration threshold | Start: 2025-07-30T13:16:51.075269 | End: 2025-07-30T13:16:51.263419 | Duration: 0.2s (>= 0s threshold)
2025-07-30 13:16:51 | INFO     | devpulse_client.core.window_tracker.window_task:_log_window_event:75 - Logging window event for 'captcha_task.py - devpulse-client-v2 - Visual Studio Code' | Start: 2025-07-30T13:16:51.075269 | End: 2025-07-30T13:16:51.263419 | Duration: 0.2s
2025-07-30 13:16:51 | DEBUG    | devpulse_client.core.window_tracker.window_task:_start_tracking_new_window:68 - Started tracking window: 'Math Challenge'
2025-07-30 13:17:03 | INFO     | devpulse_client.core.activity_state_tracker.activity_state_task:tick:101 - Logging activity: User Inactive
2025-07-30 13:17:09 | INFO     | devpulse_client.core.activity_state_tracker.activity_state_task:tick:106 - Logging activity: User Active
2025-07-30 13:17:34 | INFO     | devpulse_client.core.activity_state_tracker.activity_state_task:tick:101 - Logging activity: User Inactive
2025-07-30 13:17:45 | INFO     | devpulse_client.core.activity_state_tracker.activity_state_task:tick:106 - Logging activity: User Active
2025-07-30 13:17:51 | INFO     | devpulse_client.core.window_tracker.window_task:_log_previous_window_if_needed:51 - Window 'Math Challenge' met duration threshold | Start: 2025-07-30T13:16:51.263419 | End: 2025-07-30T13:17:51.828389 | Duration: 60.6s (>= 0s threshold)
2025-07-30 13:17:51 | INFO     | devpulse_client.core.window_tracker.window_task:_log_window_event:75 - Logging window event for 'Math Challenge' | Start: 2025-07-30T13:16:51.263419 | End: 2025-07-30T13:17:51.828389 | Duration: 60.6s
2025-07-30 13:17:51 | DEBUG    | devpulse_client.core.window_tracker.window_task:_start_tracking_new_window:68 - Started tracking window: 'N/A'
2025-07-30 13:17:51 | INFO     | devpulse_client.core.window_tracker.window_task:_log_previous_window_if_needed:51 - Window 'N/A' met duration threshold | Start: 2025-07-30T13:17:51.828389 | End: 2025-07-30T13:17:51.890639 | Duration: 0.1s (>= 0s threshold)
2025-07-30 13:17:51 | INFO     | devpulse_client.core.window_tracker.window_task:_log_window_event:75 - Logging window event for 'N/A' | Start: 2025-07-30T13:17:51.828389 | End: 2025-07-30T13:17:51.890639 | Duration: 0.1s
2025-07-30 13:17:51 | DEBUG    | devpulse_client.core.window_tracker.window_task:_start_tracking_new_window:68 - Started tracking window: 'Math Challenge'
2025-07-30 13:17:52 | INFO     | devpulse_client.core.window_tracker.window_task:_log_previous_window_if_needed:51 - Window 'Math Challenge' met duration threshold | Start: 2025-07-30T13:17:51.890639 | End: 2025-07-30T13:17:52.721149 | Duration: 0.8s (>= 0s threshold)
2025-07-30 13:17:52 | INFO     | devpulse_client.core.window_tracker.window_task:_log_window_event:75 - Logging window event for 'Math Challenge' | Start: 2025-07-30T13:17:51.890639 | End: 2025-07-30T13:17:52.721149 | Duration: 0.8s
2025-07-30 13:17:52 | DEBUG    | devpulse_client.core.window_tracker.window_task:_start_tracking_new_window:68 - Started tracking window: 'N/A'
2025-07-30 13:17:52 | INFO     | devpulse_client.core.window_tracker.window_task:_log_previous_window_if_needed:51 - Window 'N/A' met duration threshold | Start: 2025-07-30T13:17:52.721149 | End: 2025-07-30T13:17:52.769430 | Duration: 0.0s (>= 0s threshold)
2025-07-30 13:17:52 | INFO     | devpulse_client.core.window_tracker.window_task:_log_window_event:75 - Logging window event for 'N/A' | Start: 2025-07-30T13:17:52.721149 | End: 2025-07-30T13:17:52.769430 | Duration: 0.0s
2025-07-30 13:17:52 | DEBUG    | devpulse_client.core.window_tracker.window_task:_start_tracking_new_window:68 - Started tracking window: 'Math Challenge'
2025-07-30 13:17:53 | INFO     | devpulse_client.core.window_tracker.window_task:_log_previous_window_if_needed:51 - Window 'Math Challenge' met duration threshold | Start: 2025-07-30T13:17:52.769430 | End: 2025-07-30T13:17:53.231730 | Duration: 0.5s (>= 0s threshold)
2025-07-30 13:17:53 | INFO     | devpulse_client.core.window_tracker.window_task:_log_window_event:75 - Logging window event for 'Math Challenge' | Start: 2025-07-30T13:17:52.769430 | End: 2025-07-30T13:17:53.231730 | Duration: 0.5s
2025-07-30 13:17:53 | DEBUG    | devpulse_client.core.window_tracker.window_task:_start_tracking_new_window:68 - Started tracking window: 'N/A'
2025-07-30 13:17:53 | INFO     | devpulse_client.core.window_tracker.window_task:_log_previous_window_if_needed:51 - Window 'N/A' met duration threshold | Start: 2025-07-30T13:17:53.231730 | End: 2025-07-30T13:17:53.284196 | Duration: 0.1s (>= 0s threshold)
2025-07-30 13:17:53 | INFO     | devpulse_client.core.window_tracker.window_task:_log_window_event:75 - Logging window event for 'N/A' | Start: 2025-07-30T13:17:53.231730 | End: 2025-07-30T13:17:53.284196 | Duration: 0.1s
2025-07-30 13:17:53 | DEBUG    | devpulse_client.core.window_tracker.window_task:_start_tracking_new_window:68 - Started tracking window: 'Math Challenge'
2025-07-30 13:17:56 | INFO     | devpulse_client.core.window_tracker.window_task:_log_previous_window_if_needed:51 - Window 'Math Challenge' met duration threshold | Start: 2025-07-30T13:17:53.284196 | End: 2025-07-30T13:17:56.191021 | Duration: 2.9s (>= 0s threshold)
2025-07-30 13:17:56 | INFO     | devpulse_client.core.window_tracker.window_task:_log_window_event:75 - Logging window event for 'Math Challenge' | Start: 2025-07-30T13:17:53.284196 | End: 2025-07-30T13:17:56.191021 | Duration: 2.9s
2025-07-30 13:17:56 | DEBUG    | devpulse_client.core.window_tracker.window_task:_start_tracking_new_window:68 - Started tracking window: 'N/A'
2025-07-30 13:17:56 | INFO     | devpulse_client.core.window_tracker.window_task:_log_previous_window_if_needed:51 - Window 'N/A' met duration threshold | Start: 2025-07-30T13:17:56.191021 | End: 2025-07-30T13:17:56.238226 | Duration: 0.0s (>= 0s threshold)
2025-07-30 13:17:56 | INFO     | devpulse_client.core.window_tracker.window_task:_log_window_event:75 - Logging window event for 'N/A' | Start: 2025-07-30T13:17:56.191021 | End: 2025-07-30T13:17:56.238226 | Duration: 0.0s
2025-07-30 13:17:56 | DEBUG    | devpulse_client.core.window_tracker.window_task:_start_tracking_new_window:68 - Started tracking window: 'Math Challenge'
2025-07-30 13:18:03 | INFO     | devpulse_client.core.window_tracker.window_task:_log_previous_window_if_needed:51 - Window 'Math Challenge' met duration threshold | Start: 2025-07-30T13:17:56.238226 | End: 2025-07-30T13:18:03.095020 | Duration: 6.9s (>= 0s threshold)
2025-07-30 13:18:03 | INFO     | devpulse_client.core.window_tracker.window_task:_log_window_event:75 - Logging window event for 'Math Challenge' | Start: 2025-07-30T13:17:56.238226 | End: 2025-07-30T13:18:03.095020 | Duration: 6.9s
2025-07-30 13:18:03 | DEBUG    | devpulse_client.core.window_tracker.window_task:_start_tracking_new_window:68 - Started tracking window: 'Information'
2025-07-30 13:18:04 | INFO     | devpulse_client.core.window_tracker.window_task:_log_previous_window_if_needed:51 - Window 'Information' met duration threshold | Start: 2025-07-30T13:18:03.095020 | End: 2025-07-30T13:18:04.304033 | Duration: 1.2s (>= 0s threshold)
2025-07-30 13:18:04 | INFO     | devpulse_client.core.window_tracker.window_task:_log_window_event:75 - Logging window event for 'Information' | Start: 2025-07-30T13:18:03.095020 | End: 2025-07-30T13:18:04.304033 | Duration: 1.2s
2025-07-30 13:18:04 | DEBUG    | devpulse_client.core.window_tracker.window_task:_start_tracking_new_window:68 - Started tracking window: 'captcha_task.py - devpulse-client-v2 - Visual Studio Code'
2025-07-30 13:18:07 | INFO     | devpulse_client.core.window_tracker.window_task:_log_previous_window_if_needed:51 - Window 'captcha_task.py - devpulse-client-v2 - Visual Studio Code' met duration threshold | Start: 2025-07-30T13:18:04.304033 | End: 2025-07-30T13:18:07.126579 | Duration: 2.8s (>= 0s threshold)
2025-07-30 13:18:07 | INFO     | devpulse_client.core.window_tracker.window_task:_log_window_event:75 - Logging window event for 'captcha_task.py - devpulse-client-v2 - Visual Studio Code' | Start: 2025-07-30T13:18:04.304033 | End: 2025-07-30T13:18:07.126579 | Duration: 2.8s
2025-07-30 13:18:07 | DEBUG    | devpulse_client.core.window_tracker.window_task:_start_tracking_new_window:68 - Started tracking window: 'Math Challenge'
2025-07-30 13:18:07 | INFO     | devpulse_client.core.window_tracker.window_task:_log_previous_window_if_needed:51 - Window 'Math Challenge' met duration threshold | Start: 2025-07-30T13:18:07.126579 | End: 2025-07-30T13:18:07.316188 | Duration: 0.2s (>= 0s threshold)
2025-07-30 13:18:07 | INFO     | devpulse_client.core.window_tracker.window_task:_log_window_event:75 - Logging window event for 'Math Challenge' | Start: 2025-07-30T13:18:07.126579 | End: 2025-07-30T13:18:07.316188 | Duration: 0.2s
2025-07-30 13:18:07 | DEBUG    | devpulse_client.core.window_tracker.window_task:_start_tracking_new_window:68 - Started tracking window: 'captcha_task.py - devpulse-client-v2 - Visual Studio Code'
2025-07-30 13:18:07 | INFO     | devpulse_client.core.window_tracker.window_task:_log_previous_window_if_needed:51 - Window 'captcha_task.py - devpulse-client-v2 - Visual Studio Code' met duration threshold | Start: 2025-07-30T13:18:07.316188 | End: 2025-07-30T13:18:07.872224 | Duration: 0.6s (>= 0s threshold)
2025-07-30 13:18:07 | INFO     | devpulse_client.core.window_tracker.window_task:_log_window_event:75 - Logging window event for 'captcha_task.py - devpulse-client-v2 - Visual Studio Code' | Start: 2025-07-30T13:18:07.316188 | End: 2025-07-30T13:18:07.872224 | Duration: 0.6s
2025-07-30 13:18:07 | DEBUG    | devpulse_client.core.window_tracker.window_task:_start_tracking_new_window:68 - Started tracking window: 'Math Challenge'
2025-07-30 13:18:13 | INFO     | devpulse_client.core.window_tracker.window_task:_log_previous_window_if_needed:51 - Window 'Math Challenge' met duration threshold | Start: 2025-07-30T13:18:07.872224 | End: 2025-07-30T13:18:12.993252 | Duration: 5.1s (>= 0s threshold)
2025-07-30 13:18:13 | INFO     | devpulse_client.core.window_tracker.window_task:_log_window_event:75 - Logging window event for 'Math Challenge' | Start: 2025-07-30T13:18:07.872224 | End: 2025-07-30T13:18:12.993252 | Duration: 5.1s
2025-07-30 13:18:13 | DEBUG    | devpulse_client.core.window_tracker.window_task:_start_tracking_new_window:68 - Started tracking window: 'N/A'
2025-07-30 13:18:13 | INFO     | devpulse_client.core.window_tracker.window_task:_log_previous_window_if_needed:51 - Window 'N/A' met duration threshold | Start: 2025-07-30T13:18:12.993252 | End: 2025-07-30T13:18:13.135163 | Duration: 0.1s (>= 0s threshold)
2025-07-30 13:18:13 | INFO     | devpulse_client.core.window_tracker.window_task:_log_window_event:75 - Logging window event for 'N/A' | Start: 2025-07-30T13:18:12.993252 | End: 2025-07-30T13:18:13.135163 | Duration: 0.1s
2025-07-30 13:18:13 | DEBUG    | devpulse_client.core.window_tracker.window_task:_start_tracking_new_window:68 - Started tracking window: 'captcha_task.py - devpulse-client-v2 - Visual Studio Code'
2025-07-30 13:18:13 | INFO     | devpulse_client.core.window_tracker.window_task:_log_previous_window_if_needed:51 - Window 'captcha_task.py - devpulse-client-v2 - Visual Studio Code' met duration threshold | Start: 2025-07-30T13:18:13.135163 | End: 2025-07-30T13:18:13.261423 | Duration: 0.1s (>= 0s threshold)
2025-07-30 13:18:13 | INFO     | devpulse_client.core.window_tracker.window_task:_log_window_event:75 - Logging window event for 'captcha_task.py - devpulse-client-v2 - Visual Studio Code' | Start: 2025-07-30T13:18:13.135163 | End: 2025-07-30T13:18:13.261423 | Duration: 0.1s
2025-07-30 13:18:13 | DEBUG    | devpulse_client.core.window_tracker.window_task:_start_tracking_new_window:68 - Started tracking window: 'Information'
2025-07-30 13:18:15 | INFO     | devpulse_client.core.window_tracker.window_task:_log_previous_window_if_needed:51 - Window 'Information' met duration threshold | Start: 2025-07-30T13:18:13.261423 | End: 2025-07-30T13:18:15.013759 | Duration: 1.8s (>= 0s threshold)
2025-07-30 13:18:15 | INFO     | devpulse_client.core.window_tracker.window_task:_log_window_event:75 - Logging window event for 'Information' | Start: 2025-07-30T13:18:13.261423 | End: 2025-07-30T13:18:15.013759 | Duration: 1.8s
2025-07-30 13:18:15 | DEBUG    | devpulse_client.core.window_tracker.window_task:_start_tracking_new_window:68 - Started tracking window: 'captcha_task.py - devpulse-client-v2 - Visual Studio Code'
2025-07-30 13:18:18 | INFO     | devpulse_client.core.window_tracker.window_task:_log_previous_window_if_needed:51 - Window 'captcha_task.py - devpulse-client-v2 - Visual Studio Code' met duration threshold | Start: 2025-07-30T13:18:15.013759 | End: 2025-07-30T13:18:18.783308 | Duration: 3.8s (>= 0s threshold)
2025-07-30 13:18:18 | INFO     | devpulse_client.core.window_tracker.window_task:_log_window_event:75 - Logging window event for 'captcha_task.py - devpulse-client-v2 - Visual Studio Code' | Start: 2025-07-30T13:18:15.013759 | End: 2025-07-30T13:18:18.783308 | Duration: 3.8s
2025-07-30 13:18:18 | DEBUG    | devpulse_client.core.window_tracker.window_task:_start_tracking_new_window:68 - Started tracking window: 'Math Challenge'
2025-07-30 13:18:22 | INFO     | devpulse_client.core.window_tracker.window_task:_log_previous_window_if_needed:51 - Window 'Math Challenge' met duration threshold | Start: 2025-07-30T13:18:18.783308 | End: 2025-07-30T13:18:22.213924 | Duration: 3.4s (>= 0s threshold)
2025-07-30 13:18:22 | INFO     | devpulse_client.core.window_tracker.window_task:_log_window_event:75 - Logging window event for 'Math Challenge' | Start: 2025-07-30T13:18:18.783308 | End: 2025-07-30T13:18:22.213924 | Duration: 3.4s
2025-07-30 13:18:22 | DEBUG    | devpulse_client.core.window_tracker.window_task:_start_tracking_new_window:68 - Started tracking window: 'captcha_task.py - devpulse-client-v2 - Visual Studio Code'
2025-07-30 13:18:27 | INFO     | devpulse_client.core.window_tracker.window_task:_log_previous_window_if_needed:51 - Window 'captcha_task.py - devpulse-client-v2 - Visual Studio Code' met duration threshold | Start: 2025-07-30T13:18:22.213924 | End: 2025-07-30T13:18:27.825130 | Duration: 5.6s (>= 0s threshold)
2025-07-30 13:18:27 | INFO     | devpulse_client.core.window_tracker.window_task:_log_window_event:75 - Logging window event for 'captcha_task.py - devpulse-client-v2 - Visual Studio Code' | Start: 2025-07-30T13:18:22.213924 | End: 2025-07-30T13:18:27.825130 | Duration: 5.6s
2025-07-30 13:18:27 | DEBUG    | devpulse_client.core.window_tracker.window_task:_start_tracking_new_window:68 - Started tracking window: 'Math Challenge'
2025-07-30 13:18:44 | INFO     | devpulse_client.core.activity_state_tracker.activity_state_task:tick:101 - Logging activity: User Inactive
2025-07-30 13:18:59 | INFO     | devpulse_client.core.activity_state_tracker.activity_state_task:tick:106 - Logging activity: User Active
2025-07-30 13:19:09 | INFO     | devpulse_client.core.activity_state_tracker.activity_state_task:tick:101 - Logging activity: User Inactive
2025-07-30 13:20:40 | INFO     | devpulse_client.core.activity_state_tracker.activity_state_task:tick:106 - Logging activity: User Active
2025-07-30 13:20:50 | INFO     | devpulse_client.core.activity_state_tracker.activity_state_task:tick:101 - Logging activity: User Inactive
2025-07-30 13:23:00 | INFO     | devpulse_client.core.activity_state_tracker.activity_state_task:tick:106 - Logging activity: User Active
2025-07-30 13:23:13 | INFO     | devpulse_client.core.window_tracker.window_task:_log_previous_window_if_needed:51 - Window 'Math Challenge' met duration threshold | Start: 2025-07-30T13:18:27.825130 | End: 2025-07-30T13:23:13.547564 | Duration: 285.7s (>= 0s threshold)
2025-07-30 13:23:13 | INFO     | devpulse_client.core.window_tracker.window_task:_log_window_event:75 - Logging window event for 'Math Challenge' | Start: 2025-07-30T13:18:27.825130 | End: 2025-07-30T13:23:13.547564 | Duration: 285.7s
2025-07-30 13:23:13 | DEBUG    | devpulse_client.core.window_tracker.window_task:_start_tracking_new_window:68 - Started tracking window: 'captcha_task.py - devpulse-client-v2 - Visual Studio Code'
2025-07-30 13:23:24 | INFO     | devpulse_client.core.window_tracker.window_task:_log_previous_window_if_needed:51 - Window 'captcha_task.py - devpulse-client-v2 - Visual Studio Code' met duration threshold | Start: 2025-07-30T13:23:13.547564 | End: 2025-07-30T13:23:24.665820 | Duration: 11.1s (>= 0s threshold)
2025-07-30 13:23:24 | INFO     | devpulse_client.core.window_tracker.window_task:_log_window_event:75 - Logging window event for 'captcha_task.py - devpulse-client-v2 - Visual Studio Code' | Start: 2025-07-30T13:23:13.547564 | End: 2025-07-30T13:23:24.665820 | Duration: 11.1s
2025-07-30 13:23:24 | DEBUG    | devpulse_client.core.window_tracker.window_task:_start_tracking_new_window:68 - Started tracking window: 'Captcha task update — Mozilla Firefox'
2025-07-30 13:23:28 | INFO     | devpulse_client.core.window_tracker.window_task:_log_previous_window_if_needed:51 - Window 'Captcha task update — Mozilla Firefox' met duration threshold | Start: 2025-07-30T13:23:24.665820 | End: 2025-07-30T13:23:28.027212 | Duration: 3.4s (>= 0s threshold)
2025-07-30 13:23:28 | INFO     | devpulse_client.core.window_tracker.window_task:_log_window_event:75 - Logging window event for 'Captcha task update — Mozilla Firefox' | Start: 2025-07-30T13:23:24.665820 | End: 2025-07-30T13:23:28.027212 | Duration: 3.4s
2025-07-30 13:23:28 | DEBUG    | devpulse_client.core.window_tracker.window_task:_start_tracking_new_window:68 - Started tracking window: 'Math Challenge'
2025-07-30 13:23:29 | INFO     | devpulse_client.core.window_tracker.window_task:_log_previous_window_if_needed:51 - Window 'Math Challenge' met duration threshold | Start: 2025-07-30T13:23:28.027212 | End: 2025-07-30T13:23:29.722976 | Duration: 1.7s (>= 0s threshold)
2025-07-30 13:23:29 | INFO     | devpulse_client.core.window_tracker.window_task:_log_window_event:75 - Logging window event for 'Math Challenge' | Start: 2025-07-30T13:23:28.027212 | End: 2025-07-30T13:23:29.722976 | Duration: 1.7s
2025-07-30 13:23:29 | DEBUG    | devpulse_client.core.window_tracker.window_task:_start_tracking_new_window:68 - Started tracking window: 'captcha_task.py - devpulse-client-v2 - Visual Studio Code'
2025-07-30 13:23:29 | INFO     | devpulse_client.core.signal_handler.signal_handler:_handle_exit:54 - Received SIGINT – starting graceful shutdown…
2025-07-30 13:23:30 | INFO     | devpulse_client.ingest.client.event_client:run:61 - Logging activity: System Stopped
