2025-07-30 10:44:19 | INFO     | devpulse_client.auth.collectors.device_collector:collect_fingerprint:20 - Collecting device fingerprint
2025-07-30 10:44:19 | INFO     | devpulse_client.auth.collectors.device_collector:collect_fingerprint:23 - Collecting device fingerprint: 18:60:24:92:da:75
2025-07-30 10:44:19 | INFO     | devpulse_client.auth.collectors.device_collector:collect_fingerprint:26 - Collecting device fingerprint: OKEY
2025-07-30 10:44:19 | DEBUG    | devpulse_client.auth.collectors.device_collector:collect_fingerprint:29 - Collected device fingerprint: MAC=18:60:24:92:da:75
2025-07-30 10:44:20 | INFO     | devpulse_client.auth.client.auth_client:_send_login_request:144 - Credential validation successful: {'access_token': 'eyJhbGciOiJIUzI1NiIsInR5cCI6IkpXVCJ9.eyJzdWIiOiJmYXJ1ayIsImRldmljZV9tYWMiOiIxODo2MDoyNDo5MjpkYTo3NSJ9.mdvGKPs6tdby8LCZ1GdpPUjIwZ7I28mBg07IeLUbcuc', 'token_type': 'bearer', 'expires': False}
2025-07-30 10:44:20 | INFO     | devpulse_client.ingest.client.event_client:run:34 - Starting activity tracker
2025-07-30 10:44:20 | INFO     | devpulse_client.ingest.client.event_client:run:42 - Logging activity: System Started
2025-07-30 10:44:20 | DEBUG    | devpulse_client.core.window_tracker.window_task:_start_tracking_new_window:68 - Started tracking window: 'tracker_config.py - devpulse-client-v2 - Visual Studio Code'
2025-07-30 10:44:20 | INFO     | devpulse_client.core.activity_state_tracker.activity_state_task:tick:74 - Logging activity: User Active
2025-07-30 10:44:20 | INFO     | devpulse_client.core.window_tracker.window_task:_log_previous_window_if_needed:51 - Window 'tracker_config.py - devpulse-client-v2 - Visual Studio Code' met duration threshold | Start: 2025-07-30T10:44:20.232690 | End: 2025-07-30T10:44:20.455933 | Duration: 0.2s (>= 0s threshold)
2025-07-30 10:44:20 | INFO     | devpulse_client.core.window_tracker.window_task:_log_window_event:75 - Logging window event for 'tracker_config.py - devpulse-client-v2 - Visual Studio Code' | Start: 2025-07-30T10:44:20.232690 | End: 2025-07-30T10:44:20.455933 | Duration: 0.2s
2025-07-30 10:44:20 | DEBUG    | devpulse_client.core.window_tracker.window_task:_start_tracking_new_window:68 - Started tracking window: 'Math Challenge'
2025-07-30 10:44:34 | INFO     | devpulse_client.core.window_tracker.window_task:_log_previous_window_if_needed:51 - Window 'Math Challenge' met duration threshold | Start: 2025-07-30T10:44:20.455933 | End: 2025-07-30T10:44:34.247017 | Duration: 13.8s (>= 0s threshold)
2025-07-30 10:44:34 | INFO     | devpulse_client.core.window_tracker.window_task:_log_window_event:75 - Logging window event for 'Math Challenge' | Start: 2025-07-30T10:44:20.455933 | End: 2025-07-30T10:44:34.247017 | Duration: 13.8s
2025-07-30 10:44:34 | DEBUG    | devpulse_client.core.window_tracker.window_task:_start_tracking_new_window:68 - Started tracking window: 'tracker_config.py - devpulse-client-v2 - Visual Studio Code'
2025-07-30 10:44:44 | INFO     | devpulse_client.core.window_tracker.window_task:_log_previous_window_if_needed:51 - Window 'tracker_config.py - devpulse-client-v2 - Visual Studio Code' met duration threshold | Start: 2025-07-30T10:44:34.247017 | End: 2025-07-30T10:44:44.474717 | Duration: 10.2s (>= 0s threshold)
2025-07-30 10:44:44 | INFO     | devpulse_client.core.window_tracker.window_task:_log_window_event:75 - Logging window event for 'tracker_config.py - devpulse-client-v2 - Visual Studio Code' | Start: 2025-07-30T10:44:34.247017 | End: 2025-07-30T10:44:44.474717 | Duration: 10.2s
2025-07-30 10:44:44 | DEBUG    | devpulse_client.core.window_tracker.window_task:_start_tracking_new_window:68 - Started tracking window: 'pgAdmin 4'
2025-07-30 10:45:38 | INFO     | devpulse_client.core.window_tracker.window_task:_log_previous_window_if_needed:51 - Window 'pgAdmin 4' met duration threshold | Start: 2025-07-30T10:44:44.474717 | End: 2025-07-30T10:45:38.592682 | Duration: 54.1s (>= 0s threshold)
2025-07-30 10:45:38 | INFO     | devpulse_client.core.window_tracker.window_task:_log_window_event:75 - Logging window event for 'pgAdmin 4' | Start: 2025-07-30T10:44:44.474717 | End: 2025-07-30T10:45:38.592682 | Duration: 54.1s
2025-07-30 10:45:38 | DEBUG    | devpulse_client.core.window_tracker.window_task:_start_tracking_new_window:68 - Started tracking window: 'tracker_config.py - devpulse-client-v2 - Visual Studio Code'
2025-07-30 10:45:41 | INFO     | devpulse_client.core.window_tracker.window_task:_log_previous_window_if_needed:51 - Window 'tracker_config.py - devpulse-client-v2 - Visual Studio Code' met duration threshold | Start: 2025-07-30T10:45:38.592682 | End: 2025-07-30T10:45:41.335884 | Duration: 2.7s (>= 0s threshold)
2025-07-30 10:45:41 | INFO     | devpulse_client.core.window_tracker.window_task:_log_window_event:75 - Logging window event for 'tracker_config.py - devpulse-client-v2 - Visual Studio Code' | Start: 2025-07-30T10:45:38.592682 | End: 2025-07-30T10:45:41.335884 | Duration: 2.7s
2025-07-30 10:45:41 | DEBUG    | devpulse_client.core.window_tracker.window_task:_start_tracking_new_window:68 - Started tracking window: 'pgadmin4'
2025-07-30 10:45:41 | INFO     | devpulse_client.core.window_tracker.window_task:_log_previous_window_if_needed:51 - Window 'pgadmin4' met duration threshold | Start: 2025-07-30T10:45:41.335884 | End: 2025-07-30T10:45:41.502883 | Duration: 0.2s (>= 0s threshold)
2025-07-30 10:45:41 | INFO     | devpulse_client.core.window_tracker.window_task:_log_window_event:75 - Logging window event for 'pgadmin4' | Start: 2025-07-30T10:45:41.335884 | End: 2025-07-30T10:45:41.502883 | Duration: 0.2s
2025-07-30 10:45:41 | DEBUG    | devpulse_client.core.window_tracker.window_task:_start_tracking_new_window:68 - Started tracking window: 'pgAdmin 4'
2025-07-30 10:45:48 | INFO     | devpulse_client.core.window_tracker.window_task:_log_previous_window_if_needed:51 - Window 'pgAdmin 4' met duration threshold | Start: 2025-07-30T10:45:41.502883 | End: 2025-07-30T10:45:48.335140 | Duration: 6.8s (>= 0s threshold)
2025-07-30 10:45:48 | INFO     | devpulse_client.core.window_tracker.window_task:_log_window_event:75 - Logging window event for 'pgAdmin 4' | Start: 2025-07-30T10:45:41.502883 | End: 2025-07-30T10:45:48.335140 | Duration: 6.8s
2025-07-30 10:45:48 | DEBUG    | devpulse_client.core.window_tracker.window_task:_start_tracking_new_window:68 - Started tracking window: 'pgadmin4'
2025-07-30 10:45:48 | INFO     | devpulse_client.core.window_tracker.window_task:_log_previous_window_if_needed:51 - Window 'pgadmin4' met duration threshold | Start: 2025-07-30T10:45:48.335140 | End: 2025-07-30T10:45:48.416070 | Duration: 0.1s (>= 0s threshold)
2025-07-30 10:45:48 | INFO     | devpulse_client.core.window_tracker.window_task:_log_window_event:75 - Logging window event for 'pgadmin4' | Start: 2025-07-30T10:45:48.335140 | End: 2025-07-30T10:45:48.416070 | Duration: 0.1s
2025-07-30 10:45:48 | DEBUG    | devpulse_client.core.window_tracker.window_task:_start_tracking_new_window:68 - Started tracking window: 'pgAdmin 4'
2025-07-30 10:47:46 | INFO     | devpulse_client.core.window_tracker.window_task:_log_previous_window_if_needed:51 - Window 'pgAdmin 4' met duration threshold | Start: 2025-07-30T10:45:48.416070 | End: 2025-07-30T10:47:46.159935 | Duration: 117.7s (>= 0s threshold)
2025-07-30 10:47:46 | INFO     | devpulse_client.core.window_tracker.window_task:_log_window_event:75 - Logging window event for 'pgAdmin 4' | Start: 2025-07-30T10:45:48.416070 | End: 2025-07-30T10:47:46.159935 | Duration: 117.7s
2025-07-30 10:47:46 | DEBUG    | devpulse_client.core.window_tracker.window_task:_start_tracking_new_window:68 - Started tracking window: 'All Files'
2025-07-30 10:47:47 | INFO     | devpulse_client.core.window_tracker.window_task:_log_previous_window_if_needed:51 - Window 'All Files' met duration threshold | Start: 2025-07-30T10:47:46.159935 | End: 2025-07-30T10:47:47.399796 | Duration: 1.2s (>= 0s threshold)
2025-07-30 10:47:47 | INFO     | devpulse_client.core.window_tracker.window_task:_log_window_event:75 - Logging window event for 'All Files' | Start: 2025-07-30T10:47:46.159935 | End: 2025-07-30T10:47:47.399796 | Duration: 1.2s
2025-07-30 10:47:47 | DEBUG    | devpulse_client.core.window_tracker.window_task:_start_tracking_new_window:68 - Started tracking window: 'pgAdmin 4'
2025-07-30 10:48:10 | INFO     | devpulse_client.core.window_tracker.window_task:_log_previous_window_if_needed:51 - Window 'pgAdmin 4' met duration threshold | Start: 2025-07-30T10:47:47.399796 | End: 2025-07-30T10:48:10.909739 | Duration: 23.5s (>= 0s threshold)
2025-07-30 10:48:10 | INFO     | devpulse_client.core.window_tracker.window_task:_log_window_event:75 - Logging window event for 'pgAdmin 4' | Start: 2025-07-30T10:47:47.399796 | End: 2025-07-30T10:48:10.909739 | Duration: 23.5s
2025-07-30 10:48:10 | DEBUG    | devpulse_client.core.window_tracker.window_task:_start_tracking_new_window:68 - Started tracking window: 'Ubuntu'
2025-07-30 10:48:15 | INFO     | devpulse_client.core.window_tracker.window_task:_log_previous_window_if_needed:51 - Window 'Ubuntu' met duration threshold | Start: 2025-07-30T10:48:10.909739 | End: 2025-07-30T10:48:15.786591 | Duration: 4.9s (>= 0s threshold)
2025-07-30 10:48:15 | INFO     | devpulse_client.core.window_tracker.window_task:_log_window_event:75 - Logging window event for 'Ubuntu' | Start: 2025-07-30T10:48:10.909739 | End: 2025-07-30T10:48:15.786591 | Duration: 4.9s
2025-07-30 10:48:15 | DEBUG    | devpulse_client.core.window_tracker.window_task:_start_tracking_new_window:68 - Started tracking window: 'tracker_config.py - devpulse-client-v2 - Visual Studio Code'
2025-07-30 10:48:20 | INFO     | devpulse_client.core.window_tracker.window_task:_log_previous_window_if_needed:51 - Window 'tracker_config.py - devpulse-client-v2 - Visual Studio Code' met duration threshold | Start: 2025-07-30T10:48:15.786591 | End: 2025-07-30T10:48:20.811111 | Duration: 5.0s (>= 0s threshold)
2025-07-30 10:48:20 | INFO     | devpulse_client.core.window_tracker.window_task:_log_window_event:75 - Logging window event for 'tracker_config.py - devpulse-client-v2 - Visual Studio Code' | Start: 2025-07-30T10:48:15.786591 | End: 2025-07-30T10:48:20.811111 | Duration: 5.0s
2025-07-30 10:48:20 | DEBUG    | devpulse_client.core.window_tracker.window_task:_start_tracking_new_window:68 - Started tracking window: 'Math Challenge'
2025-07-30 10:48:27 | INFO     | devpulse_client.core.window_tracker.window_task:_log_previous_window_if_needed:51 - Window 'Math Challenge' met duration threshold | Start: 2025-07-30T10:48:20.811111 | End: 2025-07-30T10:48:27.556484 | Duration: 6.7s (>= 0s threshold)
2025-07-30 10:48:27 | INFO     | devpulse_client.core.window_tracker.window_task:_log_window_event:75 - Logging window event for 'Math Challenge' | Start: 2025-07-30T10:48:20.811111 | End: 2025-07-30T10:48:27.556484 | Duration: 6.7s
2025-07-30 10:48:27 | DEBUG    | devpulse_client.core.window_tracker.window_task:_start_tracking_new_window:68 - Started tracking window: 'pgadmin4'
2025-07-30 10:48:27 | INFO     | devpulse_client.core.window_tracker.window_task:_log_previous_window_if_needed:51 - Window 'pgadmin4' met duration threshold | Start: 2025-07-30T10:48:27.556484 | End: 2025-07-30T10:48:27.729450 | Duration: 0.2s (>= 0s threshold)
2025-07-30 10:48:27 | INFO     | devpulse_client.core.window_tracker.window_task:_log_window_event:75 - Logging window event for 'pgadmin4' | Start: 2025-07-30T10:48:27.556484 | End: 2025-07-30T10:48:27.729450 | Duration: 0.2s
2025-07-30 10:48:27 | DEBUG    | devpulse_client.core.window_tracker.window_task:_start_tracking_new_window:68 - Started tracking window: 'pgAdmin 4'
2025-07-30 10:48:34 | INFO     | devpulse_client.core.window_tracker.window_task:_log_previous_window_if_needed:51 - Window 'pgAdmin 4' met duration threshold | Start: 2025-07-30T10:48:27.729450 | End: 2025-07-30T10:48:34.567865 | Duration: 6.8s (>= 0s threshold)
2025-07-30 10:48:34 | INFO     | devpulse_client.core.window_tracker.window_task:_log_window_event:75 - Logging window event for 'pgAdmin 4' | Start: 2025-07-30T10:48:27.729450 | End: 2025-07-30T10:48:34.567865 | Duration: 6.8s
2025-07-30 10:48:34 | DEBUG    | devpulse_client.core.window_tracker.window_task:_start_tracking_new_window:68 - Started tracking window: 'N/A'
2025-07-30 10:48:34 | INFO     | devpulse_client.core.window_tracker.window_task:_log_previous_window_if_needed:51 - Window 'N/A' met duration threshold | Start: 2025-07-30T10:48:34.567865 | End: 2025-07-30T10:48:34.610748 | Duration: 0.0s (>= 0s threshold)
2025-07-30 10:48:34 | INFO     | devpulse_client.core.window_tracker.window_task:_log_window_event:75 - Logging window event for 'N/A' | Start: 2025-07-30T10:48:34.567865 | End: 2025-07-30T10:48:34.610748 | Duration: 0.0s
2025-07-30 10:48:34 | DEBUG    | devpulse_client.core.window_tracker.window_task:_start_tracking_new_window:68 - Started tracking window: 'pgadmin4'
2025-07-30 10:48:34 | INFO     | devpulse_client.core.window_tracker.window_task:_log_previous_window_if_needed:51 - Window 'pgadmin4' met duration threshold | Start: 2025-07-30T10:48:34.610748 | End: 2025-07-30T10:48:34.701373 | Duration: 0.1s (>= 0s threshold)
2025-07-30 10:48:34 | INFO     | devpulse_client.core.window_tracker.window_task:_log_window_event:75 - Logging window event for 'pgadmin4' | Start: 2025-07-30T10:48:34.610748 | End: 2025-07-30T10:48:34.701373 | Duration: 0.1s
2025-07-30 10:48:34 | DEBUG    | devpulse_client.core.window_tracker.window_task:_start_tracking_new_window:68 - Started tracking window: 'pgAdmin 4'
2025-07-30 10:50:50 | INFO     | devpulse_client.core.window_tracker.window_task:_log_previous_window_if_needed:51 - Window 'pgAdmin 4' met duration threshold | Start: 2025-07-30T10:48:34.701373 | End: 2025-07-30T10:50:50.245832 | Duration: 135.5s (>= 0s threshold)
2025-07-30 10:50:50 | INFO     | devpulse_client.core.window_tracker.window_task:_log_window_event:75 - Logging window event for 'pgAdmin 4' | Start: 2025-07-30T10:48:34.701373 | End: 2025-07-30T10:50:50.245832 | Duration: 135.5s
2025-07-30 10:50:50 | DEBUG    | devpulse_client.core.window_tracker.window_task:_start_tracking_new_window:68 - Started tracking window: 'Math Challenge'
2025-07-30 10:50:51 | INFO     | devpulse_client.core.window_tracker.window_task:_log_previous_window_if_needed:51 - Window 'Math Challenge' met duration threshold | Start: 2025-07-30T10:50:50.245832 | End: 2025-07-30T10:50:51.581292 | Duration: 1.3s (>= 0s threshold)
2025-07-30 10:50:51 | INFO     | devpulse_client.core.window_tracker.window_task:_log_window_event:75 - Logging window event for 'Math Challenge' | Start: 2025-07-30T10:50:50.245832 | End: 2025-07-30T10:50:51.581292 | Duration: 1.3s
2025-07-30 10:50:51 | DEBUG    | devpulse_client.core.window_tracker.window_task:_start_tracking_new_window:68 - Started tracking window: 'pgAdmin 4'
2025-07-30 10:50:51 | INFO     | devpulse_client.core.window_tracker.window_task:_log_previous_window_if_needed:51 - Window 'pgAdmin 4' met duration threshold | Start: 2025-07-30T10:50:51.581292 | End: 2025-07-30T10:50:51.772322 | Duration: 0.2s (>= 0s threshold)
2025-07-30 10:50:51 | INFO     | devpulse_client.core.window_tracker.window_task:_log_window_event:75 - Logging window event for 'pgAdmin 4' | Start: 2025-07-30T10:50:51.581292 | End: 2025-07-30T10:50:51.772322 | Duration: 0.2s
2025-07-30 10:50:51 | DEBUG    | devpulse_client.core.window_tracker.window_task:_start_tracking_new_window:68 - Started tracking window: 'Information'
2025-07-30 10:50:52 | INFO     | devpulse_client.core.window_tracker.window_task:_log_previous_window_if_needed:51 - Window 'Information' met duration threshold | Start: 2025-07-30T10:50:51.772322 | End: 2025-07-30T10:50:52.489549 | Duration: 0.7s (>= 0s threshold)
2025-07-30 10:50:52 | INFO     | devpulse_client.core.window_tracker.window_task:_log_window_event:75 - Logging window event for 'Information' | Start: 2025-07-30T10:50:51.772322 | End: 2025-07-30T10:50:52.489549 | Duration: 0.7s
2025-07-30 10:50:52 | DEBUG    | devpulse_client.core.window_tracker.window_task:_start_tracking_new_window:68 - Started tracking window: 'pgAdmin 4'
2025-07-30 10:50:53 | INFO     | devpulse_client.core.window_tracker.window_task:_log_previous_window_if_needed:51 - Window 'pgAdmin 4' met duration threshold | Start: 2025-07-30T10:50:52.489549 | End: 2025-07-30T10:50:53.879033 | Duration: 1.4s (>= 0s threshold)
2025-07-30 10:50:53 | INFO     | devpulse_client.core.window_tracker.window_task:_log_window_event:75 - Logging window event for 'pgAdmin 4' | Start: 2025-07-30T10:50:52.489549 | End: 2025-07-30T10:50:53.879033 | Duration: 1.4s
2025-07-30 10:50:53 | DEBUG    | devpulse_client.core.window_tracker.window_task:_start_tracking_new_window:68 - Started tracking window: 'Math Challenge'
2025-07-30 10:50:55 | INFO     | devpulse_client.core.window_tracker.window_task:_log_previous_window_if_needed:51 - Window 'Math Challenge' met duration threshold | Start: 2025-07-30T10:50:53.879033 | End: 2025-07-30T10:50:55.669031 | Duration: 1.8s (>= 0s threshold)
2025-07-30 10:50:55 | INFO     | devpulse_client.core.window_tracker.window_task:_log_window_event:75 - Logging window event for 'Math Challenge' | Start: 2025-07-30T10:50:53.879033 | End: 2025-07-30T10:50:55.669031 | Duration: 1.8s
2025-07-30 10:50:55 | DEBUG    | devpulse_client.core.window_tracker.window_task:_start_tracking_new_window:68 - Started tracking window: 'pgAdmin 4'
2025-07-30 10:51:01 | INFO     | devpulse_client.core.window_tracker.window_task:_log_previous_window_if_needed:51 - Window 'pgAdmin 4' met duration threshold | Start: 2025-07-30T10:50:55.669031 | End: 2025-07-30T10:51:01.058570 | Duration: 5.4s (>= 0s threshold)
2025-07-30 10:51:01 | INFO     | devpulse_client.core.window_tracker.window_task:_log_window_event:75 - Logging window event for 'pgAdmin 4' | Start: 2025-07-30T10:50:55.669031 | End: 2025-07-30T10:51:01.058570 | Duration: 5.4s
2025-07-30 10:51:01 | DEBUG    | devpulse_client.core.window_tracker.window_task:_start_tracking_new_window:68 - Started tracking window: 'Math Challenge'
2025-07-30 10:51:04 | INFO     | devpulse_client.core.window_tracker.window_task:_log_previous_window_if_needed:51 - Window 'Math Challenge' met duration threshold | Start: 2025-07-30T10:51:01.058570 | End: 2025-07-30T10:51:04.630465 | Duration: 3.6s (>= 0s threshold)
2025-07-30 10:51:04 | INFO     | devpulse_client.core.window_tracker.window_task:_log_window_event:75 - Logging window event for 'Math Challenge' | Start: 2025-07-30T10:51:01.058570 | End: 2025-07-30T10:51:04.630465 | Duration: 3.6s
2025-07-30 10:51:04 | DEBUG    | devpulse_client.core.window_tracker.window_task:_start_tracking_new_window:68 - Started tracking window: 'pgAdmin 4'
2025-07-30 10:51:14 | INFO     | devpulse_client.core.window_tracker.window_task:_log_previous_window_if_needed:51 - Window 'pgAdmin 4' met duration threshold | Start: 2025-07-30T10:51:04.630465 | End: 2025-07-30T10:51:14.620213 | Duration: 10.0s (>= 0s threshold)
2025-07-30 10:51:14 | INFO     | devpulse_client.core.window_tracker.window_task:_log_window_event:75 - Logging window event for 'pgAdmin 4' | Start: 2025-07-30T10:51:04.630465 | End: 2025-07-30T10:51:14.620213 | Duration: 10.0s
2025-07-30 10:51:14 | DEBUG    | devpulse_client.core.window_tracker.window_task:_start_tracking_new_window:68 - Started tracking window: 'Math Challenge'
2025-07-30 10:51:16 | INFO     | devpulse_client.core.window_tracker.window_task:_log_previous_window_if_needed:51 - Window 'Math Challenge' met duration threshold | Start: 2025-07-30T10:51:14.620213 | End: 2025-07-30T10:51:16.852020 | Duration: 2.2s (>= 0s threshold)
2025-07-30 10:51:16 | INFO     | devpulse_client.core.window_tracker.window_task:_log_window_event:75 - Logging window event for 'Math Challenge' | Start: 2025-07-30T10:51:14.620213 | End: 2025-07-30T10:51:16.852020 | Duration: 2.2s
2025-07-30 10:51:16 | DEBUG    | devpulse_client.core.window_tracker.window_task:_start_tracking_new_window:68 - Started tracking window: 'pgAdmin 4'
2025-07-30 10:51:35 | INFO     | devpulse_client.core.window_tracker.window_task:_log_previous_window_if_needed:51 - Window 'pgAdmin 4' met duration threshold | Start: 2025-07-30T10:51:16.852020 | End: 2025-07-30T10:51:35.491013 | Duration: 18.6s (>= 0s threshold)
2025-07-30 10:51:35 | INFO     | devpulse_client.core.window_tracker.window_task:_log_window_event:75 - Logging window event for 'pgAdmin 4' | Start: 2025-07-30T10:51:16.852020 | End: 2025-07-30T10:51:35.491013 | Duration: 18.6s
2025-07-30 10:51:35 | DEBUG    | devpulse_client.core.window_tracker.window_task:_start_tracking_new_window:68 - Started tracking window: 'Math Challenge'
2025-07-30 10:53:02 | INFO     | devpulse_client.core.window_tracker.window_task:_log_previous_window_if_needed:51 - Window 'Math Challenge' met duration threshold | Start: 2025-07-30T10:51:35.491013 | End: 2025-07-30T10:53:02.763138 | Duration: 87.3s (>= 0s threshold)
2025-07-30 10:53:02 | INFO     | devpulse_client.core.window_tracker.window_task:_log_window_event:75 - Logging window event for 'Math Challenge' | Start: 2025-07-30T10:51:35.491013 | End: 2025-07-30T10:53:02.763138 | Duration: 87.3s
2025-07-30 10:53:02 | DEBUG    | devpulse_client.core.window_tracker.window_task:_start_tracking_new_window:68 - Started tracking window: 'pgAdmin 4'
2025-07-30 10:53:08 | INFO     | devpulse_client.core.window_tracker.window_task:_log_previous_window_if_needed:51 - Window 'pgAdmin 4' met duration threshold | Start: 2025-07-30T10:53:02.763138 | End: 2025-07-30T10:53:08.070259 | Duration: 5.3s (>= 0s threshold)
2025-07-30 10:53:08 | INFO     | devpulse_client.core.window_tracker.window_task:_log_window_event:75 - Logging window event for 'pgAdmin 4' | Start: 2025-07-30T10:53:02.763138 | End: 2025-07-30T10:53:08.070259 | Duration: 5.3s
2025-07-30 10:53:08 | DEBUG    | devpulse_client.core.window_tracker.window_task:_start_tracking_new_window:68 - Started tracking window: 'Math Challenge'
2025-07-30 10:53:16 | INFO     | devpulse_client.core.window_tracker.window_task:_log_previous_window_if_needed:51 - Window 'Math Challenge' met duration threshold | Start: 2025-07-30T10:53:08.070259 | End: 2025-07-30T10:53:16.831160 | Duration: 8.8s (>= 0s threshold)
2025-07-30 10:53:16 | INFO     | devpulse_client.core.window_tracker.window_task:_log_window_event:75 - Logging window event for 'Math Challenge' | Start: 2025-07-30T10:53:08.070259 | End: 2025-07-30T10:53:16.831160 | Duration: 8.8s
2025-07-30 10:53:16 | DEBUG    | devpulse_client.core.window_tracker.window_task:_start_tracking_new_window:68 - Started tracking window: 'pgAdmin 4'
2025-07-30 10:53:30 | INFO     | devpulse_client.core.activity_state_tracker.activity_state_task:tick:101 - Logging activity: User Inactive
2025-07-30 10:53:37 | INFO     | devpulse_client.core.activity_state_tracker.activity_state_task:tick:106 - Logging activity: User Active
2025-07-30 10:53:42 | INFO     | devpulse_client.core.window_tracker.window_task:_log_previous_window_if_needed:51 - Window 'pgAdmin 4' met duration threshold | Start: 2025-07-30T10:53:16.831160 | End: 2025-07-30T10:53:42.724517 | Duration: 25.9s (>= 0s threshold)
2025-07-30 10:53:42 | INFO     | devpulse_client.core.window_tracker.window_task:_log_window_event:75 - Logging window event for 'pgAdmin 4' | Start: 2025-07-30T10:53:16.831160 | End: 2025-07-30T10:53:42.724517 | Duration: 25.9s
2025-07-30 10:53:42 | DEBUG    | devpulse_client.core.window_tracker.window_task:_start_tracking_new_window:68 - Started tracking window: 'tracker_config.py - devpulse-client-v2 - Visual Studio Code'
2025-07-30 10:53:42 | INFO     | devpulse_client.core.window_tracker.window_task:_log_previous_window_if_needed:51 - Window 'tracker_config.py - devpulse-client-v2 - Visual Studio Code' met duration threshold | Start: 2025-07-30T10:53:42.724517 | End: 2025-07-30T10:53:42.901655 | Duration: 0.2s (>= 0s threshold)
2025-07-30 10:53:42 | INFO     | devpulse_client.core.window_tracker.window_task:_log_window_event:75 - Logging window event for 'tracker_config.py - devpulse-client-v2 - Visual Studio Code' | Start: 2025-07-30T10:53:42.724517 | End: 2025-07-30T10:53:42.901655 | Duration: 0.2s
2025-07-30 10:53:42 | DEBUG    | devpulse_client.core.window_tracker.window_task:_start_tracking_new_window:68 - Started tracking window: 'captcha_task.py - devpulse-client-v2 - Visual Studio Code'
2025-07-30 10:55:16 | INFO     | devpulse_client.core.window_tracker.window_task:_log_previous_window_if_needed:51 - Window 'captcha_task.py - devpulse-client-v2 - Visual Studio Code' met duration threshold | Start: 2025-07-30T10:53:42.901655 | End: 2025-07-30T10:55:16.733241 | Duration: 93.8s (>= 0s threshold)
2025-07-30 10:55:16 | INFO     | devpulse_client.core.window_tracker.window_task:_log_window_event:75 - Logging window event for 'captcha_task.py - devpulse-client-v2 - Visual Studio Code' | Start: 2025-07-30T10:53:42.901655 | End: 2025-07-30T10:55:16.733241 | Duration: 93.8s
2025-07-30 10:55:16 | DEBUG    | devpulse_client.core.window_tracker.window_task:_start_tracking_new_window:68 - Started tracking window: 'Math Challenge'
2025-07-30 10:55:18 | INFO     | devpulse_client.core.window_tracker.window_task:_log_previous_window_if_needed:51 - Window 'Math Challenge' met duration threshold | Start: 2025-07-30T10:55:16.733241 | End: 2025-07-30T10:55:18.868997 | Duration: 2.1s (>= 0s threshold)
2025-07-30 10:55:18 | INFO     | devpulse_client.core.window_tracker.window_task:_log_window_event:75 - Logging window event for 'Math Challenge' | Start: 2025-07-30T10:55:16.733241 | End: 2025-07-30T10:55:18.868997 | Duration: 2.1s
2025-07-30 10:55:18 | DEBUG    | devpulse_client.core.window_tracker.window_task:_start_tracking_new_window:68 - Started tracking window: 'N/A'
2025-07-30 10:55:18 | INFO     | devpulse_client.core.window_tracker.window_task:_log_previous_window_if_needed:51 - Window 'N/A' met duration threshold | Start: 2025-07-30T10:55:18.868997 | End: 2025-07-30T10:55:18.925814 | Duration: 0.1s (>= 0s threshold)
2025-07-30 10:55:18 | INFO     | devpulse_client.core.window_tracker.window_task:_log_window_event:75 - Logging window event for 'N/A' | Start: 2025-07-30T10:55:18.868997 | End: 2025-07-30T10:55:18.925814 | Duration: 0.1s
2025-07-30 10:55:18 | DEBUG    | devpulse_client.core.window_tracker.window_task:_start_tracking_new_window:68 - Started tracking window: 'captcha_task.py - devpulse-client-v2 - Visual Studio Code'
2025-07-30 10:55:19 | INFO     | devpulse_client.core.window_tracker.window_task:_log_previous_window_if_needed:51 - Window 'captcha_task.py - devpulse-client-v2 - Visual Studio Code' met duration threshold | Start: 2025-07-30T10:55:18.925814 | End: 2025-07-30T10:55:19.109380 | Duration: 0.2s (>= 0s threshold)
2025-07-30 10:55:19 | INFO     | devpulse_client.core.window_tracker.window_task:_log_window_event:75 - Logging window event for 'captcha_task.py - devpulse-client-v2 - Visual Studio Code' | Start: 2025-07-30T10:55:18.925814 | End: 2025-07-30T10:55:19.109380 | Duration: 0.2s
2025-07-30 10:55:19 | DEBUG    | devpulse_client.core.window_tracker.window_task:_start_tracking_new_window:68 - Started tracking window: 'Information'
2025-07-30 10:55:19 | INFO     | devpulse_client.core.window_tracker.window_task:_log_previous_window_if_needed:51 - Window 'Information' met duration threshold | Start: 2025-07-30T10:55:19.109380 | End: 2025-07-30T10:55:19.950160 | Duration: 0.8s (>= 0s threshold)
2025-07-30 10:55:19 | INFO     | devpulse_client.core.window_tracker.window_task:_log_window_event:75 - Logging window event for 'Information' | Start: 2025-07-30T10:55:19.109380 | End: 2025-07-30T10:55:19.950160 | Duration: 0.8s
2025-07-30 10:55:19 | DEBUG    | devpulse_client.core.window_tracker.window_task:_start_tracking_new_window:68 - Started tracking window: 'captcha_task.py - devpulse-client-v2 - Visual Studio Code'
2025-07-30 10:55:21 | INFO     | devpulse_client.core.window_tracker.window_task:_log_previous_window_if_needed:51 - Window 'captcha_task.py - devpulse-client-v2 - Visual Studio Code' met duration threshold | Start: 2025-07-30T10:55:19.950160 | End: 2025-07-30T10:55:21.496531 | Duration: 1.5s (>= 0s threshold)
2025-07-30 10:55:21 | INFO     | devpulse_client.core.window_tracker.window_task:_log_window_event:75 - Logging window event for 'captcha_task.py - devpulse-client-v2 - Visual Studio Code' | Start: 2025-07-30T10:55:19.950160 | End: 2025-07-30T10:55:21.496531 | Duration: 1.5s
2025-07-30 10:55:21 | DEBUG    | devpulse_client.core.window_tracker.window_task:_start_tracking_new_window:68 - Started tracking window: 'Math Challenge'
2025-07-30 10:55:23 | INFO     | devpulse_client.core.window_tracker.window_task:_log_previous_window_if_needed:51 - Window 'Math Challenge' met duration threshold | Start: 2025-07-30T10:55:21.496531 | End: 2025-07-30T10:55:23.853424 | Duration: 2.4s (>= 0s threshold)
2025-07-30 10:55:23 | INFO     | devpulse_client.core.window_tracker.window_task:_log_window_event:75 - Logging window event for 'Math Challenge' | Start: 2025-07-30T10:55:21.496531 | End: 2025-07-30T10:55:23.853424 | Duration: 2.4s
2025-07-30 10:55:23 | DEBUG    | devpulse_client.core.window_tracker.window_task:_start_tracking_new_window:68 - Started tracking window: 'captcha_task.py - devpulse-client-v2 - Visual Studio Code'
2025-07-30 10:55:24 | INFO     | devpulse_client.core.window_tracker.window_task:_log_previous_window_if_needed:51 - Window 'captcha_task.py - devpulse-client-v2 - Visual Studio Code' met duration threshold | Start: 2025-07-30T10:55:23.853424 | End: 2025-07-30T10:55:24.068062 | Duration: 0.2s (>= 0s threshold)
2025-07-30 10:55:24 | INFO     | devpulse_client.core.window_tracker.window_task:_log_window_event:75 - Logging window event for 'captcha_task.py - devpulse-client-v2 - Visual Studio Code' | Start: 2025-07-30T10:55:23.853424 | End: 2025-07-30T10:55:24.068062 | Duration: 0.2s
2025-07-30 10:55:24 | DEBUG    | devpulse_client.core.window_tracker.window_task:_start_tracking_new_window:68 - Started tracking window: 'Warning'
2025-07-30 10:55:24 | INFO     | devpulse_client.core.window_tracker.window_task:_log_previous_window_if_needed:51 - Window 'Warning' met duration threshold | Start: 2025-07-30T10:55:24.068062 | End: 2025-07-30T10:55:24.631525 | Duration: 0.6s (>= 0s threshold)
2025-07-30 10:55:24 | INFO     | devpulse_client.core.window_tracker.window_task:_log_window_event:75 - Logging window event for 'Warning' | Start: 2025-07-30T10:55:24.068062 | End: 2025-07-30T10:55:24.631525 | Duration: 0.6s
2025-07-30 10:55:24 | DEBUG    | devpulse_client.core.window_tracker.window_task:_start_tracking_new_window:68 - Started tracking window: 'captcha_task.py - devpulse-client-v2 - Visual Studio Code'
2025-07-30 10:55:31 | INFO     | devpulse_client.core.window_tracker.window_task:_log_previous_window_if_needed:51 - Window 'captcha_task.py - devpulse-client-v2 - Visual Studio Code' met duration threshold | Start: 2025-07-30T10:55:24.631525 | End: 2025-07-30T10:55:31.490854 | Duration: 6.9s (>= 0s threshold)
2025-07-30 10:55:31 | INFO     | devpulse_client.core.window_tracker.window_task:_log_window_event:75 - Logging window event for 'captcha_task.py - devpulse-client-v2 - Visual Studio Code' | Start: 2025-07-30T10:55:24.631525 | End: 2025-07-30T10:55:31.490854 | Duration: 6.9s
2025-07-30 10:55:31 | DEBUG    | devpulse_client.core.window_tracker.window_task:_start_tracking_new_window:68 - Started tracking window: 'Math Challenge'
2025-07-30 10:55:38 | INFO     | devpulse_client.core.window_tracker.window_task:_log_previous_window_if_needed:51 - Window 'Math Challenge' met duration threshold | Start: 2025-07-30T10:55:31.490854 | End: 2025-07-30T10:55:38.613384 | Duration: 7.1s (>= 0s threshold)
2025-07-30 10:55:38 | INFO     | devpulse_client.core.window_tracker.window_task:_log_window_event:75 - Logging window event for 'Math Challenge' | Start: 2025-07-30T10:55:31.490854 | End: 2025-07-30T10:55:38.613384 | Duration: 7.1s
2025-07-30 10:55:38 | DEBUG    | devpulse_client.core.window_tracker.window_task:_start_tracking_new_window:68 - Started tracking window: 'captcha_task.py - devpulse-client-v2 - Visual Studio Code'
2025-07-30 10:55:38 | INFO     | devpulse_client.core.window_tracker.window_task:_log_previous_window_if_needed:51 - Window 'captcha_task.py - devpulse-client-v2 - Visual Studio Code' met duration threshold | Start: 2025-07-30T10:55:38.613384 | End: 2025-07-30T10:55:38.771014 | Duration: 0.2s (>= 0s threshold)
2025-07-30 10:55:38 | INFO     | devpulse_client.core.window_tracker.window_task:_log_window_event:75 - Logging window event for 'captcha_task.py - devpulse-client-v2 - Visual Studio Code' | Start: 2025-07-30T10:55:38.613384 | End: 2025-07-30T10:55:38.771014 | Duration: 0.2s
2025-07-30 10:55:38 | DEBUG    | devpulse_client.core.window_tracker.window_task:_start_tracking_new_window:68 - Started tracking window: 'Invalid Input'
2025-07-30 10:55:39 | INFO     | devpulse_client.core.window_tracker.window_task:_log_previous_window_if_needed:51 - Window 'Invalid Input' met duration threshold | Start: 2025-07-30T10:55:38.771014 | End: 2025-07-30T10:55:39.560391 | Duration: 0.8s (>= 0s threshold)
2025-07-30 10:55:39 | INFO     | devpulse_client.core.window_tracker.window_task:_log_window_event:75 - Logging window event for 'Invalid Input' | Start: 2025-07-30T10:55:38.771014 | End: 2025-07-30T10:55:39.560391 | Duration: 0.8s
2025-07-30 10:55:39 | DEBUG    | devpulse_client.core.window_tracker.window_task:_start_tracking_new_window:68 - Started tracking window: 'captcha_task.py - devpulse-client-v2 - Visual Studio Code'
2025-07-30 10:55:41 | INFO     | devpulse_client.core.window_tracker.window_task:_log_previous_window_if_needed:51 - Window 'captcha_task.py - devpulse-client-v2 - Visual Studio Code' met duration threshold | Start: 2025-07-30T10:55:39.560391 | End: 2025-07-30T10:55:41.461604 | Duration: 1.9s (>= 0s threshold)
2025-07-30 10:55:41 | INFO     | devpulse_client.core.window_tracker.window_task:_log_window_event:75 - Logging window event for 'captcha_task.py - devpulse-client-v2 - Visual Studio Code' | Start: 2025-07-30T10:55:39.560391 | End: 2025-07-30T10:55:41.461604 | Duration: 1.9s
2025-07-30 10:55:41 | DEBUG    | devpulse_client.core.window_tracker.window_task:_start_tracking_new_window:68 - Started tracking window: 'Math Challenge'
2025-07-30 10:55:44 | INFO     | devpulse_client.core.window_tracker.window_task:_log_previous_window_if_needed:51 - Window 'Math Challenge' met duration threshold | Start: 2025-07-30T10:55:41.461604 | End: 2025-07-30T10:55:44.733428 | Duration: 3.3s (>= 0s threshold)
2025-07-30 10:55:44 | INFO     | devpulse_client.core.window_tracker.window_task:_log_window_event:75 - Logging window event for 'Math Challenge' | Start: 2025-07-30T10:55:41.461604 | End: 2025-07-30T10:55:44.733428 | Duration: 3.3s
2025-07-30 10:55:44 | DEBUG    | devpulse_client.core.window_tracker.window_task:_start_tracking_new_window:68 - Started tracking window: 'captcha_task.py - devpulse-client-v2 - Visual Studio Code'
2025-07-30 10:55:44 | INFO     | devpulse_client.core.window_tracker.window_task:_log_previous_window_if_needed:51 - Window 'captcha_task.py - devpulse-client-v2 - Visual Studio Code' met duration threshold | Start: 2025-07-30T10:55:44.733428 | End: 2025-07-30T10:55:44.969262 | Duration: 0.2s (>= 0s threshold)
2025-07-30 10:55:44 | INFO     | devpulse_client.core.window_tracker.window_task:_log_window_event:75 - Logging window event for 'captcha_task.py - devpulse-client-v2 - Visual Studio Code' | Start: 2025-07-30T10:55:44.733428 | End: 2025-07-30T10:55:44.969262 | Duration: 0.2s
2025-07-30 10:55:44 | DEBUG    | devpulse_client.core.window_tracker.window_task:_start_tracking_new_window:68 - Started tracking window: 'Warning'
2025-07-30 10:55:45 | INFO     | devpulse_client.core.window_tracker.window_task:_log_previous_window_if_needed:51 - Window 'Warning' met duration threshold | Start: 2025-07-30T10:55:44.969262 | End: 2025-07-30T10:55:45.550330 | Duration: 0.6s (>= 0s threshold)
2025-07-30 10:55:45 | INFO     | devpulse_client.core.window_tracker.window_task:_log_window_event:75 - Logging window event for 'Warning' | Start: 2025-07-30T10:55:44.969262 | End: 2025-07-30T10:55:45.550330 | Duration: 0.6s
2025-07-30 10:55:45 | DEBUG    | devpulse_client.core.window_tracker.window_task:_start_tracking_new_window:68 - Started tracking window: 'captcha_task.py - devpulse-client-v2 - Visual Studio Code'
2025-07-30 10:55:51 | INFO     | devpulse_client.core.window_tracker.window_task:_log_previous_window_if_needed:51 - Window 'captcha_task.py - devpulse-client-v2 - Visual Studio Code' met duration threshold | Start: 2025-07-30T10:55:45.550330 | End: 2025-07-30T10:55:51.510354 | Duration: 6.0s (>= 0s threshold)
2025-07-30 10:55:51 | INFO     | devpulse_client.core.window_tracker.window_task:_log_window_event:75 - Logging window event for 'captcha_task.py - devpulse-client-v2 - Visual Studio Code' | Start: 2025-07-30T10:55:45.550330 | End: 2025-07-30T10:55:51.510354 | Duration: 6.0s
2025-07-30 10:55:51 | DEBUG    | devpulse_client.core.window_tracker.window_task:_start_tracking_new_window:68 - Started tracking window: 'Math Challenge'
2025-07-30 10:55:57 | INFO     | devpulse_client.core.window_tracker.window_task:_log_previous_window_if_needed:51 - Window 'Math Challenge' met duration threshold | Start: 2025-07-30T10:55:51.510354 | End: 2025-07-30T10:55:57.922583 | Duration: 6.4s (>= 0s threshold)
2025-07-30 10:55:57 | INFO     | devpulse_client.core.window_tracker.window_task:_log_window_event:75 - Logging window event for 'Math Challenge' | Start: 2025-07-30T10:55:51.510354 | End: 2025-07-30T10:55:57.922583 | Duration: 6.4s
2025-07-30 10:55:57 | DEBUG    | devpulse_client.core.window_tracker.window_task:_start_tracking_new_window:68 - Started tracking window: 'captcha_task.py - devpulse-client-v2 - Visual Studio Code'
2025-07-30 10:57:02 | INFO     | devpulse_client.core.window_tracker.window_task:_log_previous_window_if_needed:51 - Window 'captcha_task.py - devpulse-client-v2 - Visual Studio Code' met duration threshold | Start: 2025-07-30T10:55:57.922583 | End: 2025-07-30T10:57:02.412851 | Duration: 64.5s (>= 0s threshold)
2025-07-30 10:57:02 | INFO     | devpulse_client.core.window_tracker.window_task:_log_window_event:75 - Logging window event for 'captcha_task.py - devpulse-client-v2 - Visual Studio Code' | Start: 2025-07-30T10:55:57.922583 | End: 2025-07-30T10:57:02.412851 | Duration: 64.5s
2025-07-30 10:57:02 | DEBUG    | devpulse_client.core.window_tracker.window_task:_start_tracking_new_window:68 - Started tracking window: '● app.py - devpulse-client-v2 - Visual Studio Code'
2025-07-30 10:57:07 | INFO     | devpulse_client.core.window_tracker.window_task:_log_previous_window_if_needed:51 - Window '● app.py - devpulse-client-v2 - Visual Studio Code' met duration threshold | Start: 2025-07-30T10:57:02.412851 | End: 2025-07-30T10:57:07.148842 | Duration: 4.7s (>= 0s threshold)
2025-07-30 10:57:07 | INFO     | devpulse_client.core.window_tracker.window_task:_log_window_event:75 - Logging window event for '● app.py - devpulse-client-v2 - Visual Studio Code' | Start: 2025-07-30T10:57:02.412851 | End: 2025-07-30T10:57:07.148842 | Duration: 4.7s
2025-07-30 10:57:07 | DEBUG    | devpulse_client.core.window_tracker.window_task:_start_tracking_new_window:68 - Started tracking window: 'event_client.py - devpulse-client-v2 - Visual Studio Code'
2025-07-30 10:57:44 | INFO     | devpulse_client.core.window_tracker.window_task:_log_previous_window_if_needed:51 - Window 'event_client.py - devpulse-client-v2 - Visual Studio Code' met duration threshold | Start: 2025-07-30T10:57:07.148842 | End: 2025-07-30T10:57:44.857152 | Duration: 37.7s (>= 0s threshold)
2025-07-30 10:57:44 | INFO     | devpulse_client.core.window_tracker.window_task:_log_window_event:75 - Logging window event for 'event_client.py - devpulse-client-v2 - Visual Studio Code' | Start: 2025-07-30T10:57:07.148842 | End: 2025-07-30T10:57:44.857152 | Duration: 37.7s
2025-07-30 10:57:44 | DEBUG    | devpulse_client.core.window_tracker.window_task:_start_tracking_new_window:68 - Started tracking window: 'captcha_task.py - devpulse-client-v2 - Visual Studio Code'
2025-07-30 10:59:05 | INFO     | devpulse_client.core.activity_state_tracker.activity_state_task:tick:101 - Logging activity: User Inactive
2025-07-30 11:02:03 | INFO     | devpulse_client.core.activity_state_tracker.activity_state_task:tick:106 - Logging activity: User Active
2025-07-30 11:02:21 | INFO     | devpulse_client.core.activity_state_tracker.activity_state_task:tick:101 - Logging activity: User Inactive
2025-07-30 11:03:16 | INFO     | devpulse_client.core.activity_state_tracker.activity_state_task:tick:106 - Logging activity: User Active
2025-07-30 11:03:18 | INFO     | devpulse_client.core.window_tracker.window_task:_log_previous_window_if_needed:51 - Window 'captcha_task.py - devpulse-client-v2 - Visual Studio Code' met duration threshold | Start: 2025-07-30T10:57:44.857152 | End: 2025-07-30T11:03:18.449286 | Duration: 333.6s (>= 0s threshold)
2025-07-30 11:03:18 | INFO     | devpulse_client.core.window_tracker.window_task:_log_window_event:75 - Logging window event for 'captcha_task.py - devpulse-client-v2 - Visual Studio Code' | Start: 2025-07-30T10:57:44.857152 | End: 2025-07-30T11:03:18.449286 | Duration: 333.6s
2025-07-30 11:03:18 | DEBUG    | devpulse_client.core.window_tracker.window_task:_start_tracking_new_window:68 - Started tracking window: 'Yaman Yücel Cybersoft (DM) - Sirket Ici - Slack — Mozilla Firefox'
2025-07-30 11:03:20 | INFO     | devpulse_client.core.window_tracker.window_task:_log_previous_window_if_needed:51 - Window 'Yaman Yücel Cybersoft (DM) - Sirket Ici - Slack — Mozilla Firefox' met duration threshold | Start: 2025-07-30T11:03:18.449286 | End: 2025-07-30T11:03:20.598141 | Duration: 2.1s (>= 0s threshold)
2025-07-30 11:03:20 | INFO     | devpulse_client.core.window_tracker.window_task:_log_window_event:75 - Logging window event for 'Yaman Yücel Cybersoft (DM) - Sirket Ici - Slack — Mozilla Firefox' | Start: 2025-07-30T11:03:18.449286 | End: 2025-07-30T11:03:20.598141 | Duration: 2.1s
2025-07-30 11:03:20 | DEBUG    | devpulse_client.core.window_tracker.window_task:_start_tracking_new_window:68 - Started tracking window: 'Mozilla Firefox'
2025-07-30 11:03:23 | INFO     | devpulse_client.core.window_tracker.window_task:_log_previous_window_if_needed:51 - Window 'Mozilla Firefox' met duration threshold | Start: 2025-07-30T11:03:20.598141 | End: 2025-07-30T11:03:23.702302 | Duration: 3.1s (>= 0s threshold)
2025-07-30 11:03:23 | INFO     | devpulse_client.core.window_tracker.window_task:_log_window_event:75 - Logging window event for 'Mozilla Firefox' | Start: 2025-07-30T11:03:20.598141 | End: 2025-07-30T11:03:23.702302 | Duration: 3.1s
2025-07-30 11:03:23 | DEBUG    | devpulse_client.core.window_tracker.window_task:_start_tracking_new_window:68 - Started tracking window: 'Cursor - The AI Code Editor — Mozilla Firefox'
2025-07-30 11:05:50 | INFO     | devpulse_client.core.window_tracker.window_task:_log_previous_window_if_needed:51 - Window 'Cursor - The AI Code Editor — Mozilla Firefox' met duration threshold | Start: 2025-07-30T11:03:23.702302 | End: 2025-07-30T11:05:50.001919 | Duration: 146.3s (>= 0s threshold)
2025-07-30 11:05:50 | INFO     | devpulse_client.core.window_tracker.window_task:_log_window_event:75 - Logging window event for 'Cursor - The AI Code Editor — Mozilla Firefox' | Start: 2025-07-30T11:03:23.702302 | End: 2025-07-30T11:05:50.001919 | Duration: 146.3s
2025-07-30 11:05:50 | DEBUG    | devpulse_client.core.window_tracker.window_task:_start_tracking_new_window:68 - Started tracking window: 'Mozilla Firefox'
2025-07-30 11:06:00 | INFO     | devpulse_client.core.activity_state_tracker.activity_state_task:tick:101 - Logging activity: User Inactive
2025-07-30 11:07:25 | INFO     | devpulse_client.core.activity_state_tracker.activity_state_task:tick:106 - Logging activity: User Active
2025-07-30 11:07:26 | INFO     | devpulse_client.core.window_tracker.window_task:_log_previous_window_if_needed:51 - Window 'Mozilla Firefox' met duration threshold | Start: 2025-07-30T11:05:50.001919 | End: 2025-07-30T11:07:26.540545 | Duration: 96.5s (>= 0s threshold)
2025-07-30 11:07:26 | INFO     | devpulse_client.core.window_tracker.window_task:_log_window_event:75 - Logging window event for 'Mozilla Firefox' | Start: 2025-07-30T11:05:50.001919 | End: 2025-07-30T11:07:26.540545 | Duration: 96.5s
2025-07-30 11:07:26 | DEBUG    | devpulse_client.core.window_tracker.window_task:_start_tracking_new_window:68 - Started tracking window: 'Cursor - The AI Code Editor — Mozilla Firefox'
2025-07-30 11:07:28 | INFO     | devpulse_client.core.window_tracker.window_task:_log_previous_window_if_needed:51 - Window 'Cursor - The AI Code Editor — Mozilla Firefox' met duration threshold | Start: 2025-07-30T11:07:26.540545 | End: 2025-07-30T11:07:28.204510 | Duration: 1.7s (>= 0s threshold)
2025-07-30 11:07:28 | INFO     | devpulse_client.core.window_tracker.window_task:_log_window_event:75 - Logging window event for 'Cursor - The AI Code Editor — Mozilla Firefox' | Start: 2025-07-30T11:07:26.540545 | End: 2025-07-30T11:07:28.204510 | Duration: 1.7s
2025-07-30 11:07:28 | DEBUG    | devpulse_client.core.window_tracker.window_task:_start_tracking_new_window:68 - Started tracking window: 'Handle captcha timeouts and incorrect answers – The AI Code Editor — Mozilla Firefox'
2025-07-30 11:07:38 | INFO     | devpulse_client.core.window_tracker.window_task:_log_previous_window_if_needed:51 - Window 'Handle captcha timeouts and incorrect answers – The AI Code Editor — Mozilla Firefox' met duration threshold | Start: 2025-07-30T11:07:28.204510 | End: 2025-07-30T11:07:38.486332 | Duration: 10.3s (>= 0s threshold)
2025-07-30 11:07:38 | INFO     | devpulse_client.core.window_tracker.window_task:_log_window_event:75 - Logging window event for 'Handle captcha timeouts and incorrect answers – The AI Code Editor — Mozilla Firefox' | Start: 2025-07-30T11:07:28.204510 | End: 2025-07-30T11:07:38.486332 | Duration: 10.3s
2025-07-30 11:07:38 | DEBUG    | devpulse_client.core.window_tracker.window_task:_start_tracking_new_window:68 - Started tracking window: 'captcha_task.py - devpulse-client-v2 - Visual Studio Code'
2025-07-30 11:07:41 | INFO     | devpulse_client.core.window_tracker.window_task:_log_previous_window_if_needed:51 - Window 'captcha_task.py - devpulse-client-v2 - Visual Studio Code' met duration threshold | Start: 2025-07-30T11:07:38.486332 | End: 2025-07-30T11:07:41.878893 | Duration: 3.4s (>= 0s threshold)
2025-07-30 11:07:41 | INFO     | devpulse_client.core.window_tracker.window_task:_log_window_event:75 - Logging window event for 'captcha_task.py - devpulse-client-v2 - Visual Studio Code' | Start: 2025-07-30T11:07:38.486332 | End: 2025-07-30T11:07:41.878893 | Duration: 3.4s
2025-07-30 11:07:41 | DEBUG    | devpulse_client.core.window_tracker.window_task:_start_tracking_new_window:68 - Started tracking window: '● captcha_task.py - devpulse-client-v2 - Visual Studio Code'
2025-07-30 11:08:07 | INFO     | devpulse_client.core.window_tracker.window_task:_log_previous_window_if_needed:51 - Window '● captcha_task.py - devpulse-client-v2 - Visual Studio Code' met duration threshold | Start: 2025-07-30T11:07:41.878893 | End: 2025-07-30T11:08:07.537021 | Duration: 25.7s (>= 0s threshold)
2025-07-30 11:08:07 | INFO     | devpulse_client.core.window_tracker.window_task:_log_window_event:75 - Logging window event for '● captcha_task.py - devpulse-client-v2 - Visual Studio Code' | Start: 2025-07-30T11:07:41.878893 | End: 2025-07-30T11:08:07.537021 | Duration: 25.7s
2025-07-30 11:08:07 | DEBUG    | devpulse_client.core.window_tracker.window_task:_start_tracking_new_window:68 - Started tracking window: 'Handle captcha timeouts and incorrect answers – The AI Code Editor — Mozilla Firefox'
2025-07-30 11:08:18 | INFO     | devpulse_client.core.window_tracker.window_task:_log_previous_window_if_needed:51 - Window 'Handle captcha timeouts and incorrect answers – The AI Code Editor — Mozilla Firefox' met duration threshold | Start: 2025-07-30T11:08:07.537021 | End: 2025-07-30T11:08:18.364342 | Duration: 10.8s (>= 0s threshold)
2025-07-30 11:08:18 | INFO     | devpulse_client.core.window_tracker.window_task:_log_window_event:75 - Logging window event for 'Handle captcha timeouts and incorrect answers – The AI Code Editor — Mozilla Firefox' | Start: 2025-07-30T11:08:07.537021 | End: 2025-07-30T11:08:18.364342 | Duration: 10.8s
2025-07-30 11:08:18 | DEBUG    | devpulse_client.core.window_tracker.window_task:_start_tracking_new_window:68 - Started tracking window: '● captcha_task.py - devpulse-client-v2 - Visual Studio Code'
2025-07-30 11:08:29 | INFO     | devpulse_client.core.window_tracker.window_task:_log_previous_window_if_needed:51 - Window '● captcha_task.py - devpulse-client-v2 - Visual Studio Code' met duration threshold | Start: 2025-07-30T11:08:18.364342 | End: 2025-07-30T11:08:29.675361 | Duration: 11.3s (>= 0s threshold)
2025-07-30 11:08:29 | INFO     | devpulse_client.core.window_tracker.window_task:_log_window_event:75 - Logging window event for '● captcha_task.py - devpulse-client-v2 - Visual Studio Code' | Start: 2025-07-30T11:08:18.364342 | End: 2025-07-30T11:08:29.675361 | Duration: 11.3s
2025-07-30 11:08:29 | DEBUG    | devpulse_client.core.window_tracker.window_task:_start_tracking_new_window:68 - Started tracking window: 'Handle captcha timeouts and incorrect answers – The AI Code Editor — Mozilla Firefox'
2025-07-30 11:08:35 | INFO     | devpulse_client.core.window_tracker.window_task:_log_previous_window_if_needed:51 - Window 'Handle captcha timeouts and incorrect answers – The AI Code Editor — Mozilla Firefox' met duration threshold | Start: 2025-07-30T11:08:29.675361 | End: 2025-07-30T11:08:35.851867 | Duration: 6.2s (>= 0s threshold)
2025-07-30 11:08:35 | INFO     | devpulse_client.core.window_tracker.window_task:_log_window_event:75 - Logging window event for 'Handle captcha timeouts and incorrect answers – The AI Code Editor — Mozilla Firefox' | Start: 2025-07-30T11:08:29.675361 | End: 2025-07-30T11:08:35.851867 | Duration: 6.2s
2025-07-30 11:08:35 | DEBUG    | devpulse_client.core.window_tracker.window_task:_start_tracking_new_window:68 - Started tracking window: '● captcha_task.py - devpulse-client-v2 - Visual Studio Code'
2025-07-30 11:08:52 | INFO     | devpulse_client.core.window_tracker.window_task:_log_previous_window_if_needed:51 - Window '● captcha_task.py - devpulse-client-v2 - Visual Studio Code' met duration threshold | Start: 2025-07-30T11:08:35.851867 | End: 2025-07-30T11:08:52.205406 | Duration: 16.4s (>= 0s threshold)
2025-07-30 11:08:52 | INFO     | devpulse_client.core.window_tracker.window_task:_log_window_event:75 - Logging window event for '● captcha_task.py - devpulse-client-v2 - Visual Studio Code' | Start: 2025-07-30T11:08:35.851867 | End: 2025-07-30T11:08:52.205406 | Duration: 16.4s
2025-07-30 11:08:52 | DEBUG    | devpulse_client.core.window_tracker.window_task:_start_tracking_new_window:68 - Started tracking window: 'captcha_task.py - devpulse-client-v2 - Visual Studio Code'
2025-07-30 11:08:54 | INFO     | devpulse_client.core.signal_handler.signal_handler:_handle_exit:54 - Received SIGINT – starting graceful shutdown…
2025-07-30 11:08:54 | INFO     | devpulse_client.ingest.client.event_client:run:61 - Logging activity: System Stopped
