2025-07-30 15:23:35 | INFO     | devpulse_client.auth.collectors.device_collector:collect_fingerprint:20 - Collecting device fingerprint
2025-07-30 15:23:35 | INFO     | devpulse_client.auth.collectors.device_collector:collect_fingerprint:23 - Collecting device fingerprint: 18:60:24:92:da:75
2025-07-30 15:23:35 | INFO     | devpulse_client.auth.collectors.device_collector:collect_fingerprint:26 - Collecting device fingerprint: OKEY
2025-07-30 15:23:35 | DEBUG    | devpulse_client.auth.collectors.device_collector:collect_fingerprint:29 - Collected device fingerprint: MAC=18:60:24:92:da:75
2025-07-30 15:23:35 | INFO     | devpulse_client.auth.client.auth_client:_send_login_request:144 - Credential validation successful: {'access_token': 'eyJhbGciOiJIUzI1NiIsInR5cCI6IkpXVCJ9.eyJzdWIiOiJmYXJ1ayIsImRldmljZV9tYWMiOiIxODo2MDoyNDo5MjpkYTo3NSJ9.mdvGKPs6tdby8LCZ1GdpPUjIwZ7I28mBg07IeLUbcuc', 'token_type': 'bearer', 'expires': False}
2025-07-30 15:23:35 | INFO     | devpulse_client.ingest.client.event_client:run:34 - Starting activity tracker
2025-07-30 15:23:35 | INFO     | devpulse_client.ingest.client.event_client:run:42 - Logging activity: System Started
2025-07-30 15:23:35 | DEBUG    | devpulse_client.core.window_tracker.window_task:_start_tracking_new_window:68 - Started tracking window: 'gnome-shell'
2025-07-30 15:23:35 | INFO     | devpulse_client.core.activity_state_tracker.activity_state_task:tick:43 - Logging activity: Screen Locked
2025-07-30 15:23:49 | INFO     | devpulse_client.core.window_tracker.window_task:_log_previous_window_if_needed:51 - Window 'gnome-shell' met duration threshold | Start: 2025-07-30T15:23:35.646339 | End: 2025-07-30T15:23:49.797025 | Duration: 14.2s (>= 0s threshold)
2025-07-30 15:23:49 | INFO     | devpulse_client.core.window_tracker.window_task:_log_window_event:75 - Logging window event for 'gnome-shell' | Start: 2025-07-30T15:23:35.646339 | End: 2025-07-30T15:23:49.797025 | Duration: 14.2s
2025-07-30 15:23:49 | DEBUG    | devpulse_client.core.window_tracker.window_task:_start_tracking_new_window:68 - Started tracking window: 'activity_state_task.py - devpulse-client-v2 - Visual Studio Code'
2025-07-30 15:23:50 | INFO     | devpulse_client.core.activity_state_tracker.activity_state_task:tick:65 - Logging activity: Screen Unlocked
2025-07-30 15:23:50 | INFO     | devpulse_client.core.activity_state_tracker.activity_state_task:tick:69 - Logging activity: User Active
2025-07-30 15:23:55 | INFO     | devpulse_client.core.window_tracker.window_task:_log_previous_window_if_needed:51 - Window 'activity_state_task.py - devpulse-client-v2 - Visual Studio Code' met duration threshold | Start: 2025-07-30T15:23:49.797025 | End: 2025-07-30T15:23:55.661024 | Duration: 5.9s (>= 0s threshold)
2025-07-30 15:23:55 | INFO     | devpulse_client.core.window_tracker.window_task:_log_window_event:75 - Logging window event for 'activity_state_task.py - devpulse-client-v2 - Visual Studio Code' | Start: 2025-07-30T15:23:49.797025 | End: 2025-07-30T15:23:55.661024 | Duration: 5.9s
2025-07-30 15:23:55 | DEBUG    | devpulse_client.core.window_tracker.window_task:_start_tracking_new_window:68 - Started tracking window: 'Containers - Docker Desktop'
2025-07-30 15:24:00 | INFO     | devpulse_client.core.window_tracker.window_task:_log_previous_window_if_needed:51 - Window 'Containers - Docker Desktop' met duration threshold | Start: 2025-07-30T15:23:55.661024 | End: 2025-07-30T15:24:00.312489 | Duration: 4.7s (>= 0s threshold)
2025-07-30 15:24:00 | INFO     | devpulse_client.core.window_tracker.window_task:_log_window_event:75 - Logging window event for 'Containers - Docker Desktop' | Start: 2025-07-30T15:23:55.661024 | End: 2025-07-30T15:24:00.312489 | Duration: 4.7s
2025-07-30 15:24:00 | DEBUG    | devpulse_client.core.window_tracker.window_task:_start_tracking_new_window:68 - Started tracking window: 'pgadmin4'
2025-07-30 15:24:00 | INFO     | devpulse_client.core.window_tracker.window_task:_log_previous_window_if_needed:51 - Window 'pgadmin4' met duration threshold | Start: 2025-07-30T15:24:00.312489 | End: 2025-07-30T15:24:00.480896 | Duration: 0.2s (>= 0s threshold)
2025-07-30 15:24:00 | INFO     | devpulse_client.core.window_tracker.window_task:_log_window_event:75 - Logging window event for 'pgadmin4' | Start: 2025-07-30T15:24:00.312489 | End: 2025-07-30T15:24:00.480896 | Duration: 0.2s
2025-07-30 15:24:00 | DEBUG    | devpulse_client.core.window_tracker.window_task:_start_tracking_new_window:68 - Started tracking window: 'pgAdmin 4'
2025-07-30 15:24:07 | INFO     | devpulse_client.core.window_tracker.window_task:_log_previous_window_if_needed:51 - Window 'pgAdmin 4' met duration threshold | Start: 2025-07-30T15:24:00.480896 | End: 2025-07-30T15:24:07.360477 | Duration: 6.9s (>= 0s threshold)
2025-07-30 15:24:07 | INFO     | devpulse_client.core.window_tracker.window_task:_log_window_event:75 - Logging window event for 'pgAdmin 4' | Start: 2025-07-30T15:24:00.480896 | End: 2025-07-30T15:24:07.360477 | Duration: 6.9s
2025-07-30 15:24:07 | DEBUG    | devpulse_client.core.window_tracker.window_task:_start_tracking_new_window:68 - Started tracking window: 'pgadmin4'
2025-07-30 15:24:07 | INFO     | devpulse_client.core.window_tracker.window_task:_log_previous_window_if_needed:51 - Window 'pgadmin4' met duration threshold | Start: 2025-07-30T15:24:07.360477 | End: 2025-07-30T15:24:07.425036 | Duration: 0.1s (>= 0s threshold)
2025-07-30 15:24:07 | INFO     | devpulse_client.core.window_tracker.window_task:_log_window_event:75 - Logging window event for 'pgadmin4' | Start: 2025-07-30T15:24:07.360477 | End: 2025-07-30T15:24:07.425036 | Duration: 0.1s
2025-07-30 15:24:07 | DEBUG    | devpulse_client.core.window_tracker.window_task:_start_tracking_new_window:68 - Started tracking window: 'pgAdmin 4'
2025-07-30 15:24:11 | INFO     | devpulse_client.core.activity_state_tracker.activity_state_task:tick:79 - Logging activity: User Inactive
2025-07-30 15:24:14 | INFO     | devpulse_client.core.activity_state_tracker.activity_state_task:tick:84 - Logging activity: User Active
2025-07-30 15:24:35 | INFO     | devpulse_client.core.window_tracker.window_task:_log_previous_window_if_needed:51 - Window 'pgAdmin 4' met duration threshold | Start: 2025-07-30T15:24:07.425036 | End: 2025-07-30T15:24:35.020859 | Duration: 27.6s (>= 0s threshold)
2025-07-30 15:24:35 | INFO     | devpulse_client.core.window_tracker.window_task:_log_window_event:75 - Logging window event for 'pgAdmin 4' | Start: 2025-07-30T15:24:07.425036 | End: 2025-07-30T15:24:35.020859 | Duration: 27.6s
2025-07-30 15:24:35 | DEBUG    | devpulse_client.core.window_tracker.window_task:_start_tracking_new_window:68 - Started tracking window: 'activity_state_task.py - devpulse-client-v2 - Visual Studio Code'
2025-07-30 15:24:35 | INFO     | devpulse_client.core.activity_state_tracker.activity_state_task:tick:35 - Screen locked by scheduler (based on config interval).
2025-07-30 15:24:35 | INFO     | devpulse_client.core.activity_state_tracker.activity_state_task:tick:60 - Logging activity: Screen Locked
2025-07-30 15:24:36 | INFO     | devpulse_client.core.window_tracker.window_task:_log_previous_window_if_needed:51 - Window 'activity_state_task.py - devpulse-client-v2 - Visual Studio Code' met duration threshold | Start: 2025-07-30T15:24:35.020859 | End: 2025-07-30T15:24:35.918520 | Duration: 0.9s (>= 0s threshold)
2025-07-30 15:24:36 | INFO     | devpulse_client.core.window_tracker.window_task:_log_window_event:75 - Logging window event for 'activity_state_task.py - devpulse-client-v2 - Visual Studio Code' | Start: 2025-07-30T15:24:35.020859 | End: 2025-07-30T15:24:35.918520 | Duration: 0.9s
2025-07-30 15:24:36 | DEBUG    | devpulse_client.core.window_tracker.window_task:_start_tracking_new_window:68 - Started tracking window: 'gnome-shell'
2025-07-30 15:24:45 | INFO     | devpulse_client.core.window_tracker.window_task:_log_previous_window_if_needed:51 - Window 'gnome-shell' met duration threshold | Start: 2025-07-30T15:24:35.918520 | End: 2025-07-30T15:24:45.924036 | Duration: 10.0s (>= 0s threshold)
2025-07-30 15:24:45 | INFO     | devpulse_client.core.window_tracker.window_task:_log_window_event:75 - Logging window event for 'gnome-shell' | Start: 2025-07-30T15:24:35.918520 | End: 2025-07-30T15:24:45.924036 | Duration: 10.0s
2025-07-30 15:24:45 | DEBUG    | devpulse_client.core.window_tracker.window_task:_start_tracking_new_window:68 - Started tracking window: 'activity_state_task.py - devpulse-client-v2 - Visual Studio Code'
2025-07-30 15:24:46 | INFO     | devpulse_client.core.window_tracker.window_task:_log_previous_window_if_needed:51 - Window 'activity_state_task.py - devpulse-client-v2 - Visual Studio Code' met duration threshold | Start: 2025-07-30T15:24:45.924036 | End: 2025-07-30T15:24:46.082910 | Duration: 0.2s (>= 0s threshold)
2025-07-30 15:24:46 | INFO     | devpulse_client.core.window_tracker.window_task:_log_window_event:75 - Logging window event for 'activity_state_task.py - devpulse-client-v2 - Visual Studio Code' | Start: 2025-07-30T15:24:45.924036 | End: 2025-07-30T15:24:46.082910 | Duration: 0.2s
2025-07-30 15:24:46 | DEBUG    | devpulse_client.core.window_tracker.window_task:_start_tracking_new_window:68 - Started tracking window: 'gnome-shell'
2025-07-30 15:24:46 | INFO     | devpulse_client.core.window_tracker.window_task:_log_previous_window_if_needed:51 - Window 'gnome-shell' met duration threshold | Start: 2025-07-30T15:24:46.082910 | End: 2025-07-30T15:24:46.354103 | Duration: 0.3s (>= 0s threshold)
2025-07-30 15:24:46 | INFO     | devpulse_client.core.window_tracker.window_task:_log_window_event:75 - Logging window event for 'gnome-shell' | Start: 2025-07-30T15:24:46.082910 | End: 2025-07-30T15:24:46.354103 | Duration: 0.3s
2025-07-30 15:24:46 | DEBUG    | devpulse_client.core.window_tracker.window_task:_start_tracking_new_window:68 - Started tracking window: 'activity_state_task.py - devpulse-client-v2 - Visual Studio Code'
2025-07-30 15:24:46 | INFO     | devpulse_client.core.activity_state_tracker.activity_state_task:tick:65 - Logging activity: Screen Unlocked
2025-07-30 15:24:46 | INFO     | devpulse_client.core.activity_state_tracker.activity_state_task:tick:69 - Logging activity: User Active
2025-07-30 15:24:48 | INFO     | devpulse_client.core.window_tracker.window_task:_log_previous_window_if_needed:51 - Window 'activity_state_task.py - devpulse-client-v2 - Visual Studio Code' met duration threshold | Start: 2025-07-30T15:24:46.354103 | End: 2025-07-30T15:24:48.493676 | Duration: 2.1s (>= 0s threshold)
2025-07-30 15:24:48 | INFO     | devpulse_client.core.window_tracker.window_task:_log_window_event:75 - Logging window event for 'activity_state_task.py - devpulse-client-v2 - Visual Studio Code' | Start: 2025-07-30T15:24:46.354103 | End: 2025-07-30T15:24:48.493676 | Duration: 2.1s
2025-07-30 15:24:48 | DEBUG    | devpulse_client.core.window_tracker.window_task:_start_tracking_new_window:68 - Started tracking window: 'pgAdmin 4'
2025-07-30 15:25:06 | INFO     | devpulse_client.core.window_tracker.window_task:_log_previous_window_if_needed:51 - Window 'pgAdmin 4' met duration threshold | Start: 2025-07-30T15:24:48.493676 | End: 2025-07-30T15:25:06.376811 | Duration: 17.9s (>= 0s threshold)
2025-07-30 15:25:06 | INFO     | devpulse_client.core.window_tracker.window_task:_log_window_event:75 - Logging window event for 'pgAdmin 4' | Start: 2025-07-30T15:24:48.493676 | End: 2025-07-30T15:25:06.376811 | Duration: 17.9s
2025-07-30 15:25:06 | DEBUG    | devpulse_client.core.window_tracker.window_task:_start_tracking_new_window:68 - Started tracking window: 'activity_state_task.py - devpulse-client-v2 - Visual Studio Code'
2025-07-30 15:25:06 | INFO     | devpulse_client.core.window_tracker.window_task:_log_previous_window_if_needed:51 - Window 'activity_state_task.py - devpulse-client-v2 - Visual Studio Code' met duration threshold | Start: 2025-07-30T15:25:06.376811 | End: 2025-07-30T15:25:06.551156 | Duration: 0.2s (>= 0s threshold)
2025-07-30 15:25:06 | INFO     | devpulse_client.core.window_tracker.window_task:_log_window_event:75 - Logging window event for 'activity_state_task.py - devpulse-client-v2 - Visual Studio Code' | Start: 2025-07-30T15:25:06.376811 | End: 2025-07-30T15:25:06.551156 | Duration: 0.2s
2025-07-30 15:25:06 | DEBUG    | devpulse_client.core.window_tracker.window_task:_start_tracking_new_window:68 - Started tracking window: 'tracker_config.py - devpulse-client-v2 - Visual Studio Code'
2025-07-30 15:25:32 | INFO     | devpulse_client.core.window_tracker.window_task:_log_previous_window_if_needed:51 - Window 'tracker_config.py - devpulse-client-v2 - Visual Studio Code' met duration threshold | Start: 2025-07-30T15:25:06.551156 | End: 2025-07-30T15:25:32.566894 | Duration: 26.0s (>= 0s threshold)
2025-07-30 15:25:32 | INFO     | devpulse_client.core.window_tracker.window_task:_log_window_event:75 - Logging window event for 'tracker_config.py - devpulse-client-v2 - Visual Studio Code' | Start: 2025-07-30T15:25:06.551156 | End: 2025-07-30T15:25:32.566894 | Duration: 26.0s
2025-07-30 15:25:32 | DEBUG    | devpulse_client.core.window_tracker.window_task:_start_tracking_new_window:68 - Started tracking window: '● tracker_config.py - devpulse-client-v2 - Visual Studio Code'
2025-07-30 15:25:35 | INFO     | devpulse_client.core.activity_state_tracker.activity_state_task:tick:35 - Screen locked by scheduler (based on config interval).
2025-07-30 15:25:35 | INFO     | devpulse_client.core.activity_state_tracker.activity_state_task:tick:60 - Logging activity: Screen Locked
2025-07-30 15:25:36 | INFO     | devpulse_client.core.window_tracker.window_task:_log_previous_window_if_needed:51 - Window '● tracker_config.py - devpulse-client-v2 - Visual Studio Code' met duration threshold | Start: 2025-07-30T15:25:32.566894 | End: 2025-07-30T15:25:35.968024 | Duration: 3.4s (>= 0s threshold)
2025-07-30 15:25:36 | INFO     | devpulse_client.core.window_tracker.window_task:_log_window_event:75 - Logging window event for '● tracker_config.py - devpulse-client-v2 - Visual Studio Code' | Start: 2025-07-30T15:25:32.566894 | End: 2025-07-30T15:25:35.968024 | Duration: 3.4s
2025-07-30 15:25:36 | DEBUG    | devpulse_client.core.window_tracker.window_task:_start_tracking_new_window:68 - Started tracking window: 'gnome-shell'
2025-07-30 15:25:41 | INFO     | devpulse_client.core.window_tracker.window_task:_log_previous_window_if_needed:51 - Window 'gnome-shell' met duration threshold | Start: 2025-07-30T15:25:35.968024 | End: 2025-07-30T15:25:41.159753 | Duration: 5.2s (>= 0s threshold)
2025-07-30 15:25:41 | INFO     | devpulse_client.core.window_tracker.window_task:_log_window_event:75 - Logging window event for 'gnome-shell' | Start: 2025-07-30T15:25:35.968024 | End: 2025-07-30T15:25:41.159753 | Duration: 5.2s
2025-07-30 15:25:41 | DEBUG    | devpulse_client.core.window_tracker.window_task:_start_tracking_new_window:68 - Started tracking window: '● tracker_config.py - devpulse-client-v2 - Visual Studio Code'
2025-07-30 15:25:41 | INFO     | devpulse_client.core.activity_state_tracker.activity_state_task:tick:65 - Logging activity: Screen Unlocked
2025-07-30 15:25:41 | INFO     | devpulse_client.core.activity_state_tracker.activity_state_task:tick:69 - Logging activity: User Active
2025-07-30 15:25:47 | INFO     | devpulse_client.core.window_tracker.window_task:_log_previous_window_if_needed:51 - Window '● tracker_config.py - devpulse-client-v2 - Visual Studio Code' met duration threshold | Start: 2025-07-30T15:25:41.159753 | End: 2025-07-30T15:25:47.595121 | Duration: 6.4s (>= 0s threshold)
2025-07-30 15:25:47 | INFO     | devpulse_client.core.window_tracker.window_task:_log_window_event:75 - Logging window event for '● tracker_config.py - devpulse-client-v2 - Visual Studio Code' | Start: 2025-07-30T15:25:41.159753 | End: 2025-07-30T15:25:47.595121 | Duration: 6.4s
2025-07-30 15:25:47 | DEBUG    | devpulse_client.core.window_tracker.window_task:_start_tracking_new_window:68 - Started tracking window: 'tracker_config.py - devpulse-client-v2 - Visual Studio Code'
2025-07-30 15:25:48 | INFO     | devpulse_client.core.signal_handler.signal_handler:_handle_exit:54 - Received SIGINT – starting graceful shutdown…
2025-07-30 15:25:48 | INFO     | devpulse_client.ingest.client.event_client:run:61 - Logging activity: System Stopped
