2025-07-25 15:29:01 | INFO     | devpulse_client.app.app:__init__:49 - Initialized DevPulse client for server: http://localhost:8000
2025-07-25 15:29:01 | INFO     | devpulse_client.app.app:start:76 - Validating credentials with server...
2025-07-25 15:29:01 | INFO     | devpulse_client.auth.collectors.device_collector:collect_fingerprint:20 - Collecting device fingerprint
2025-07-25 15:29:01 | INFO     | devpulse_client.auth.collectors.device_collector:collect_fingerprint:23 - Collecting device fingerprint: 18:60:24:92:da:75
2025-07-25 15:29:01 | INFO     | devpulse_client.auth.collectors.device_collector:collect_fingerprint:26 - Collecting device fingerprint: OKEY
2025-07-25 15:29:01 | DEBUG    | devpulse_client.auth.collectors.device_collector:collect_fingerprint:29 - Collected device fingerprint: MAC=18:60:24:92:da:75
2025-07-25 15:29:02 | INFO     | devpulse_client.auth.client.auth_client:_send_login_request:144 - Credential validation successful: {'access_token': 'eyJhbGciOiJIUzI1NiIsInR5cCI6IkpXVCJ9.eyJzdWIiOiJ5YW1hbiIsImRldmljZV9tYWMiOiIxODo2MDoyNDo5MjpkYTo3NSJ9.Tpu5dPrmlxNTPDWFGQzhKpsOGf-H2KHv7WlZTQ0a3KI', 'token_type': 'bearer', 'expires': False}
2025-07-25 15:29:02 | INFO     | devpulse_client.app.app:start:83 - ✅ Access token recieved.
2025-07-25 15:29:02 | INFO     | devpulse_client.ingest.client.event_client:run:33 - Starting activity tracker
2025-07-25 15:29:02 | INFO     | devpulse_client.ingest.client.event_client:run:43 - Logging activity: System Started
2025-07-25 15:29:02 | DEBUG    | devpulse_client.core.window_tracker.window_task:_start_tracking_new_window:68 - Started tracking window: 'event_client.py - devpulse-client-v2 - Visual Studio Code'
2025-07-25 15:29:02 | INFO     | devpulse_client.core.activity_state_tracker.activity_state_task:tick:74 - Logging activity: User Active
2025-07-25 15:29:07 | ERROR    | devpulse_client.ingest.client.event_client:_send_events:85 - Failed to send events: 500 {"detail":"Error processing events: events"}
2025-07-25 15:29:12 | ERROR    | devpulse_client.ingest.client.event_client:_send_events:85 - Failed to send events: 500 {"detail":"Error processing events: events"}
2025-07-25 15:29:14 | INFO     | devpulse_client.core.window_tracker.window_task:_log_previous_window_if_needed:51 - Window 'event_client.py - devpulse-client-v2 - Visual Studio Code' met duration threshold | Start: 2025-07-25T15:29:02.111081 | End: 2025-07-25T15:29:14.042307 | Duration: 11.9s (>= 0s threshold)
2025-07-25 15:29:14 | INFO     | devpulse_client.core.window_tracker.window_task:_log_window_event:75 - Logging window event for 'event_client.py - devpulse-client-v2 - Visual Studio Code' | Start: 2025-07-25T15:29:02.111081 | End: 2025-07-25T15:29:14.042307 | Duration: 11.9s
2025-07-25 15:29:14 | DEBUG    | devpulse_client.core.window_tracker.window_task:_start_tracking_new_window:68 - Started tracking window: 'router.py - devpulse-server - Visual Studio Code'
2025-07-25 15:29:17 | ERROR    | devpulse_client.ingest.client.event_client:_send_events:85 - Failed to send events: 500 {"detail":"Error processing events: events"}
2025-07-25 15:29:22 | ERROR    | devpulse_client.ingest.client.event_client:_send_events:85 - Failed to send events: 500 {"detail":"Error processing events: events"}
2025-07-25 15:29:27 | ERROR    | devpulse_client.ingest.client.event_client:_send_events:85 - Failed to send events: 500 {"detail":"Error processing events: events"}
2025-07-25 15:29:32 | ERROR    | devpulse_client.ingest.client.event_client:_send_events:85 - Failed to send events: 500 {"detail":"Error processing events: events"}
2025-07-25 15:29:37 | ERROR    | devpulse_client.ingest.client.event_client:_send_events:85 - Failed to send events: 500 {"detail":"Error processing events: events"}
2025-07-25 15:29:42 | ERROR    | devpulse_client.ingest.client.event_client:_send_events:85 - Failed to send events: 500 {"detail":"Error processing events: events"}
2025-07-25 15:29:47 | ERROR    | devpulse_client.ingest.client.event_client:_send_events:85 - Failed to send events: 500 {"detail":"Error processing events: events"}
2025-07-25 15:29:52 | ERROR    | devpulse_client.ingest.client.event_client:_send_events:85 - Failed to send events: 500 {"detail":"Error processing events: events"}
2025-07-25 15:29:55 | INFO     | devpulse_client.core.window_tracker.window_task:_log_previous_window_if_needed:51 - Window 'router.py - devpulse-server - Visual Studio Code' met duration threshold | Start: 2025-07-25T15:29:14.042307 | End: 2025-07-25T15:29:55.933465 | Duration: 41.9s (>= 0s threshold)
2025-07-25 15:29:55 | INFO     | devpulse_client.core.window_tracker.window_task:_log_window_event:75 - Logging window event for 'router.py - devpulse-server - Visual Studio Code' | Start: 2025-07-25T15:29:14.042307 | End: 2025-07-25T15:29:55.933465 | Duration: 41.9s
2025-07-25 15:29:55 | DEBUG    | devpulse_client.core.window_tracker.window_task:_start_tracking_new_window:68 - Started tracking window: '● router.py - devpulse-server - Visual Studio Code'
2025-07-25 15:29:56 | INFO     | devpulse_client.core.window_tracker.window_task:_log_previous_window_if_needed:51 - Window '● router.py - devpulse-server - Visual Studio Code' met duration threshold | Start: 2025-07-25T15:29:55.933465 | End: 2025-07-25T15:29:56.420384 | Duration: 0.5s (>= 0s threshold)
2025-07-25 15:29:56 | INFO     | devpulse_client.core.window_tracker.window_task:_log_window_event:75 - Logging window event for '● router.py - devpulse-server - Visual Studio Code' | Start: 2025-07-25T15:29:55.933465 | End: 2025-07-25T15:29:56.420384 | Duration: 0.5s
2025-07-25 15:29:56 | DEBUG    | devpulse_client.core.window_tracker.window_task:_start_tracking_new_window:68 - Started tracking window: 'router.py - devpulse-server - Visual Studio Code'
2025-07-25 15:29:57 | ERROR    | devpulse_client.ingest.client.event_client:_send_events:89 - Error sending events: object of type 'EventRequest' has no len()
2025-07-25 15:30:02 | ERROR    | devpulse_client.ingest.client.event_client:_send_events:89 - Error sending events: object of type 'EventRequest' has no len()
2025-07-25 15:30:07 | ERROR    | devpulse_client.ingest.client.event_client:_send_events:89 - Error sending events: object of type 'EventRequest' has no len()
2025-07-25 15:30:09 | INFO     | devpulse_client.core.window_tracker.window_task:_log_previous_window_if_needed:51 - Window 'router.py - devpulse-server - Visual Studio Code' met duration threshold | Start: 2025-07-25T15:29:56.420384 | End: 2025-07-25T15:30:09.589445 | Duration: 13.2s (>= 0s threshold)
2025-07-25 15:30:09 | INFO     | devpulse_client.core.window_tracker.window_task:_log_window_event:75 - Logging window event for 'router.py - devpulse-server - Visual Studio Code' | Start: 2025-07-25T15:29:56.420384 | End: 2025-07-25T15:30:09.589445 | Duration: 13.2s
2025-07-25 15:30:09 | DEBUG    | devpulse_client.core.window_tracker.window_task:_start_tracking_new_window:68 - Started tracking window: 'event_models.py - devpulse-server - Visual Studio Code'
2025-07-25 15:30:13 | ERROR    | devpulse_client.ingest.client.event_client:_send_events:89 - Error sending events: object of type 'EventRequest' has no len()
2025-07-25 15:30:18 | ERROR    | devpulse_client.ingest.client.event_client:_send_events:89 - Error sending events: object of type 'EventRequest' has no len()
2025-07-25 15:30:23 | ERROR    | devpulse_client.ingest.client.event_client:_send_events:89 - Error sending events: object of type 'EventRequest' has no len()
2025-07-25 15:30:27 | INFO     | devpulse_client.core.window_tracker.window_task:_log_previous_window_if_needed:51 - Window 'event_models.py - devpulse-server - Visual Studio Code' met duration threshold | Start: 2025-07-25T15:30:09.589445 | End: 2025-07-25T15:30:27.011754 | Duration: 17.4s (>= 0s threshold)
2025-07-25 15:30:27 | INFO     | devpulse_client.core.window_tracker.window_task:_log_window_event:75 - Logging window event for 'event_models.py - devpulse-server - Visual Studio Code' | Start: 2025-07-25T15:30:09.589445 | End: 2025-07-25T15:30:27.011754 | Duration: 17.4s
2025-07-25 15:30:27 | DEBUG    | devpulse_client.core.window_tracker.window_task:_start_tracking_new_window:68 - Started tracking window: 'pyproject.toml - devpulse-server - Visual Studio Code'
2025-07-25 15:30:27 | INFO     | devpulse_client.core.window_tracker.window_task:_log_previous_window_if_needed:51 - Window 'pyproject.toml - devpulse-server - Visual Studio Code' met duration threshold | Start: 2025-07-25T15:30:27.011754 | End: 2025-07-25T15:30:27.383134 | Duration: 0.4s (>= 0s threshold)
2025-07-25 15:30:27 | INFO     | devpulse_client.core.window_tracker.window_task:_log_window_event:75 - Logging window event for 'pyproject.toml - devpulse-server - Visual Studio Code' | Start: 2025-07-25T15:30:27.011754 | End: 2025-07-25T15:30:27.383134 | Duration: 0.4s
2025-07-25 15:30:27 | DEBUG    | devpulse_client.core.window_tracker.window_task:_start_tracking_new_window:68 - Started tracking window: 'main.py - devpulse-server - Visual Studio Code'
2025-07-25 15:30:28 | ERROR    | devpulse_client.ingest.client.event_client:_send_events:89 - Error sending events: object of type 'EventRequest' has no len()
2025-07-25 15:30:28 | INFO     | devpulse_client.core.window_tracker.window_task:_log_previous_window_if_needed:51 - Window 'main.py - devpulse-server - Visual Studio Code' met duration threshold | Start: 2025-07-25T15:30:27.383134 | End: 2025-07-25T15:30:28.618589 | Duration: 1.2s (>= 0s threshold)
2025-07-25 15:30:28 | INFO     | devpulse_client.core.window_tracker.window_task:_log_window_event:75 - Logging window event for 'main.py - devpulse-server - Visual Studio Code' | Start: 2025-07-25T15:30:27.383134 | End: 2025-07-25T15:30:28.618589 | Duration: 1.2s
2025-07-25 15:30:28 | DEBUG    | devpulse_client.core.window_tracker.window_task:_start_tracking_new_window:68 - Started tracking window: 'router.py - devpulse-server - Visual Studio Code'
2025-07-25 15:30:33 | ERROR    | devpulse_client.ingest.client.event_client:_send_events:89 - Error sending events: object of type 'EventRequest' has no len()
2025-07-25 15:30:38 | ERROR    | devpulse_client.ingest.client.event_client:_send_events:89 - Error sending events: object of type 'EventRequest' has no len()
2025-07-25 15:30:43 | ERROR    | devpulse_client.ingest.client.event_client:_send_events:89 - Error sending events: object of type 'EventRequest' has no len()
2025-07-25 15:30:48 | ERROR    | devpulse_client.ingest.client.event_client:_send_events:89 - Error sending events: object of type 'EventRequest' has no len()
2025-07-25 15:30:53 | ERROR    | devpulse_client.ingest.client.event_client:_send_events:89 - Error sending events: object of type 'EventRequest' has no len()
2025-07-25 15:30:54 | INFO     | devpulse_client.core.window_tracker.window_task:_log_previous_window_if_needed:51 - Window 'router.py - devpulse-server - Visual Studio Code' met duration threshold | Start: 2025-07-25T15:30:28.618589 | End: 2025-07-25T15:30:54.733385 | Duration: 26.1s (>= 0s threshold)
2025-07-25 15:30:54 | INFO     | devpulse_client.core.window_tracker.window_task:_log_window_event:75 - Logging window event for 'router.py - devpulse-server - Visual Studio Code' | Start: 2025-07-25T15:30:28.618589 | End: 2025-07-25T15:30:54.733385 | Duration: 26.1s
2025-07-25 15:30:54 | DEBUG    | devpulse_client.core.window_tracker.window_task:_start_tracking_new_window:68 - Started tracking window: 'event_client.py - devpulse-client-v2 - Visual Studio Code'
2025-07-25 15:30:56 | INFO     | devpulse_client.core.window_tracker.window_task:_log_previous_window_if_needed:51 - Window 'event_client.py - devpulse-client-v2 - Visual Studio Code' met duration threshold | Start: 2025-07-25T15:30:54.733385 | End: 2025-07-25T15:30:56.854099 | Duration: 2.1s (>= 0s threshold)
2025-07-25 15:30:56 | INFO     | devpulse_client.core.window_tracker.window_task:_log_window_event:75 - Logging window event for 'event_client.py - devpulse-client-v2 - Visual Studio Code' | Start: 2025-07-25T15:30:54.733385 | End: 2025-07-25T15:30:56.854099 | Duration: 2.1s
2025-07-25 15:30:56 | DEBUG    | devpulse_client.core.window_tracker.window_task:_start_tracking_new_window:68 - Started tracking window: 'auth_client.py - devpulse-client-v2 - Visual Studio Code'
2025-07-25 15:30:58 | ERROR    | devpulse_client.ingest.client.event_client:_send_events:89 - Error sending events: object of type 'EventRequest' has no len()
2025-07-25 15:31:03 | ERROR    | devpulse_client.ingest.client.event_client:_send_events:89 - Error sending events: object of type 'EventRequest' has no len()
2025-07-25 15:31:07 | INFO     | devpulse_client.core.window_tracker.window_task:_log_previous_window_if_needed:51 - Window 'auth_client.py - devpulse-client-v2 - Visual Studio Code' met duration threshold | Start: 2025-07-25T15:30:56.854099 | End: 2025-07-25T15:31:07.049383 | Duration: 10.2s (>= 0s threshold)
2025-07-25 15:31:07 | INFO     | devpulse_client.core.window_tracker.window_task:_log_window_event:75 - Logging window event for 'auth_client.py - devpulse-client-v2 - Visual Studio Code' | Start: 2025-07-25T15:30:56.854099 | End: 2025-07-25T15:31:07.049383 | Duration: 10.2s
2025-07-25 15:31:07 | DEBUG    | devpulse_client.core.window_tracker.window_task:_start_tracking_new_window:68 - Started tracking window: 'event_client.py - devpulse-client-v2 - Visual Studio Code'
2025-07-25 15:31:08 | ERROR    | devpulse_client.ingest.client.event_client:_send_events:89 - Error sending events: object of type 'EventRequest' has no len()
2025-07-25 15:31:13 | ERROR    | devpulse_client.ingest.client.event_client:_send_events:89 - Error sending events: object of type 'EventRequest' has no len()
2025-07-25 15:31:18 | ERROR    | devpulse_client.ingest.client.event_client:_send_events:89 - Error sending events: object of type 'EventRequest' has no len()
2025-07-25 15:31:19 | INFO     | devpulse_client.core.window_tracker.window_task:_log_previous_window_if_needed:51 - Window 'event_client.py - devpulse-client-v2 - Visual Studio Code' met duration threshold | Start: 2025-07-25T15:31:07.049383 | End: 2025-07-25T15:31:19.832506 | Duration: 12.8s (>= 0s threshold)
2025-07-25 15:31:19 | INFO     | devpulse_client.core.window_tracker.window_task:_log_window_event:75 - Logging window event for 'event_client.py - devpulse-client-v2 - Visual Studio Code' | Start: 2025-07-25T15:31:07.049383 | End: 2025-07-25T15:31:19.832506 | Duration: 12.8s
2025-07-25 15:31:19 | DEBUG    | devpulse_client.core.window_tracker.window_task:_start_tracking_new_window:68 - Started tracking window: '● event_client.py - devpulse-client-v2 - Visual Studio Code'
2025-07-25 15:31:23 | ERROR    | devpulse_client.ingest.client.event_client:_send_events:89 - Error sending events: object of type 'EventRequest' has no len()
2025-07-25 15:31:27 | INFO     | devpulse_client.core.window_tracker.window_task:_log_previous_window_if_needed:51 - Window '● event_client.py - devpulse-client-v2 - Visual Studio Code' met duration threshold | Start: 2025-07-25T15:31:19.832506 | End: 2025-07-25T15:31:27.149365 | Duration: 7.3s (>= 0s threshold)
2025-07-25 15:31:27 | INFO     | devpulse_client.core.window_tracker.window_task:_log_window_event:75 - Logging window event for '● event_client.py - devpulse-client-v2 - Visual Studio Code' | Start: 2025-07-25T15:31:19.832506 | End: 2025-07-25T15:31:27.149365 | Duration: 7.3s
2025-07-25 15:31:27 | DEBUG    | devpulse_client.core.window_tracker.window_task:_start_tracking_new_window:68 - Started tracking window: 'event_client.py - devpulse-client-v2 - Visual Studio Code'
2025-07-25 15:31:28 | ERROR    | devpulse_client.ingest.client.event_client:_send_events:89 - Error sending events: object of type 'EventRequest' has no len()
2025-07-25 15:31:30 | INFO     | devpulse_client.ingest.client.event_client:run:63 - Logging activity: System Stopped
2025-07-25 15:31:30 | INFO     | devpulse_client.app.app:start:100 - Received interrupt, shutting down
2025-07-25 15:31:30 | ERROR    | devpulse_client.cli.commands:run:48 - ❌ Failed to start client
