2025-07-30 13:14:07 | INFO     | devpulse_client.auth.collectors.device_collector:collect_fingerprint:20 - Collecting device fingerprint
2025-07-30 13:14:07 | INFO     | devpulse_client.auth.collectors.device_collector:collect_fingerprint:23 - Collecting device fingerprint: 18:60:24:92:da:75
2025-07-30 13:14:07 | INFO     | devpulse_client.auth.collectors.device_collector:collect_fingerprint:26 - Collecting device fingerprint: OKEY
2025-07-30 13:14:07 | DEBUG    | devpulse_client.auth.collectors.device_collector:collect_fingerprint:29 - Collected device fingerprint: MAC=18:60:24:92:da:75
2025-07-30 13:14:07 | INFO     | devpulse_client.auth.client.auth_client:_send_login_request:144 - Credential validation successful: {'access_token': 'eyJhbGciOiJIUzI1NiIsInR5cCI6IkpXVCJ9.eyJzdWIiOiJmYXJ1ayIsImRldmljZV9tYWMiOiIxODo2MDoyNDo5MjpkYTo3NSJ9.mdvGKPs6tdby8LCZ1GdpPUjIwZ7I28mBg07IeLUbcuc', 'token_type': 'bearer', 'expires': False}
2025-07-30 13:14:07 | INFO     | devpulse_client.ingest.client.event_client:run:34 - Starting activity tracker
2025-07-30 13:14:07 | INFO     | devpulse_client.ingest.client.event_client:run:42 - Logging activity: System Started
2025-07-30 13:14:07 | DEBUG    | devpulse_client.core.window_tracker.window_task:_start_tracking_new_window:68 - Started tracking window: 'tracker_config.py - devpulse-client-v2 - Visual Studio Code'
2025-07-30 13:14:07 | INFO     | devpulse_client.core.activity_state_tracker.activity_state_task:tick:74 - Logging activity: User Active
2025-07-30 13:14:07 | INFO     | devpulse_client.core.window_tracker.window_task:_log_previous_window_if_needed:51 - Window 'tracker_config.py - devpulse-client-v2 - Visual Studio Code' met duration threshold | Start: 2025-07-30T13:14:07.367354 | End: 2025-07-30T13:14:07.550807 | Duration: 0.2s (>= 0s threshold)
2025-07-30 13:14:07 | INFO     | devpulse_client.core.window_tracker.window_task:_log_window_event:75 - Logging window event for 'tracker_config.py - devpulse-client-v2 - Visual Studio Code' | Start: 2025-07-30T13:14:07.367354 | End: 2025-07-30T13:14:07.550807 | Duration: 0.2s
2025-07-30 13:14:07 | DEBUG    | devpulse_client.core.window_tracker.window_task:_start_tracking_new_window:68 - Started tracking window: 'Math Challenge'
2025-07-30 13:14:16 | INFO     | devpulse_client.core.activity_state_tracker.activity_state_task:tick:101 - Logging activity: User Inactive
2025-07-30 13:14:29 | INFO     | devpulse_client.core.activity_state_tracker.activity_state_task:tick:106 - Logging activity: User Active
2025-07-30 13:14:33 | INFO     | devpulse_client.core.window_tracker.window_task:_log_previous_window_if_needed:51 - Window 'Math Challenge' met duration threshold | Start: 2025-07-30T13:14:07.550807 | End: 2025-07-30T13:14:33.123398 | Duration: 25.6s (>= 0s threshold)
2025-07-30 13:14:33 | INFO     | devpulse_client.core.window_tracker.window_task:_log_window_event:75 - Logging window event for 'Math Challenge' | Start: 2025-07-30T13:14:07.550807 | End: 2025-07-30T13:14:33.123398 | Duration: 25.6s
2025-07-30 13:14:33 | DEBUG    | devpulse_client.core.window_tracker.window_task:_start_tracking_new_window:68 - Started tracking window: 'Captcha task update — Mozilla Firefox'
2025-07-30 13:14:47 | INFO     | devpulse_client.core.window_tracker.window_task:_log_previous_window_if_needed:51 - Window 'Captcha task update — Mozilla Firefox' met duration threshold | Start: 2025-07-30T13:14:33.123398 | End: 2025-07-30T13:14:47.651760 | Duration: 14.5s (>= 0s threshold)
2025-07-30 13:14:47 | INFO     | devpulse_client.core.window_tracker.window_task:_log_window_event:75 - Logging window event for 'Captcha task update — Mozilla Firefox' | Start: 2025-07-30T13:14:33.123398 | End: 2025-07-30T13:14:47.651760 | Duration: 14.5s
2025-07-30 13:14:47 | DEBUG    | devpulse_client.core.window_tracker.window_task:_start_tracking_new_window:68 - Started tracking window: 'Math Challenge'
2025-07-30 13:14:52 | INFO     | devpulse_client.core.window_tracker.window_task:_log_previous_window_if_needed:51 - Window 'Math Challenge' met duration threshold | Start: 2025-07-30T13:14:47.651760 | End: 2025-07-30T13:14:52.776975 | Duration: 5.1s (>= 0s threshold)
2025-07-30 13:14:52 | INFO     | devpulse_client.core.window_tracker.window_task:_log_window_event:75 - Logging window event for 'Math Challenge' | Start: 2025-07-30T13:14:47.651760 | End: 2025-07-30T13:14:52.776975 | Duration: 5.1s
2025-07-30 13:14:52 | DEBUG    | devpulse_client.core.window_tracker.window_task:_start_tracking_new_window:68 - Started tracking window: 'Captcha task update — Mozilla Firefox'
2025-07-30 13:15:07 | INFO     | devpulse_client.core.window_tracker.window_task:_log_previous_window_if_needed:51 - Window 'Captcha task update — Mozilla Firefox' met duration threshold | Start: 2025-07-30T13:14:52.776975 | End: 2025-07-30T13:15:07.611976 | Duration: 14.8s (>= 0s threshold)
2025-07-30 13:15:07 | INFO     | devpulse_client.core.window_tracker.window_task:_log_window_event:75 - Logging window event for 'Captcha task update — Mozilla Firefox' | Start: 2025-07-30T13:14:52.776975 | End: 2025-07-30T13:15:07.611976 | Duration: 14.8s
2025-07-30 13:15:07 | DEBUG    | devpulse_client.core.window_tracker.window_task:_start_tracking_new_window:68 - Started tracking window: 'Math Challenge'
2025-07-30 13:15:08 | INFO     | devpulse_client.core.activity_state_tracker.activity_state_task:tick:101 - Logging activity: User Inactive
2025-07-30 13:15:20 | INFO     | devpulse_client.core.activity_state_tracker.activity_state_task:tick:106 - Logging activity: User Active
2025-07-30 13:15:21 | INFO     | devpulse_client.core.window_tracker.window_task:_log_previous_window_if_needed:51 - Window 'Math Challenge' met duration threshold | Start: 2025-07-30T13:15:07.611976 | End: 2025-07-30T13:15:21.187960 | Duration: 13.6s (>= 0s threshold)
2025-07-30 13:15:21 | INFO     | devpulse_client.core.window_tracker.window_task:_log_window_event:75 - Logging window event for 'Math Challenge' | Start: 2025-07-30T13:15:07.611976 | End: 2025-07-30T13:15:21.187960 | Duration: 13.6s
2025-07-30 13:15:21 | DEBUG    | devpulse_client.core.window_tracker.window_task:_start_tracking_new_window:68 - Started tracking window: 'Captcha task update — Mozilla Firefox'
2025-07-30 13:15:27 | INFO     | devpulse_client.core.window_tracker.window_task:_log_previous_window_if_needed:51 - Window 'Captcha task update — Mozilla Firefox' met duration threshold | Start: 2025-07-30T13:15:21.187960 | End: 2025-07-30T13:15:27.664519 | Duration: 6.5s (>= 0s threshold)
2025-07-30 13:15:27 | INFO     | devpulse_client.core.window_tracker.window_task:_log_window_event:75 - Logging window event for 'Captcha task update — Mozilla Firefox' | Start: 2025-07-30T13:15:21.187960 | End: 2025-07-30T13:15:27.664519 | Duration: 6.5s
2025-07-30 13:15:27 | DEBUG    | devpulse_client.core.window_tracker.window_task:_start_tracking_new_window:68 - Started tracking window: 'Math Challenge'
2025-07-30 13:15:28 | INFO     | devpulse_client.core.window_tracker.window_task:_log_previous_window_if_needed:51 - Window 'Math Challenge' met duration threshold | Start: 2025-07-30T13:15:27.664519 | End: 2025-07-30T13:15:28.427341 | Duration: 0.8s (>= 0s threshold)
2025-07-30 13:15:28 | INFO     | devpulse_client.core.window_tracker.window_task:_log_window_event:75 - Logging window event for 'Math Challenge' | Start: 2025-07-30T13:15:27.664519 | End: 2025-07-30T13:15:28.427341 | Duration: 0.8s
2025-07-30 13:15:28 | DEBUG    | devpulse_client.core.window_tracker.window_task:_start_tracking_new_window:68 - Started tracking window: 'Captcha task update — Mozilla Firefox'
2025-07-30 13:15:47 | INFO     | devpulse_client.core.window_tracker.window_task:_log_previous_window_if_needed:51 - Window 'Captcha task update — Mozilla Firefox' met duration threshold | Start: 2025-07-30T13:15:28.427341 | End: 2025-07-30T13:15:47.658763 | Duration: 19.2s (>= 0s threshold)
2025-07-30 13:15:47 | INFO     | devpulse_client.core.window_tracker.window_task:_log_window_event:75 - Logging window event for 'Captcha task update — Mozilla Firefox' | Start: 2025-07-30T13:15:28.427341 | End: 2025-07-30T13:15:47.658763 | Duration: 19.2s
2025-07-30 13:15:47 | DEBUG    | devpulse_client.core.window_tracker.window_task:_start_tracking_new_window:68 - Started tracking window: 'Math Challenge'
2025-07-30 13:15:48 | INFO     | devpulse_client.core.window_tracker.window_task:_log_previous_window_if_needed:51 - Window 'Math Challenge' met duration threshold | Start: 2025-07-30T13:15:47.658763 | End: 2025-07-30T13:15:48.695918 | Duration: 1.0s (>= 0s threshold)
2025-07-30 13:15:48 | INFO     | devpulse_client.core.window_tracker.window_task:_log_window_event:75 - Logging window event for 'Math Challenge' | Start: 2025-07-30T13:15:47.658763 | End: 2025-07-30T13:15:48.695918 | Duration: 1.0s
2025-07-30 13:15:48 | DEBUG    | devpulse_client.core.window_tracker.window_task:_start_tracking_new_window:68 - Started tracking window: 'Captcha task update — Mozilla Firefox'
2025-07-30 13:15:48 | INFO     | devpulse_client.core.window_tracker.window_task:_log_previous_window_if_needed:51 - Window 'Captcha task update — Mozilla Firefox' met duration threshold | Start: 2025-07-30T13:15:48.695918 | End: 2025-07-30T13:15:48.920740 | Duration: 0.2s (>= 0s threshold)
2025-07-30 13:15:48 | INFO     | devpulse_client.core.window_tracker.window_task:_log_window_event:75 - Logging window event for 'Captcha task update — Mozilla Firefox' | Start: 2025-07-30T13:15:48.695918 | End: 2025-07-30T13:15:48.920740 | Duration: 0.2s
2025-07-30 13:15:48 | DEBUG    | devpulse_client.core.window_tracker.window_task:_start_tracking_new_window:68 - Started tracking window: 'Invalid Input'
2025-07-30 13:15:49 | INFO     | devpulse_client.core.window_tracker.window_task:_log_previous_window_if_needed:51 - Window 'Invalid Input' met duration threshold | Start: 2025-07-30T13:15:48.920740 | End: 2025-07-30T13:15:49.685357 | Duration: 0.8s (>= 0s threshold)
2025-07-30 13:15:49 | INFO     | devpulse_client.core.window_tracker.window_task:_log_window_event:75 - Logging window event for 'Invalid Input' | Start: 2025-07-30T13:15:48.920740 | End: 2025-07-30T13:15:49.685357 | Duration: 0.8s
2025-07-30 13:15:49 | DEBUG    | devpulse_client.core.window_tracker.window_task:_start_tracking_new_window:68 - Started tracking window: 'Math Challenge'
2025-07-30 13:15:49 | INFO     | devpulse_client.core.window_tracker.window_task:_log_previous_window_if_needed:51 - Window 'Math Challenge' met duration threshold | Start: 2025-07-30T13:15:49.685357 | End: 2025-07-30T13:15:49.736491 | Duration: 0.1s (>= 0s threshold)
2025-07-30 13:15:49 | INFO     | devpulse_client.core.window_tracker.window_task:_log_window_event:75 - Logging window event for 'Math Challenge' | Start: 2025-07-30T13:15:49.685357 | End: 2025-07-30T13:15:49.736491 | Duration: 0.1s
2025-07-30 13:15:49 | DEBUG    | devpulse_client.core.window_tracker.window_task:_start_tracking_new_window:68 - Started tracking window: 'Invalid Input'
2025-07-30 13:15:50 | INFO     | devpulse_client.core.window_tracker.window_task:_log_previous_window_if_needed:51 - Window 'Invalid Input' met duration threshold | Start: 2025-07-30T13:15:49.736491 | End: 2025-07-30T13:15:50.162541 | Duration: 0.4s (>= 0s threshold)
2025-07-30 13:15:50 | INFO     | devpulse_client.core.window_tracker.window_task:_log_window_event:75 - Logging window event for 'Invalid Input' | Start: 2025-07-30T13:15:49.736491 | End: 2025-07-30T13:15:50.162541 | Duration: 0.4s
2025-07-30 13:15:50 | DEBUG    | devpulse_client.core.window_tracker.window_task:_start_tracking_new_window:68 - Started tracking window: 'Math Challenge'
2025-07-30 13:15:51 | INFO     | devpulse_client.core.window_tracker.window_task:_log_previous_window_if_needed:51 - Window 'Math Challenge' met duration threshold | Start: 2025-07-30T13:15:50.162541 | End: 2025-07-30T13:15:51.510204 | Duration: 1.3s (>= 0s threshold)
2025-07-30 13:15:51 | INFO     | devpulse_client.core.window_tracker.window_task:_log_window_event:75 - Logging window event for 'Math Challenge' | Start: 2025-07-30T13:15:50.162541 | End: 2025-07-30T13:15:51.510204 | Duration: 1.3s
2025-07-30 13:15:51 | DEBUG    | devpulse_client.core.window_tracker.window_task:_start_tracking_new_window:68 - Started tracking window: 'tracker_config.py - devpulse-client-v2 - Visual Studio Code'
2025-07-30 13:15:51 | INFO     | devpulse_client.core.signal_handler.signal_handler:_handle_exit:54 - Received SIGINT – starting graceful shutdown…
2025-07-30 13:15:51 | INFO     | devpulse_client.ingest.client.event_client:run:61 - Logging activity: System Stopped
