2025-07-30 15:39:00 | INFO     | devpulse_client.auth.collectors.device_collector:collect_fingerprint:20 - Collecting device fingerprint
2025-07-30 15:39:00 | INFO     | devpulse_client.auth.collectors.device_collector:collect_fingerprint:23 - Collecting device fingerprint: 18:60:24:92:da:75
2025-07-30 15:39:00 | INFO     | devpulse_client.auth.collectors.device_collector:collect_fingerprint:26 - Collecting device fingerprint: OKEY
2025-07-30 15:39:00 | DEBUG    | devpulse_client.auth.collectors.device_collector:collect_fingerprint:29 - Collected device fingerprint: MAC=18:60:24:92:da:75
2025-07-30 15:39:00 | INFO     | devpulse_client.auth.client.auth_client:_send_login_request:144 - Credential validation successful: {'access_token': 'eyJhbGciOiJIUzI1NiIsInR5cCI6IkpXVCJ9.eyJzdWIiOiJmYXJ1ayIsImRldmljZV9tYWMiOiIxODo2MDoyNDo5MjpkYTo3NSJ9.mdvGKPs6tdby8LCZ1GdpPUjIwZ7I28mBg07IeLUbcuc', 'token_type': 'bearer', 'expires': False}
2025-07-30 15:39:00 | INFO     | devpulse_client.ingest.client.event_client:run:34 - Starting activity tracker
2025-07-30 15:39:00 | INFO     | devpulse_client.ingest.client.event_client:run:42 - Logging activity: System Started
2025-07-30 15:39:00 | DEBUG    | devpulse_client.core.window_tracker.window_task:_start_tracking_new_window:68 - Started tracking window: 'gnome-shell'
2025-07-30 15:39:00 | INFO     | devpulse_client.core.activity_state_tracker.activity_state_task:tick:44 - Logging activity: Screen Locked
2025-07-30 15:39:11 | INFO     | devpulse_client.core.window_tracker.window_task:_log_previous_window_if_needed:51 - Window 'gnome-shell' met duration threshold | Start: 2025-07-30T15:39:00.620406 | End: 2025-07-30T15:39:11.047376 | Duration: 10.4s (>= 0s threshold)
2025-07-30 15:39:11 | INFO     | devpulse_client.core.window_tracker.window_task:_log_window_event:75 - Logging window event for 'gnome-shell' | Start: 2025-07-30T15:39:00.620406 | End: 2025-07-30T15:39:11.047376 | Duration: 10.4s
2025-07-30 15:39:11 | DEBUG    | devpulse_client.core.window_tracker.window_task:_start_tracking_new_window:68 - Started tracking window: 'activity_state_task.py - devpulse-client-v2 - Visual Studio Code'
2025-07-30 15:39:11 | INFO     | devpulse_client.core.activity_state_tracker.activity_state_task:tick:66 - Logging activity: Screen Unlocked
2025-07-30 15:39:11 | INFO     | devpulse_client.core.activity_state_tracker.activity_state_task:tick:70 - Logging activity: User Active
2025-07-30 15:39:23 | INFO     | devpulse_client.core.window_tracker.window_task:_log_previous_window_if_needed:51 - Window 'activity_state_task.py - devpulse-client-v2 - Visual Studio Code' met duration threshold | Start: 2025-07-30T15:39:11.047376 | End: 2025-07-30T15:39:23.940199 | Duration: 12.9s (>= 0s threshold)
2025-07-30 15:39:23 | INFO     | devpulse_client.core.window_tracker.window_task:_log_window_event:75 - Logging window event for 'activity_state_task.py - devpulse-client-v2 - Visual Studio Code' | Start: 2025-07-30T15:39:11.047376 | End: 2025-07-30T15:39:23.940199 | Duration: 12.9s
2025-07-30 15:39:23 | DEBUG    | devpulse_client.core.window_tracker.window_task:_start_tracking_new_window:68 - Started tracking window: 'Delayed screen lock fix — Mozilla Firefox'
2025-07-30 15:39:30 | INFO     | devpulse_client.core.activity_state_tracker.activity_state_task:tick:36 - Screen locked by scheduler (based on config interval).
2025-07-30 15:39:30 | INFO     | devpulse_client.core.activity_state_tracker.activity_state_task:tick:61 - Logging activity: Screen Locked
2025-07-30 15:39:30 | INFO     | devpulse_client.core.window_tracker.window_task:_log_previous_window_if_needed:51 - Window 'Delayed screen lock fix — Mozilla Firefox' met duration threshold | Start: 2025-07-30T15:39:23.940199 | End: 2025-07-30T15:39:30.526354 | Duration: 6.6s (>= 0s threshold)
2025-07-30 15:39:30 | INFO     | devpulse_client.core.window_tracker.window_task:_log_window_event:75 - Logging window event for 'Delayed screen lock fix — Mozilla Firefox' | Start: 2025-07-30T15:39:23.940199 | End: 2025-07-30T15:39:30.526354 | Duration: 6.6s
2025-07-30 15:39:30 | DEBUG    | devpulse_client.core.window_tracker.window_task:_start_tracking_new_window:68 - Started tracking window: 'gnome-shell'
2025-07-30 15:39:35 | INFO     | devpulse_client.core.window_tracker.window_task:_log_previous_window_if_needed:51 - Window 'gnome-shell' met duration threshold | Start: 2025-07-30T15:39:30.526354 | End: 2025-07-30T15:39:35.224101 | Duration: 4.7s (>= 0s threshold)
2025-07-30 15:39:35 | INFO     | devpulse_client.core.window_tracker.window_task:_log_window_event:75 - Logging window event for 'gnome-shell' | Start: 2025-07-30T15:39:30.526354 | End: 2025-07-30T15:39:35.224101 | Duration: 4.7s
2025-07-30 15:39:35 | DEBUG    | devpulse_client.core.window_tracker.window_task:_start_tracking_new_window:68 - Started tracking window: 'Delayed screen lock fix — Mozilla Firefox'
2025-07-30 15:39:35 | INFO     | devpulse_client.core.activity_state_tracker.activity_state_task:tick:66 - Logging activity: Screen Unlocked
2025-07-30 15:39:35 | INFO     | devpulse_client.core.activity_state_tracker.activity_state_task:tick:70 - Logging activity: User Active
2025-07-30 15:39:36 | INFO     | devpulse_client.core.window_tracker.window_task:_log_previous_window_if_needed:51 - Window 'Delayed screen lock fix — Mozilla Firefox' met duration threshold | Start: 2025-07-30T15:39:35.224101 | End: 2025-07-30T15:39:36.251579 | Duration: 1.0s (>= 0s threshold)
2025-07-30 15:39:36 | INFO     | devpulse_client.core.window_tracker.window_task:_log_window_event:75 - Logging window event for 'Delayed screen lock fix — Mozilla Firefox' | Start: 2025-07-30T15:39:35.224101 | End: 2025-07-30T15:39:36.251579 | Duration: 1.0s
2025-07-30 15:39:36 | DEBUG    | devpulse_client.core.window_tracker.window_task:_start_tracking_new_window:68 - Started tracking window: 'activity_state_task.py - devpulse-client-v2 - Visual Studio Code'
2025-07-30 15:39:36 | INFO     | devpulse_client.core.signal_handler.signal_handler:_handle_exit:54 - Received SIGINT – starting graceful shutdown…
2025-07-30 15:39:36 | INFO     | devpulse_client.ingest.client.event_client:run:61 - Logging activity: System Stopped
