2025-07-30 10:37:33 | INFO     | devpulse_client.auth.collectors.device_collector:collect_fingerprint:20 - Collecting device fingerprint
2025-07-30 10:37:33 | INFO     | devpulse_client.auth.collectors.device_collector:collect_fingerprint:23 - Collecting device fingerprint: 18:60:24:92:da:75
2025-07-30 10:37:33 | INFO     | devpulse_client.auth.collectors.device_collector:collect_fingerprint:26 - Collecting device fingerprint: OKEY
2025-07-30 10:37:33 | DEBUG    | devpulse_client.auth.collectors.device_collector:collect_fingerprint:29 - Collected device fingerprint: MAC=18:60:24:92:da:75
2025-07-30 10:37:33 | INFO     | devpulse_client.auth.client.auth_client:_send_login_request:144 - Credential validation successful: {'access_token': 'eyJhbGciOiJIUzI1NiIsInR5cCI6IkpXVCJ9.eyJzdWIiOiJmYXJ1ayIsImRldmljZV9tYWMiOiIxODo2MDoyNDo5MjpkYTo3NSJ9.mdvGKPs6tdby8LCZ1GdpPUjIwZ7I28mBg07IeLUbcuc', 'token_type': 'bearer', 'expires': False}
2025-07-30 10:37:33 | INFO     | devpulse_client.ingest.client.event_client:run:34 - Starting activity tracker
2025-07-30 10:37:33 | INFO     | devpulse_client.ingest.client.event_client:run:42 - Logging activity: System Started
2025-07-30 10:37:33 | DEBUG    | devpulse_client.core.window_tracker.window_task:_start_tracking_new_window:68 - Started tracking window: 'tracker_config.py - devpulse-client-v2 - Visual Studio Code'
2025-07-30 10:37:33 | INFO     | devpulse_client.core.activity_state_tracker.activity_state_task:tick:74 - Logging activity: User Active
2025-07-30 10:37:33 | INFO     | devpulse_client.core.window_tracker.window_task:_log_previous_window_if_needed:51 - Window 'tracker_config.py - devpulse-client-v2 - Visual Studio Code' met duration threshold | Start: 2025-07-30T10:37:33.736885 | End: 2025-07-30T10:37:33.948812 | Duration: 0.2s (>= 0s threshold)
2025-07-30 10:37:33 | INFO     | devpulse_client.core.window_tracker.window_task:_log_window_event:75 - Logging window event for 'tracker_config.py - devpulse-client-v2 - Visual Studio Code' | Start: 2025-07-30T10:37:33.736885 | End: 2025-07-30T10:37:33.948812 | Duration: 0.2s
2025-07-30 10:37:33 | DEBUG    | devpulse_client.core.window_tracker.window_task:_start_tracking_new_window:68 - Started tracking window: 'Math Challenge'
2025-07-30 10:37:37 | INFO     | devpulse_client.core.window_tracker.window_task:_log_previous_window_if_needed:51 - Window 'Math Challenge' met duration threshold | Start: 2025-07-30T10:37:33.948812 | End: 2025-07-30T10:37:37.822091 | Duration: 3.9s (>= 0s threshold)
2025-07-30 10:37:37 | INFO     | devpulse_client.core.window_tracker.window_task:_log_window_event:75 - Logging window event for 'Math Challenge' | Start: 2025-07-30T10:37:33.948812 | End: 2025-07-30T10:37:37.822091 | Duration: 3.9s
2025-07-30 10:37:37 | DEBUG    | devpulse_client.core.window_tracker.window_task:_start_tracking_new_window:68 - Started tracking window: 'N/A'
2025-07-30 10:37:37 | INFO     | devpulse_client.core.window_tracker.window_task:_log_previous_window_if_needed:51 - Window 'N/A' met duration threshold | Start: 2025-07-30T10:37:37.822091 | End: 2025-07-30T10:37:37.935460 | Duration: 0.1s (>= 0s threshold)
2025-07-30 10:37:37 | INFO     | devpulse_client.core.window_tracker.window_task:_log_window_event:75 - Logging window event for 'N/A' | Start: 2025-07-30T10:37:37.822091 | End: 2025-07-30T10:37:37.935460 | Duration: 0.1s
2025-07-30 10:37:37 | DEBUG    | devpulse_client.core.window_tracker.window_task:_start_tracking_new_window:68 - Started tracking window: 'tracker_config.py - devpulse-client-v2 - Visual Studio Code'
2025-07-30 10:37:38 | INFO     | devpulse_client.core.window_tracker.window_task:_log_previous_window_if_needed:51 - Window 'tracker_config.py - devpulse-client-v2 - Visual Studio Code' met duration threshold | Start: 2025-07-30T10:37:37.935460 | End: 2025-07-30T10:37:38.140630 | Duration: 0.2s (>= 0s threshold)
2025-07-30 10:37:38 | INFO     | devpulse_client.core.window_tracker.window_task:_log_window_event:75 - Logging window event for 'tracker_config.py - devpulse-client-v2 - Visual Studio Code' | Start: 2025-07-30T10:37:37.935460 | End: 2025-07-30T10:37:38.140630 | Duration: 0.2s
2025-07-30 10:37:38 | DEBUG    | devpulse_client.core.window_tracker.window_task:_start_tracking_new_window:68 - Started tracking window: 'Information'
2025-07-30 10:37:38 | INFO     | devpulse_client.core.window_tracker.window_task:_log_previous_window_if_needed:51 - Window 'Information' met duration threshold | Start: 2025-07-30T10:37:38.140630 | End: 2025-07-30T10:37:38.823522 | Duration: 0.7s (>= 0s threshold)
2025-07-30 10:37:38 | INFO     | devpulse_client.core.window_tracker.window_task:_log_window_event:75 - Logging window event for 'Information' | Start: 2025-07-30T10:37:38.140630 | End: 2025-07-30T10:37:38.823522 | Duration: 0.7s
2025-07-30 10:37:38 | DEBUG    | devpulse_client.core.window_tracker.window_task:_start_tracking_new_window:68 - Started tracking window: 'tracker_config.py - devpulse-client-v2 - Visual Studio Code'
2025-07-30 10:37:40 | INFO     | devpulse_client.core.window_tracker.window_task:_log_previous_window_if_needed:51 - Window 'tracker_config.py - devpulse-client-v2 - Visual Studio Code' met duration threshold | Start: 2025-07-30T10:37:38.823522 | End: 2025-07-30T10:37:40.789030 | Duration: 2.0s (>= 0s threshold)
2025-07-30 10:37:40 | INFO     | devpulse_client.core.window_tracker.window_task:_log_window_event:75 - Logging window event for 'tracker_config.py - devpulse-client-v2 - Visual Studio Code' | Start: 2025-07-30T10:37:38.823522 | End: 2025-07-30T10:37:40.789030 | Duration: 2.0s
2025-07-30 10:37:40 | DEBUG    | devpulse_client.core.window_tracker.window_task:_start_tracking_new_window:68 - Started tracking window: 'pgAdmin 4'
2025-07-30 10:38:16 | INFO     | devpulse_client.core.window_tracker.window_task:_log_previous_window_if_needed:51 - Window 'pgAdmin 4' met duration threshold | Start: 2025-07-30T10:37:40.789030 | End: 2025-07-30T10:38:16.629134 | Duration: 35.8s (>= 0s threshold)
2025-07-30 10:38:16 | INFO     | devpulse_client.core.window_tracker.window_task:_log_window_event:75 - Logging window event for 'pgAdmin 4' | Start: 2025-07-30T10:37:40.789030 | End: 2025-07-30T10:38:16.629134 | Duration: 35.8s
2025-07-30 10:38:16 | DEBUG    | devpulse_client.core.window_tracker.window_task:_start_tracking_new_window:68 - Started tracking window: 'tracker_config.py - devpulse-client-v2 - Visual Studio Code'
2025-07-30 10:38:17 | INFO     | devpulse_client.core.window_tracker.window_task:_log_previous_window_if_needed:51 - Window 'tracker_config.py - devpulse-client-v2 - Visual Studio Code' met duration threshold | Start: 2025-07-30T10:38:16.629134 | End: 2025-07-30T10:38:17.209859 | Duration: 0.6s (>= 0s threshold)
2025-07-30 10:38:17 | INFO     | devpulse_client.core.window_tracker.window_task:_log_window_event:75 - Logging window event for 'tracker_config.py - devpulse-client-v2 - Visual Studio Code' | Start: 2025-07-30T10:38:16.629134 | End: 2025-07-30T10:38:17.209859 | Duration: 0.6s
2025-07-30 10:38:17 | DEBUG    | devpulse_client.core.window_tracker.window_task:_start_tracking_new_window:68 - Started tracking window: 'gnome-shell'
2025-07-30 10:38:18 | INFO     | devpulse_client.core.window_tracker.window_task:_log_previous_window_if_needed:51 - Window 'gnome-shell' met duration threshold | Start: 2025-07-30T10:38:17.209859 | End: 2025-07-30T10:38:18.688545 | Duration: 1.5s (>= 0s threshold)
2025-07-30 10:38:18 | INFO     | devpulse_client.core.window_tracker.window_task:_log_window_event:75 - Logging window event for 'gnome-shell' | Start: 2025-07-30T10:38:17.209859 | End: 2025-07-30T10:38:18.688545 | Duration: 1.5s
2025-07-30 10:38:18 | DEBUG    | devpulse_client.core.window_tracker.window_task:_start_tracking_new_window:68 - Started tracking window: 'router.py - devpulse-server - Visual Studio Code'
2025-07-30 10:38:28 | INFO     | devpulse_client.core.window_tracker.window_task:_log_previous_window_if_needed:51 - Window 'router.py - devpulse-server - Visual Studio Code' met duration threshold | Start: 2025-07-30T10:38:18.688545 | End: 2025-07-30T10:38:28.959504 | Duration: 10.3s (>= 0s threshold)
2025-07-30 10:38:28 | INFO     | devpulse_client.core.window_tracker.window_task:_log_window_event:75 - Logging window event for 'router.py - devpulse-server - Visual Studio Code' | Start: 2025-07-30T10:38:18.688545 | End: 2025-07-30T10:38:28.959504 | Duration: 10.3s
2025-07-30 10:38:28 | DEBUG    | devpulse_client.core.window_tracker.window_task:_start_tracking_new_window:68 - Started tracking window: 'user.py - devpulse-server - Visual Studio Code'
2025-07-30 10:38:59 | INFO     | devpulse_client.core.window_tracker.window_task:_log_previous_window_if_needed:51 - Window 'user.py - devpulse-server - Visual Studio Code' met duration threshold | Start: 2025-07-30T10:38:28.959504 | End: 2025-07-30T10:38:59.559229 | Duration: 30.6s (>= 0s threshold)
2025-07-30 10:38:59 | INFO     | devpulse_client.core.window_tracker.window_task:_log_window_event:75 - Logging window event for 'user.py - devpulse-server - Visual Studio Code' | Start: 2025-07-30T10:38:28.959504 | End: 2025-07-30T10:38:59.559229 | Duration: 30.6s
2025-07-30 10:38:59 | DEBUG    | devpulse_client.core.window_tracker.window_task:_start_tracking_new_window:68 - Started tracking window: 'device.py - devpulse-server - Visual Studio Code'
2025-07-30 10:39:15 | INFO     | devpulse_client.core.window_tracker.window_task:_log_previous_window_if_needed:51 - Window 'device.py - devpulse-server - Visual Studio Code' met duration threshold | Start: 2025-07-30T10:38:59.559229 | End: 2025-07-30T10:39:15.133587 | Duration: 15.6s (>= 0s threshold)
2025-07-30 10:39:15 | INFO     | devpulse_client.core.window_tracker.window_task:_log_window_event:75 - Logging window event for 'device.py - devpulse-server - Visual Studio Code' | Start: 2025-07-30T10:38:59.559229 | End: 2025-07-30T10:39:15.133587 | Duration: 15.6s
2025-07-30 10:39:15 | DEBUG    | devpulse_client.core.window_tracker.window_task:_start_tracking_new_window:68 - Started tracking window: '● device.py - devpulse-server - Visual Studio Code'
2025-07-30 10:39:29 | INFO     | devpulse_client.core.window_tracker.window_task:_log_previous_window_if_needed:51 - Window '● device.py - devpulse-server - Visual Studio Code' met duration threshold | Start: 2025-07-30T10:39:15.133587 | End: 2025-07-30T10:39:29.635207 | Duration: 14.5s (>= 0s threshold)
2025-07-30 10:39:29 | INFO     | devpulse_client.core.window_tracker.window_task:_log_window_event:75 - Logging window event for '● device.py - devpulse-server - Visual Studio Code' | Start: 2025-07-30T10:39:15.133587 | End: 2025-07-30T10:39:29.635207 | Duration: 14.5s
2025-07-30 10:39:29 | DEBUG    | devpulse_client.core.window_tracker.window_task:_start_tracking_new_window:68 - Started tracking window: 'device.py - devpulse-server - Visual Studio Code'
2025-07-30 10:39:34 | ERROR    | devpulse_client.ingest.client.event_client:send_events:81 - Failed to send events: 403 {"detail":"Invalid credentials or device"}
2025-07-30 10:39:39 | ERROR    | devpulse_client.ingest.client.event_client:send_events:85 - Error sending events: [Errno 111] Connection refused
2025-07-30 10:39:44 | ERROR    | devpulse_client.ingest.client.event_client:send_events:81 - Failed to send events: 403 {"detail":"Invalid credentials or device"}
2025-07-30 10:39:49 | ERROR    | devpulse_client.ingest.client.event_client:send_events:81 - Failed to send events: 403 {"detail":"Invalid credentials or device"}
2025-07-30 10:39:54 | ERROR    | devpulse_client.ingest.client.event_client:send_events:81 - Failed to send events: 403 {"detail":"Invalid credentials or device"}
2025-07-30 10:39:59 | ERROR    | devpulse_client.ingest.client.event_client:send_events:85 - Error sending events: [Errno 111] Connection refused
2025-07-30 10:40:04 | ERROR    | devpulse_client.ingest.client.event_client:send_events:85 - Error sending events: [Errno 111] Connection refused
2025-07-30 10:40:09 | ERROR    | devpulse_client.ingest.client.event_client:send_events:85 - Error sending events: [Errno 111] Connection refused
2025-07-30 10:40:14 | ERROR    | devpulse_client.ingest.client.event_client:send_events:81 - Failed to send events: 403 {"detail":"Invalid credentials or device"}
2025-07-30 10:40:19 | ERROR    | devpulse_client.ingest.client.event_client:send_events:81 - Failed to send events: 403 {"detail":"Invalid credentials or device"}
2025-07-30 10:40:21 | INFO     | devpulse_client.core.window_tracker.window_task:_log_previous_window_if_needed:51 - Window 'device.py - devpulse-server - Visual Studio Code' met duration threshold | Start: 2025-07-30T10:39:29.635207 | End: 2025-07-30T10:40:21.880877 | Duration: 52.2s (>= 0s threshold)
2025-07-30 10:40:21 | INFO     | devpulse_client.core.window_tracker.window_task:_log_window_event:75 - Logging window event for 'device.py - devpulse-server - Visual Studio Code' | Start: 2025-07-30T10:39:29.635207 | End: 2025-07-30T10:40:21.880877 | Duration: 52.2s
2025-07-30 10:40:21 | DEBUG    | devpulse_client.core.window_tracker.window_task:_start_tracking_new_window:68 - Started tracking window: 'gnome-shell'
2025-07-30 10:40:24 | ERROR    | devpulse_client.ingest.client.event_client:send_events:81 - Failed to send events: 403 {"detail":"Invalid credentials or device"}
2025-07-30 10:40:26 | INFO     | devpulse_client.core.window_tracker.window_task:_log_previous_window_if_needed:51 - Window 'gnome-shell' met duration threshold | Start: 2025-07-30T10:40:21.880877 | End: 2025-07-30T10:40:26.194194 | Duration: 4.3s (>= 0s threshold)
2025-07-30 10:40:26 | INFO     | devpulse_client.core.window_tracker.window_task:_log_window_event:75 - Logging window event for 'gnome-shell' | Start: 2025-07-30T10:40:21.880877 | End: 2025-07-30T10:40:26.194194 | Duration: 4.3s
2025-07-30 10:40:26 | DEBUG    | devpulse_client.core.window_tracker.window_task:_start_tracking_new_window:68 - Started tracking window: 'device.py - devpulse-server - Visual Studio Code'
2025-07-30 10:40:26 | INFO     | devpulse_client.core.window_tracker.window_task:_log_previous_window_if_needed:51 - Window 'device.py - devpulse-server - Visual Studio Code' met duration threshold | Start: 2025-07-30T10:40:26.194194 | End: 2025-07-30T10:40:26.245235 | Duration: 0.1s (>= 0s threshold)
2025-07-30 10:40:26 | INFO     | devpulse_client.core.window_tracker.window_task:_log_window_event:75 - Logging window event for 'device.py - devpulse-server - Visual Studio Code' | Start: 2025-07-30T10:40:26.194194 | End: 2025-07-30T10:40:26.245235 | Duration: 0.1s
2025-07-30 10:40:26 | DEBUG    | devpulse_client.core.window_tracker.window_task:_start_tracking_new_window:68 - Started tracking window: 'tracker_config.py - devpulse-client-v2 - Visual Studio Code'
2025-07-30 10:40:28 | INFO     | devpulse_client.core.signal_handler.signal_handler:_handle_exit:54 - Received SIGINT – starting graceful shutdown…
2025-07-30 10:40:28 | ERROR    | devpulse_client.ingest.client.event_client:send_events:81 - Failed to send events: 403 {"detail":"Invalid credentials or device"}
2025-07-30 10:40:28 | INFO     | devpulse_client.ingest.client.event_client:run:61 - Logging activity: System Stopped
