2025-07-28 15:08:27 | INFO     | devpulse_client.auth.collectors.device_collector:collect_fingerprint:20 - Collecting device fingerprint
2025-07-28 15:08:27 | INFO     | devpulse_client.auth.collectors.device_collector:collect_fingerprint:23 - Collecting device fingerprint: 18:60:24:92:da:75
2025-07-28 15:08:27 | INFO     | devpulse_client.auth.collectors.device_collector:collect_fingerprint:26 - Collecting device fingerprint: OKEY
2025-07-28 15:08:27 | DEBUG    | devpulse_client.auth.collectors.device_collector:collect_fingerprint:29 - Collected device fingerprint: MAC=18:60:24:92:da:75
2025-07-28 15:08:27 | INFO     | devpulse_client.auth.client.auth_client:_send_login_request:144 - Credential validation successful: {'access_token': 'eyJhbGciOiJIUzI1NiIsInR5cCI6IkpXVCJ9.eyJzdWIiOiJmYXJ1ayIsImRldmljZV9tYWMiOiIxODo2MDoyNDo5MjpkYTo3NSJ9.mdvGKPs6tdby8LCZ1GdpPUjIwZ7I28mBg07IeLUbcuc', 'token_type': 'bearer', 'expires': False}
2025-07-28 15:08:27 | INFO     | devpulse_client.ingest.client.event_client:run:32 - Starting activity tracker
2025-07-28 15:08:27 | INFO     | devpulse_client.ingest.client.event_client:run:40 - Logging activity: System Started
2025-07-28 15:08:27 | DEBUG    | devpulse_client.core.window_tracker.window_task:_start_tracking_new_window:68 - Started tracking window: 'app.py - devpulse-client-v2 - Visual Studio Code'
2025-07-28 15:08:27 | INFO     | devpulse_client.core.activity_state_tracker.activity_state_task:tick:74 - Logging activity: User Active
2025-07-28 15:08:37 | INFO     | devpulse_client.core.window_tracker.window_task:_log_previous_window_if_needed:51 - Window 'app.py - devpulse-client-v2 - Visual Studio Code' met duration threshold | Start: 2025-07-28T15:08:27.770853 | End: 2025-07-28T15:08:37.374121 | Duration: 9.6s (>= 0s threshold)
2025-07-28 15:08:37 | INFO     | devpulse_client.core.window_tracker.window_task:_log_window_event:75 - Logging window event for 'app.py - devpulse-client-v2 - Visual Studio Code' | Start: 2025-07-28T15:08:27.770853 | End: 2025-07-28T15:08:37.374121 | Duration: 9.6s
2025-07-28 15:08:37 | DEBUG    | devpulse_client.core.window_tracker.window_task:_start_tracking_new_window:68 - Started tracking window: 'pgAdmin 4'
2025-07-28 15:09:12 | INFO     | devpulse_client.core.window_tracker.window_task:_log_previous_window_if_needed:51 - Window 'pgAdmin 4' met duration threshold | Start: 2025-07-28T15:08:37.374121 | End: 2025-07-28T15:09:12.462711 | Duration: 35.1s (>= 0s threshold)
2025-07-28 15:09:12 | INFO     | devpulse_client.core.window_tracker.window_task:_log_window_event:75 - Logging window event for 'pgAdmin 4' | Start: 2025-07-28T15:08:37.374121 | End: 2025-07-28T15:09:12.462711 | Duration: 35.1s
2025-07-28 15:09:12 | DEBUG    | devpulse_client.core.window_tracker.window_task:_start_tracking_new_window:68 - Started tracking window: 'device.py - devpulse-server - Visual Studio Code'
2025-07-28 15:09:16 | INFO     | devpulse_client.core.window_tracker.window_task:_log_previous_window_if_needed:51 - Window 'device.py - devpulse-server - Visual Studio Code' met duration threshold | Start: 2025-07-28T15:09:12.462711 | End: 2025-07-28T15:09:16.564732 | Duration: 4.1s (>= 0s threshold)
2025-07-28 15:09:16 | INFO     | devpulse_client.core.window_tracker.window_task:_log_window_event:75 - Logging window event for 'device.py - devpulse-server - Visual Studio Code' | Start: 2025-07-28T15:09:12.462711 | End: 2025-07-28T15:09:16.564732 | Duration: 4.1s
2025-07-28 15:09:16 | DEBUG    | devpulse_client.core.window_tracker.window_task:_start_tracking_new_window:68 - Started tracking window: 'user.py - devpulse-server - Visual Studio Code'
2025-07-28 15:09:17 | ERROR    | devpulse_client.ingest.client.event_client:send_events:83 - Error sending events: [Errno 111] Connection refused
2025-07-28 15:09:22 | ERROR    | devpulse_client.ingest.client.event_client:send_events:83 - Error sending events: [Errno 111] Connection refused
2025-07-28 15:09:27 | ERROR    | devpulse_client.ingest.client.event_client:send_events:83 - Error sending events: [Errno 111] Connection refused
2025-07-28 15:09:32 | ERROR    | devpulse_client.ingest.client.event_client:send_events:83 - Error sending events: [Errno 111] Connection refused
2025-07-28 15:09:33 | INFO     | devpulse_client.core.window_tracker.window_task:_log_previous_window_if_needed:51 - Window 'user.py - devpulse-server - Visual Studio Code' met duration threshold | Start: 2025-07-28T15:09:16.564732 | End: 2025-07-28T15:09:33.246359 | Duration: 16.7s (>= 0s threshold)
2025-07-28 15:09:33 | INFO     | devpulse_client.core.window_tracker.window_task:_log_window_event:75 - Logging window event for 'user.py - devpulse-server - Visual Studio Code' | Start: 2025-07-28T15:09:16.564732 | End: 2025-07-28T15:09:33.246359 | Duration: 16.7s
2025-07-28 15:09:33 | DEBUG    | devpulse_client.core.window_tracker.window_task:_start_tracking_new_window:68 - Started tracking window: 'connection.py - devpulse-server - Visual Studio Code'
2025-07-28 15:09:34 | INFO     | devpulse_client.core.window_tracker.window_task:_log_previous_window_if_needed:51 - Window 'connection.py - devpulse-server - Visual Studio Code' met duration threshold | Start: 2025-07-28T15:09:33.246359 | End: 2025-07-28T15:09:34.070856 | Duration: 0.8s (>= 0s threshold)
2025-07-28 15:09:34 | INFO     | devpulse_client.core.window_tracker.window_task:_log_window_event:75 - Logging window event for 'connection.py - devpulse-server - Visual Studio Code' | Start: 2025-07-28T15:09:33.246359 | End: 2025-07-28T15:09:34.070856 | Duration: 0.8s
2025-07-28 15:09:34 | DEBUG    | devpulse_client.core.window_tracker.window_task:_start_tracking_new_window:68 - Started tracking window: 'device.py - devpulse-server - Visual Studio Code'
2025-07-28 15:09:35 | INFO     | devpulse_client.core.window_tracker.window_task:_log_previous_window_if_needed:51 - Window 'device.py - devpulse-server - Visual Studio Code' met duration threshold | Start: 2025-07-28T15:09:34.070856 | End: 2025-07-28T15:09:35.114273 | Duration: 1.0s (>= 0s threshold)
2025-07-28 15:09:35 | INFO     | devpulse_client.core.window_tracker.window_task:_log_window_event:75 - Logging window event for 'device.py - devpulse-server - Visual Studio Code' | Start: 2025-07-28T15:09:34.070856 | End: 2025-07-28T15:09:35.114273 | Duration: 1.0s
2025-07-28 15:09:35 | DEBUG    | devpulse_client.core.window_tracker.window_task:_start_tracking_new_window:68 - Started tracking window: '● device.py - devpulse-server - Visual Studio Code'
2025-07-28 15:09:37 | ERROR    | devpulse_client.ingest.client.event_client:send_events:83 - Error sending events: [Errno 111] Connection refused
2025-07-28 15:09:40 | INFO     | devpulse_client.core.window_tracker.window_task:_log_previous_window_if_needed:51 - Window '● device.py - devpulse-server - Visual Studio Code' met duration threshold | Start: 2025-07-28T15:09:35.114273 | End: 2025-07-28T15:09:40.038254 | Duration: 4.9s (>= 0s threshold)
2025-07-28 15:09:40 | INFO     | devpulse_client.core.window_tracker.window_task:_log_window_event:75 - Logging window event for '● device.py - devpulse-server - Visual Studio Code' | Start: 2025-07-28T15:09:35.114273 | End: 2025-07-28T15:09:40.038254 | Duration: 4.9s
2025-07-28 15:09:40 | DEBUG    | devpulse_client.core.window_tracker.window_task:_start_tracking_new_window:68 - Started tracking window: 'device.py - devpulse-server - Visual Studio Code'
2025-07-28 15:09:41 | INFO     | devpulse_client.core.window_tracker.window_task:_log_previous_window_if_needed:51 - Window 'device.py - devpulse-server - Visual Studio Code' met duration threshold | Start: 2025-07-28T15:09:40.038254 | End: 2025-07-28T15:09:41.649400 | Duration: 1.6s (>= 0s threshold)
2025-07-28 15:09:41 | INFO     | devpulse_client.core.window_tracker.window_task:_log_window_event:75 - Logging window event for 'device.py - devpulse-server - Visual Studio Code' | Start: 2025-07-28T15:09:40.038254 | End: 2025-07-28T15:09:41.649400 | Duration: 1.6s
2025-07-28 15:09:41 | DEBUG    | devpulse_client.core.window_tracker.window_task:_start_tracking_new_window:68 - Started tracking window: 'pgAdmin 4'
2025-07-28 15:09:42 | ERROR    | devpulse_client.ingest.client.event_client:send_events:83 - Error sending events: [Errno 111] Connection refused
2025-07-28 15:09:46 | INFO     | devpulse_client.core.window_tracker.window_task:_log_previous_window_if_needed:51 - Window 'pgAdmin 4' met duration threshold | Start: 2025-07-28T15:09:41.649400 | End: 2025-07-28T15:09:46.786122 | Duration: 5.1s (>= 0s threshold)
2025-07-28 15:09:46 | INFO     | devpulse_client.core.window_tracker.window_task:_log_window_event:75 - Logging window event for 'pgAdmin 4' | Start: 2025-07-28T15:09:41.649400 | End: 2025-07-28T15:09:46.786122 | Duration: 5.1s
2025-07-28 15:09:46 | DEBUG    | devpulse_client.core.window_tracker.window_task:_start_tracking_new_window:68 - Started tracking window: 'device.py - devpulse-server - Visual Studio Code'
2025-07-28 15:09:47 | INFO     | devpulse_client.core.window_tracker.window_task:_log_previous_window_if_needed:51 - Window 'device.py - devpulse-server - Visual Studio Code' met duration threshold | Start: 2025-07-28T15:09:46.786122 | End: 2025-07-28T15:09:47.265224 | Duration: 0.5s (>= 0s threshold)
2025-07-28 15:09:47 | INFO     | devpulse_client.core.window_tracker.window_task:_log_window_event:75 - Logging window event for 'device.py - devpulse-server - Visual Studio Code' | Start: 2025-07-28T15:09:46.786122 | End: 2025-07-28T15:09:47.265224 | Duration: 0.5s
2025-07-28 15:09:47 | DEBUG    | devpulse_client.core.window_tracker.window_task:_start_tracking_new_window:68 - Started tracking window: 'gnome-shell'
2025-07-28 15:09:47 | ERROR    | devpulse_client.ingest.client.event_client:send_events:83 - Error sending events: [Errno 111] Connection refused
2025-07-28 15:09:48 | INFO     | devpulse_client.core.window_tracker.window_task:_log_previous_window_if_needed:51 - Window 'gnome-shell' met duration threshold | Start: 2025-07-28T15:09:47.265224 | End: 2025-07-28T15:09:47.997935 | Duration: 0.7s (>= 0s threshold)
2025-07-28 15:09:48 | INFO     | devpulse_client.core.window_tracker.window_task:_log_window_event:75 - Logging window event for 'gnome-shell' | Start: 2025-07-28T15:09:47.265224 | End: 2025-07-28T15:09:47.997935 | Duration: 0.7s
2025-07-28 15:09:48 | DEBUG    | devpulse_client.core.window_tracker.window_task:_start_tracking_new_window:68 - Started tracking window: 'device.py - devpulse-server - Visual Studio Code'
2025-07-28 15:09:48 | INFO     | devpulse_client.core.window_tracker.window_task:_log_previous_window_if_needed:51 - Window 'device.py - devpulse-server - Visual Studio Code' met duration threshold | Start: 2025-07-28T15:09:47.997935 | End: 2025-07-28T15:09:48.069519 | Duration: 0.1s (>= 0s threshold)
2025-07-28 15:09:48 | INFO     | devpulse_client.core.window_tracker.window_task:_log_window_event:75 - Logging window event for 'device.py - devpulse-server - Visual Studio Code' | Start: 2025-07-28T15:09:47.997935 | End: 2025-07-28T15:09:48.069519 | Duration: 0.1s
2025-07-28 15:09:48 | DEBUG    | devpulse_client.core.window_tracker.window_task:_start_tracking_new_window:68 - Started tracking window: 'app.py - devpulse-client-v2 - Visual Studio Code'
2025-07-28 15:09:49 | INFO     | devpulse_client.core.signal_handler.signal_handler:_handle_exit:54 - Received SIGINT – starting graceful shutdown…
2025-07-28 15:09:49 | ERROR    | devpulse_client.ingest.client.event_client:send_events:83 - Error sending events: [Errno 111] Connection refused
2025-07-28 15:09:49 | INFO     | devpulse_client.ingest.client.event_client:run:59 - Logging activity: System Stopped
