2025-07-25 15:14:28 | INFO     | devpulse_client.app.app:__init__:53 - Initialized DevPulse client for server: http://localhost:8000
2025-07-25 15:14:28 | INFO     | devpulse_client.app.app:start:80 - Validating credentials with server...
2025-07-25 15:14:28 | INFO     | devpulse_client.auth.collectors.device_collector:collect_fingerprint:20 - Collecting device fingerprint
2025-07-25 15:14:28 | INFO     | devpulse_client.auth.collectors.device_collector:collect_fingerprint:23 - Collecting device fingerprint: 18:60:24:92:da:75
2025-07-25 15:14:28 | INFO     | devpulse_client.auth.collectors.device_collector:collect_fingerprint:26 - Collecting device fingerprint: OKEY
2025-07-25 15:14:28 | DEBUG    | devpulse_client.auth.collectors.device_collector:collect_fingerprint:29 - Collected device fingerprint: MAC=18:60:24:92:da:75
2025-07-25 15:14:28 | INFO     | devpulse_client.auth.client.auth_client:_send_login_request:144 - Credential validation successful: {'access_token': 'eyJhbGciOiJIUzI1NiIsInR5cCI6IkpXVCJ9.eyJzdWIiOiJ5YW1hbiIsImRldmljZV9tYWMiOiIxODo2MDoyNDo5MjpkYTo3NSJ9.Tpu5dPrmlxNTPDWFGQzhKpsOGf-H2KHv7WlZTQ0a3KI', 'token_type': 'bearer', 'expires': False}
2025-07-25 15:14:28 | INFO     | devpulse_client.app.app:start:87 - ✅ Access token recieved.
2025-07-25 15:14:28 | INFO     | devpulse_client.ingest.client.event_client:run:32 - Starting activity tracker
2025-07-25 15:14:28 | INFO     | devpulse_client.ingest.client.event_client:run:42 - Logging activity: System Started
2025-07-25 15:14:28 | DEBUG    | devpulse_client.core.window_tracker.window_task:_start_tracking_new_window:68 - Started tracking window: 'event_client.py - devpulse-client-v2 - Visual Studio Code'
2025-07-25 15:14:28 | INFO     | devpulse_client.core.activity_state_tracker.activity_state_task:tick:74 - Logging activity: User Active
2025-07-25 15:14:37 | INFO     | devpulse_client.core.activity_state_tracker.activity_state_task:tick:101 - Logging activity: User Inactive
2025-07-25 15:14:38 | INFO     | devpulse_client.core.activity_state_tracker.activity_state_task:tick:106 - Logging activity: User Active
2025-07-25 15:14:40 | INFO     | devpulse_client.core.window_tracker.window_task:_log_previous_window_if_needed:51 - Window 'event_client.py - devpulse-client-v2 - Visual Studio Code' met duration threshold | Start: 2025-07-25T15:14:28.488767 | End: 2025-07-25T15:14:40.852472 | Duration: 12.4s (>= 0s threshold)
2025-07-25 15:14:40 | INFO     | devpulse_client.core.window_tracker.window_task:_log_window_event:75 - Logging window event for 'event_client.py - devpulse-client-v2 - Visual Studio Code' | Start: 2025-07-25T15:14:28.488767 | End: 2025-07-25T15:14:40.852472 | Duration: 12.4s
2025-07-25 15:14:40 | DEBUG    | devpulse_client.core.window_tracker.window_task:_start_tracking_new_window:68 - Started tracking window: 'router.py - devpulse-server - Visual Studio Code'
2025-07-25 15:14:42 | INFO     | devpulse_client.core.window_tracker.window_task:_log_previous_window_if_needed:51 - Window 'router.py - devpulse-server - Visual Studio Code' met duration threshold | Start: 2025-07-25T15:14:40.852472 | End: 2025-07-25T15:14:42.198381 | Duration: 1.3s (>= 0s threshold)
2025-07-25 15:14:42 | INFO     | devpulse_client.core.window_tracker.window_task:_log_window_event:75 - Logging window event for 'router.py - devpulse-server - Visual Studio Code' | Start: 2025-07-25T15:14:40.852472 | End: 2025-07-25T15:14:42.198381 | Duration: 1.3s
2025-07-25 15:14:42 | DEBUG    | devpulse_client.core.window_tracker.window_task:_start_tracking_new_window:68 - Started tracking window: 'event_client.py - devpulse-client-v2 - Visual Studio Code'
2025-07-25 15:14:46 | INFO     | devpulse_client.core.window_tracker.window_task:_log_previous_window_if_needed:51 - Window 'event_client.py - devpulse-client-v2 - Visual Studio Code' met duration threshold | Start: 2025-07-25T15:14:42.198381 | End: 2025-07-25T15:14:46.321596 | Duration: 4.1s (>= 0s threshold)
2025-07-25 15:14:46 | INFO     | devpulse_client.core.window_tracker.window_task:_log_window_event:75 - Logging window event for 'event_client.py - devpulse-client-v2 - Visual Studio Code' | Start: 2025-07-25T15:14:42.198381 | End: 2025-07-25T15:14:46.321596 | Duration: 4.1s
2025-07-25 15:14:46 | DEBUG    | devpulse_client.core.window_tracker.window_task:_start_tracking_new_window:68 - Started tracking window: 'router.py - devpulse-server - Visual Studio Code'
2025-07-25 15:14:46 | INFO     | devpulse_client.core.window_tracker.window_task:_log_previous_window_if_needed:51 - Window 'router.py - devpulse-server - Visual Studio Code' met duration threshold | Start: 2025-07-25T15:14:46.321596 | End: 2025-07-25T15:14:46.939164 | Duration: 0.6s (>= 0s threshold)
2025-07-25 15:14:46 | INFO     | devpulse_client.core.window_tracker.window_task:_log_window_event:75 - Logging window event for 'router.py - devpulse-server - Visual Studio Code' | Start: 2025-07-25T15:14:46.321596 | End: 2025-07-25T15:14:46.939164 | Duration: 0.6s
2025-07-25 15:14:46 | DEBUG    | devpulse_client.core.window_tracker.window_task:_start_tracking_new_window:68 - Started tracking window: 'event_client.py - devpulse-client-v2 - Visual Studio Code'
2025-07-25 15:14:48 | ERROR    | devpulse_client.ingest.client.event_client:_send_events:82 - Failed to send events: 405 {"detail":"Method Not Allowed"}
2025-07-25 15:15:02 | INFO     | devpulse_client.core.window_tracker.window_task:_log_previous_window_if_needed:51 - Window 'event_client.py - devpulse-client-v2 - Visual Studio Code' met duration threshold | Start: 2025-07-25T15:14:46.939164 | End: 2025-07-25T15:15:02.062562 | Duration: 15.1s (>= 0s threshold)
2025-07-25 15:15:02 | INFO     | devpulse_client.core.window_tracker.window_task:_log_window_event:75 - Logging window event for 'event_client.py - devpulse-client-v2 - Visual Studio Code' | Start: 2025-07-25T15:14:46.939164 | End: 2025-07-25T15:15:02.062562 | Duration: 15.1s
2025-07-25 15:15:02 | DEBUG    | devpulse_client.core.window_tracker.window_task:_start_tracking_new_window:68 - Started tracking window: 'router.py - devpulse-server - Visual Studio Code'
2025-07-25 15:15:08 | ERROR    | devpulse_client.ingest.client.event_client:_send_events:82 - Failed to send events: 405 {"detail":"Method Not Allowed"}
2025-07-25 15:15:28 | INFO     | devpulse_client.core.window_tracker.window_task:_log_previous_window_if_needed:51 - Window 'router.py - devpulse-server - Visual Studio Code' met duration threshold | Start: 2025-07-25T15:15:02.062562 | End: 2025-07-25T15:15:28.275548 | Duration: 26.2s (>= 0s threshold)
2025-07-25 15:15:28 | INFO     | devpulse_client.core.window_tracker.window_task:_log_window_event:75 - Logging window event for 'router.py - devpulse-server - Visual Studio Code' | Start: 2025-07-25T15:15:02.062562 | End: 2025-07-25T15:15:28.275548 | Duration: 26.2s
2025-07-25 15:15:28 | DEBUG    | devpulse_client.core.window_tracker.window_task:_start_tracking_new_window:68 - Started tracking window: '● router.py - devpulse-server - Visual Studio Code'
2025-07-25 15:15:28 | ERROR    | devpulse_client.ingest.client.event_client:_send_events:82 - Failed to send events: 405 {"detail":"Method Not Allowed"}
2025-07-25 15:15:29 | INFO     | devpulse_client.core.window_tracker.window_task:_log_previous_window_if_needed:51 - Window '● router.py - devpulse-server - Visual Studio Code' met duration threshold | Start: 2025-07-25T15:15:28.275548 | End: 2025-07-25T15:15:29.483336 | Duration: 1.2s (>= 0s threshold)
2025-07-25 15:15:29 | INFO     | devpulse_client.core.window_tracker.window_task:_log_window_event:75 - Logging window event for '● router.py - devpulse-server - Visual Studio Code' | Start: 2025-07-25T15:15:28.275548 | End: 2025-07-25T15:15:29.483336 | Duration: 1.2s
2025-07-25 15:15:29 | DEBUG    | devpulse_client.core.window_tracker.window_task:_start_tracking_new_window:68 - Started tracking window: 'router.py - devpulse-server - Visual Studio Code'
2025-07-25 15:15:44 | INFO     | devpulse_client.core.window_tracker.window_task:_log_previous_window_if_needed:51 - Window 'router.py - devpulse-server - Visual Studio Code' met duration threshold | Start: 2025-07-25T15:15:29.483336 | End: 2025-07-25T15:15:44.686967 | Duration: 15.2s (>= 0s threshold)
2025-07-25 15:15:44 | INFO     | devpulse_client.core.window_tracker.window_task:_log_window_event:75 - Logging window event for 'router.py - devpulse-server - Visual Studio Code' | Start: 2025-07-25T15:15:29.483336 | End: 2025-07-25T15:15:44.686967 | Duration: 15.2s
2025-07-25 15:15:44 | DEBUG    | devpulse_client.core.window_tracker.window_task:_start_tracking_new_window:68 - Started tracking window: 'event_client.py - devpulse-client-v2 - Visual Studio Code'
2025-07-25 15:15:45 | INFO     | devpulse_client.core.window_tracker.window_task:_log_previous_window_if_needed:51 - Window 'event_client.py - devpulse-client-v2 - Visual Studio Code' met duration threshold | Start: 2025-07-25T15:15:44.686967 | End: 2025-07-25T15:15:45.953062 | Duration: 1.3s (>= 0s threshold)
2025-07-25 15:15:45 | INFO     | devpulse_client.core.window_tracker.window_task:_log_window_event:75 - Logging window event for 'event_client.py - devpulse-client-v2 - Visual Studio Code' | Start: 2025-07-25T15:15:44.686967 | End: 2025-07-25T15:15:45.953062 | Duration: 1.3s
2025-07-25 15:15:45 | DEBUG    | devpulse_client.core.window_tracker.window_task:_start_tracking_new_window:68 - Started tracking window: '● event_client.py - devpulse-client-v2 - Visual Studio Code'
2025-07-25 15:15:46 | INFO     | devpulse_client.core.window_tracker.window_task:_log_previous_window_if_needed:51 - Window '● event_client.py - devpulse-client-v2 - Visual Studio Code' met duration threshold | Start: 2025-07-25T15:15:45.953062 | End: 2025-07-25T15:15:46.812174 | Duration: 0.9s (>= 0s threshold)
2025-07-25 15:15:46 | INFO     | devpulse_client.core.window_tracker.window_task:_log_window_event:75 - Logging window event for '● event_client.py - devpulse-client-v2 - Visual Studio Code' | Start: 2025-07-25T15:15:45.953062 | End: 2025-07-25T15:15:46.812174 | Duration: 0.9s
2025-07-25 15:15:46 | DEBUG    | devpulse_client.core.window_tracker.window_task:_start_tracking_new_window:68 - Started tracking window: 'event_client.py - devpulse-client-v2 - Visual Studio Code'
2025-07-25 15:15:48 | ERROR    | devpulse_client.ingest.client.event_client:_send_events:82 - Failed to send events: 405 {"detail":"Method Not Allowed"}
2025-07-25 15:15:50 | INFO     | devpulse_client.ingest.client.event_client:run:62 - Logging activity: System Stopped
2025-07-25 15:15:50 | INFO     | devpulse_client.app.app:start:94 - Received interrupt, shutting down
2025-07-25 15:15:50 | ERROR    | devpulse_client.cli.commands:run:48 - ❌ Failed to start client
