2025-07-30 10:35:51 | INFO     | devpulse_client.auth.collectors.device_collector:collect_fingerprint:20 - Collecting device fingerprint
2025-07-30 10:35:51 | INFO     | devpulse_client.auth.collectors.device_collector:collect_fingerprint:23 - Collecting device fingerprint: 18:60:24:92:da:75
2025-07-30 10:35:51 | INFO     | devpulse_client.auth.collectors.device_collector:collect_fingerprint:26 - Collecting device fingerprint: OKEY
2025-07-30 10:35:51 | DEBUG    | devpulse_client.auth.collectors.device_collector:collect_fingerprint:29 - Collected device fingerprint: MAC=18:60:24:92:da:75
2025-07-30 10:35:51 | INFO     | devpulse_client.auth.client.auth_client:_send_login_request:144 - Credential validation successful: {'access_token': 'eyJhbGciOiJIUzI1NiIsInR5cCI6IkpXVCJ9.eyJzdWIiOiJmYXJ1ayIsImRldmljZV9tYWMiOiIxODo2MDoyNDo5MjpkYTo3NSJ9.mdvGKPs6tdby8LCZ1GdpPUjIwZ7I28mBg07IeLUbcuc', 'token_type': 'bearer', 'expires': False}
2025-07-30 10:35:51 | INFO     | devpulse_client.ingest.client.event_client:run:34 - Starting activity tracker
2025-07-30 10:35:51 | INFO     | devpulse_client.ingest.client.event_client:run:42 - Logging activity: System Started
2025-07-30 10:35:51 | DEBUG    | devpulse_client.core.window_tracker.window_task:_start_tracking_new_window:68 - Started tracking window: 'captcha_task.py - devpulse-client-v2 - Visual Studio Code'
2025-07-30 10:35:51 | INFO     | devpulse_client.core.activity_state_tracker.activity_state_task:tick:74 - Logging activity: User Active
2025-07-30 10:35:51 | INFO     | devpulse_client.core.window_tracker.window_task:_log_previous_window_if_needed:51 - Window 'captcha_task.py - devpulse-client-v2 - Visual Studio Code' met duration threshold | Start: 2025-07-30T10:35:51.519958 | End: 2025-07-30T10:35:51.683576 | Duration: 0.2s (>= 0s threshold)
2025-07-30 10:35:51 | INFO     | devpulse_client.core.window_tracker.window_task:_log_window_event:75 - Logging window event for 'captcha_task.py - devpulse-client-v2 - Visual Studio Code' | Start: 2025-07-30T10:35:51.519958 | End: 2025-07-30T10:35:51.683576 | Duration: 0.2s
2025-07-30 10:35:51 | DEBUG    | devpulse_client.core.window_tracker.window_task:_start_tracking_new_window:68 - Started tracking window: 'Math Challenge'
2025-07-30 10:35:59 | INFO     | devpulse_client.core.window_tracker.window_task:_log_previous_window_if_needed:51 - Window 'Math Challenge' met duration threshold | Start: 2025-07-30T10:35:51.683576 | End: 2025-07-30T10:35:59.615269 | Duration: 7.9s (>= 0s threshold)
2025-07-30 10:35:59 | INFO     | devpulse_client.core.window_tracker.window_task:_log_window_event:75 - Logging window event for 'Math Challenge' | Start: 2025-07-30T10:35:51.683576 | End: 2025-07-30T10:35:59.615269 | Duration: 7.9s
2025-07-30 10:35:59 | DEBUG    | devpulse_client.core.window_tracker.window_task:_start_tracking_new_window:68 - Started tracking window: 'captcha_task.py - devpulse-client-v2 - Visual Studio Code'
2025-07-30 10:36:01 | INFO     | devpulse_client.core.window_tracker.window_task:_log_previous_window_if_needed:51 - Window 'captcha_task.py - devpulse-client-v2 - Visual Studio Code' met duration threshold | Start: 2025-07-30T10:35:59.615269 | End: 2025-07-30T10:36:01.762688 | Duration: 2.1s (>= 0s threshold)
2025-07-30 10:36:01 | INFO     | devpulse_client.core.window_tracker.window_task:_log_window_event:75 - Logging window event for 'captcha_task.py - devpulse-client-v2 - Visual Studio Code' | Start: 2025-07-30T10:35:59.615269 | End: 2025-07-30T10:36:01.762688 | Duration: 2.1s
2025-07-30 10:36:01 | DEBUG    | devpulse_client.core.window_tracker.window_task:_start_tracking_new_window:68 - Started tracking window: 'Math Challenge'
2025-07-30 10:36:06 | INFO     | devpulse_client.core.window_tracker.window_task:_log_previous_window_if_needed:51 - Window 'Math Challenge' met duration threshold | Start: 2025-07-30T10:36:01.762688 | End: 2025-07-30T10:36:06.121250 | Duration: 4.4s (>= 0s threshold)
2025-07-30 10:36:06 | INFO     | devpulse_client.core.window_tracker.window_task:_log_window_event:75 - Logging window event for 'Math Challenge' | Start: 2025-07-30T10:36:01.762688 | End: 2025-07-30T10:36:06.121250 | Duration: 4.4s
2025-07-30 10:36:06 | DEBUG    | devpulse_client.core.window_tracker.window_task:_start_tracking_new_window:68 - Started tracking window: 'Information'
2025-07-30 10:36:08 | INFO     | devpulse_client.core.window_tracker.window_task:_log_previous_window_if_needed:51 - Window 'Information' met duration threshold | Start: 2025-07-30T10:36:06.121250 | End: 2025-07-30T10:36:08.017286 | Duration: 1.9s (>= 0s threshold)
2025-07-30 10:36:08 | INFO     | devpulse_client.core.window_tracker.window_task:_log_window_event:75 - Logging window event for 'Information' | Start: 2025-07-30T10:36:06.121250 | End: 2025-07-30T10:36:08.017286 | Duration: 1.9s
2025-07-30 10:36:08 | DEBUG    | devpulse_client.core.window_tracker.window_task:_start_tracking_new_window:68 - Started tracking window: 'N/A'
2025-07-30 10:36:08 | INFO     | devpulse_client.core.window_tracker.window_task:_log_previous_window_if_needed:51 - Window 'N/A' met duration threshold | Start: 2025-07-30T10:36:08.017286 | End: 2025-07-30T10:36:08.050462 | Duration: 0.0s (>= 0s threshold)
2025-07-30 10:36:08 | INFO     | devpulse_client.core.window_tracker.window_task:_log_window_event:75 - Logging window event for 'N/A' | Start: 2025-07-30T10:36:08.017286 | End: 2025-07-30T10:36:08.050462 | Duration: 0.0s
2025-07-30 10:36:08 | DEBUG    | devpulse_client.core.window_tracker.window_task:_start_tracking_new_window:68 - Started tracking window: 'Math Challenge'
2025-07-30 10:36:10 | INFO     | devpulse_client.core.window_tracker.window_task:_log_previous_window_if_needed:51 - Window 'Math Challenge' met duration threshold | Start: 2025-07-30T10:36:08.050462 | End: 2025-07-30T10:36:09.999039 | Duration: 1.9s (>= 0s threshold)
2025-07-30 10:36:10 | INFO     | devpulse_client.core.window_tracker.window_task:_log_window_event:75 - Logging window event for 'Math Challenge' | Start: 2025-07-30T10:36:08.050462 | End: 2025-07-30T10:36:09.999039 | Duration: 1.9s
2025-07-30 10:36:10 | DEBUG    | devpulse_client.core.window_tracker.window_task:_start_tracking_new_window:68 - Started tracking window: 'captcha_task.py - devpulse-client-v2 - Visual Studio Code'
2025-07-30 10:36:10 | INFO     | devpulse_client.core.window_tracker.window_task:_log_previous_window_if_needed:51 - Window 'captcha_task.py - devpulse-client-v2 - Visual Studio Code' met duration threshold | Start: 2025-07-30T10:36:09.999039 | End: 2025-07-30T10:36:10.248166 | Duration: 0.2s (>= 0s threshold)
2025-07-30 10:36:10 | INFO     | devpulse_client.core.window_tracker.window_task:_log_window_event:75 - Logging window event for 'captcha_task.py - devpulse-client-v2 - Visual Studio Code' | Start: 2025-07-30T10:36:09.999039 | End: 2025-07-30T10:36:10.248166 | Duration: 0.2s
2025-07-30 10:36:10 | DEBUG    | devpulse_client.core.window_tracker.window_task:_start_tracking_new_window:68 - Started tracking window: 'Information'
2025-07-30 10:36:11 | INFO     | devpulse_client.core.window_tracker.window_task:_log_previous_window_if_needed:51 - Window 'Information' met duration threshold | Start: 2025-07-30T10:36:10.248166 | End: 2025-07-30T10:36:11.722650 | Duration: 1.5s (>= 0s threshold)
2025-07-30 10:36:11 | INFO     | devpulse_client.core.window_tracker.window_task:_log_window_event:75 - Logging window event for 'Information' | Start: 2025-07-30T10:36:10.248166 | End: 2025-07-30T10:36:11.722650 | Duration: 1.5s
2025-07-30 10:36:11 | DEBUG    | devpulse_client.core.window_tracker.window_task:_start_tracking_new_window:68 - Started tracking window: 'Math Challenge'
2025-07-30 10:36:15 | INFO     | devpulse_client.core.window_tracker.window_task:_log_previous_window_if_needed:51 - Window 'Math Challenge' met duration threshold | Start: 2025-07-30T10:36:11.722650 | End: 2025-07-30T10:36:15.225611 | Duration: 3.5s (>= 0s threshold)
2025-07-30 10:36:15 | INFO     | devpulse_client.core.window_tracker.window_task:_log_window_event:75 - Logging window event for 'Math Challenge' | Start: 2025-07-30T10:36:11.722650 | End: 2025-07-30T10:36:15.225611 | Duration: 3.5s
2025-07-30 10:36:15 | DEBUG    | devpulse_client.core.window_tracker.window_task:_start_tracking_new_window:68 - Started tracking window: 'N/A'
2025-07-30 10:36:15 | INFO     | devpulse_client.core.window_tracker.window_task:_log_previous_window_if_needed:51 - Window 'N/A' met duration threshold | Start: 2025-07-30T10:36:15.225611 | End: 2025-07-30T10:36:15.285923 | Duration: 0.1s (>= 0s threshold)
2025-07-30 10:36:15 | INFO     | devpulse_client.core.window_tracker.window_task:_log_window_event:75 - Logging window event for 'N/A' | Start: 2025-07-30T10:36:15.225611 | End: 2025-07-30T10:36:15.285923 | Duration: 0.1s
2025-07-30 10:36:15 | DEBUG    | devpulse_client.core.window_tracker.window_task:_start_tracking_new_window:68 - Started tracking window: 'captcha_task.py - devpulse-client-v2 - Visual Studio Code'
2025-07-30 10:36:21 | INFO     | devpulse_client.core.window_tracker.window_task:_log_previous_window_if_needed:51 - Window 'captcha_task.py - devpulse-client-v2 - Visual Studio Code' met duration threshold | Start: 2025-07-30T10:36:15.285923 | End: 2025-07-30T10:36:21.828065 | Duration: 6.5s (>= 0s threshold)
2025-07-30 10:36:21 | INFO     | devpulse_client.core.window_tracker.window_task:_log_window_event:75 - Logging window event for 'captcha_task.py - devpulse-client-v2 - Visual Studio Code' | Start: 2025-07-30T10:36:15.285923 | End: 2025-07-30T10:36:21.828065 | Duration: 6.5s
2025-07-30 10:36:21 | DEBUG    | devpulse_client.core.window_tracker.window_task:_start_tracking_new_window:68 - Started tracking window: 'Math Challenge'
2025-07-30 10:36:24 | INFO     | devpulse_client.core.window_tracker.window_task:_log_previous_window_if_needed:51 - Window 'Math Challenge' met duration threshold | Start: 2025-07-30T10:36:21.828065 | End: 2025-07-30T10:36:24.445080 | Duration: 2.6s (>= 0s threshold)
2025-07-30 10:36:24 | INFO     | devpulse_client.core.window_tracker.window_task:_log_window_event:75 - Logging window event for 'Math Challenge' | Start: 2025-07-30T10:36:21.828065 | End: 2025-07-30T10:36:24.445080 | Duration: 2.6s
2025-07-30 10:36:24 | DEBUG    | devpulse_client.core.window_tracker.window_task:_start_tracking_new_window:68 - Started tracking window: 'captcha_task.py - devpulse-client-v2 - Visual Studio Code'
2025-07-30 10:36:24 | INFO     | devpulse_client.core.window_tracker.window_task:_log_previous_window_if_needed:51 - Window 'captcha_task.py - devpulse-client-v2 - Visual Studio Code' met duration threshold | Start: 2025-07-30T10:36:24.445080 | End: 2025-07-30T10:36:24.743867 | Duration: 0.3s (>= 0s threshold)
2025-07-30 10:36:24 | INFO     | devpulse_client.core.window_tracker.window_task:_log_window_event:75 - Logging window event for 'captcha_task.py - devpulse-client-v2 - Visual Studio Code' | Start: 2025-07-30T10:36:24.445080 | End: 2025-07-30T10:36:24.743867 | Duration: 0.3s
2025-07-30 10:36:24 | DEBUG    | devpulse_client.core.window_tracker.window_task:_start_tracking_new_window:68 - Started tracking window: 'Information'
2025-07-30 10:36:28 | INFO     | devpulse_client.core.window_tracker.window_task:_log_previous_window_if_needed:51 - Window 'Information' met duration threshold | Start: 2025-07-30T10:36:24.743867 | End: 2025-07-30T10:36:28.255242 | Duration: 3.5s (>= 0s threshold)
2025-07-30 10:36:28 | INFO     | devpulse_client.core.window_tracker.window_task:_log_window_event:75 - Logging window event for 'Information' | Start: 2025-07-30T10:36:24.743867 | End: 2025-07-30T10:36:28.255242 | Duration: 3.5s
2025-07-30 10:36:28 | DEBUG    | devpulse_client.core.window_tracker.window_task:_start_tracking_new_window:68 - Started tracking window: 'captcha_task.py - devpulse-client-v2 - Visual Studio Code'
2025-07-30 10:36:31 | INFO     | devpulse_client.core.window_tracker.window_task:_log_previous_window_if_needed:51 - Window 'captcha_task.py - devpulse-client-v2 - Visual Studio Code' met duration threshold | Start: 2025-07-30T10:36:28.255242 | End: 2025-07-30T10:36:31.846221 | Duration: 3.6s (>= 0s threshold)
2025-07-30 10:36:31 | INFO     | devpulse_client.core.window_tracker.window_task:_log_window_event:75 - Logging window event for 'captcha_task.py - devpulse-client-v2 - Visual Studio Code' | Start: 2025-07-30T10:36:28.255242 | End: 2025-07-30T10:36:31.846221 | Duration: 3.6s
2025-07-30 10:36:31 | DEBUG    | devpulse_client.core.window_tracker.window_task:_start_tracking_new_window:68 - Started tracking window: 'Math Challenge'
2025-07-30 10:36:36 | INFO     | devpulse_client.core.window_tracker.window_task:_log_previous_window_if_needed:51 - Window 'Math Challenge' met duration threshold | Start: 2025-07-30T10:36:31.846221 | End: 2025-07-30T10:36:36.036234 | Duration: 4.2s (>= 0s threshold)
2025-07-30 10:36:36 | INFO     | devpulse_client.core.window_tracker.window_task:_log_window_event:75 - Logging window event for 'Math Challenge' | Start: 2025-07-30T10:36:31.846221 | End: 2025-07-30T10:36:36.036234 | Duration: 4.2s
2025-07-30 10:36:36 | DEBUG    | devpulse_client.core.window_tracker.window_task:_start_tracking_new_window:68 - Started tracking window: 'captcha_task.py - devpulse-client-v2 - Visual Studio Code'
2025-07-30 10:36:36 | INFO     | devpulse_client.core.window_tracker.window_task:_log_previous_window_if_needed:51 - Window 'captcha_task.py - devpulse-client-v2 - Visual Studio Code' met duration threshold | Start: 2025-07-30T10:36:36.036234 | End: 2025-07-30T10:36:36.297551 | Duration: 0.3s (>= 0s threshold)
2025-07-30 10:36:36 | INFO     | devpulse_client.core.window_tracker.window_task:_log_window_event:75 - Logging window event for 'captcha_task.py - devpulse-client-v2 - Visual Studio Code' | Start: 2025-07-30T10:36:36.036234 | End: 2025-07-30T10:36:36.297551 | Duration: 0.3s
2025-07-30 10:36:36 | DEBUG    | devpulse_client.core.window_tracker.window_task:_start_tracking_new_window:68 - Started tracking window: 'Information'
2025-07-30 10:36:39 | INFO     | devpulse_client.core.window_tracker.window_task:_log_previous_window_if_needed:51 - Window 'Information' met duration threshold | Start: 2025-07-30T10:36:36.297551 | End: 2025-07-30T10:36:39.266827 | Duration: 3.0s (>= 0s threshold)
2025-07-30 10:36:39 | INFO     | devpulse_client.core.window_tracker.window_task:_log_window_event:75 - Logging window event for 'Information' | Start: 2025-07-30T10:36:36.297551 | End: 2025-07-30T10:36:39.266827 | Duration: 3.0s
2025-07-30 10:36:39 | DEBUG    | devpulse_client.core.window_tracker.window_task:_start_tracking_new_window:68 - Started tracking window: 'captcha_task.py - devpulse-client-v2 - Visual Studio Code'
2025-07-30 10:36:41 | INFO     | devpulse_client.core.window_tracker.window_task:_log_previous_window_if_needed:51 - Window 'captcha_task.py - devpulse-client-v2 - Visual Studio Code' met duration threshold | Start: 2025-07-30T10:36:39.266827 | End: 2025-07-30T10:36:41.882771 | Duration: 2.6s (>= 0s threshold)
2025-07-30 10:36:41 | INFO     | devpulse_client.core.window_tracker.window_task:_log_window_event:75 - Logging window event for 'captcha_task.py - devpulse-client-v2 - Visual Studio Code' | Start: 2025-07-30T10:36:39.266827 | End: 2025-07-30T10:36:41.882771 | Duration: 2.6s
2025-07-30 10:36:41 | DEBUG    | devpulse_client.core.window_tracker.window_task:_start_tracking_new_window:68 - Started tracking window: 'Math Challenge'
2025-07-30 10:36:48 | INFO     | devpulse_client.core.window_tracker.window_task:_log_previous_window_if_needed:51 - Window 'Math Challenge' met duration threshold | Start: 2025-07-30T10:36:41.882771 | End: 2025-07-30T10:36:48.411760 | Duration: 6.5s (>= 0s threshold)
2025-07-30 10:36:48 | INFO     | devpulse_client.core.window_tracker.window_task:_log_window_event:75 - Logging window event for 'Math Challenge' | Start: 2025-07-30T10:36:41.882771 | End: 2025-07-30T10:36:48.411760 | Duration: 6.5s
2025-07-30 10:36:48 | DEBUG    | devpulse_client.core.window_tracker.window_task:_start_tracking_new_window:68 - Started tracking window: 'Containers - Docker Desktop'
2025-07-30 10:36:52 | INFO     | devpulse_client.core.window_tracker.window_task:_log_previous_window_if_needed:51 - Window 'Containers - Docker Desktop' met duration threshold | Start: 2025-07-30T10:36:48.411760 | End: 2025-07-30T10:36:52.883967 | Duration: 4.5s (>= 0s threshold)
2025-07-30 10:36:52 | INFO     | devpulse_client.core.window_tracker.window_task:_log_window_event:75 - Logging window event for 'Containers - Docker Desktop' | Start: 2025-07-30T10:36:48.411760 | End: 2025-07-30T10:36:52.883967 | Duration: 4.5s
2025-07-30 10:36:52 | DEBUG    | devpulse_client.core.window_tracker.window_task:_start_tracking_new_window:68 - Started tracking window: 'pgadmin4'
2025-07-30 10:36:53 | INFO     | devpulse_client.core.window_tracker.window_task:_log_previous_window_if_needed:51 - Window 'pgadmin4' met duration threshold | Start: 2025-07-30T10:36:52.883967 | End: 2025-07-30T10:36:53.159773 | Duration: 0.3s (>= 0s threshold)
2025-07-30 10:36:53 | INFO     | devpulse_client.core.window_tracker.window_task:_log_window_event:75 - Logging window event for 'pgadmin4' | Start: 2025-07-30T10:36:52.883967 | End: 2025-07-30T10:36:53.159773 | Duration: 0.3s
2025-07-30 10:36:53 | DEBUG    | devpulse_client.core.window_tracker.window_task:_start_tracking_new_window:68 - Started tracking window: 'pgAdmin 4'
2025-07-30 10:37:01 | INFO     | devpulse_client.core.window_tracker.window_task:_log_previous_window_if_needed:51 - Window 'pgAdmin 4' met duration threshold | Start: 2025-07-30T10:36:53.159773 | End: 2025-07-30T10:37:00.994702 | Duration: 7.8s (>= 0s threshold)
2025-07-30 10:37:01 | INFO     | devpulse_client.core.window_tracker.window_task:_log_window_event:75 - Logging window event for 'pgAdmin 4' | Start: 2025-07-30T10:36:53.159773 | End: 2025-07-30T10:37:00.994702 | Duration: 7.8s
2025-07-30 10:37:01 | DEBUG    | devpulse_client.core.window_tracker.window_task:_start_tracking_new_window:68 - Started tracking window: 'pgadmin4'
2025-07-30 10:37:01 | INFO     | devpulse_client.core.window_tracker.window_task:_log_previous_window_if_needed:51 - Window 'pgadmin4' met duration threshold | Start: 2025-07-30T10:37:00.994702 | End: 2025-07-30T10:37:01.042913 | Duration: 0.0s (>= 0s threshold)
2025-07-30 10:37:01 | INFO     | devpulse_client.core.window_tracker.window_task:_log_window_event:75 - Logging window event for 'pgadmin4' | Start: 2025-07-30T10:37:00.994702 | End: 2025-07-30T10:37:01.042913 | Duration: 0.0s
2025-07-30 10:37:01 | DEBUG    | devpulse_client.core.window_tracker.window_task:_start_tracking_new_window:68 - Started tracking window: 'pgAdmin 4'
2025-07-30 10:37:01 | INFO     | devpulse_client.core.window_tracker.window_task:_log_previous_window_if_needed:51 - Window 'pgAdmin 4' met duration threshold | Start: 2025-07-30T10:37:01.042913 | End: 2025-07-30T10:37:01.747854 | Duration: 0.7s (>= 0s threshold)
2025-07-30 10:37:01 | INFO     | devpulse_client.core.window_tracker.window_task:_log_window_event:75 - Logging window event for 'pgAdmin 4' | Start: 2025-07-30T10:37:01.042913 | End: 2025-07-30T10:37:01.747854 | Duration: 0.7s
2025-07-30 10:37:01 | DEBUG    | devpulse_client.core.window_tracker.window_task:_start_tracking_new_window:68 - Started tracking window: 'captcha_task.py - devpulse-client-v2 - Visual Studio Code'
2025-07-30 10:37:16 | INFO     | devpulse_client.core.window_tracker.window_task:_log_previous_window_if_needed:51 - Window 'captcha_task.py - devpulse-client-v2 - Visual Studio Code' met duration threshold | Start: 2025-07-30T10:37:01.747854 | End: 2025-07-30T10:37:16.608459 | Duration: 14.9s (>= 0s threshold)
2025-07-30 10:37:16 | INFO     | devpulse_client.core.window_tracker.window_task:_log_window_event:75 - Logging window event for 'captcha_task.py - devpulse-client-v2 - Visual Studio Code' | Start: 2025-07-30T10:37:01.747854 | End: 2025-07-30T10:37:16.608459 | Duration: 14.9s
2025-07-30 10:37:16 | DEBUG    | devpulse_client.core.window_tracker.window_task:_start_tracking_new_window:68 - Started tracking window: 'tracker_config.py - devpulse-client-v2 - Visual Studio Code'
2025-07-30 10:37:21 | INFO     | devpulse_client.core.window_tracker.window_task:_log_previous_window_if_needed:51 - Window 'tracker_config.py - devpulse-client-v2 - Visual Studio Code' met duration threshold | Start: 2025-07-30T10:37:16.608459 | End: 2025-07-30T10:37:21.698592 | Duration: 5.1s (>= 0s threshold)
2025-07-30 10:37:21 | INFO     | devpulse_client.core.window_tracker.window_task:_log_window_event:75 - Logging window event for 'tracker_config.py - devpulse-client-v2 - Visual Studio Code' | Start: 2025-07-30T10:37:16.608459 | End: 2025-07-30T10:37:21.698592 | Duration: 5.1s
2025-07-30 10:37:21 | DEBUG    | devpulse_client.core.window_tracker.window_task:_start_tracking_new_window:68 - Started tracking window: '● tracker_config.py - devpulse-client-v2 - Visual Studio Code'
2025-07-30 10:37:29 | INFO     | devpulse_client.core.signal_handler.signal_handler:_handle_exit:54 - Received SIGINT – starting graceful shutdown…
2025-07-30 10:37:29 | INFO     | devpulse_client.ingest.client.event_client:run:61 - Logging activity: System Stopped
