2025-07-25 17:42:41 | INFO     | devpulse_client.auth.collectors.device_collector:collect_fingerprint:20 - Collecting device fingerprint
2025-07-25 17:42:41 | INFO     | devpulse_client.auth.collectors.device_collector:collect_fingerprint:23 - Collecting device fingerprint: 18:60:24:92:da:75
2025-07-25 17:42:41 | INFO     | devpulse_client.auth.collectors.device_collector:collect_fingerprint:26 - Collecting device fingerprint: OKEY
2025-07-25 17:42:41 | DEBUG    | devpulse_client.auth.collectors.device_collector:collect_fingerprint:29 - Collected device fingerprint: MAC=18:60:24:92:da:75
2025-07-25 17:42:41 | INFO     | devpulse_client.auth.client.auth_client:_send_login_request:144 - Credential validation successful: {'access_token': 'eyJhbGciOiJIUzI1NiIsInR5cCI6IkpXVCJ9.eyJzdWIiOiJ5YW1hbiIsImRldmljZV9tYWMiOiIxODo2MDoyNDo5MjpkYTo3NSJ9.Tpu5dPrmlxNTPDWFGQzhKpsOGf-H2KHv7WlZTQ0a3KI', 'token_type': 'bearer', 'expires': False}
2025-07-25 17:42:41 | INFO     | devpulse_client.ingest.client.event_client:run:32 - Starting activity tracker
2025-07-25 17:42:41 | INFO     | devpulse_client.ingest.client.event_client:run:42 - Logging activity: System Started
2025-07-25 17:42:41 | DEBUG    | devpulse_client.core.window_tracker.window_task:_start_tracking_new_window:68 - Started tracking window: '● event_client.py - devpulse-client-v2 - Visual Studio Code'
2025-07-25 17:42:41 | INFO     | devpulse_client.core.activity_state_tracker.activity_state_task:tick:74 - Logging activity: User Active
2025-07-25 17:42:43 | INFO     | devpulse_client.core.signal_handler.signal_handler:_handle_exit:54 - Received SIGINT – starting graceful shutdown…
2025-07-25 17:42:43 | ERROR    | devpulse_client.core.signal_handler.signal_handler:_handle_exit:64 - Cleanup function %s raised
Traceback (most recent call last):

  File "/home/faruk/python-projects/devpulse-client-v2/.venv/bin/devpulse-client", line 10, in <module>
    sys.exit(app())
    │   │    └ <typer.main.Typer object at 0x7ca86b82e510>
    │   └ <built-in function exit>
    └ <module 'sys' (built-in)>
  File "/home/faruk/python-projects/devpulse-client-v2/.venv/lib/python3.13/site-packages/typer/main.py", line 324, in __call__
    return get_command(self)(*args, **kwargs)
           │           │      │       └ {}
           │           │      └ ()
           │           └ <typer.main.Typer object at 0x7ca86b82e510>
           └ <function get_command at 0x7ca86c6b79c0>
  File "/home/faruk/python-projects/devpulse-client-v2/.venv/lib/python3.13/site-packages/click/core.py", line 1442, in __call__
    return self.main(*args, **kwargs)
           │    │     │       └ {}
           │    │     └ ()
           │    └ <function TyperGroup.main at 0x7ca86c6b5ee0>
           └ <TyperGroup >
  File "/home/faruk/python-projects/devpulse-client-v2/.venv/lib/python3.13/site-packages/typer/core.py", line 757, in main
    return _main(
           └ <function _main at 0x7ca86c6b4fe0>
  File "/home/faruk/python-projects/devpulse-client-v2/.venv/lib/python3.13/site-packages/typer/core.py", line 195, in _main
    rv = self.invoke(ctx)
         │    │      └ <click.core.Context object at 0x7ca86b6501a0>
         │    └ <function Group.invoke at 0x7ca86cc7d8a0>
         └ <TyperGroup >
  File "/home/faruk/python-projects/devpulse-client-v2/.venv/lib/python3.13/site-packages/click/core.py", line 1830, in invoke
    return _process_result(sub_ctx.command.invoke(sub_ctx))
           │               │       │       │      └ <click.core.Context object at 0x7ca86b64cb90>
           │               │       │       └ <function Command.invoke at 0x7ca86cc7c680>
           │               │       └ <TyperCommand run>
           │               └ <click.core.Context object at 0x7ca86b64cb90>
           └ <function Group.invoke.<locals>._process_result at 0x7ca86b648180>
  File "/home/faruk/python-projects/devpulse-client-v2/.venv/lib/python3.13/site-packages/click/core.py", line 1226, in invoke
    return ctx.invoke(self.callback, **ctx.params)
           │   │      │    │           │   └ {'username': 'yaman', 'password': '12345', 'server': 'http://localhost:8000'}
           │   │      │    │           └ <click.core.Context object at 0x7ca86b64cb90>
           │   │      │    └ <function run at 0x7ca86b6482c0>
           │   │      └ <TyperCommand run>
           │   └ <function Context.invoke at 0x7ca86cc6f880>
           └ <click.core.Context object at 0x7ca86b64cb90>
  File "/home/faruk/python-projects/devpulse-client-v2/.venv/lib/python3.13/site-packages/click/core.py", line 794, in invoke
    return callback(*args, **kwargs)
           │         │       └ {'username': 'yaman', 'password': '12345', 'server': 'http://localhost:8000'}
           │         └ ()
           └ <function run at 0x7ca86b6482c0>
  File "/home/faruk/python-projects/devpulse-client-v2/.venv/lib/python3.13/site-packages/typer/main.py", line 699, in wrapper
    return callback(**use_params)
           │          └ {'server': 'http://localhost:8000', 'username': 'yaman', 'password': '12345'}
           └ <function run at 0x7ca86b6480e0>

  File "/home/faruk/python-projects/devpulse-client-v2/src/devpulse_client/cli/commands.py", line 47, in run
    client.start(username, password)
    │      │     │         └ '12345'
    │      │     └ 'yaman'
    │      └ <function DevPulseClient.start at 0x7ca86b633e20>
    └ <devpulse_client.app.app.DevPulseClient object at 0x7ca86b651550>

  File "/home/faruk/python-projects/devpulse-client-v2/src/devpulse_client/app/app.py", line 42, in start
    self.tracker.run()
    │    │       └ <function ActivityTracker.run at 0x7ca86b6332e0>
    │    └ <devpulse_client.ingest.client.event_client.ActivityTracker object at 0x7ca86b651fd0>
    └ <devpulse_client.app.app.DevPulseClient object at 0x7ca86b651550>

  File "/home/faruk/python-projects/devpulse-client-v2/src/devpulse_client/ingest/client/event_client.py", line 56, in run
    time.sleep(0.1)  # Prevent high CPU usage
    │    └ <built-in function sleep>
    └ <module 'time' (built-in)>

> File "/home/faruk/python-projects/devpulse-client-v2/src/devpulse_client/core/signal_handler/signal_handler.py", line 62, in _handle_exit
    fn()
    └ <bound method ActivityTracker.send_events of <devpulse_client.ingest.client.event_client.ActivityTracker object at 0x7ca86b65...

  File "/home/faruk/python-projects/devpulse-client-v2/src/devpulse_client/ingest/client/event_client.py", line 69, in send_events
    payload = event_request.model_dump(json=True)
              │             └ <function BaseModel.model_dump at 0x7ca86b80c0e0>
              └ EventRequest(events=[ActivityEvent(username='faruk', timestamp=datetime.datetime(2025, 7, 25, 17, 42, 41, 764563), event='Sys...

TypeError: BaseModel.model_dump() got an unexpected keyword argument 'json'
2025-07-25 17:42:43 | INFO     | devpulse_client.ingest.client.event_client:run:62 - Logging activity: System Stopped
