2025-07-25 15:46:41 | INFO     | devpulse_client.app.app:__init__:49 - Initialized DevPulse client for server: http://localhost:8000
2025-07-25 15:46:41 | INFO     | devpulse_client.app.app:start:76 - Validating credentials with server...
2025-07-25 15:46:41 | INFO     | devpulse_client.auth.collectors.device_collector:collect_fingerprint:20 - Collecting device fingerprint
2025-07-25 15:46:41 | INFO     | devpulse_client.auth.collectors.device_collector:collect_fingerprint:23 - Collecting device fingerprint: 18:60:24:92:da:75
2025-07-25 15:46:41 | INFO     | devpulse_client.auth.collectors.device_collector:collect_fingerprint:26 - Collecting device fingerprint: OKEY
2025-07-25 15:46:41 | DEBUG    | devpulse_client.auth.collectors.device_collector:collect_fingerprint:29 - Collected device fingerprint: MAC=18:60:24:92:da:75
2025-07-25 15:46:41 | INFO     | devpulse_client.auth.client.auth_client:_send_login_request:144 - Credential validation successful: {'access_token': 'eyJhbGciOiJIUzI1NiIsInR5cCI6IkpXVCJ9.eyJzdWIiOiJ5YW1hbiIsImRldmljZV9tYWMiOiIxODo2MDoyNDo5MjpkYTo3NSJ9.Tpu5dPrmlxNTPDWFGQzhKpsOGf-H2KHv7WlZTQ0a3KI', 'token_type': 'bearer', 'expires': False}
2025-07-25 15:46:41 | INFO     | devpulse_client.app.app:start:83 - ✅ Access token recieved.
2025-07-25 15:46:41 | INFO     | devpulse_client.ingest.client.event_client:run:33 - Starting activity tracker
2025-07-25 15:46:41 | INFO     | devpulse_client.ingest.client.event_client:run:43 - Logging activity: System Started
2025-07-25 15:46:42 | DEBUG    | devpulse_client.core.window_tracker.window_task:_start_tracking_new_window:68 - Started tracking window: 'event_client.py - devpulse-client-v2 - Visual Studio Code'
2025-07-25 15:46:42 | INFO     | devpulse_client.core.activity_state_tracker.activity_state_task:tick:74 - Logging activity: User Active
2025-07-25 15:46:47 | ERROR    | devpulse_client.ingest.client.event_client:_send_events:89 - Error sending events: object of type 'EventRequest' has no len()
2025-07-25 15:46:51 | INFO     | devpulse_client.core.activity_state_tracker.activity_state_task:tick:101 - Logging activity: User Inactive
2025-07-25 15:46:52 | ERROR    | devpulse_client.ingest.client.event_client:_send_events:89 - Error sending events: object of type 'EventRequest' has no len()
2025-07-25 15:46:52 | INFO     | devpulse_client.core.activity_state_tracker.activity_state_task:tick:106 - Logging activity: User Active
2025-07-25 15:46:57 | ERROR    | devpulse_client.ingest.client.event_client:_send_events:89 - Error sending events: object of type 'EventRequest' has no len()
2025-07-25 15:47:02 | ERROR    | devpulse_client.ingest.client.event_client:_send_events:89 - Error sending events: object of type 'EventRequest' has no len()
2025-07-25 15:47:07 | ERROR    | devpulse_client.ingest.client.event_client:_send_events:89 - Error sending events: object of type 'EventRequest' has no len()
2025-07-25 15:47:07 | INFO     | devpulse_client.core.window_tracker.window_task:_log_previous_window_if_needed:51 - Window 'event_client.py - devpulse-client-v2 - Visual Studio Code' met duration threshold | Start: 2025-07-25T15:46:41.990070 | End: 2025-07-25T15:47:07.602672 | Duration: 25.6s (>= 0s threshold)
2025-07-25 15:47:07 | INFO     | devpulse_client.core.window_tracker.window_task:_log_window_event:75 - Logging window event for 'event_client.py - devpulse-client-v2 - Visual Studio Code' | Start: 2025-07-25T15:46:41.990070 | End: 2025-07-25T15:47:07.602672 | Duration: 25.6s
2025-07-25 15:47:07 | DEBUG    | devpulse_client.core.window_tracker.window_task:_start_tracking_new_window:68 - Started tracking window: '● event_client.py - devpulse-client-v2 - Visual Studio Code'
2025-07-25 15:47:08 | INFO     | devpulse_client.core.window_tracker.window_task:_log_previous_window_if_needed:51 - Window '● event_client.py - devpulse-client-v2 - Visual Studio Code' met duration threshold | Start: 2025-07-25T15:47:07.602672 | End: 2025-07-25T15:47:08.596376 | Duration: 1.0s (>= 0s threshold)
2025-07-25 15:47:08 | INFO     | devpulse_client.core.window_tracker.window_task:_log_window_event:75 - Logging window event for '● event_client.py - devpulse-client-v2 - Visual Studio Code' | Start: 2025-07-25T15:47:07.602672 | End: 2025-07-25T15:47:08.596376 | Duration: 1.0s
2025-07-25 15:47:08 | DEBUG    | devpulse_client.core.window_tracker.window_task:_start_tracking_new_window:68 - Started tracking window: 'event_client.py - devpulse-client-v2 - Visual Studio Code'
2025-07-25 15:47:09 | INFO     | devpulse_client.core.window_tracker.window_task:_log_previous_window_if_needed:51 - Window 'event_client.py - devpulse-client-v2 - Visual Studio Code' met duration threshold | Start: 2025-07-25T15:47:08.596376 | End: 2025-07-25T15:47:09.723392 | Duration: 1.1s (>= 0s threshold)
2025-07-25 15:47:09 | INFO     | devpulse_client.core.window_tracker.window_task:_log_window_event:75 - Logging window event for 'event_client.py - devpulse-client-v2 - Visual Studio Code' | Start: 2025-07-25T15:47:08.596376 | End: 2025-07-25T15:47:09.723392 | Duration: 1.1s
2025-07-25 15:47:09 | DEBUG    | devpulse_client.core.window_tracker.window_task:_start_tracking_new_window:68 - Started tracking window: '● event_client.py - devpulse-client-v2 - Visual Studio Code'
2025-07-25 15:47:12 | ERROR    | devpulse_client.ingest.client.event_client:_send_events:89 - Error sending events: object of type 'EventRequest' has no len()
2025-07-25 15:47:14 | INFO     | devpulse_client.core.window_tracker.window_task:_log_previous_window_if_needed:51 - Window '● event_client.py - devpulse-client-v2 - Visual Studio Code' met duration threshold | Start: 2025-07-25T15:47:09.723392 | End: 2025-07-25T15:47:14.490268 | Duration: 4.8s (>= 0s threshold)
2025-07-25 15:47:14 | INFO     | devpulse_client.core.window_tracker.window_task:_log_window_event:75 - Logging window event for '● event_client.py - devpulse-client-v2 - Visual Studio Code' | Start: 2025-07-25T15:47:09.723392 | End: 2025-07-25T15:47:14.490268 | Duration: 4.8s
2025-07-25 15:47:14 | DEBUG    | devpulse_client.core.window_tracker.window_task:_start_tracking_new_window:68 - Started tracking window: 'event_store.py - devpulse-client-v2 - Visual Studio Code'
2025-07-25 15:47:17 | ERROR    | devpulse_client.ingest.client.event_client:_send_events:89 - Error sending events: object of type 'EventRequest' has no len()
2025-07-25 15:47:22 | ERROR    | devpulse_client.ingest.client.event_client:_send_events:89 - Error sending events: object of type 'EventRequest' has no len()
2025-07-25 15:47:23 | INFO     | devpulse_client.core.window_tracker.window_task:_log_previous_window_if_needed:51 - Window 'event_store.py - devpulse-client-v2 - Visual Studio Code' met duration threshold | Start: 2025-07-25T15:47:14.490268 | End: 2025-07-25T15:47:23.931179 | Duration: 9.4s (>= 0s threshold)
2025-07-25 15:47:23 | INFO     | devpulse_client.core.window_tracker.window_task:_log_window_event:75 - Logging window event for 'event_store.py - devpulse-client-v2 - Visual Studio Code' | Start: 2025-07-25T15:47:14.490268 | End: 2025-07-25T15:47:23.931179 | Duration: 9.4s
2025-07-25 15:47:23 | DEBUG    | devpulse_client.core.window_tracker.window_task:_start_tracking_new_window:68 - Started tracking window: '● event_store.py - devpulse-client-v2 - Visual Studio Code'
2025-07-25 15:47:27 | ERROR    | devpulse_client.ingest.client.event_client:_send_events:89 - Error sending events: object of type 'EventRequest' has no len()
2025-07-25 15:47:32 | ERROR    | devpulse_client.ingest.client.event_client:_send_events:89 - Error sending events: object of type 'EventRequest' has no len()
2025-07-25 15:47:36 | INFO     | devpulse_client.core.window_tracker.window_task:_log_previous_window_if_needed:51 - Window '● event_store.py - devpulse-client-v2 - Visual Studio Code' met duration threshold | Start: 2025-07-25T15:47:23.931179 | End: 2025-07-25T15:47:36.314242 | Duration: 12.4s (>= 0s threshold)
2025-07-25 15:47:36 | INFO     | devpulse_client.core.window_tracker.window_task:_log_window_event:75 - Logging window event for '● event_store.py - devpulse-client-v2 - Visual Studio Code' | Start: 2025-07-25T15:47:23.931179 | End: 2025-07-25T15:47:36.314242 | Duration: 12.4s
2025-07-25 15:47:36 | DEBUG    | devpulse_client.core.window_tracker.window_task:_start_tracking_new_window:68 - Started tracking window: 'event_store.py - devpulse-client-v2 - Visual Studio Code'
2025-07-25 15:47:37 | ERROR    | devpulse_client.ingest.client.event_client:_send_events:89 - Error sending events: object of type 'EventRequest' has no len()
2025-07-25 15:47:42 | ERROR    | devpulse_client.ingest.client.event_client:_send_events:89 - Error sending events: object of type 'EventRequest' has no len()
2025-07-25 15:47:47 | ERROR    | devpulse_client.ingest.client.event_client:_send_events:89 - Error sending events: object of type 'EventRequest' has no len()
2025-07-25 15:47:52 | INFO     | devpulse_client.core.window_tracker.window_task:_log_previous_window_if_needed:51 - Window 'event_store.py - devpulse-client-v2 - Visual Studio Code' met duration threshold | Start: 2025-07-25T15:47:36.314242 | End: 2025-07-25T15:47:52.553566 | Duration: 16.2s (>= 0s threshold)
2025-07-25 15:47:52 | INFO     | devpulse_client.core.window_tracker.window_task:_log_window_event:75 - Logging window event for 'event_store.py - devpulse-client-v2 - Visual Studio Code' | Start: 2025-07-25T15:47:36.314242 | End: 2025-07-25T15:47:52.553566 | Duration: 16.2s
2025-07-25 15:47:52 | DEBUG    | devpulse_client.core.window_tracker.window_task:_start_tracking_new_window:68 - Started tracking window: '● event_store.py - devpulse-client-v2 - Visual Studio Code'
2025-07-25 15:47:52 | ERROR    | devpulse_client.ingest.client.event_client:_send_events:89 - Error sending events: object of type 'EventRequest' has no len()
2025-07-25 15:47:53 | INFO     | devpulse_client.core.window_tracker.window_task:_log_previous_window_if_needed:51 - Window '● event_store.py - devpulse-client-v2 - Visual Studio Code' met duration threshold | Start: 2025-07-25T15:47:52.553566 | End: 2025-07-25T15:47:53.701208 | Duration: 1.1s (>= 0s threshold)
2025-07-25 15:47:53 | INFO     | devpulse_client.core.window_tracker.window_task:_log_window_event:75 - Logging window event for '● event_store.py - devpulse-client-v2 - Visual Studio Code' | Start: 2025-07-25T15:47:52.553566 | End: 2025-07-25T15:47:53.701208 | Duration: 1.1s
2025-07-25 15:47:53 | DEBUG    | devpulse_client.core.window_tracker.window_task:_start_tracking_new_window:68 - Started tracking window: 'event_store.py - devpulse-client-v2 - Visual Studio Code'
2025-07-25 15:47:54 | INFO     | devpulse_client.ingest.client.event_client:run:63 - Logging activity: System Stopped
2025-07-25 15:47:54 | INFO     | devpulse_client.app.app:start:100 - Received interrupt, shutting down
2025-07-25 15:47:54 | ERROR    | devpulse_client.cli.commands:run:48 - ❌ Failed to start client
