2025-07-30 13:08:44 | INFO     | devpulse_client.auth.collectors.device_collector:collect_fingerprint:20 - Collecting device fingerprint
2025-07-30 13:08:44 | INFO     | devpulse_client.auth.collectors.device_collector:collect_fingerprint:23 - Collecting device fingerprint: 18:60:24:92:da:75
2025-07-30 13:08:44 | INFO     | devpulse_client.auth.collectors.device_collector:collect_fingerprint:26 - Collecting device fingerprint: OKEY
2025-07-30 13:08:44 | DEBUG    | devpulse_client.auth.collectors.device_collector:collect_fingerprint:29 - Collected device fingerprint: MAC=18:60:24:92:da:75
2025-07-30 13:08:44 | INFO     | devpulse_client.auth.client.auth_client:_send_login_request:144 - Credential validation successful: {'access_token': 'eyJhbGciOiJIUzI1NiIsInR5cCI6IkpXVCJ9.eyJzdWIiOiJmYXJ1ayIsImRldmljZV9tYWMiOiIxODo2MDoyNDo5MjpkYTo3NSJ9.mdvGKPs6tdby8LCZ1GdpPUjIwZ7I28mBg07IeLUbcuc', 'token_type': 'bearer', 'expires': False}
2025-07-30 13:08:44 | INFO     | devpulse_client.ingest.client.event_client:run:34 - Starting activity tracker
2025-07-30 13:08:44 | INFO     | devpulse_client.ingest.client.event_client:run:42 - Logging activity: System Started
2025-07-30 13:08:44 | DEBUG    | devpulse_client.core.window_tracker.window_task:_start_tracking_new_window:68 - Started tracking window: 'captcha_task.py - devpulse-client-v2 - Visual Studio Code'
2025-07-30 13:08:44 | INFO     | devpulse_client.core.activity_state_tracker.activity_state_task:tick:74 - Logging activity: User Active
2025-07-30 13:08:45 | INFO     | devpulse_client.core.window_tracker.window_task:_log_previous_window_if_needed:51 - Window 'captcha_task.py - devpulse-client-v2 - Visual Studio Code' met duration threshold | Start: 2025-07-30T13:08:44.762893 | End: 2025-07-30T13:08:45.150784 | Duration: 0.4s (>= 0s threshold)
2025-07-30 13:08:45 | INFO     | devpulse_client.core.window_tracker.window_task:_log_window_event:75 - Logging window event for 'captcha_task.py - devpulse-client-v2 - Visual Studio Code' | Start: 2025-07-30T13:08:44.762893 | End: 2025-07-30T13:08:45.150784 | Duration: 0.4s
2025-07-30 13:08:45 | DEBUG    | devpulse_client.core.window_tracker.window_task:_start_tracking_new_window:68 - Started tracking window: 'Math Challenge'
2025-07-30 13:08:47 | INFO     | devpulse_client.core.window_tracker.window_task:_log_previous_window_if_needed:51 - Window 'Math Challenge' met duration threshold | Start: 2025-07-30T13:08:45.150784 | End: 2025-07-30T13:08:47.277309 | Duration: 2.1s (>= 0s threshold)
2025-07-30 13:08:47 | INFO     | devpulse_client.core.window_tracker.window_task:_log_window_event:75 - Logging window event for 'Math Challenge' | Start: 2025-07-30T13:08:45.150784 | End: 2025-07-30T13:08:47.277309 | Duration: 2.1s
2025-07-30 13:08:47 | DEBUG    | devpulse_client.core.window_tracker.window_task:_start_tracking_new_window:68 - Started tracking window: 'pgAdmin 4'
2025-07-30 13:09:00 | INFO     | devpulse_client.core.window_tracker.window_task:_log_previous_window_if_needed:51 - Window 'pgAdmin 4' met duration threshold | Start: 2025-07-30T13:08:47.277309 | End: 2025-07-30T13:09:00.048018 | Duration: 12.8s (>= 0s threshold)
2025-07-30 13:09:00 | INFO     | devpulse_client.core.window_tracker.window_task:_log_window_event:75 - Logging window event for 'pgAdmin 4' | Start: 2025-07-30T13:08:47.277309 | End: 2025-07-30T13:09:00.048018 | Duration: 12.8s
2025-07-30 13:09:00 | DEBUG    | devpulse_client.core.window_tracker.window_task:_start_tracking_new_window:68 - Started tracking window: 'Math Challenge'
2025-07-30 13:09:15 | INFO     | devpulse_client.core.window_tracker.window_task:_log_previous_window_if_needed:51 - Window 'Math Challenge' met duration threshold | Start: 2025-07-30T13:09:00.048018 | End: 2025-07-30T13:09:15.534362 | Duration: 15.5s (>= 0s threshold)
2025-07-30 13:09:15 | INFO     | devpulse_client.core.window_tracker.window_task:_log_window_event:75 - Logging window event for 'Math Challenge' | Start: 2025-07-30T13:09:00.048018 | End: 2025-07-30T13:09:15.534362 | Duration: 15.5s
2025-07-30 13:09:15 | DEBUG    | devpulse_client.core.window_tracker.window_task:_start_tracking_new_window:68 - Started tracking window: 'pgAdmin 4'
2025-07-30 13:09:15 | INFO     | devpulse_client.core.window_tracker.window_task:_log_previous_window_if_needed:51 - Window 'pgAdmin 4' met duration threshold | Start: 2025-07-30T13:09:15.534362 | End: 2025-07-30T13:09:15.719442 | Duration: 0.2s (>= 0s threshold)
2025-07-30 13:09:15 | INFO     | devpulse_client.core.window_tracker.window_task:_log_window_event:75 - Logging window event for 'pgAdmin 4' | Start: 2025-07-30T13:09:15.534362 | End: 2025-07-30T13:09:15.719442 | Duration: 0.2s
2025-07-30 13:09:15 | DEBUG    | devpulse_client.core.window_tracker.window_task:_start_tracking_new_window:68 - Started tracking window: 'Information'
2025-07-30 13:09:16 | INFO     | devpulse_client.core.window_tracker.window_task:_log_previous_window_if_needed:51 - Window 'Information' met duration threshold | Start: 2025-07-30T13:09:15.719442 | End: 2025-07-30T13:09:16.687016 | Duration: 1.0s (>= 0s threshold)
2025-07-30 13:09:16 | INFO     | devpulse_client.core.window_tracker.window_task:_log_window_event:75 - Logging window event for 'Information' | Start: 2025-07-30T13:09:15.719442 | End: 2025-07-30T13:09:16.687016 | Duration: 1.0s
2025-07-30 13:09:16 | DEBUG    | devpulse_client.core.window_tracker.window_task:_start_tracking_new_window:68 - Started tracking window: 'N/A'
2025-07-30 13:09:16 | INFO     | devpulse_client.core.window_tracker.window_task:_log_previous_window_if_needed:51 - Window 'N/A' met duration threshold | Start: 2025-07-30T13:09:16.687016 | End: 2025-07-30T13:09:16.738304 | Duration: 0.1s (>= 0s threshold)
2025-07-30 13:09:16 | INFO     | devpulse_client.core.window_tracker.window_task:_log_window_event:75 - Logging window event for 'N/A' | Start: 2025-07-30T13:09:16.687016 | End: 2025-07-30T13:09:16.738304 | Duration: 0.1s
2025-07-30 13:09:16 | DEBUG    | devpulse_client.core.window_tracker.window_task:_start_tracking_new_window:68 - Started tracking window: 'pgAdmin 4'
2025-07-30 13:09:41 | INFO     | devpulse_client.core.window_tracker.window_task:_log_previous_window_if_needed:51 - Window 'pgAdmin 4' met duration threshold | Start: 2025-07-30T13:09:16.738304 | End: 2025-07-30T13:09:41.034469 | Duration: 24.3s (>= 0s threshold)
2025-07-30 13:09:41 | INFO     | devpulse_client.core.window_tracker.window_task:_log_window_event:75 - Logging window event for 'pgAdmin 4' | Start: 2025-07-30T13:09:16.738304 | End: 2025-07-30T13:09:41.034469 | Duration: 24.3s
2025-07-30 13:09:41 | DEBUG    | devpulse_client.core.window_tracker.window_task:_start_tracking_new_window:68 - Started tracking window: 'captcha_task.py - devpulse-client-v2 - Visual Studio Code'
2025-07-30 13:09:44 | INFO     | devpulse_client.core.window_tracker.window_task:_log_previous_window_if_needed:51 - Window 'captcha_task.py - devpulse-client-v2 - Visual Studio Code' met duration threshold | Start: 2025-07-30T13:09:41.034469 | End: 2025-07-30T13:09:44.930111 | Duration: 3.9s (>= 0s threshold)
2025-07-30 13:09:44 | INFO     | devpulse_client.core.window_tracker.window_task:_log_window_event:75 - Logging window event for 'captcha_task.py - devpulse-client-v2 - Visual Studio Code' | Start: 2025-07-30T13:09:41.034469 | End: 2025-07-30T13:09:44.930111 | Duration: 3.9s
2025-07-30 13:09:44 | DEBUG    | devpulse_client.core.window_tracker.window_task:_start_tracking_new_window:68 - Started tracking window: 'Math Challenge'
2025-07-30 13:09:46 | INFO     | devpulse_client.core.window_tracker.window_task:_log_previous_window_if_needed:51 - Window 'Math Challenge' met duration threshold | Start: 2025-07-30T13:09:44.930111 | End: 2025-07-30T13:09:46.216478 | Duration: 1.3s (>= 0s threshold)
2025-07-30 13:09:46 | INFO     | devpulse_client.core.window_tracker.window_task:_log_window_event:75 - Logging window event for 'Math Challenge' | Start: 2025-07-30T13:09:44.930111 | End: 2025-07-30T13:09:46.216478 | Duration: 1.3s
2025-07-30 13:09:46 | DEBUG    | devpulse_client.core.window_tracker.window_task:_start_tracking_new_window:68 - Started tracking window: 'captcha_task.py - devpulse-client-v2 - Visual Studio Code'
2025-07-30 13:09:46 | INFO     | devpulse_client.core.window_tracker.window_task:_log_previous_window_if_needed:51 - Window 'captcha_task.py - devpulse-client-v2 - Visual Studio Code' met duration threshold | Start: 2025-07-30T13:09:46.216478 | End: 2025-07-30T13:09:46.407357 | Duration: 0.2s (>= 0s threshold)
2025-07-30 13:09:46 | INFO     | devpulse_client.core.window_tracker.window_task:_log_window_event:75 - Logging window event for 'captcha_task.py - devpulse-client-v2 - Visual Studio Code' | Start: 2025-07-30T13:09:46.216478 | End: 2025-07-30T13:09:46.407357 | Duration: 0.2s
2025-07-30 13:09:46 | DEBUG    | devpulse_client.core.window_tracker.window_task:_start_tracking_new_window:68 - Started tracking window: 'Math Challenge'
2025-07-30 13:09:47 | INFO     | devpulse_client.core.window_tracker.window_task:_log_previous_window_if_needed:51 - Window 'Math Challenge' met duration threshold | Start: 2025-07-30T13:09:46.407357 | End: 2025-07-30T13:09:47.310585 | Duration: 0.9s (>= 0s threshold)
2025-07-30 13:09:47 | INFO     | devpulse_client.core.window_tracker.window_task:_log_window_event:75 - Logging window event for 'Math Challenge' | Start: 2025-07-30T13:09:46.407357 | End: 2025-07-30T13:09:47.310585 | Duration: 0.9s
2025-07-30 13:09:47 | DEBUG    | devpulse_client.core.window_tracker.window_task:_start_tracking_new_window:68 - Started tracking window: 'captcha_task.py - devpulse-client-v2 - Visual Studio Code'
2025-07-30 13:09:47 | INFO     | devpulse_client.core.window_tracker.window_task:_log_previous_window_if_needed:51 - Window 'captcha_task.py - devpulse-client-v2 - Visual Studio Code' met duration threshold | Start: 2025-07-30T13:09:47.310585 | End: 2025-07-30T13:09:47.473553 | Duration: 0.2s (>= 0s threshold)
2025-07-30 13:09:47 | INFO     | devpulse_client.core.window_tracker.window_task:_log_window_event:75 - Logging window event for 'captcha_task.py - devpulse-client-v2 - Visual Studio Code' | Start: 2025-07-30T13:09:47.310585 | End: 2025-07-30T13:09:47.473553 | Duration: 0.2s
2025-07-30 13:09:47 | DEBUG    | devpulse_client.core.window_tracker.window_task:_start_tracking_new_window:68 - Started tracking window: 'Math Challenge'
2025-07-30 13:09:51 | INFO     | devpulse_client.core.window_tracker.window_task:_log_previous_window_if_needed:51 - Window 'Math Challenge' met duration threshold | Start: 2025-07-30T13:09:47.473553 | End: 2025-07-30T13:09:51.057106 | Duration: 3.6s (>= 0s threshold)
2025-07-30 13:09:51 | INFO     | devpulse_client.core.window_tracker.window_task:_log_window_event:75 - Logging window event for 'Math Challenge' | Start: 2025-07-30T13:09:47.473553 | End: 2025-07-30T13:09:51.057106 | Duration: 3.6s
2025-07-30 13:09:51 | DEBUG    | devpulse_client.core.window_tracker.window_task:_start_tracking_new_window:68 - Started tracking window: 'captcha_task.py - devpulse-client-v2 - Visual Studio Code'
2025-07-30 13:09:51 | INFO     | devpulse_client.core.window_tracker.window_task:_log_previous_window_if_needed:51 - Window 'captcha_task.py - devpulse-client-v2 - Visual Studio Code' met duration threshold | Start: 2025-07-30T13:09:51.057106 | End: 2025-07-30T13:09:51.259423 | Duration: 0.2s (>= 0s threshold)
2025-07-30 13:09:51 | INFO     | devpulse_client.core.window_tracker.window_task:_log_window_event:75 - Logging window event for 'captcha_task.py - devpulse-client-v2 - Visual Studio Code' | Start: 2025-07-30T13:09:51.057106 | End: 2025-07-30T13:09:51.259423 | Duration: 0.2s
2025-07-30 13:09:51 | DEBUG    | devpulse_client.core.window_tracker.window_task:_start_tracking_new_window:68 - Started tracking window: 'Information'
2025-07-30 13:09:52 | INFO     | devpulse_client.core.window_tracker.window_task:_log_previous_window_if_needed:51 - Window 'Information' met duration threshold | Start: 2025-07-30T13:09:51.259423 | End: 2025-07-30T13:09:52.427171 | Duration: 1.2s (>= 0s threshold)
2025-07-30 13:09:52 | INFO     | devpulse_client.core.window_tracker.window_task:_log_window_event:75 - Logging window event for 'Information' | Start: 2025-07-30T13:09:51.259423 | End: 2025-07-30T13:09:52.427171 | Duration: 1.2s
2025-07-30 13:09:52 | DEBUG    | devpulse_client.core.window_tracker.window_task:_start_tracking_new_window:68 - Started tracking window: 'captcha_task.py - devpulse-client-v2 - Visual Studio Code'
2025-07-30 13:09:55 | INFO     | devpulse_client.core.signal_handler.signal_handler:_handle_exit:54 - Received SIGINT – starting graceful shutdown…
2025-07-30 13:09:55 | INFO     | devpulse_client.ingest.client.event_client:run:61 - Logging activity: System Stopped
