2025-07-30 10:42:24 | INFO     | devpulse_client.auth.collectors.device_collector:collect_fingerprint:20 - Collecting device fingerprint
2025-07-30 10:42:24 | INFO     | devpulse_client.auth.collectors.device_collector:collect_fingerprint:23 - Collecting device fingerprint: 18:60:24:92:da:75
2025-07-30 10:42:24 | INFO     | devpulse_client.auth.collectors.device_collector:collect_fingerprint:26 - Collecting device fingerprint: OKEY
2025-07-30 10:42:24 | DEBUG    | devpulse_client.auth.collectors.device_collector:collect_fingerprint:29 - Collected device fingerprint: MAC=18:60:24:92:da:75
2025-07-30 10:42:24 | INFO     | devpulse_client.auth.client.auth_client:_send_login_request:144 - Credential validation successful: {'access_token': 'eyJhbGciOiJIUzI1NiIsInR5cCI6IkpXVCJ9.eyJzdWIiOiJmYXJ1ayIsImRldmljZV9tYWMiOiIxODo2MDoyNDo5MjpkYTo3NSJ9.mdvGKPs6tdby8LCZ1GdpPUjIwZ7I28mBg07IeLUbcuc', 'token_type': 'bearer', 'expires': False}
2025-07-30 10:42:24 | INFO     | devpulse_client.ingest.client.event_client:run:34 - Starting activity tracker
2025-07-30 10:42:24 | INFO     | devpulse_client.ingest.client.event_client:run:42 - Logging activity: System Started
2025-07-30 10:42:24 | DEBUG    | devpulse_client.core.window_tracker.window_task:_start_tracking_new_window:68 - Started tracking window: 'captcha_task.py - devpulse-client-v2 - Visual Studio Code'
2025-07-30 10:42:25 | INFO     | devpulse_client.core.activity_state_tracker.activity_state_task:tick:74 - Logging activity: User Active
2025-07-30 10:42:25 | INFO     | devpulse_client.core.window_tracker.window_task:_log_previous_window_if_needed:51 - Window 'captcha_task.py - devpulse-client-v2 - Visual Studio Code' met duration threshold | Start: 2025-07-30T10:42:24.985343 | End: 2025-07-30T10:42:25.158866 | Duration: 0.2s (>= 0s threshold)
2025-07-30 10:42:25 | INFO     | devpulse_client.core.window_tracker.window_task:_log_window_event:75 - Logging window event for 'captcha_task.py - devpulse-client-v2 - Visual Studio Code' | Start: 2025-07-30T10:42:24.985343 | End: 2025-07-30T10:42:25.158866 | Duration: 0.2s
2025-07-30 10:42:25 | DEBUG    | devpulse_client.core.window_tracker.window_task:_start_tracking_new_window:68 - Started tracking window: 'Math Challenge'
2025-07-30 10:42:27 | INFO     | devpulse_client.core.window_tracker.window_task:_log_previous_window_if_needed:51 - Window 'Math Challenge' met duration threshold | Start: 2025-07-30T10:42:25.158866 | End: 2025-07-30T10:42:27.624529 | Duration: 2.5s (>= 0s threshold)
2025-07-30 10:42:27 | INFO     | devpulse_client.core.window_tracker.window_task:_log_window_event:75 - Logging window event for 'Math Challenge' | Start: 2025-07-30T10:42:25.158866 | End: 2025-07-30T10:42:27.624529 | Duration: 2.5s
2025-07-30 10:42:27 | DEBUG    | devpulse_client.core.window_tracker.window_task:_start_tracking_new_window:68 - Started tracking window: 'captcha_task.py - devpulse-client-v2 - Visual Studio Code'
2025-07-30 10:42:27 | INFO     | devpulse_client.core.window_tracker.window_task:_log_previous_window_if_needed:51 - Window 'captcha_task.py - devpulse-client-v2 - Visual Studio Code' met duration threshold | Start: 2025-07-30T10:42:27.624529 | End: 2025-07-30T10:42:27.841790 | Duration: 0.2s (>= 0s threshold)
2025-07-30 10:42:27 | INFO     | devpulse_client.core.window_tracker.window_task:_log_window_event:75 - Logging window event for 'captcha_task.py - devpulse-client-v2 - Visual Studio Code' | Start: 2025-07-30T10:42:27.624529 | End: 2025-07-30T10:42:27.841790 | Duration: 0.2s
2025-07-30 10:42:27 | DEBUG    | devpulse_client.core.window_tracker.window_task:_start_tracking_new_window:68 - Started tracking window: 'Information'
2025-07-30 10:42:29 | INFO     | devpulse_client.core.window_tracker.window_task:_log_previous_window_if_needed:51 - Window 'Information' met duration threshold | Start: 2025-07-30T10:42:27.841790 | End: 2025-07-30T10:42:29.306905 | Duration: 1.5s (>= 0s threshold)
2025-07-30 10:42:29 | INFO     | devpulse_client.core.window_tracker.window_task:_log_window_event:75 - Logging window event for 'Information' | Start: 2025-07-30T10:42:27.841790 | End: 2025-07-30T10:42:29.306905 | Duration: 1.5s
2025-07-30 10:42:29 | DEBUG    | devpulse_client.core.window_tracker.window_task:_start_tracking_new_window:68 - Started tracking window: 'Yaman Yücel Cybersoft (DM) - Sirket Ici - Slack — Mozilla Firefox'
2025-07-30 10:42:32 | INFO     | devpulse_client.core.window_tracker.window_task:_log_previous_window_if_needed:51 - Window 'Yaman Yücel Cybersoft (DM) - Sirket Ici - Slack — Mozilla Firefox' met duration threshold | Start: 2025-07-30T10:42:29.306905 | End: 2025-07-30T10:42:32.035123 | Duration: 2.7s (>= 0s threshold)
2025-07-30 10:42:32 | INFO     | devpulse_client.core.window_tracker.window_task:_log_window_event:75 - Logging window event for 'Yaman Yücel Cybersoft (DM) - Sirket Ici - Slack — Mozilla Firefox' | Start: 2025-07-30T10:42:29.306905 | End: 2025-07-30T10:42:32.035123 | Duration: 2.7s
2025-07-30 10:42:32 | DEBUG    | devpulse_client.core.window_tracker.window_task:_start_tracking_new_window:68 - Started tracking window: 'captcha_task.py - devpulse-client-v2 - Visual Studio Code'
2025-07-30 10:42:33 | INFO     | devpulse_client.core.window_tracker.window_task:_log_previous_window_if_needed:51 - Window 'captcha_task.py - devpulse-client-v2 - Visual Studio Code' met duration threshold | Start: 2025-07-30T10:42:32.035123 | End: 2025-07-30T10:42:33.754036 | Duration: 1.7s (>= 0s threshold)
2025-07-30 10:42:33 | INFO     | devpulse_client.core.window_tracker.window_task:_log_window_event:75 - Logging window event for 'captcha_task.py - devpulse-client-v2 - Visual Studio Code' | Start: 2025-07-30T10:42:32.035123 | End: 2025-07-30T10:42:33.754036 | Duration: 1.7s
2025-07-30 10:42:33 | DEBUG    | devpulse_client.core.window_tracker.window_task:_start_tracking_new_window:68 - Started tracking window: 'pgAdmin 4'
2025-07-30 10:43:24 | INFO     | devpulse_client.core.activity_state_tracker.activity_state_task:tick:101 - Logging activity: User Inactive
2025-07-30 10:43:41 | INFO     | devpulse_client.core.activity_state_tracker.activity_state_task:tick:106 - Logging activity: User Active
2025-07-30 10:43:48 | INFO     | devpulse_client.core.window_tracker.window_task:_log_previous_window_if_needed:51 - Window 'pgAdmin 4' met duration threshold | Start: 2025-07-30T10:42:33.754036 | End: 2025-07-30T10:43:48.014374 | Duration: 74.3s (>= 0s threshold)
2025-07-30 10:43:48 | INFO     | devpulse_client.core.window_tracker.window_task:_log_window_event:75 - Logging window event for 'pgAdmin 4' | Start: 2025-07-30T10:42:33.754036 | End: 2025-07-30T10:43:48.014374 | Duration: 74.3s
2025-07-30 10:43:48 | DEBUG    | devpulse_client.core.window_tracker.window_task:_start_tracking_new_window:68 - Started tracking window: 'captcha_task.py - devpulse-client-v2 - Visual Studio Code'
2025-07-30 10:43:57 | INFO     | devpulse_client.core.window_tracker.window_task:_log_previous_window_if_needed:51 - Window 'captcha_task.py - devpulse-client-v2 - Visual Studio Code' met duration threshold | Start: 2025-07-30T10:43:48.014374 | End: 2025-07-30T10:43:57.131417 | Duration: 9.1s (>= 0s threshold)
2025-07-30 10:43:57 | INFO     | devpulse_client.core.window_tracker.window_task:_log_window_event:75 - Logging window event for 'captcha_task.py - devpulse-client-v2 - Visual Studio Code' | Start: 2025-07-30T10:43:48.014374 | End: 2025-07-30T10:43:57.131417 | Duration: 9.1s
2025-07-30 10:43:57 | DEBUG    | devpulse_client.core.window_tracker.window_task:_start_tracking_new_window:68 - Started tracking window: 'pgAdmin 4'
2025-07-30 10:44:09 | INFO     | devpulse_client.core.window_tracker.window_task:_log_previous_window_if_needed:51 - Window 'pgAdmin 4' met duration threshold | Start: 2025-07-30T10:43:57.131417 | End: 2025-07-30T10:44:09.272133 | Duration: 12.1s (>= 0s threshold)
2025-07-30 10:44:09 | INFO     | devpulse_client.core.window_tracker.window_task:_log_window_event:75 - Logging window event for 'pgAdmin 4' | Start: 2025-07-30T10:43:57.131417 | End: 2025-07-30T10:44:09.272133 | Duration: 12.1s
2025-07-30 10:44:09 | DEBUG    | devpulse_client.core.window_tracker.window_task:_start_tracking_new_window:68 - Started tracking window: 'captcha_task.py - devpulse-client-v2 - Visual Studio Code'
2025-07-30 10:44:09 | INFO     | devpulse_client.core.window_tracker.window_task:_log_previous_window_if_needed:51 - Window 'captcha_task.py - devpulse-client-v2 - Visual Studio Code' met duration threshold | Start: 2025-07-30T10:44:09.272133 | End: 2025-07-30T10:44:09.433252 | Duration: 0.2s (>= 0s threshold)
2025-07-30 10:44:09 | INFO     | devpulse_client.core.window_tracker.window_task:_log_window_event:75 - Logging window event for 'captcha_task.py - devpulse-client-v2 - Visual Studio Code' | Start: 2025-07-30T10:44:09.272133 | End: 2025-07-30T10:44:09.433252 | Duration: 0.2s
2025-07-30 10:44:09 | DEBUG    | devpulse_client.core.window_tracker.window_task:_start_tracking_new_window:68 - Started tracking window: 'tracker_config.py - devpulse-client-v2 - Visual Studio Code'
2025-07-30 10:44:13 | INFO     | devpulse_client.core.window_tracker.window_task:_log_previous_window_if_needed:51 - Window 'tracker_config.py - devpulse-client-v2 - Visual Studio Code' met duration threshold | Start: 2025-07-30T10:44:09.433252 | End: 2025-07-30T10:44:13.323463 | Duration: 3.9s (>= 0s threshold)
2025-07-30 10:44:13 | INFO     | devpulse_client.core.window_tracker.window_task:_log_window_event:75 - Logging window event for 'tracker_config.py - devpulse-client-v2 - Visual Studio Code' | Start: 2025-07-30T10:44:09.433252 | End: 2025-07-30T10:44:13.323463 | Duration: 3.9s
2025-07-30 10:44:13 | DEBUG    | devpulse_client.core.window_tracker.window_task:_start_tracking_new_window:68 - Started tracking window: '● tracker_config.py - devpulse-client-v2 - Visual Studio Code'
2025-07-30 10:44:14 | INFO     | devpulse_client.core.window_tracker.window_task:_log_previous_window_if_needed:51 - Window '● tracker_config.py - devpulse-client-v2 - Visual Studio Code' met duration threshold | Start: 2025-07-30T10:44:13.323463 | End: 2025-07-30T10:44:14.854325 | Duration: 1.5s (>= 0s threshold)
2025-07-30 10:44:14 | INFO     | devpulse_client.core.window_tracker.window_task:_log_window_event:75 - Logging window event for '● tracker_config.py - devpulse-client-v2 - Visual Studio Code' | Start: 2025-07-30T10:44:13.323463 | End: 2025-07-30T10:44:14.854325 | Duration: 1.5s
2025-07-30 10:44:14 | DEBUG    | devpulse_client.core.window_tracker.window_task:_start_tracking_new_window:68 - Started tracking window: 'tracker_config.py - devpulse-client-v2 - Visual Studio Code'
2025-07-30 10:44:15 | INFO     | devpulse_client.core.signal_handler.signal_handler:_handle_exit:54 - Received SIGINT – starting graceful shutdown…
2025-07-30 10:44:15 | INFO     | devpulse_client.ingest.client.event_client:run:61 - Logging activity: System Stopped
