2025-07-25 15:18:21 | INFO     | devpulse_client.app.app:__init__:53 - Initialized DevPulse client for server: http://localhost:8000
2025-07-25 15:18:21 | INFO     | devpulse_client.app.app:start:80 - Validating credentials with server...
2025-07-25 15:18:21 | INFO     | devpulse_client.auth.collectors.device_collector:collect_fingerprint:20 - Collecting device fingerprint
2025-07-25 15:18:21 | INFO     | devpulse_client.auth.collectors.device_collector:collect_fingerprint:23 - Collecting device fingerprint: 18:60:24:92:da:75
2025-07-25 15:18:21 | INFO     | devpulse_client.auth.collectors.device_collector:collect_fingerprint:26 - Collecting device fingerprint: OKEY
2025-07-25 15:18:21 | DEBUG    | devpulse_client.auth.collectors.device_collector:collect_fingerprint:29 - Collected device fingerprint: MAC=18:60:24:92:da:75
2025-07-25 15:18:21 | INFO     | devpulse_client.auth.client.auth_client:_send_login_request:144 - Credential validation successful: {'access_token': 'eyJhbGciOiJIUzI1NiIsInR5cCI6IkpXVCJ9.eyJzdWIiOiJ5YW1hbiIsImRldmljZV9tYWMiOiIxODo2MDoyNDo5MjpkYTo3NSJ9.Tpu5dPrmlxNTPDWFGQzhKpsOGf-H2KHv7WlZTQ0a3KI', 'token_type': 'bearer', 'expires': False}
2025-07-25 15:18:21 | INFO     | devpulse_client.app.app:start:87 - ✅ Access token recieved.
2025-07-25 15:18:21 | INFO     | devpulse_client.ingest.client.event_client:run:32 - Starting activity tracker
2025-07-25 15:18:21 | INFO     | devpulse_client.ingest.client.event_client:run:42 - Logging activity: System Started
2025-07-25 15:18:21 | DEBUG    | devpulse_client.core.window_tracker.window_task:_start_tracking_new_window:68 - Started tracking window: 'event_client.py - devpulse-client-v2 - Visual Studio Code'
2025-07-25 15:18:21 | INFO     | devpulse_client.core.activity_state_tracker.activity_state_task:tick:74 - Logging activity: User Active
2025-07-25 15:18:23 | INFO     | devpulse_client.core.window_tracker.window_task:_log_previous_window_if_needed:51 - Window 'event_client.py - devpulse-client-v2 - Visual Studio Code' met duration threshold | Start: 2025-07-25T15:18:21.583080 | End: 2025-07-25T15:18:23.502387 | Duration: 1.9s (>= 0s threshold)
2025-07-25 15:18:23 | INFO     | devpulse_client.core.window_tracker.window_task:_log_window_event:75 - Logging window event for 'event_client.py - devpulse-client-v2 - Visual Studio Code' | Start: 2025-07-25T15:18:21.583080 | End: 2025-07-25T15:18:23.502387 | Duration: 1.9s
2025-07-25 15:18:23 | DEBUG    | devpulse_client.core.window_tracker.window_task:_start_tracking_new_window:68 - Started tracking window: 'router.py - devpulse-server - Visual Studio Code'
2025-07-25 15:18:24 | INFO     | devpulse_client.core.window_tracker.window_task:_log_previous_window_if_needed:51 - Window 'router.py - devpulse-server - Visual Studio Code' met duration threshold | Start: 2025-07-25T15:18:23.502387 | End: 2025-07-25T15:18:24.271912 | Duration: 0.8s (>= 0s threshold)
2025-07-25 15:18:24 | INFO     | devpulse_client.core.window_tracker.window_task:_log_window_event:75 - Logging window event for 'router.py - devpulse-server - Visual Studio Code' | Start: 2025-07-25T15:18:23.502387 | End: 2025-07-25T15:18:24.271912 | Duration: 0.8s
2025-07-25 15:18:24 | DEBUG    | devpulse_client.core.window_tracker.window_task:_start_tracking_new_window:68 - Started tracking window: 'event_client.py - devpulse-client-v2 - Visual Studio Code'
2025-07-25 15:18:25 | INFO     | devpulse_client.core.window_tracker.window_task:_log_previous_window_if_needed:51 - Window 'event_client.py - devpulse-client-v2 - Visual Studio Code' met duration threshold | Start: 2025-07-25T15:18:24.271912 | End: 2025-07-25T15:18:25.519516 | Duration: 1.2s (>= 0s threshold)
2025-07-25 15:18:25 | INFO     | devpulse_client.core.window_tracker.window_task:_log_window_event:75 - Logging window event for 'event_client.py - devpulse-client-v2 - Visual Studio Code' | Start: 2025-07-25T15:18:24.271912 | End: 2025-07-25T15:18:25.519516 | Duration: 1.2s
2025-07-25 15:18:25 | DEBUG    | devpulse_client.core.window_tracker.window_task:_start_tracking_new_window:68 - Started tracking window: 'router.py - devpulse-server - Visual Studio Code'
2025-07-25 15:18:26 | INFO     | devpulse_client.core.window_tracker.window_task:_log_previous_window_if_needed:51 - Window 'router.py - devpulse-server - Visual Studio Code' met duration threshold | Start: 2025-07-25T15:18:25.519516 | End: 2025-07-25T15:18:26.129401 | Duration: 0.6s (>= 0s threshold)
2025-07-25 15:18:26 | INFO     | devpulse_client.core.window_tracker.window_task:_log_window_event:75 - Logging window event for 'router.py - devpulse-server - Visual Studio Code' | Start: 2025-07-25T15:18:25.519516 | End: 2025-07-25T15:18:26.129401 | Duration: 0.6s
2025-07-25 15:18:26 | DEBUG    | devpulse_client.core.window_tracker.window_task:_start_tracking_new_window:68 - Started tracking window: 'event_client.py - devpulse-client-v2 - Visual Studio Code'
2025-07-25 15:18:26 | ERROR    | devpulse_client.ingest.client.event_client:_send_events:84 - Failed to send events: 404 {"detail":"Not Found"}
2025-07-25 15:18:31 | ERROR    | devpulse_client.ingest.client.event_client:_send_events:84 - Failed to send events: 404 {"detail":"Not Found"}
2025-07-25 15:18:36 | INFO     | devpulse_client.core.window_tracker.window_task:_log_previous_window_if_needed:51 - Window 'event_client.py - devpulse-client-v2 - Visual Studio Code' met duration threshold | Start: 2025-07-25T15:18:26.129401 | End: 2025-07-25T15:18:36.345959 | Duration: 10.2s (>= 0s threshold)
2025-07-25 15:18:36 | INFO     | devpulse_client.core.window_tracker.window_task:_log_window_event:75 - Logging window event for 'event_client.py - devpulse-client-v2 - Visual Studio Code' | Start: 2025-07-25T15:18:26.129401 | End: 2025-07-25T15:18:36.345959 | Duration: 10.2s
2025-07-25 15:18:36 | DEBUG    | devpulse_client.core.window_tracker.window_task:_start_tracking_new_window:68 - Started tracking window: 'router.py - devpulse-server - Visual Studio Code'
2025-07-25 15:18:36 | ERROR    | devpulse_client.ingest.client.event_client:_send_events:84 - Failed to send events: 404 {"detail":"Not Found"}
2025-07-25 15:18:41 | ERROR    | devpulse_client.ingest.client.event_client:_send_events:84 - Failed to send events: 404 {"detail":"Not Found"}
2025-07-25 15:18:42 | INFO     | devpulse_client.core.window_tracker.window_task:_log_previous_window_if_needed:51 - Window 'router.py - devpulse-server - Visual Studio Code' met duration threshold | Start: 2025-07-25T15:18:36.345959 | End: 2025-07-25T15:18:42.657899 | Duration: 6.3s (>= 0s threshold)
2025-07-25 15:18:42 | INFO     | devpulse_client.core.window_tracker.window_task:_log_window_event:75 - Logging window event for 'router.py - devpulse-server - Visual Studio Code' | Start: 2025-07-25T15:18:36.345959 | End: 2025-07-25T15:18:42.657899 | Duration: 6.3s
2025-07-25 15:18:42 | DEBUG    | devpulse_client.core.window_tracker.window_task:_start_tracking_new_window:68 - Started tracking window: '● router.py - devpulse-server - Visual Studio Code'
2025-07-25 15:18:46 | ERROR    | devpulse_client.ingest.client.event_client:_send_events:84 - Failed to send events: 404 {"detail":"Not Found"}
2025-07-25 15:18:51 | ERROR    | devpulse_client.ingest.client.event_client:_send_events:84 - Failed to send events: 404 {"detail":"Not Found"}
2025-07-25 15:18:56 | ERROR    | devpulse_client.ingest.client.event_client:_send_events:84 - Failed to send events: 404 {"detail":"Not Found"}
2025-07-25 15:19:01 | ERROR    | devpulse_client.ingest.client.event_client:_send_events:84 - Failed to send events: 404 {"detail":"Not Found"}
2025-07-25 15:19:07 | ERROR    | devpulse_client.ingest.client.event_client:_send_events:84 - Failed to send events: 404 {"detail":"Not Found"}
2025-07-25 15:19:11 | INFO     | devpulse_client.core.window_tracker.window_task:_log_previous_window_if_needed:51 - Window '● router.py - devpulse-server - Visual Studio Code' met duration threshold | Start: 2025-07-25T15:18:42.657899 | End: 2025-07-25T15:19:11.340496 | Duration: 28.7s (>= 0s threshold)
2025-07-25 15:19:11 | INFO     | devpulse_client.core.window_tracker.window_task:_log_window_event:75 - Logging window event for '● router.py - devpulse-server - Visual Studio Code' | Start: 2025-07-25T15:18:42.657899 | End: 2025-07-25T15:19:11.340496 | Duration: 28.7s
2025-07-25 15:19:11 | DEBUG    | devpulse_client.core.window_tracker.window_task:_start_tracking_new_window:68 - Started tracking window: 'event_client.py - devpulse-client-v2 - Visual Studio Code'
2025-07-25 15:19:11 | INFO     | devpulse_client.ingest.client.event_client:run:62 - Logging activity: System Stopped
2025-07-25 15:19:11 | INFO     | devpulse_client.app.app:start:94 - Received interrupt, shutting down
2025-07-25 15:19:11 | ERROR    | devpulse_client.cli.commands:run:48 - ❌ Failed to start client
