2025-07-25 15:53:48 | INFO     | devpulse_client.app.app:__init__:49 - Initialized DevPulse client for server: http://localhost:8000
2025-07-25 15:53:48 | INFO     | devpulse_client.app.app:start:76 - Validating credentials with server...
2025-07-25 15:53:48 | INFO     | devpulse_client.auth.collectors.device_collector:collect_fingerprint:20 - Collecting device fingerprint
2025-07-25 15:53:48 | INFO     | devpulse_client.auth.collectors.device_collector:collect_fingerprint:23 - Collecting device fingerprint: 18:60:24:92:da:75
2025-07-25 15:53:48 | INFO     | devpulse_client.auth.collectors.device_collector:collect_fingerprint:26 - Collecting device fingerprint: OKEY
2025-07-25 15:53:48 | DEBUG    | devpulse_client.auth.collectors.device_collector:collect_fingerprint:29 - Collected device fingerprint: MAC=18:60:24:92:da:75
2025-07-25 15:53:48 | INFO     | devpulse_client.auth.client.auth_client:_send_login_request:144 - Credential validation successful: {'access_token': 'eyJhbGciOiJIUzI1NiIsInR5cCI6IkpXVCJ9.eyJzdWIiOiJ5YW1hbiIsImRldmljZV9tYWMiOiIxODo2MDoyNDo5MjpkYTo3NSJ9.Tpu5dPrmlxNTPDWFGQzhKpsOGf-H2KHv7WlZTQ0a3KI', 'token_type': 'bearer', 'expires': False}
2025-07-25 15:53:48 | INFO     | devpulse_client.app.app:start:83 - ✅ Access token recieved.
2025-07-25 15:53:48 | INFO     | devpulse_client.ingest.client.event_client:run:33 - Starting activity tracker
2025-07-25 15:53:48 | INFO     | devpulse_client.ingest.client.event_client:run:43 - Logging activity: System Started
2025-07-25 15:53:48 | DEBUG    | devpulse_client.core.window_tracker.window_task:_start_tracking_new_window:68 - Started tracking window: 'event_client.py - devpulse-client-v2 - Visual Studio Code'
2025-07-25 15:53:48 | INFO     | devpulse_client.core.activity_state_tracker.activity_state_task:tick:74 - Logging activity: User Active
2025-07-25 15:53:58 | INFO     | devpulse_client.core.activity_state_tracker.activity_state_task:tick:101 - Logging activity: User Inactive
2025-07-25 15:54:02 | INFO     | devpulse_client.core.activity_state_tracker.activity_state_task:tick:106 - Logging activity: User Active
2025-07-25 15:54:07 | INFO     | devpulse_client.core.window_tracker.window_task:_log_previous_window_if_needed:51 - Window 'event_client.py - devpulse-client-v2 - Visual Studio Code' met duration threshold | Start: 2025-07-25T15:53:48.804936 | End: 2025-07-25T15:54:07.275992 | Duration: 18.5s (>= 0s threshold)
2025-07-25 15:54:07 | INFO     | devpulse_client.core.window_tracker.window_task:_log_window_event:75 - Logging window event for 'event_client.py - devpulse-client-v2 - Visual Studio Code' | Start: 2025-07-25T15:53:48.804936 | End: 2025-07-25T15:54:07.275992 | Duration: 18.5s
2025-07-25 15:54:07 | DEBUG    | devpulse_client.core.window_tracker.window_task:_start_tracking_new_window:68 - Started tracking window: 'router.py - devpulse-server - Visual Studio Code'
2025-07-25 15:54:17 | INFO     | devpulse_client.core.activity_state_tracker.activity_state_task:tick:101 - Logging activity: User Inactive
2025-07-25 15:54:51 | INFO     | devpulse_client.core.activity_state_tracker.activity_state_task:tick:106 - Logging activity: User Active
2025-07-25 15:54:52 | INFO     | devpulse_client.core.window_tracker.window_task:_log_previous_window_if_needed:51 - Window 'router.py - devpulse-server - Visual Studio Code' met duration threshold | Start: 2025-07-25T15:54:07.275992 | End: 2025-07-25T15:54:52.730971 | Duration: 45.5s (>= 0s threshold)
2025-07-25 15:54:52 | INFO     | devpulse_client.core.window_tracker.window_task:_log_window_event:75 - Logging window event for 'router.py - devpulse-server - Visual Studio Code' | Start: 2025-07-25T15:54:07.275992 | End: 2025-07-25T15:54:52.730971 | Duration: 45.5s
2025-07-25 15:54:52 | DEBUG    | devpulse_client.core.window_tracker.window_task:_start_tracking_new_window:68 - Started tracking window: 'Unable to post datetime type python - Stack Overflow — Mozilla Firefox'
2025-07-25 15:54:54 | INFO     | devpulse_client.core.window_tracker.window_task:_log_previous_window_if_needed:51 - Window 'Unable to post datetime type python - Stack Overflow — Mozilla Firefox' met duration threshold | Start: 2025-07-25T15:54:52.730971 | End: 2025-07-25T15:54:54.328121 | Duration: 1.6s (>= 0s threshold)
2025-07-25 15:54:54 | INFO     | devpulse_client.core.window_tracker.window_task:_log_window_event:75 - Logging window event for 'Unable to post datetime type python - Stack Overflow — Mozilla Firefox' | Start: 2025-07-25T15:54:52.730971 | End: 2025-07-25T15:54:54.328121 | Duration: 1.6s
2025-07-25 15:54:54 | DEBUG    | devpulse_client.core.window_tracker.window_task:_start_tracking_new_window:68 - Started tracking window: 'devpulse-client-v2/src/devpulse_client/auth/models/enrollment_models.py at main · afaruk18/devpulse-client-v2 — Mozilla Firefox'
2025-07-25 15:54:57 | INFO     | devpulse_client.core.window_tracker.window_task:_log_previous_window_if_needed:51 - Window 'devpulse-client-v2/src/devpulse_client/auth/models/enrollment_models.py at main · afaruk18/devpulse-client-v2 — Mozilla Firefox' met duration threshold | Start: 2025-07-25T15:54:54.328121 | End: 2025-07-25T15:54:57.476716 | Duration: 3.1s (>= 0s threshold)
2025-07-25 15:54:57 | INFO     | devpulse_client.core.window_tracker.window_task:_log_window_event:75 - Logging window event for 'devpulse-client-v2/src/devpulse_client/auth/models/enrollment_models.py at main · afaruk18/devpulse-client-v2 — Mozilla Firefox' | Start: 2025-07-25T15:54:54.328121 | End: 2025-07-25T15:54:57.476716 | Duration: 3.1s
2025-07-25 15:54:57 | DEBUG    | devpulse_client.core.window_tracker.window_task:_start_tracking_new_window:68 - Started tracking window: 'afaruk18 (Ahmet Faruk Çetinkaya) — Mozilla Firefox'
2025-07-25 15:54:59 | INFO     | devpulse_client.core.window_tracker.window_task:_log_previous_window_if_needed:51 - Window 'afaruk18 (Ahmet Faruk Çetinkaya) — Mozilla Firefox' met duration threshold | Start: 2025-07-25T15:54:57.476716 | End: 2025-07-25T15:54:59.317113 | Duration: 1.8s (>= 0s threshold)
2025-07-25 15:54:59 | INFO     | devpulse_client.core.window_tracker.window_task:_log_window_event:75 - Logging window event for 'afaruk18 (Ahmet Faruk Çetinkaya) — Mozilla Firefox' | Start: 2025-07-25T15:54:57.476716 | End: 2025-07-25T15:54:59.317113 | Duration: 1.8s
2025-07-25 15:54:59 | DEBUG    | devpulse_client.core.window_tracker.window_task:_start_tracking_new_window:68 - Started tracking window: 'Your Repositories — Mozilla Firefox'
2025-07-25 15:55:02 | INFO     | devpulse_client.core.window_tracker.window_task:_log_previous_window_if_needed:51 - Window 'Your Repositories — Mozilla Firefox' met duration threshold | Start: 2025-07-25T15:54:59.317113 | End: 2025-07-25T15:55:02.080387 | Duration: 2.8s (>= 0s threshold)
2025-07-25 15:55:02 | INFO     | devpulse_client.core.window_tracker.window_task:_log_window_event:75 - Logging window event for 'Your Repositories — Mozilla Firefox' | Start: 2025-07-25T15:54:59.317113 | End: 2025-07-25T15:55:02.080387 | Duration: 2.8s
2025-07-25 15:55:02 | DEBUG    | devpulse_client.core.window_tracker.window_task:_start_tracking_new_window:68 - Started tracking window: 'Mozilla Firefox'
2025-07-25 15:55:02 | INFO     | devpulse_client.core.window_tracker.window_task:_log_previous_window_if_needed:51 - Window 'Mozilla Firefox' met duration threshold | Start: 2025-07-25T15:55:02.080387 | End: 2025-07-25T15:55:02.206299 | Duration: 0.1s (>= 0s threshold)
2025-07-25 15:55:02 | INFO     | devpulse_client.core.window_tracker.window_task:_log_window_event:75 - Logging window event for 'Mozilla Firefox' | Start: 2025-07-25T15:55:02.080387 | End: 2025-07-25T15:55:02.206299 | Duration: 0.1s
2025-07-25 15:55:02 | DEBUG    | devpulse_client.core.window_tracker.window_task:_start_tracking_new_window:68 - Started tracking window: 'afaruk18/tracker_new — Mozilla Firefox'
2025-07-25 15:55:05 | INFO     | devpulse_client.core.window_tracker.window_task:_log_previous_window_if_needed:51 - Window 'afaruk18/tracker_new — Mozilla Firefox' met duration threshold | Start: 2025-07-25T15:55:02.206299 | End: 2025-07-25T15:55:05.259109 | Duration: 3.1s (>= 0s threshold)
2025-07-25 15:55:05 | INFO     | devpulse_client.core.window_tracker.window_task:_log_window_event:75 - Logging window event for 'afaruk18/tracker_new — Mozilla Firefox' | Start: 2025-07-25T15:55:02.206299 | End: 2025-07-25T15:55:05.259109 | Duration: 3.1s
2025-07-25 15:55:05 | DEBUG    | devpulse_client.core.window_tracker.window_task:_start_tracking_new_window:68 - Started tracking window: 'tracker_new/src/tracker at main · afaruk18/tracker_new — Mozilla Firefox'
2025-07-25 15:55:15 | INFO     | devpulse_client.core.window_tracker.window_task:_log_previous_window_if_needed:51 - Window 'tracker_new/src/tracker at main · afaruk18/tracker_new — Mozilla Firefox' met duration threshold | Start: 2025-07-25T15:55:05.259109 | End: 2025-07-25T15:55:15.024043 | Duration: 9.8s (>= 0s threshold)
2025-07-25 15:55:15 | INFO     | devpulse_client.core.window_tracker.window_task:_log_window_event:75 - Logging window event for 'tracker_new/src/tracker at main · afaruk18/tracker_new — Mozilla Firefox' | Start: 2025-07-25T15:55:05.259109 | End: 2025-07-25T15:55:15.024043 | Duration: 9.8s
2025-07-25 15:55:15 | DEBUG    | devpulse_client.core.window_tracker.window_task:_start_tracking_new_window:68 - Started tracking window: 'tracker_new/src/tracker/core at main · afaruk18/tracker_new — Mozilla Firefox'
2025-07-25 15:55:17 | INFO     | devpulse_client.core.window_tracker.window_task:_log_previous_window_if_needed:51 - Window 'tracker_new/src/tracker/core at main · afaruk18/tracker_new — Mozilla Firefox' met duration threshold | Start: 2025-07-25T15:55:15.024043 | End: 2025-07-25T15:55:17.708082 | Duration: 2.7s (>= 0s threshold)
2025-07-25 15:55:17 | INFO     | devpulse_client.core.window_tracker.window_task:_log_window_event:75 - Logging window event for 'tracker_new/src/tracker/core at main · afaruk18/tracker_new — Mozilla Firefox' | Start: 2025-07-25T15:55:15.024043 | End: 2025-07-25T15:55:17.708082 | Duration: 2.7s
2025-07-25 15:55:17 | DEBUG    | devpulse_client.core.window_tracker.window_task:_start_tracking_new_window:68 - Started tracking window: 'tracker_new/src/tracker/core/app.py at main · afaruk18/tracker_new — Mozilla Firefox'
2025-07-25 15:55:23 | INFO     | devpulse_client.core.window_tracker.window_task:_log_previous_window_if_needed:51 - Window 'tracker_new/src/tracker/core/app.py at main · afaruk18/tracker_new — Mozilla Firefox' met duration threshold | Start: 2025-07-25T15:55:17.708082 | End: 2025-07-25T15:55:23.738490 | Duration: 6.0s (>= 0s threshold)
2025-07-25 15:55:23 | INFO     | devpulse_client.core.window_tracker.window_task:_log_window_event:75 - Logging window event for 'tracker_new/src/tracker/core/app.py at main · afaruk18/tracker_new — Mozilla Firefox' | Start: 2025-07-25T15:55:17.708082 | End: 2025-07-25T15:55:23.738490 | Duration: 6.0s
2025-07-25 15:55:23 | DEBUG    | devpulse_client.core.window_tracker.window_task:_start_tracking_new_window:68 - Started tracking window: 'tracker_new/src/tracker/core at main · afaruk18/tracker_new — Mozilla Firefox'
2025-07-25 15:55:26 | INFO     | devpulse_client.core.window_tracker.window_task:_log_previous_window_if_needed:51 - Window 'tracker_new/src/tracker/core at main · afaruk18/tracker_new — Mozilla Firefox' met duration threshold | Start: 2025-07-25T15:55:23.738490 | End: 2025-07-25T15:55:26.316359 | Duration: 2.6s (>= 0s threshold)
2025-07-25 15:55:26 | INFO     | devpulse_client.core.window_tracker.window_task:_log_window_event:75 - Logging window event for 'tracker_new/src/tracker/core at main · afaruk18/tracker_new — Mozilla Firefox' | Start: 2025-07-25T15:55:23.738490 | End: 2025-07-25T15:55:26.316359 | Duration: 2.6s
2025-07-25 15:55:26 | DEBUG    | devpulse_client.core.window_tracker.window_task:_start_tracking_new_window:68 - Started tracking window: 'tracker_new/src/tracker/core/activity_state_tracker at main · afaruk18/tracker_new — Mozilla Firefox'
2025-07-25 15:55:28 | INFO     | devpulse_client.core.window_tracker.window_task:_log_previous_window_if_needed:51 - Window 'tracker_new/src/tracker/core/activity_state_tracker at main · afaruk18/tracker_new — Mozilla Firefox' met duration threshold | Start: 2025-07-25T15:55:26.316359 | End: 2025-07-25T15:55:28.555880 | Duration: 2.2s (>= 0s threshold)
2025-07-25 15:55:28 | INFO     | devpulse_client.core.window_tracker.window_task:_log_window_event:75 - Logging window event for 'tracker_new/src/tracker/core/activity_state_tracker at main · afaruk18/tracker_new — Mozilla Firefox' | Start: 2025-07-25T15:55:26.316359 | End: 2025-07-25T15:55:28.555880 | Duration: 2.2s
2025-07-25 15:55:28 | DEBUG    | devpulse_client.core.window_tracker.window_task:_start_tracking_new_window:68 - Started tracking window: 'tracker_new/src/tracker/core/activity_state_tracker/activity_state_task.py at main · afaruk18/tracker_new — Mozilla Firefox'
2025-07-25 15:55:32 | INFO     | devpulse_client.core.window_tracker.window_task:_log_previous_window_if_needed:51 - Window 'tracker_new/src/tracker/core/activity_state_tracker/activity_state_task.py at main · afaruk18/tracker_new — Mozilla Firefox' met duration threshold | Start: 2025-07-25T15:55:28.555880 | End: 2025-07-25T15:55:32.770141 | Duration: 4.2s (>= 0s threshold)
2025-07-25 15:55:32 | INFO     | devpulse_client.core.window_tracker.window_task:_log_window_event:75 - Logging window event for 'tracker_new/src/tracker/core/activity_state_tracker/activity_state_task.py at main · afaruk18/tracker_new — Mozilla Firefox' | Start: 2025-07-25T15:55:28.555880 | End: 2025-07-25T15:55:32.770141 | Duration: 4.2s
2025-07-25 15:55:32 | DEBUG    | devpulse_client.core.window_tracker.window_task:_start_tracking_new_window:68 - Started tracking window: 'tracker_new/src/tracker/core/activity_state_tracker at main · afaruk18/tracker_new — Mozilla Firefox'
2025-07-25 15:55:43 | INFO     | devpulse_client.core.window_tracker.window_task:_log_previous_window_if_needed:51 - Window 'tracker_new/src/tracker/core/activity_state_tracker at main · afaruk18/tracker_new — Mozilla Firefox' met duration threshold | Start: 2025-07-25T15:55:32.770141 | End: 2025-07-25T15:55:43.778385 | Duration: 11.0s (>= 0s threshold)
2025-07-25 15:55:43 | INFO     | devpulse_client.core.window_tracker.window_task:_log_window_event:75 - Logging window event for 'tracker_new/src/tracker/core/activity_state_tracker at main · afaruk18/tracker_new — Mozilla Firefox' | Start: 2025-07-25T15:55:32.770141 | End: 2025-07-25T15:55:43.778385 | Duration: 11.0s
2025-07-25 15:55:43 | DEBUG    | devpulse_client.core.window_tracker.window_task:_start_tracking_new_window:68 - Started tracking window: 'yaman-yucel (Yaman Yucel) — Mozilla Firefox'
2025-07-25 15:55:49 | INFO     | devpulse_client.core.window_tracker.window_task:_log_previous_window_if_needed:51 - Window 'yaman-yucel (Yaman Yucel) — Mozilla Firefox' met duration threshold | Start: 2025-07-25T15:55:43.778385 | End: 2025-07-25T15:55:49.953971 | Duration: 6.2s (>= 0s threshold)
2025-07-25 15:55:49 | INFO     | devpulse_client.core.window_tracker.window_task:_log_window_event:75 - Logging window event for 'yaman-yucel (Yaman Yucel) — Mozilla Firefox' | Start: 2025-07-25T15:55:43.778385 | End: 2025-07-25T15:55:49.953971 | Duration: 6.2s
2025-07-25 15:55:49 | DEBUG    | devpulse_client.core.window_tracker.window_task:_start_tracking_new_window:68 - Started tracking window: 'Mozilla Firefox'
2025-07-25 15:55:50 | INFO     | devpulse_client.core.window_tracker.window_task:_log_previous_window_if_needed:51 - Window 'Mozilla Firefox' met duration threshold | Start: 2025-07-25T15:55:49.953971 | End: 2025-07-25T15:55:50.080816 | Duration: 0.1s (>= 0s threshold)
2025-07-25 15:55:50 | INFO     | devpulse_client.core.window_tracker.window_task:_log_window_event:75 - Logging window event for 'Mozilla Firefox' | Start: 2025-07-25T15:55:49.953971 | End: 2025-07-25T15:55:50.080816 | Duration: 0.1s
2025-07-25 15:55:50 | DEBUG    | devpulse_client.core.window_tracker.window_task:_start_tracking_new_window:68 - Started tracking window: 'yaman-yucel/devpulse-client — Mozilla Firefox'
2025-07-25 15:55:52 | INFO     | devpulse_client.core.window_tracker.window_task:_log_previous_window_if_needed:51 - Window 'yaman-yucel/devpulse-client — Mozilla Firefox' met duration threshold | Start: 2025-07-25T15:55:50.080816 | End: 2025-07-25T15:55:52.749751 | Duration: 2.7s (>= 0s threshold)
2025-07-25 15:55:52 | INFO     | devpulse_client.core.window_tracker.window_task:_log_window_event:75 - Logging window event for 'yaman-yucel/devpulse-client — Mozilla Firefox' | Start: 2025-07-25T15:55:50.080816 | End: 2025-07-25T15:55:52.749751 | Duration: 2.7s
2025-07-25 15:55:52 | DEBUG    | devpulse_client.core.window_tracker.window_task:_start_tracking_new_window:68 - Started tracking window: 'devpulse-client/src/devpulse_client at main · yaman-yucel/devpulse-client — Mozilla Firefox'
2025-07-25 15:55:56 | INFO     | devpulse_client.core.window_tracker.window_task:_log_previous_window_if_needed:51 - Window 'devpulse-client/src/devpulse_client at main · yaman-yucel/devpulse-client — Mozilla Firefox' met duration threshold | Start: 2025-07-25T15:55:52.749751 | End: 2025-07-25T15:55:56.716568 | Duration: 4.0s (>= 0s threshold)
2025-07-25 15:55:56 | INFO     | devpulse_client.core.window_tracker.window_task:_log_window_event:75 - Logging window event for 'devpulse-client/src/devpulse_client at main · yaman-yucel/devpulse-client — Mozilla Firefox' | Start: 2025-07-25T15:55:52.749751 | End: 2025-07-25T15:55:56.716568 | Duration: 4.0s
2025-07-25 15:55:56 | DEBUG    | devpulse_client.core.window_tracker.window_task:_start_tracking_new_window:68 - Started tracking window: 'devpulse-client/src/devpulse_client/core at main · yaman-yucel/devpulse-client — Mozilla Firefox'
2025-07-25 15:55:58 | INFO     | devpulse_client.core.window_tracker.window_task:_log_previous_window_if_needed:51 - Window 'devpulse-client/src/devpulse_client/core at main · yaman-yucel/devpulse-client — Mozilla Firefox' met duration threshold | Start: 2025-07-25T15:55:56.716568 | End: 2025-07-25T15:55:58.543916 | Duration: 1.8s (>= 0s threshold)
2025-07-25 15:55:58 | INFO     | devpulse_client.core.window_tracker.window_task:_log_window_event:75 - Logging window event for 'devpulse-client/src/devpulse_client/core at main · yaman-yucel/devpulse-client — Mozilla Firefox' | Start: 2025-07-25T15:55:56.716568 | End: 2025-07-25T15:55:58.543916 | Duration: 1.8s
2025-07-25 15:55:58 | DEBUG    | devpulse_client.core.window_tracker.window_task:_start_tracking_new_window:68 - Started tracking window: 'devpulse-client/src/devpulse_client/core/signal_handler at main · yaman-yucel/devpulse-client — Mozilla Firefox'
2025-07-25 15:55:59 | INFO     | devpulse_client.core.window_tracker.window_task:_log_previous_window_if_needed:51 - Window 'devpulse-client/src/devpulse_client/core/signal_handler at main · yaman-yucel/devpulse-client — Mozilla Firefox' met duration threshold | Start: 2025-07-25T15:55:58.543916 | End: 2025-07-25T15:55:59.878287 | Duration: 1.3s (>= 0s threshold)
2025-07-25 15:55:59 | INFO     | devpulse_client.core.window_tracker.window_task:_log_window_event:75 - Logging window event for 'devpulse-client/src/devpulse_client/core/signal_handler at main · yaman-yucel/devpulse-client — Mozilla Firefox' | Start: 2025-07-25T15:55:58.543916 | End: 2025-07-25T15:55:59.878287 | Duration: 1.3s
2025-07-25 15:55:59 | DEBUG    | devpulse_client.core.window_tracker.window_task:_start_tracking_new_window:68 - Started tracking window: 'devpulse-client/src/devpulse_client/core/signal_handler/signal_handler.py at main · yaman-yucel/devpulse-client — Mozilla Firefox'
2025-07-25 15:56:27 | INFO     | devpulse_client.core.window_tracker.window_task:_log_previous_window_if_needed:51 - Window 'devpulse-client/src/devpulse_client/core/signal_handler/signal_handler.py at main · yaman-yucel/devpulse-client — Mozilla Firefox' met duration threshold | Start: 2025-07-25T15:55:59.878287 | End: 2025-07-25T15:56:27.411465 | Duration: 27.5s (>= 0s threshold)
2025-07-25 15:56:27 | INFO     | devpulse_client.core.window_tracker.window_task:_log_window_event:75 - Logging window event for 'devpulse-client/src/devpulse_client/core/signal_handler/signal_handler.py at main · yaman-yucel/devpulse-client — Mozilla Firefox' | Start: 2025-07-25T15:55:59.878287 | End: 2025-07-25T15:56:27.411465 | Duration: 27.5s
2025-07-25 15:56:27 | DEBUG    | devpulse_client.core.window_tracker.window_task:_start_tracking_new_window:68 - Started tracking window: 'devpulse-client/src/devpulse_client/core/signal_handler at main · yaman-yucel/devpulse-client — Mozilla Firefox'
2025-07-25 15:56:51 | INFO     | devpulse_client.core.window_tracker.window_task:_log_previous_window_if_needed:51 - Window 'devpulse-client/src/devpulse_client/core/signal_handler at main · yaman-yucel/devpulse-client — Mozilla Firefox' met duration threshold | Start: 2025-07-25T15:56:27.411465 | End: 2025-07-25T15:56:51.483966 | Duration: 24.1s (>= 0s threshold)
2025-07-25 15:56:51 | INFO     | devpulse_client.core.window_tracker.window_task:_log_window_event:75 - Logging window event for 'devpulse-client/src/devpulse_client/core/signal_handler at main · yaman-yucel/devpulse-client — Mozilla Firefox' | Start: 2025-07-25T15:56:27.411465 | End: 2025-07-25T15:56:51.483966 | Duration: 24.1s
2025-07-25 15:56:51 | DEBUG    | devpulse_client.core.window_tracker.window_task:_start_tracking_new_window:68 - Started tracking window: 'devpulse-client/src/devpulse_client/core/signal_handler/signal_handler.py at main · yaman-yucel/devpulse-client — Mozilla Firefox'
2025-07-25 15:57:40 | INFO     | devpulse_client.core.activity_state_tracker.activity_state_task:tick:101 - Logging activity: User Inactive
2025-07-25 15:57:49 | INFO     | devpulse_client.core.activity_state_tracker.activity_state_task:tick:106 - Logging activity: User Active
2025-07-25 15:58:28 | INFO     | devpulse_client.core.window_tracker.window_task:_log_previous_window_if_needed:51 - Window 'devpulse-client/src/devpulse_client/core/signal_handler/signal_handler.py at main · yaman-yucel/devpulse-client — Mozilla Firefox' met duration threshold | Start: 2025-07-25T15:56:51.483966 | End: 2025-07-25T15:58:28.109730 | Duration: 96.6s (>= 0s threshold)
2025-07-25 15:58:28 | INFO     | devpulse_client.core.window_tracker.window_task:_log_window_event:75 - Logging window event for 'devpulse-client/src/devpulse_client/core/signal_handler/signal_handler.py at main · yaman-yucel/devpulse-client — Mozilla Firefox' | Start: 2025-07-25T15:56:51.483966 | End: 2025-07-25T15:58:28.109730 | Duration: 96.6s
2025-07-25 15:58:28 | DEBUG    | devpulse_client.core.window_tracker.window_task:_start_tracking_new_window:68 - Started tracking window: 'gnome-shell'
2025-07-25 15:58:29 | INFO     | devpulse_client.core.activity_state_tracker.activity_state_task:tick:82 - Logging activity: Screen Locked
2025-07-25 16:17:41 | INFO     | devpulse_client.core.window_tracker.window_task:_log_previous_window_if_needed:51 - Window 'gnome-shell' met duration threshold | Start: 2025-07-25T15:58:28.109730 | End: 2025-07-25T16:17:41.447176 | Duration: 1153.3s (>= 0s threshold)
2025-07-25 16:17:41 | INFO     | devpulse_client.core.window_tracker.window_task:_log_window_event:75 - Logging window event for 'gnome-shell' | Start: 2025-07-25T15:58:28.109730 | End: 2025-07-25T16:17:41.447176 | Duration: 1153.3s
2025-07-25 16:17:41 | DEBUG    | devpulse_client.core.window_tracker.window_task:_start_tracking_new_window:68 - Started tracking window: 'devpulse-client/src/devpulse_client/core/signal_handler/signal_handler.py at main · yaman-yucel/devpulse-client — Mozilla Firefox'
2025-07-25 16:17:41 | INFO     | devpulse_client.core.window_tracker.window_task:_log_previous_window_if_needed:51 - Window 'devpulse-client/src/devpulse_client/core/signal_handler/signal_handler.py at main · yaman-yucel/devpulse-client — Mozilla Firefox' met duration threshold | Start: 2025-07-25T16:17:41.447176 | End: 2025-07-25T16:17:41.637710 | Duration: 0.2s (>= 0s threshold)
2025-07-25 16:17:41 | INFO     | devpulse_client.core.window_tracker.window_task:_log_window_event:75 - Logging window event for 'devpulse-client/src/devpulse_client/core/signal_handler/signal_handler.py at main · yaman-yucel/devpulse-client — Mozilla Firefox' | Start: 2025-07-25T16:17:41.447176 | End: 2025-07-25T16:17:41.637710 | Duration: 0.2s
2025-07-25 16:17:41 | DEBUG    | devpulse_client.core.window_tracker.window_task:_start_tracking_new_window:68 - Started tracking window: 'gnome-shell'
2025-07-25 16:17:41 | INFO     | devpulse_client.core.window_tracker.window_task:_log_previous_window_if_needed:51 - Window 'gnome-shell' met duration threshold | Start: 2025-07-25T16:17:41.637710 | End: 2025-07-25T16:17:41.821395 | Duration: 0.2s (>= 0s threshold)
2025-07-25 16:17:41 | INFO     | devpulse_client.core.window_tracker.window_task:_log_window_event:75 - Logging window event for 'gnome-shell' | Start: 2025-07-25T16:17:41.637710 | End: 2025-07-25T16:17:41.821395 | Duration: 0.2s
2025-07-25 16:17:41 | DEBUG    | devpulse_client.core.window_tracker.window_task:_start_tracking_new_window:68 - Started tracking window: 'devpulse-client/src/devpulse_client/core/signal_handler/signal_handler.py at main · yaman-yucel/devpulse-client — Mozilla Firefox'
2025-07-25 16:17:42 | INFO     | devpulse_client.core.activity_state_tracker.activity_state_task:tick:87 - Logging activity: Screen Unlocked
2025-07-25 16:17:42 | INFO     | devpulse_client.core.activity_state_tracker.activity_state_task:tick:91 - Logging activity: User Active
2025-07-25 16:17:51 | INFO     | devpulse_client.core.activity_state_tracker.activity_state_task:tick:101 - Logging activity: User Inactive
2025-07-25 16:17:53 | INFO     | devpulse_client.core.activity_state_tracker.activity_state_task:tick:106 - Logging activity: User Active
2025-07-25 16:17:55 | INFO     | devpulse_client.core.window_tracker.window_task:_log_previous_window_if_needed:51 - Window 'devpulse-client/src/devpulse_client/core/signal_handler/signal_handler.py at main · yaman-yucel/devpulse-client — Mozilla Firefox' met duration threshold | Start: 2025-07-25T16:17:41.821395 | End: 2025-07-25T16:17:55.437382 | Duration: 13.6s (>= 0s threshold)
2025-07-25 16:17:55 | INFO     | devpulse_client.core.window_tracker.window_task:_log_window_event:75 - Logging window event for 'devpulse-client/src/devpulse_client/core/signal_handler/signal_handler.py at main · yaman-yucel/devpulse-client — Mozilla Firefox' | Start: 2025-07-25T16:17:41.821395 | End: 2025-07-25T16:17:55.437382 | Duration: 13.6s
2025-07-25 16:17:55 | DEBUG    | devpulse_client.core.window_tracker.window_task:_start_tracking_new_window:68 - Started tracking window: 'event_client.py - devpulse-client-v2 - Visual Studio Code'
2025-07-25 16:17:55 | INFO     | devpulse_client.core.window_tracker.window_task:_log_previous_window_if_needed:51 - Window 'event_client.py - devpulse-client-v2 - Visual Studio Code' met duration threshold | Start: 2025-07-25T16:17:55.437382 | End: 2025-07-25T16:17:55.973543 | Duration: 0.5s (>= 0s threshold)
2025-07-25 16:17:55 | INFO     | devpulse_client.core.window_tracker.window_task:_log_window_event:75 - Logging window event for 'event_client.py - devpulse-client-v2 - Visual Studio Code' | Start: 2025-07-25T16:17:55.437382 | End: 2025-07-25T16:17:55.973543 | Duration: 0.5s
2025-07-25 16:17:55 | DEBUG    | devpulse_client.core.window_tracker.window_task:_start_tracking_new_window:68 - Started tracking window: 'gnome-shell'
2025-07-25 16:17:57 | INFO     | devpulse_client.core.window_tracker.window_task:_log_previous_window_if_needed:51 - Window 'gnome-shell' met duration threshold | Start: 2025-07-25T16:17:55.973543 | End: 2025-07-25T16:17:57.142763 | Duration: 1.2s (>= 0s threshold)
2025-07-25 16:17:57 | INFO     | devpulse_client.core.window_tracker.window_task:_log_window_event:75 - Logging window event for 'gnome-shell' | Start: 2025-07-25T16:17:55.973543 | End: 2025-07-25T16:17:57.142763 | Duration: 1.2s
2025-07-25 16:17:57 | DEBUG    | devpulse_client.core.window_tracker.window_task:_start_tracking_new_window:68 - Started tracking window: 'router.py - devpulse-server - Visual Studio Code'
2025-07-25 16:18:12 | INFO     | devpulse_client.core.window_tracker.window_task:_log_previous_window_if_needed:51 - Window 'router.py - devpulse-server - Visual Studio Code' met duration threshold | Start: 2025-07-25T16:17:57.142763 | End: 2025-07-25T16:18:12.947562 | Duration: 15.8s (>= 0s threshold)
2025-07-25 16:18:12 | INFO     | devpulse_client.core.window_tracker.window_task:_log_window_event:75 - Logging window event for 'router.py - devpulse-server - Visual Studio Code' | Start: 2025-07-25T16:17:57.142763 | End: 2025-07-25T16:18:12.947562 | Duration: 15.8s
2025-07-25 16:18:12 | DEBUG    | devpulse_client.core.window_tracker.window_task:_start_tracking_new_window:68 - Started tracking window: 'devpulse-client/src/devpulse_client/core/signal_handler/signal_handler.py at main · yaman-yucel/devpulse-client — Mozilla Firefox'
2025-07-25 16:18:18 | INFO     | devpulse_client.core.window_tracker.window_task:_log_previous_window_if_needed:51 - Window 'devpulse-client/src/devpulse_client/core/signal_handler/signal_handler.py at main · yaman-yucel/devpulse-client — Mozilla Firefox' met duration threshold | Start: 2025-07-25T16:18:12.947562 | End: 2025-07-25T16:18:18.767200 | Duration: 5.8s (>= 0s threshold)
2025-07-25 16:18:18 | INFO     | devpulse_client.core.window_tracker.window_task:_log_window_event:75 - Logging window event for 'devpulse-client/src/devpulse_client/core/signal_handler/signal_handler.py at main · yaman-yucel/devpulse-client — Mozilla Firefox' | Start: 2025-07-25T16:18:12.947562 | End: 2025-07-25T16:18:18.767200 | Duration: 5.8s
2025-07-25 16:18:18 | DEBUG    | devpulse_client.core.window_tracker.window_task:_start_tracking_new_window:68 - Started tracking window: 'event_client.py - devpulse-client-v2 - Visual Studio Code'
2025-07-25 16:18:47 | INFO     | devpulse_client.core.window_tracker.window_task:_log_previous_window_if_needed:51 - Window 'event_client.py - devpulse-client-v2 - Visual Studio Code' met duration threshold | Start: 2025-07-25T16:18:18.767200 | End: 2025-07-25T16:18:47.873658 | Duration: 29.1s (>= 0s threshold)
2025-07-25 16:18:47 | INFO     | devpulse_client.core.window_tracker.window_task:_log_window_event:75 - Logging window event for 'event_client.py - devpulse-client-v2 - Visual Studio Code' | Start: 2025-07-25T16:18:18.767200 | End: 2025-07-25T16:18:47.873658 | Duration: 29.1s
2025-07-25 16:18:47 | DEBUG    | devpulse_client.core.window_tracker.window_task:_start_tracking_new_window:68 - Started tracking window: 'signal_handler.py - devpulse-client-v2 - Visual Studio Code'
2025-07-25 16:18:49 | INFO     | devpulse_client.core.window_tracker.window_task:_log_previous_window_if_needed:51 - Window 'signal_handler.py - devpulse-client-v2 - Visual Studio Code' met duration threshold | Start: 2025-07-25T16:18:47.873658 | End: 2025-07-25T16:18:49.243648 | Duration: 1.4s (>= 0s threshold)
2025-07-25 16:18:49 | INFO     | devpulse_client.core.window_tracker.window_task:_log_window_event:75 - Logging window event for 'signal_handler.py - devpulse-client-v2 - Visual Studio Code' | Start: 2025-07-25T16:18:47.873658 | End: 2025-07-25T16:18:49.243648 | Duration: 1.4s
2025-07-25 16:18:49 | DEBUG    | devpulse_client.core.window_tracker.window_task:_start_tracking_new_window:68 - Started tracking window: 'devpulse-client/src/devpulse_client/core/signal_handler/signal_handler.py at main · yaman-yucel/devpulse-client — Mozilla Firefox'
2025-07-25 16:18:53 | INFO     | devpulse_client.core.window_tracker.window_task:_log_previous_window_if_needed:51 - Window 'devpulse-client/src/devpulse_client/core/signal_handler/signal_handler.py at main · yaman-yucel/devpulse-client — Mozilla Firefox' met duration threshold | Start: 2025-07-25T16:18:49.243648 | End: 2025-07-25T16:18:53.613683 | Duration: 4.4s (>= 0s threshold)
2025-07-25 16:18:53 | INFO     | devpulse_client.core.window_tracker.window_task:_log_window_event:75 - Logging window event for 'devpulse-client/src/devpulse_client/core/signal_handler/signal_handler.py at main · yaman-yucel/devpulse-client — Mozilla Firefox' | Start: 2025-07-25T16:18:49.243648 | End: 2025-07-25T16:18:53.613683 | Duration: 4.4s
2025-07-25 16:18:53 | DEBUG    | devpulse_client.core.window_tracker.window_task:_start_tracking_new_window:68 - Started tracking window: 'signal_handler.py - devpulse-client-v2 - Visual Studio Code'
2025-07-25 16:18:53 | INFO     | devpulse_client.core.window_tracker.window_task:_log_previous_window_if_needed:51 - Window 'signal_handler.py - devpulse-client-v2 - Visual Studio Code' met duration threshold | Start: 2025-07-25T16:18:53.613683 | End: 2025-07-25T16:18:53.858214 | Duration: 0.2s (>= 0s threshold)
2025-07-25 16:18:53 | INFO     | devpulse_client.core.window_tracker.window_task:_log_window_event:75 - Logging window event for 'signal_handler.py - devpulse-client-v2 - Visual Studio Code' | Start: 2025-07-25T16:18:53.613683 | End: 2025-07-25T16:18:53.858214 | Duration: 0.2s
2025-07-25 16:18:53 | DEBUG    | devpulse_client.core.window_tracker.window_task:_start_tracking_new_window:68 - Started tracking window: '● signal_handler.py - devpulse-client-v2 - Visual Studio Code'
2025-07-25 16:19:21 | INFO     | devpulse_client.core.activity_state_tracker.activity_state_task:tick:101 - Logging activity: User Inactive
2025-07-25 16:19:27 | INFO     | devpulse_client.core.activity_state_tracker.activity_state_task:tick:106 - Logging activity: User Active
2025-07-25 16:19:42 | INFO     | devpulse_client.core.window_tracker.window_task:_log_previous_window_if_needed:51 - Window '● signal_handler.py - devpulse-client-v2 - Visual Studio Code' met duration threshold | Start: 2025-07-25T16:18:53.858214 | End: 2025-07-25T16:19:42.767602 | Duration: 48.9s (>= 0s threshold)
2025-07-25 16:19:42 | INFO     | devpulse_client.core.window_tracker.window_task:_log_window_event:75 - Logging window event for '● signal_handler.py - devpulse-client-v2 - Visual Studio Code' | Start: 2025-07-25T16:18:53.858214 | End: 2025-07-25T16:19:42.767602 | Duration: 48.9s
2025-07-25 16:19:42 | DEBUG    | devpulse_client.core.window_tracker.window_task:_start_tracking_new_window:68 - Started tracking window: 'event_store.py - devpulse-client-v2 - Visual Studio Code'
2025-07-25 16:19:50 | INFO     | devpulse_client.core.window_tracker.window_task:_log_previous_window_if_needed:51 - Window 'event_store.py - devpulse-client-v2 - Visual Studio Code' met duration threshold | Start: 2025-07-25T16:19:42.767602 | End: 2025-07-25T16:19:50.343783 | Duration: 7.6s (>= 0s threshold)
2025-07-25 16:19:50 | INFO     | devpulse_client.core.window_tracker.window_task:_log_window_event:75 - Logging window event for 'event_store.py - devpulse-client-v2 - Visual Studio Code' | Start: 2025-07-25T16:19:42.767602 | End: 2025-07-25T16:19:50.343783 | Duration: 7.6s
2025-07-25 16:19:50 | DEBUG    | devpulse_client.core.window_tracker.window_task:_start_tracking_new_window:68 - Started tracking window: 'devpulse-client/src/devpulse_client/core/signal_handler/signal_handler.py at main · yaman-yucel/devpulse-client — Mozilla Firefox'
2025-07-25 16:20:00 | INFO     | devpulse_client.core.activity_state_tracker.activity_state_task:tick:101 - Logging activity: User Inactive
2025-07-25 16:24:30 | INFO     | devpulse_client.core.activity_state_tracker.activity_state_task:tick:106 - Logging activity: User Active
2025-07-25 16:24:39 | INFO     | devpulse_client.core.window_tracker.window_task:_log_previous_window_if_needed:51 - Window 'devpulse-client/src/devpulse_client/core/signal_handler/signal_handler.py at main · yaman-yucel/devpulse-client — Mozilla Firefox' met duration threshold | Start: 2025-07-25T16:19:50.343783 | End: 2025-07-25T16:24:39.502639 | Duration: 289.2s (>= 0s threshold)
2025-07-25 16:24:39 | INFO     | devpulse_client.core.window_tracker.window_task:_log_window_event:75 - Logging window event for 'devpulse-client/src/devpulse_client/core/signal_handler/signal_handler.py at main · yaman-yucel/devpulse-client — Mozilla Firefox' | Start: 2025-07-25T16:19:50.343783 | End: 2025-07-25T16:24:39.502639 | Duration: 289.2s
2025-07-25 16:24:39 | DEBUG    | devpulse_client.core.window_tracker.window_task:_start_tracking_new_window:68 - Started tracking window: 'event_store.py - devpulse-client-v2 - Visual Studio Code'
2025-07-25 16:24:48 | INFO     | devpulse_client.core.window_tracker.window_task:_log_previous_window_if_needed:51 - Window 'event_store.py - devpulse-client-v2 - Visual Studio Code' met duration threshold | Start: 2025-07-25T16:24:39.502639 | End: 2025-07-25T16:24:48.697270 | Duration: 9.2s (>= 0s threshold)
2025-07-25 16:24:48 | INFO     | devpulse_client.core.window_tracker.window_task:_log_window_event:75 - Logging window event for 'event_store.py - devpulse-client-v2 - Visual Studio Code' | Start: 2025-07-25T16:24:39.502639 | End: 2025-07-25T16:24:48.697270 | Duration: 9.2s
2025-07-25 16:24:48 | DEBUG    | devpulse_client.core.window_tracker.window_task:_start_tracking_new_window:68 - Started tracking window: '● signal_handler.py - devpulse-client-v2 - Visual Studio Code'
2025-07-25 16:24:59 | INFO     | devpulse_client.core.window_tracker.window_task:_log_previous_window_if_needed:51 - Window '● signal_handler.py - devpulse-client-v2 - Visual Studio Code' met duration threshold | Start: 2025-07-25T16:24:48.697270 | End: 2025-07-25T16:24:59.748525 | Duration: 11.1s (>= 0s threshold)
2025-07-25 16:24:59 | INFO     | devpulse_client.core.window_tracker.window_task:_log_window_event:75 - Logging window event for '● signal_handler.py - devpulse-client-v2 - Visual Studio Code' | Start: 2025-07-25T16:24:48.697270 | End: 2025-07-25T16:24:59.748525 | Duration: 11.1s
2025-07-25 16:24:59 | DEBUG    | devpulse_client.core.window_tracker.window_task:_start_tracking_new_window:68 - Started tracking window: 'signal_handler.py - devpulse-client-v2 - Visual Studio Code'
2025-07-25 16:25:01 | INFO     | devpulse_client.ingest.client.event_client:run:63 - Logging activity: System Stopped
2025-07-25 16:25:01 | INFO     | devpulse_client.app.app:start:100 - Received interrupt, shutting down
2025-07-25 16:25:01 | ERROR    | devpulse_client.cli.commands:run:48 - ❌ Failed to start client
