2025-07-25 17:10:07 | INFO     | devpulse_client.app.app:__init__:46 - Initialized DevPulse client for server: http://localhost:8000
2025-07-25 17:10:07 | INFO     | devpulse_client.app.app:start:73 - Validating credentials with server...
2025-07-25 17:10:07 | INFO     | devpulse_client.auth.collectors.device_collector:collect_fingerprint:20 - Collecting device fingerprint
2025-07-25 17:10:07 | INFO     | devpulse_client.auth.collectors.device_collector:collect_fingerprint:23 - Collecting device fingerprint: 18:60:24:92:da:75
2025-07-25 17:10:07 | INFO     | devpulse_client.auth.collectors.device_collector:collect_fingerprint:26 - Collecting device fingerprint: OKEY
2025-07-25 17:10:07 | DEBUG    | devpulse_client.auth.collectors.device_collector:collect_fingerprint:29 - Collected device fingerprint: MAC=18:60:24:92:da:75
2025-07-25 17:10:07 | INFO     | devpulse_client.auth.client.auth_client:_send_login_request:144 - Credential validation successful: {'access_token': 'eyJhbGciOiJIUzI1NiIsInR5cCI6IkpXVCJ9.eyJzdWIiOiJ5YW1hbiIsImRldmljZV9tYWMiOiIxODo2MDoyNDo5MjpkYTo3NSJ9.Tpu5dPrmlxNTPDWFGQzhKpsOGf-H2KHv7WlZTQ0a3KI', 'token_type': 'bearer', 'expires': False}
2025-07-25 17:10:07 | INFO     | devpulse_client.app.app:start:80 - ✅ Access token recieved.
2025-07-25 17:10:07 | INFO     | devpulse_client.ingest.client.event_client:run:33 - Starting activity tracker
2025-07-25 17:10:07 | INFO     | devpulse_client.ingest.client.event_client:run:43 - Logging activity: System Started
2025-07-25 17:10:07 | DEBUG    | devpulse_client.core.window_tracker.window_task:_start_tracking_new_window:68 - Started tracking window: 'event_store.py - devpulse-client-v2 - Visual Studio Code'
2025-07-25 17:10:07 | INFO     | devpulse_client.core.activity_state_tracker.activity_state_task:tick:74 - Logging activity: User Active
2025-07-25 17:10:12 | INFO     | devpulse_client.ingest.client.event_client:run:63 - Logging activity: System Stopped
2025-07-25 17:10:12 | ERROR    | devpulse_client.app.app:start:99 - Failed to run tracker: 9 validation errors for EventRequest
events.0.ActivityEvent
  Input should be a valid dictionary or instance of ActivityEvent [type=model_type, input_value=_ActivityEvent(username='... event='System Started'), input_type=_ActivityEvent]
    For further information visit https://errors.pydantic.dev/2.11/v/model_type
events.0.HeartbeatEvent
  Input should be a valid dictionary or instance of HeartbeatEvent [type=model_type, input_value=_ActivityEvent(username='... event='System Started'), input_type=_ActivityEvent]
    For further information visit https://errors.pydantic.dev/2.11/v/model_type
events.0.WindowEvent
  Input should be a valid dictionary or instance of WindowEvent [type=model_type, input_value=_ActivityEvent(username='... event='System Started'), input_type=_ActivityEvent]
    For further information visit https://errors.pydantic.dev/2.11/v/model_type
events.1.ActivityEvent
  Input should be a valid dictionary or instance of ActivityEvent [type=model_type, input_value=_HeartbeatEvent(username=... 25, 17, 10, 7, 432553)), input_type=_HeartbeatEvent]
    For further information visit https://errors.pydantic.dev/2.11/v/model_type
events.1.HeartbeatEvent
  Input should be a valid dictionary or instance of HeartbeatEvent [type=model_type, input_value=_HeartbeatEvent(username=... 25, 17, 10, 7, 432553)), input_type=_HeartbeatEvent]
    For further information visit https://errors.pydantic.dev/2.11/v/model_type
events.1.WindowEvent
  Input should be a valid dictionary or instance of WindowEvent [type=model_type, input_value=_HeartbeatEvent(username=... 25, 17, 10, 7, 432553)), input_type=_HeartbeatEvent]
    For further information visit https://errors.pydantic.dev/2.11/v/model_type
events.2.ActivityEvent
  Input should be a valid dictionary or instance of ActivityEvent [type=model_type, input_value=_ActivityEvent(username='...3), event='User Active'), input_type=_ActivityEvent]
    For further information visit https://errors.pydantic.dev/2.11/v/model_type
events.2.HeartbeatEvent
  Input should be a valid dictionary or instance of HeartbeatEvent [type=model_type, input_value=_ActivityEvent(username='...3), event='User Active'), input_type=_ActivityEvent]
    For further information visit https://errors.pydantic.dev/2.11/v/model_type
events.2.WindowEvent
  Input should be a valid dictionary or instance of WindowEvent [type=model_type, input_value=_ActivityEvent(username='...3), event='User Active'), input_type=_ActivityEvent]
    For further information visit https://errors.pydantic.dev/2.11/v/model_type
2025-07-25 17:10:12 | ERROR    | devpulse_client.cli.commands:run:48 - ❌ Failed to start client
