2025-07-30 10:41:02 | INFO     | devpulse_client.auth.collectors.device_collector:collect_fingerprint:20 - Collecting device fingerprint
2025-07-30 10:41:02 | INFO     | devpulse_client.auth.collectors.device_collector:collect_fingerprint:23 - Collecting device fingerprint: 18:60:24:92:da:75
2025-07-30 10:41:02 | INFO     | devpulse_client.auth.collectors.device_collector:collect_fingerprint:26 - Collecting device fingerprint: OKEY
2025-07-30 10:41:02 | DEBUG    | devpulse_client.auth.collectors.device_collector:collect_fingerprint:29 - Collected device fingerprint: MAC=18:60:24:92:da:75
2025-07-30 10:41:02 | INFO     | devpulse_client.auth.client.auth_client:_send_login_request:144 - Credential validation successful: {'access_token': 'eyJhbGciOiJIUzI1NiIsInR5cCI6IkpXVCJ9.eyJzdWIiOiJmYXJ1ayIsImRldmljZV9tYWMiOiIxODo2MDoyNDo5MjpkYTo3NSJ9.mdvGKPs6tdby8LCZ1GdpPUjIwZ7I28mBg07IeLUbcuc', 'token_type': 'bearer', 'expires': False}
2025-07-30 10:41:02 | INFO     | devpulse_client.ingest.client.event_client:run:34 - Starting activity tracker
2025-07-30 10:41:02 | INFO     | devpulse_client.ingest.client.event_client:run:42 - Logging activity: System Started
2025-07-30 10:41:02 | DEBUG    | devpulse_client.core.window_tracker.window_task:_start_tracking_new_window:68 - Started tracking window: 'tracker_config.py - devpulse-client-v2 - Visual Studio Code'
2025-07-30 10:41:02 | INFO     | devpulse_client.core.activity_state_tracker.activity_state_task:tick:74 - Logging activity: User Active
2025-07-30 10:41:03 | INFO     | devpulse_client.core.window_tracker.window_task:_log_previous_window_if_needed:51 - Window 'tracker_config.py - devpulse-client-v2 - Visual Studio Code' met duration threshold | Start: 2025-07-30T10:41:02.950983 | End: 2025-07-30T10:41:03.132401 | Duration: 0.2s (>= 0s threshold)
2025-07-30 10:41:03 | INFO     | devpulse_client.core.window_tracker.window_task:_log_window_event:75 - Logging window event for 'tracker_config.py - devpulse-client-v2 - Visual Studio Code' | Start: 2025-07-30T10:41:02.950983 | End: 2025-07-30T10:41:03.132401 | Duration: 0.2s
2025-07-30 10:41:03 | DEBUG    | devpulse_client.core.window_tracker.window_task:_start_tracking_new_window:68 - Started tracking window: 'Math Challenge'
2025-07-30 10:41:05 | INFO     | devpulse_client.core.window_tracker.window_task:_log_previous_window_if_needed:51 - Window 'Math Challenge' met duration threshold | Start: 2025-07-30T10:41:03.132401 | End: 2025-07-30T10:41:05.912923 | Duration: 2.8s (>= 0s threshold)
2025-07-30 10:41:05 | INFO     | devpulse_client.core.window_tracker.window_task:_log_window_event:75 - Logging window event for 'Math Challenge' | Start: 2025-07-30T10:41:03.132401 | End: 2025-07-30T10:41:05.912923 | Duration: 2.8s
2025-07-30 10:41:05 | DEBUG    | devpulse_client.core.window_tracker.window_task:_start_tracking_new_window:68 - Started tracking window: 'tracker_config.py - devpulse-client-v2 - Visual Studio Code'
2025-07-30 10:41:06 | INFO     | devpulse_client.core.window_tracker.window_task:_log_previous_window_if_needed:51 - Window 'tracker_config.py - devpulse-client-v2 - Visual Studio Code' met duration threshold | Start: 2025-07-30T10:41:05.912923 | End: 2025-07-30T10:41:06.104721 | Duration: 0.2s (>= 0s threshold)
2025-07-30 10:41:06 | INFO     | devpulse_client.core.window_tracker.window_task:_log_window_event:75 - Logging window event for 'tracker_config.py - devpulse-client-v2 - Visual Studio Code' | Start: 2025-07-30T10:41:05.912923 | End: 2025-07-30T10:41:06.104721 | Duration: 0.2s
2025-07-30 10:41:06 | DEBUG    | devpulse_client.core.window_tracker.window_task:_start_tracking_new_window:68 - Started tracking window: 'Information'
2025-07-30 10:41:07 | INFO     | devpulse_client.core.window_tracker.window_task:_log_previous_window_if_needed:51 - Window 'Information' met duration threshold | Start: 2025-07-30T10:41:06.104721 | End: 2025-07-30T10:41:07.451028 | Duration: 1.3s (>= 0s threshold)
2025-07-30 10:41:07 | INFO     | devpulse_client.core.window_tracker.window_task:_log_window_event:75 - Logging window event for 'Information' | Start: 2025-07-30T10:41:06.104721 | End: 2025-07-30T10:41:07.451028 | Duration: 1.3s
2025-07-30 10:41:07 | DEBUG    | devpulse_client.core.window_tracker.window_task:_start_tracking_new_window:68 - Started tracking window: 'pgAdmin 4'
2025-07-30 10:41:22 | INFO     | devpulse_client.core.window_tracker.window_task:_log_previous_window_if_needed:51 - Window 'pgAdmin 4' met duration threshold | Start: 2025-07-30T10:41:07.451028 | End: 2025-07-30T10:41:22.042258 | Duration: 14.6s (>= 0s threshold)
2025-07-30 10:41:22 | INFO     | devpulse_client.core.window_tracker.window_task:_log_window_event:75 - Logging window event for 'pgAdmin 4' | Start: 2025-07-30T10:41:07.451028 | End: 2025-07-30T10:41:22.042258 | Duration: 14.6s
2025-07-30 10:41:22 | DEBUG    | devpulse_client.core.window_tracker.window_task:_start_tracking_new_window:68 - Started tracking window: 'tracker_config.py - devpulse-client-v2 - Visual Studio Code'
2025-07-30 10:41:22 | INFO     | devpulse_client.core.window_tracker.window_task:_log_previous_window_if_needed:51 - Window 'tracker_config.py - devpulse-client-v2 - Visual Studio Code' met duration threshold | Start: 2025-07-30T10:41:22.042258 | End: 2025-07-30T10:41:22.230600 | Duration: 0.2s (>= 0s threshold)
2025-07-30 10:41:22 | INFO     | devpulse_client.core.window_tracker.window_task:_log_window_event:75 - Logging window event for 'tracker_config.py - devpulse-client-v2 - Visual Studio Code' | Start: 2025-07-30T10:41:22.042258 | End: 2025-07-30T10:41:22.230600 | Duration: 0.2s
2025-07-30 10:41:22 | DEBUG    | devpulse_client.core.window_tracker.window_task:_start_tracking_new_window:68 - Started tracking window: 'captcha_task.py - devpulse-client-v2 - Visual Studio Code'
2025-07-30 10:41:25 | INFO     | devpulse_client.core.window_tracker.window_task:_log_previous_window_if_needed:51 - Window 'captcha_task.py - devpulse-client-v2 - Visual Studio Code' met duration threshold | Start: 2025-07-30T10:41:22.230600 | End: 2025-07-30T10:41:25.506022 | Duration: 3.3s (>= 0s threshold)
2025-07-30 10:41:25 | INFO     | devpulse_client.core.window_tracker.window_task:_log_window_event:75 - Logging window event for 'captcha_task.py - devpulse-client-v2 - Visual Studio Code' | Start: 2025-07-30T10:41:22.230600 | End: 2025-07-30T10:41:25.506022 | Duration: 3.3s
2025-07-30 10:41:25 | DEBUG    | devpulse_client.core.window_tracker.window_task:_start_tracking_new_window:68 - Started tracking window: 'event_store.py - devpulse-client-v2 - Visual Studio Code'
2025-07-30 10:41:30 | INFO     | devpulse_client.core.window_tracker.window_task:_log_previous_window_if_needed:51 - Window 'event_store.py - devpulse-client-v2 - Visual Studio Code' met duration threshold | Start: 2025-07-30T10:41:25.506022 | End: 2025-07-30T10:41:30.925512 | Duration: 5.4s (>= 0s threshold)
2025-07-30 10:41:30 | INFO     | devpulse_client.core.window_tracker.window_task:_log_window_event:75 - Logging window event for 'event_store.py - devpulse-client-v2 - Visual Studio Code' | Start: 2025-07-30T10:41:25.506022 | End: 2025-07-30T10:41:30.925512 | Duration: 5.4s
2025-07-30 10:41:30 | DEBUG    | devpulse_client.core.window_tracker.window_task:_start_tracking_new_window:68 - Started tracking window: 'captcha_task.py - devpulse-client-v2 - Visual Studio Code'
2025-07-30 10:41:38 | INFO     | devpulse_client.core.window_tracker.window_task:_log_previous_window_if_needed:51 - Window 'captcha_task.py - devpulse-client-v2 - Visual Studio Code' met duration threshold | Start: 2025-07-30T10:41:30.925512 | End: 2025-07-30T10:41:38.164590 | Duration: 7.2s (>= 0s threshold)
2025-07-30 10:41:38 | INFO     | devpulse_client.core.window_tracker.window_task:_log_window_event:75 - Logging window event for 'captcha_task.py - devpulse-client-v2 - Visual Studio Code' | Start: 2025-07-30T10:41:30.925512 | End: 2025-07-30T10:41:38.164590 | Duration: 7.2s
2025-07-30 10:41:38 | DEBUG    | devpulse_client.core.window_tracker.window_task:_start_tracking_new_window:68 - Started tracking window: 'gnome-shell'
2025-07-30 10:41:39 | INFO     | devpulse_client.core.window_tracker.window_task:_log_previous_window_if_needed:51 - Window 'gnome-shell' met duration threshold | Start: 2025-07-30T10:41:38.164590 | End: 2025-07-30T10:41:39.274273 | Duration: 1.1s (>= 0s threshold)
2025-07-30 10:41:39 | INFO     | devpulse_client.core.window_tracker.window_task:_log_window_event:75 - Logging window event for 'gnome-shell' | Start: 2025-07-30T10:41:38.164590 | End: 2025-07-30T10:41:39.274273 | Duration: 1.1s
2025-07-30 10:41:39 | DEBUG    | devpulse_client.core.window_tracker.window_task:_start_tracking_new_window:68 - Started tracking window: 'captcha_task.py - devpulse-client-v2 - Visual Studio Code'
2025-07-30 10:41:39 | INFO     | devpulse_client.core.window_tracker.window_task:_log_previous_window_if_needed:51 - Window 'captcha_task.py - devpulse-client-v2 - Visual Studio Code' met duration threshold | Start: 2025-07-30T10:41:39.274273 | End: 2025-07-30T10:41:39.337379 | Duration: 0.1s (>= 0s threshold)
2025-07-30 10:41:39 | INFO     | devpulse_client.core.window_tracker.window_task:_log_window_event:75 - Logging window event for 'captcha_task.py - devpulse-client-v2 - Visual Studio Code' | Start: 2025-07-30T10:41:39.274273 | End: 2025-07-30T10:41:39.337379 | Duration: 0.1s
2025-07-30 10:41:39 | DEBUG    | devpulse_client.core.window_tracker.window_task:_start_tracking_new_window:68 - Started tracking window: 'device.py - devpulse-server - Visual Studio Code'
2025-07-30 10:41:48 | INFO     | devpulse_client.core.window_tracker.window_task:_log_previous_window_if_needed:51 - Window 'device.py - devpulse-server - Visual Studio Code' met duration threshold | Start: 2025-07-30T10:41:39.337379 | End: 2025-07-30T10:41:48.948915 | Duration: 9.6s (>= 0s threshold)
2025-07-30 10:41:48 | INFO     | devpulse_client.core.window_tracker.window_task:_log_window_event:75 - Logging window event for 'device.py - devpulse-server - Visual Studio Code' | Start: 2025-07-30T10:41:39.337379 | End: 2025-07-30T10:41:48.948915 | Duration: 9.6s
2025-07-30 10:41:48 | DEBUG    | devpulse_client.core.window_tracker.window_task:_start_tracking_new_window:68 - Started tracking window: 'router.py - devpulse-server - Visual Studio Code'
2025-07-30 10:42:01 | INFO     | devpulse_client.core.window_tracker.window_task:_log_previous_window_if_needed:51 - Window 'router.py - devpulse-server - Visual Studio Code' met duration threshold | Start: 2025-07-30T10:41:48.948915 | End: 2025-07-30T10:42:01.728755 | Duration: 12.8s (>= 0s threshold)
2025-07-30 10:42:01 | INFO     | devpulse_client.core.window_tracker.window_task:_log_window_event:75 - Logging window event for 'router.py - devpulse-server - Visual Studio Code' | Start: 2025-07-30T10:41:48.948915 | End: 2025-07-30T10:42:01.728755 | Duration: 12.8s
2025-07-30 10:42:01 | DEBUG    | devpulse_client.core.window_tracker.window_task:_start_tracking_new_window:68 - Started tracking window: '● router.py - devpulse-server - Visual Studio Code'
2025-07-30 10:42:10 | INFO     | devpulse_client.core.window_tracker.window_task:_log_previous_window_if_needed:51 - Window '● router.py - devpulse-server - Visual Studio Code' met duration threshold | Start: 2025-07-30T10:42:01.728755 | End: 2025-07-30T10:42:10.356244 | Duration: 8.6s (>= 0s threshold)
2025-07-30 10:42:10 | INFO     | devpulse_client.core.window_tracker.window_task:_log_window_event:75 - Logging window event for '● router.py - devpulse-server - Visual Studio Code' | Start: 2025-07-30T10:42:01.728755 | End: 2025-07-30T10:42:10.356244 | Duration: 8.6s
2025-07-30 10:42:10 | DEBUG    | devpulse_client.core.window_tracker.window_task:_start_tracking_new_window:68 - Started tracking window: 'router.py - devpulse-server - Visual Studio Code'
2025-07-30 10:42:13 | ERROR    | devpulse_client.ingest.client.event_client:send_events:81 - Failed to send events: 403 {"detail":"Invalid credentials or device"}
2025-07-30 10:42:15 | INFO     | devpulse_client.core.window_tracker.window_task:_log_previous_window_if_needed:51 - Window 'router.py - devpulse-server - Visual Studio Code' met duration threshold | Start: 2025-07-30T10:42:10.356244 | End: 2025-07-30T10:42:15.632957 | Duration: 5.3s (>= 0s threshold)
2025-07-30 10:42:15 | INFO     | devpulse_client.core.window_tracker.window_task:_log_window_event:75 - Logging window event for 'router.py - devpulse-server - Visual Studio Code' | Start: 2025-07-30T10:42:10.356244 | End: 2025-07-30T10:42:15.632957 | Duration: 5.3s
2025-07-30 10:42:15 | DEBUG    | devpulse_client.core.window_tracker.window_task:_start_tracking_new_window:68 - Started tracking window: 'captcha_task.py - devpulse-client-v2 - Visual Studio Code'
2025-07-30 10:42:15 | INFO     | devpulse_client.core.signal_handler.signal_handler:_handle_exit:54 - Received SIGINT – starting graceful shutdown…
2025-07-30 10:42:15 | ERROR    | devpulse_client.ingest.client.event_client:send_events:85 - Error sending events: [Errno 111] Connection refused
2025-07-30 10:42:15 | INFO     | devpulse_client.ingest.client.event_client:run:61 - Logging activity: System Stopped
