2025-07-29 17:56:42 | INFO     | devpulse_client.auth.collectors.device_collector:collect_fingerprint:20 - Collecting device fingerprint
2025-07-29 17:56:42 | INFO     | devpulse_client.auth.collectors.device_collector:collect_fingerprint:23 - Collecting device fingerprint: 18:60:24:92:da:75
2025-07-29 17:56:42 | INFO     | devpulse_client.auth.collectors.device_collector:collect_fingerprint:26 - Collecting device fingerprint: OKEY
2025-07-29 17:56:42 | DEBUG    | devpulse_client.auth.collectors.device_collector:collect_fingerprint:29 - Collected device fingerprint: MAC=18:60:24:92:da:75
2025-07-29 17:56:42 | INFO     | devpulse_client.auth.client.auth_client:_send_login_request:144 - Credential validation successful: {'access_token': 'eyJhbGciOiJIUzI1NiIsInR5cCI6IkpXVCJ9.eyJzdWIiOiJmYXJ1ayIsImRldmljZV9tYWMiOiIxODo2MDoyNDo5MjpkYTo3NSJ9.mdvGKPs6tdby8LCZ1GdpPUjIwZ7I28mBg07IeLUbcuc', 'token_type': 'bearer', 'expires': False}
2025-07-29 17:56:42 | INFO     | devpulse_client.ingest.client.event_client:run:32 - Starting activity tracker
2025-07-29 17:56:42 | INFO     | devpulse_client.ingest.client.event_client:run:40 - Logging activity: System Started
2025-07-29 17:56:42 | DEBUG    | devpulse_client.core.window_tracker.window_task:_start_tracking_new_window:68 - Started tracking window: 'event_client.py - devpulse-client-v2 - Visual Studio Code'
2025-07-29 17:56:42 | INFO     | devpulse_client.core.activity_state_tracker.activity_state_task:tick:74 - Logging activity: User Active
2025-07-29 17:56:44 | INFO     | devpulse_client.core.window_tracker.window_task:_log_previous_window_if_needed:51 - Window 'event_client.py - devpulse-client-v2 - Visual Studio Code' met duration threshold | Start: 2025-07-29T17:56:42.354487 | End: 2025-07-29T17:56:44.684440 | Duration: 2.3s (>= 0s threshold)
2025-07-29 17:56:44 | INFO     | devpulse_client.core.window_tracker.window_task:_log_window_event:75 - Logging window event for 'event_client.py - devpulse-client-v2 - Visual Studio Code' | Start: 2025-07-29T17:56:42.354487 | End: 2025-07-29T17:56:44.684440 | Duration: 2.3s
2025-07-29 17:56:44 | DEBUG    | devpulse_client.core.window_tracker.window_task:_start_tracking_new_window:68 - Started tracking window: 'pgAdmin 4'
2025-07-29 17:56:48 | INFO     | devpulse_client.core.window_tracker.window_task:_log_previous_window_if_needed:51 - Window 'pgAdmin 4' met duration threshold | Start: 2025-07-29T17:56:44.684440 | End: 2025-07-29T17:56:48.370976 | Duration: 3.7s (>= 0s threshold)
2025-07-29 17:56:48 | INFO     | devpulse_client.core.window_tracker.window_task:_log_window_event:75 - Logging window event for 'pgAdmin 4' | Start: 2025-07-29T17:56:44.684440 | End: 2025-07-29T17:56:48.370976 | Duration: 3.7s
2025-07-29 17:56:48 | DEBUG    | devpulse_client.core.window_tracker.window_task:_start_tracking_new_window:68 - Started tracking window: 'event_client.py - devpulse-client-v2 - Visual Studio Code'
2025-07-29 17:56:58 | INFO     | devpulse_client.core.window_tracker.window_task:_log_previous_window_if_needed:51 - Window 'event_client.py - devpulse-client-v2 - Visual Studio Code' met duration threshold | Start: 2025-07-29T17:56:48.370976 | End: 2025-07-29T17:56:58.943291 | Duration: 10.6s (>= 0s threshold)
2025-07-29 17:56:58 | INFO     | devpulse_client.core.window_tracker.window_task:_log_window_event:75 - Logging window event for 'event_client.py - devpulse-client-v2 - Visual Studio Code' | Start: 2025-07-29T17:56:48.370976 | End: 2025-07-29T17:56:58.943291 | Duration: 10.6s
2025-07-29 17:56:58 | DEBUG    | devpulse_client.core.window_tracker.window_task:_start_tracking_new_window:68 - Started tracking window: 'pgAdmin 4'
2025-07-29 17:57:15 | INFO     | devpulse_client.core.window_tracker.window_task:_log_previous_window_if_needed:51 - Window 'pgAdmin 4' met duration threshold | Start: 2025-07-29T17:56:58.943291 | End: 2025-07-29T17:57:15.624826 | Duration: 16.7s (>= 0s threshold)
2025-07-29 17:57:15 | INFO     | devpulse_client.core.window_tracker.window_task:_log_window_event:75 - Logging window event for 'pgAdmin 4' | Start: 2025-07-29T17:56:58.943291 | End: 2025-07-29T17:57:15.624826 | Duration: 16.7s
2025-07-29 17:57:15 | DEBUG    | devpulse_client.core.window_tracker.window_task:_start_tracking_new_window:68 - Started tracking window: 'event_client.py - devpulse-client-v2 - Visual Studio Code'
2025-07-29 17:57:52 | INFO     | devpulse_client.core.signal_handler.signal_handler:_handle_exit:54 - Received SIGINT – starting graceful shutdown…
2025-07-29 17:57:53 | INFO     | devpulse_client.ingest.client.event_client:run:59 - Logging activity: System Stopped
