2025-07-30 15:25:56 | INFO     | devpulse_client.auth.collectors.device_collector:collect_fingerprint:20 - Collecting device fingerprint
2025-07-30 15:25:56 | INFO     | devpulse_client.auth.collectors.device_collector:collect_fingerprint:23 - Collecting device fingerprint: 18:60:24:92:da:75
2025-07-30 15:25:56 | INFO     | devpulse_client.auth.collectors.device_collector:collect_fingerprint:26 - Collecting device fingerprint: OKEY
2025-07-30 15:25:56 | DEBUG    | devpulse_client.auth.collectors.device_collector:collect_fingerprint:29 - Collected device fingerprint: MAC=18:60:24:92:da:75
2025-07-30 15:25:56 | INFO     | devpulse_client.auth.client.auth_client:_send_login_request:144 - Credential validation successful: {'access_token': 'eyJhbGciOiJIUzI1NiIsInR5cCI6IkpXVCJ9.eyJzdWIiOiJmYXJ1ayIsImRldmljZV9tYWMiOiIxODo2MDoyNDo5MjpkYTo3NSJ9.mdvGKPs6tdby8LCZ1GdpPUjIwZ7I28mBg07IeLUbcuc', 'token_type': 'bearer', 'expires': False}
2025-07-30 15:25:56 | INFO     | devpulse_client.ingest.client.event_client:run:34 - Starting activity tracker
2025-07-30 15:25:56 | INFO     | devpulse_client.ingest.client.event_client:run:42 - Logging activity: System Started
2025-07-30 15:25:56 | DEBUG    | devpulse_client.core.window_tracker.window_task:_start_tracking_new_window:68 - Started tracking window: 'gnome-shell'
2025-07-30 15:25:56 | INFO     | devpulse_client.core.activity_state_tracker.activity_state_task:tick:43 - Logging activity: Screen Locked
2025-07-30 15:26:13 | INFO     | devpulse_client.core.window_tracker.window_task:_log_previous_window_if_needed:51 - Window 'gnome-shell' met duration threshold | Start: 2025-07-30T15:25:56.362743 | End: 2025-07-30T15:26:13.848923 | Duration: 17.5s (>= 0s threshold)
2025-07-30 15:26:13 | INFO     | devpulse_client.core.window_tracker.window_task:_log_window_event:75 - Logging window event for 'gnome-shell' | Start: 2025-07-30T15:25:56.362743 | End: 2025-07-30T15:26:13.848923 | Duration: 17.5s
2025-07-30 15:26:13 | DEBUG    | devpulse_client.core.window_tracker.window_task:_start_tracking_new_window:68 - Started tracking window: 'tracker_config.py - devpulse-client-v2 - Visual Studio Code'
2025-07-30 15:26:13 | INFO     | devpulse_client.core.window_tracker.window_task:_log_previous_window_if_needed:51 - Window 'tracker_config.py - devpulse-client-v2 - Visual Studio Code' met duration threshold | Start: 2025-07-30T15:26:13.848923 | End: 2025-07-30T15:26:13.905284 | Duration: 0.1s (>= 0s threshold)
2025-07-30 15:26:13 | INFO     | devpulse_client.core.window_tracker.window_task:_log_window_event:75 - Logging window event for 'tracker_config.py - devpulse-client-v2 - Visual Studio Code' | Start: 2025-07-30T15:26:13.848923 | End: 2025-07-30T15:26:13.905284 | Duration: 0.1s
2025-07-30 15:26:13 | DEBUG    | devpulse_client.core.window_tracker.window_task:_start_tracking_new_window:68 - Started tracking window: 'gnome-shell'
2025-07-30 15:26:14 | INFO     | devpulse_client.core.window_tracker.window_task:_log_previous_window_if_needed:51 - Window 'gnome-shell' met duration threshold | Start: 2025-07-30T15:26:13.905284 | End: 2025-07-30T15:26:14.252246 | Duration: 0.3s (>= 0s threshold)
2025-07-30 15:26:14 | INFO     | devpulse_client.core.window_tracker.window_task:_log_window_event:75 - Logging window event for 'gnome-shell' | Start: 2025-07-30T15:26:13.905284 | End: 2025-07-30T15:26:14.252246 | Duration: 0.3s
2025-07-30 15:26:14 | DEBUG    | devpulse_client.core.window_tracker.window_task:_start_tracking_new_window:68 - Started tracking window: 'tracker_config.py - devpulse-client-v2 - Visual Studio Code'
2025-07-30 15:26:14 | INFO     | devpulse_client.core.activity_state_tracker.activity_state_task:tick:65 - Logging activity: Screen Unlocked
2025-07-30 15:26:14 | INFO     | devpulse_client.core.activity_state_tracker.activity_state_task:tick:69 - Logging activity: User Active
2025-07-30 15:26:24 | INFO     | devpulse_client.core.window_tracker.window_task:_log_previous_window_if_needed:51 - Window 'tracker_config.py - devpulse-client-v2 - Visual Studio Code' met duration threshold | Start: 2025-07-30T15:26:14.252246 | End: 2025-07-30T15:26:24.663186 | Duration: 10.4s (>= 0s threshold)
2025-07-30 15:26:24 | INFO     | devpulse_client.core.window_tracker.window_task:_log_window_event:75 - Logging window event for 'tracker_config.py - devpulse-client-v2 - Visual Studio Code' | Start: 2025-07-30T15:26:14.252246 | End: 2025-07-30T15:26:24.663186 | Duration: 10.4s
2025-07-30 15:26:24 | DEBUG    | devpulse_client.core.window_tracker.window_task:_start_tracking_new_window:68 - Started tracking window: 'activity_state_task.py - devpulse-client-v2 - Visual Studio Code'
2025-07-30 15:26:26 | INFO     | devpulse_client.core.window_tracker.window_task:_log_previous_window_if_needed:51 - Window 'activity_state_task.py - devpulse-client-v2 - Visual Studio Code' met duration threshold | Start: 2025-07-30T15:26:24.663186 | End: 2025-07-30T15:26:26.450815 | Duration: 1.8s (>= 0s threshold)
2025-07-30 15:26:26 | INFO     | devpulse_client.core.window_tracker.window_task:_log_window_event:75 - Logging window event for 'activity_state_task.py - devpulse-client-v2 - Visual Studio Code' | Start: 2025-07-30T15:26:24.663186 | End: 2025-07-30T15:26:26.450815 | Duration: 1.8s
2025-07-30 15:26:26 | DEBUG    | devpulse_client.core.window_tracker.window_task:_start_tracking_new_window:68 - Started tracking window: 'screen_lock_detector.py - devpulse-client-v2 - Visual Studio Code'
2025-07-30 15:26:28 | INFO     | devpulse_client.core.window_tracker.window_task:_log_previous_window_if_needed:51 - Window 'screen_lock_detector.py - devpulse-client-v2 - Visual Studio Code' met duration threshold | Start: 2025-07-30T15:26:26.450815 | End: 2025-07-30T15:26:28.579271 | Duration: 2.1s (>= 0s threshold)
2025-07-30 15:26:28 | INFO     | devpulse_client.core.window_tracker.window_task:_log_window_event:75 - Logging window event for 'screen_lock_detector.py - devpulse-client-v2 - Visual Studio Code' | Start: 2025-07-30T15:26:26.450815 | End: 2025-07-30T15:26:28.579271 | Duration: 2.1s
2025-07-30 15:26:28 | DEBUG    | devpulse_client.core.window_tracker.window_task:_start_tracking_new_window:68 - Started tracking window: 'activity_state_task.py - devpulse-client-v2 - Visual Studio Code'
2025-07-30 15:26:57 | INFO     | devpulse_client.core.window_tracker.window_task:_log_previous_window_if_needed:51 - Window 'activity_state_task.py - devpulse-client-v2 - Visual Studio Code' met duration threshold | Start: 2025-07-30T15:26:28.579271 | End: 2025-07-30T15:26:57.203413 | Duration: 28.6s (>= 0s threshold)
2025-07-30 15:26:57 | INFO     | devpulse_client.core.window_tracker.window_task:_log_window_event:75 - Logging window event for 'activity_state_task.py - devpulse-client-v2 - Visual Studio Code' | Start: 2025-07-30T15:26:28.579271 | End: 2025-07-30T15:26:57.203413 | Duration: 28.6s
2025-07-30 15:26:57 | DEBUG    | devpulse_client.core.window_tracker.window_task:_start_tracking_new_window:68 - Started tracking window: '● activity_state_task.py - devpulse-client-v2 - Visual Studio Code'
2025-07-30 15:27:09 | INFO     | devpulse_client.core.activity_state_tracker.activity_state_task:tick:79 - Logging activity: User Inactive
2025-07-30 15:27:12 | INFO     | devpulse_client.core.activity_state_tracker.activity_state_task:tick:84 - Logging activity: User Active
2025-07-30 15:27:41 | INFO     | devpulse_client.core.window_tracker.window_task:_log_previous_window_if_needed:51 - Window '● activity_state_task.py - devpulse-client-v2 - Visual Studio Code' met duration threshold | Start: 2025-07-30T15:26:57.203413 | End: 2025-07-30T15:27:41.885852 | Duration: 44.7s (>= 0s threshold)
2025-07-30 15:27:41 | INFO     | devpulse_client.core.window_tracker.window_task:_log_window_event:75 - Logging window event for '● activity_state_task.py - devpulse-client-v2 - Visual Studio Code' | Start: 2025-07-30T15:26:57.203413 | End: 2025-07-30T15:27:41.885852 | Duration: 44.7s
2025-07-30 15:27:41 | DEBUG    | devpulse_client.core.window_tracker.window_task:_start_tracking_new_window:68 - Started tracking window: 'activity_state_task.py - devpulse-client-v2 - Visual Studio Code'
2025-07-30 15:28:39 | INFO     | devpulse_client.core.window_tracker.window_task:_log_previous_window_if_needed:51 - Window 'activity_state_task.py - devpulse-client-v2 - Visual Studio Code' met duration threshold | Start: 2025-07-30T15:27:41.885852 | End: 2025-07-30T15:28:39.177704 | Duration: 57.3s (>= 0s threshold)
2025-07-30 15:28:39 | INFO     | devpulse_client.core.window_tracker.window_task:_log_window_event:75 - Logging window event for 'activity_state_task.py - devpulse-client-v2 - Visual Studio Code' | Start: 2025-07-30T15:27:41.885852 | End: 2025-07-30T15:28:39.177704 | Duration: 57.3s
2025-07-30 15:28:39 | DEBUG    | devpulse_client.core.window_tracker.window_task:_start_tracking_new_window:68 - Started tracking window: '● activity_state_task.py - devpulse-client-v2 - Visual Studio Code'
2025-07-30 15:29:36 | INFO     | devpulse_client.core.activity_state_tracker.activity_state_task:tick:79 - Logging activity: User Inactive
2025-07-30 15:29:37 | INFO     | devpulse_client.core.activity_state_tracker.activity_state_task:tick:84 - Logging activity: User Active
2025-07-30 15:30:09 | INFO     | devpulse_client.core.signal_handler.signal_handler:_handle_exit:54 - Received SIGINT – starting graceful shutdown…
2025-07-30 15:30:09 | INFO     | devpulse_client.ingest.client.event_client:run:61 - Logging activity: System Stopped
