2025-07-30 13:02:07 | INFO     | devpulse_client.auth.collectors.device_collector:collect_fingerprint:20 - Collecting device fingerprint
2025-07-30 13:02:07 | INFO     | devpulse_client.auth.collectors.device_collector:collect_fingerprint:23 - Collecting device fingerprint: 18:60:24:92:da:75
2025-07-30 13:02:07 | INFO     | devpulse_client.auth.collectors.device_collector:collect_fingerprint:26 - Collecting device fingerprint: OKEY
2025-07-30 13:02:07 | DEBUG    | devpulse_client.auth.collectors.device_collector:collect_fingerprint:29 - Collected device fingerprint: MAC=18:60:24:92:da:75
2025-07-30 13:02:07 | INFO     | devpulse_client.auth.client.auth_client:_send_login_request:144 - Credential validation successful: {'access_token': 'eyJhbGciOiJIUzI1NiIsInR5cCI6IkpXVCJ9.eyJzdWIiOiJmYXJ1ayIsImRldmljZV9tYWMiOiIxODo2MDoyNDo5MjpkYTo3NSJ9.mdvGKPs6tdby8LCZ1GdpPUjIwZ7I28mBg07IeLUbcuc', 'token_type': 'bearer', 'expires': False}
2025-07-30 13:02:07 | INFO     | devpulse_client.ingest.client.event_client:run:34 - Starting activity tracker
2025-07-30 13:02:07 | INFO     | devpulse_client.ingest.client.event_client:run:42 - Logging activity: System Started
2025-07-30 13:02:07 | DEBUG    | devpulse_client.core.window_tracker.window_task:_start_tracking_new_window:68 - Started tracking window: 'captcha_task.py - devpulse-client-v2 - Visual Studio Code'
2025-07-30 13:02:07 | INFO     | devpulse_client.core.activity_state_tracker.activity_state_task:tick:74 - Logging activity: User Active
2025-07-30 13:02:25 | INFO     | devpulse_client.core.window_tracker.window_task:_log_previous_window_if_needed:51 - Window 'captcha_task.py - devpulse-client-v2 - Visual Studio Code' met duration threshold | Start: 2025-07-30T13:02:07.925503 | End: 2025-07-30T13:02:25.383292 | Duration: 17.5s (>= 0s threshold)
2025-07-30 13:02:25 | INFO     | devpulse_client.core.window_tracker.window_task:_log_window_event:75 - Logging window event for 'captcha_task.py - devpulse-client-v2 - Visual Studio Code' | Start: 2025-07-30T13:02:07.925503 | End: 2025-07-30T13:02:25.383292 | Duration: 17.5s
2025-07-30 13:02:25 | DEBUG    | devpulse_client.core.window_tracker.window_task:_start_tracking_new_window:68 - Started tracking window: '● captcha_task.py - devpulse-client-v2 - Visual Studio Code'
2025-07-30 13:02:37 | INFO     | devpulse_client.core.window_tracker.window_task:_log_previous_window_if_needed:51 - Window '● captcha_task.py - devpulse-client-v2 - Visual Studio Code' met duration threshold | Start: 2025-07-30T13:02:25.383292 | End: 2025-07-30T13:02:37.758024 | Duration: 12.4s (>= 0s threshold)
2025-07-30 13:02:37 | INFO     | devpulse_client.core.window_tracker.window_task:_log_window_event:75 - Logging window event for '● captcha_task.py - devpulse-client-v2 - Visual Studio Code' | Start: 2025-07-30T13:02:25.383292 | End: 2025-07-30T13:02:37.758024 | Duration: 12.4s
2025-07-30 13:02:37 | DEBUG    | devpulse_client.core.window_tracker.window_task:_start_tracking_new_window:68 - Started tracking window: 'gnome-shell'
2025-07-30 13:02:39 | INFO     | devpulse_client.core.window_tracker.window_task:_log_previous_window_if_needed:51 - Window 'gnome-shell' met duration threshold | Start: 2025-07-30T13:02:37.758024 | End: 2025-07-30T13:02:39.266974 | Duration: 1.5s (>= 0s threshold)
2025-07-30 13:02:39 | INFO     | devpulse_client.core.window_tracker.window_task:_log_window_event:75 - Logging window event for 'gnome-shell' | Start: 2025-07-30T13:02:37.758024 | End: 2025-07-30T13:02:39.266974 | Duration: 1.5s
2025-07-30 13:02:39 | DEBUG    | devpulse_client.core.window_tracker.window_task:_start_tracking_new_window:68 - Started tracking window: '● captcha_task.py - devpulse-client-v2 - Visual Studio Code'
2025-07-30 13:02:40 | INFO     | devpulse_client.core.window_tracker.window_task:_log_previous_window_if_needed:51 - Window '● captcha_task.py - devpulse-client-v2 - Visual Studio Code' met duration threshold | Start: 2025-07-30T13:02:39.266974 | End: 2025-07-30T13:02:40.198613 | Duration: 0.9s (>= 0s threshold)
2025-07-30 13:02:40 | INFO     | devpulse_client.core.window_tracker.window_task:_log_window_event:75 - Logging window event for '● captcha_task.py - devpulse-client-v2 - Visual Studio Code' | Start: 2025-07-30T13:02:39.266974 | End: 2025-07-30T13:02:40.198613 | Duration: 0.9s
2025-07-30 13:02:40 | DEBUG    | devpulse_client.core.window_tracker.window_task:_start_tracking_new_window:68 - Started tracking window: 'Captcha task update — Mozilla Firefox'
2025-07-30 13:03:06 | INFO     | devpulse_client.core.window_tracker.window_task:_log_previous_window_if_needed:51 - Window 'Captcha task update — Mozilla Firefox' met duration threshold | Start: 2025-07-30T13:02:40.198613 | End: 2025-07-30T13:03:06.168478 | Duration: 26.0s (>= 0s threshold)
2025-07-30 13:03:06 | INFO     | devpulse_client.core.window_tracker.window_task:_log_window_event:75 - Logging window event for 'Captcha task update — Mozilla Firefox' | Start: 2025-07-30T13:02:40.198613 | End: 2025-07-30T13:03:06.168478 | Duration: 26.0s
2025-07-30 13:03:06 | DEBUG    | devpulse_client.core.window_tracker.window_task:_start_tracking_new_window:68 - Started tracking window: '● captcha_task.py - devpulse-client-v2 - Visual Studio Code'
2025-07-30 13:03:07 | INFO     | devpulse_client.core.window_tracker.window_task:_log_previous_window_if_needed:51 - Window '● captcha_task.py - devpulse-client-v2 - Visual Studio Code' met duration threshold | Start: 2025-07-30T13:03:06.168478 | End: 2025-07-30T13:03:07.886544 | Duration: 1.7s (>= 0s threshold)
2025-07-30 13:03:07 | INFO     | devpulse_client.core.window_tracker.window_task:_log_window_event:75 - Logging window event for '● captcha_task.py - devpulse-client-v2 - Visual Studio Code' | Start: 2025-07-30T13:03:06.168478 | End: 2025-07-30T13:03:07.886544 | Duration: 1.7s
2025-07-30 13:03:07 | DEBUG    | devpulse_client.core.window_tracker.window_task:_start_tracking_new_window:68 - Started tracking window: 'captcha_task.py - devpulse-client-v2 - Visual Studio Code'
2025-07-30 13:03:09 | INFO     | devpulse_client.core.signal_handler.signal_handler:_handle_exit:54 - Received SIGINT – starting graceful shutdown…
2025-07-30 13:03:09 | INFO     | devpulse_client.ingest.client.event_client:run:61 - Logging activity: System Stopped
