2025-07-25 15:48:05 | INFO     | devpulse_client.app.app:__init__:49 - Initialized DevPulse client for server: http://localhost:8000
2025-07-25 15:48:05 | INFO     | devpulse_client.app.app:start:76 - Validating credentials with server...
2025-07-25 15:48:05 | INFO     | devpulse_client.auth.collectors.device_collector:collect_fingerprint:20 - Collecting device fingerprint
2025-07-25 15:48:05 | INFO     | devpulse_client.auth.collectors.device_collector:collect_fingerprint:23 - Collecting device fingerprint: 18:60:24:92:da:75
2025-07-25 15:48:05 | INFO     | devpulse_client.auth.collectors.device_collector:collect_fingerprint:26 - Collecting device fingerprint: OKEY
2025-07-25 15:48:05 | DEBUG    | devpulse_client.auth.collectors.device_collector:collect_fingerprint:29 - Collected device fingerprint: MAC=18:60:24:92:da:75
2025-07-25 15:48:05 | INFO     | devpulse_client.auth.client.auth_client:_send_login_request:144 - Credential validation successful: {'access_token': 'eyJhbGciOiJIUzI1NiIsInR5cCI6IkpXVCJ9.eyJzdWIiOiJ5YW1hbiIsImRldmljZV9tYWMiOiIxODo2MDoyNDo5MjpkYTo3NSJ9.Tpu5dPrmlxNTPDWFGQzhKpsOGf-H2KHv7WlZTQ0a3KI', 'token_type': 'bearer', 'expires': False}
2025-07-25 15:48:05 | INFO     | devpulse_client.app.app:start:83 - ✅ Access token recieved.
2025-07-25 15:48:05 | INFO     | devpulse_client.ingest.client.event_client:run:33 - Starting activity tracker
2025-07-25 15:48:05 | INFO     | devpulse_client.ingest.client.event_client:run:43 - Logging activity: System Started
2025-07-25 15:48:05 | DEBUG    | devpulse_client.core.window_tracker.window_task:_start_tracking_new_window:68 - Started tracking window: 'event_store.py - devpulse-client-v2 - Visual Studio Code'
2025-07-25 15:48:05 | INFO     | devpulse_client.core.activity_state_tracker.activity_state_task:tick:74 - Logging activity: User Active
2025-07-25 15:48:09 | INFO     | devpulse_client.core.window_tracker.window_task:_log_previous_window_if_needed:51 - Window 'event_store.py - devpulse-client-v2 - Visual Studio Code' met duration threshold | Start: 2025-07-25T15:48:05.963930 | End: 2025-07-25T15:48:09.185482 | Duration: 3.2s (>= 0s threshold)
2025-07-25 15:48:09 | INFO     | devpulse_client.core.window_tracker.window_task:_log_window_event:75 - Logging window event for 'event_store.py - devpulse-client-v2 - Visual Studio Code' | Start: 2025-07-25T15:48:05.963930 | End: 2025-07-25T15:48:09.185482 | Duration: 3.2s
2025-07-25 15:48:09 | DEBUG    | devpulse_client.core.window_tracker.window_task:_start_tracking_new_window:68 - Started tracking window: '● event_client.py - devpulse-client-v2 - Visual Studio Code'
2025-07-25 15:48:11 | ERROR    | devpulse_client.ingest.client.event_client:_send_events:89 - Error sending events: object of type 'EventRequest' has no len()
2025-07-25 15:48:16 | ERROR    | devpulse_client.ingest.client.event_client:_send_events:89 - Error sending events: object of type 'EventRequest' has no len()
2025-07-25 15:48:21 | ERROR    | devpulse_client.ingest.client.event_client:_send_events:89 - Error sending events: object of type 'EventRequest' has no len()
2025-07-25 15:48:26 | ERROR    | devpulse_client.ingest.client.event_client:_send_events:89 - Error sending events: object of type 'EventRequest' has no len()
2025-07-25 15:48:31 | ERROR    | devpulse_client.ingest.client.event_client:_send_events:89 - Error sending events: object of type 'EventRequest' has no len()
2025-07-25 15:48:36 | ERROR    | devpulse_client.ingest.client.event_client:_send_events:89 - Error sending events: object of type 'EventRequest' has no len()
2025-07-25 15:48:41 | ERROR    | devpulse_client.ingest.client.event_client:_send_events:89 - Error sending events: object of type 'EventRequest' has no len()
2025-07-25 15:48:44 | INFO     | devpulse_client.core.window_tracker.window_task:_log_previous_window_if_needed:51 - Window '● event_client.py - devpulse-client-v2 - Visual Studio Code' met duration threshold | Start: 2025-07-25T15:48:09.185482 | End: 2025-07-25T15:48:44.247908 | Duration: 35.1s (>= 0s threshold)
2025-07-25 15:48:44 | INFO     | devpulse_client.core.window_tracker.window_task:_log_window_event:75 - Logging window event for '● event_client.py - devpulse-client-v2 - Visual Studio Code' | Start: 2025-07-25T15:48:09.185482 | End: 2025-07-25T15:48:44.247908 | Duration: 35.1s
2025-07-25 15:48:44 | DEBUG    | devpulse_client.core.window_tracker.window_task:_start_tracking_new_window:68 - Started tracking window: 'event_models.py - devpulse-server - Visual Studio Code'
2025-07-25 15:48:44 | INFO     | devpulse_client.core.window_tracker.window_task:_log_previous_window_if_needed:51 - Window 'event_models.py - devpulse-server - Visual Studio Code' met duration threshold | Start: 2025-07-25T15:48:44.247908 | End: 2025-07-25T15:48:44.382069 | Duration: 0.1s (>= 0s threshold)
2025-07-25 15:48:44 | INFO     | devpulse_client.core.window_tracker.window_task:_log_window_event:75 - Logging window event for 'event_models.py - devpulse-server - Visual Studio Code' | Start: 2025-07-25T15:48:44.247908 | End: 2025-07-25T15:48:44.382069 | Duration: 0.1s
2025-07-25 15:48:44 | DEBUG    | devpulse_client.core.window_tracker.window_task:_start_tracking_new_window:68 - Started tracking window: 'router.py - devpulse-server - Visual Studio Code'
2025-07-25 15:48:46 | ERROR    | devpulse_client.ingest.client.event_client:_send_events:89 - Error sending events: object of type 'EventRequest' has no len()
2025-07-25 15:48:51 | ERROR    | devpulse_client.ingest.client.event_client:_send_events:89 - Error sending events: object of type 'EventRequest' has no len()
2025-07-25 15:48:56 | ERROR    | devpulse_client.ingest.client.event_client:_send_events:89 - Error sending events: object of type 'EventRequest' has no len()
2025-07-25 15:49:01 | ERROR    | devpulse_client.ingest.client.event_client:_send_events:89 - Error sending events: object of type 'EventRequest' has no len()
2025-07-25 15:49:06 | ERROR    | devpulse_client.ingest.client.event_client:_send_events:89 - Error sending events: object of type 'EventRequest' has no len()
2025-07-25 15:49:11 | ERROR    | devpulse_client.ingest.client.event_client:_send_events:89 - Error sending events: object of type 'EventRequest' has no len()
2025-07-25 15:49:16 | ERROR    | devpulse_client.ingest.client.event_client:_send_events:89 - Error sending events: object of type 'EventRequest' has no len()
2025-07-25 15:49:21 | ERROR    | devpulse_client.ingest.client.event_client:_send_events:89 - Error sending events: object of type 'EventRequest' has no len()
2025-07-25 15:49:24 | INFO     | devpulse_client.core.window_tracker.window_task:_log_previous_window_if_needed:51 - Window 'router.py - devpulse-server - Visual Studio Code' met duration threshold | Start: 2025-07-25T15:48:44.382069 | End: 2025-07-25T15:49:24.156383 | Duration: 39.8s (>= 0s threshold)
2025-07-25 15:49:24 | INFO     | devpulse_client.core.window_tracker.window_task:_log_window_event:75 - Logging window event for 'router.py - devpulse-server - Visual Studio Code' | Start: 2025-07-25T15:48:44.382069 | End: 2025-07-25T15:49:24.156383 | Duration: 39.8s
2025-07-25 15:49:24 | DEBUG    | devpulse_client.core.window_tracker.window_task:_start_tracking_new_window:68 - Started tracking window: '● event_client.py - devpulse-client-v2 - Visual Studio Code'
2025-07-25 15:49:26 | ERROR    | devpulse_client.ingest.client.event_client:_send_events:89 - Error sending events: object of type 'EventRequest' has no len()
2025-07-25 15:49:31 | ERROR    | devpulse_client.ingest.client.event_client:_send_events:89 - Error sending events: object of type 'EventRequest' has no len()
2025-07-25 15:49:31 | INFO     | devpulse_client.core.window_tracker.window_task:_log_previous_window_if_needed:51 - Window '● event_client.py - devpulse-client-v2 - Visual Studio Code' met duration threshold | Start: 2025-07-25T15:49:24.156383 | End: 2025-07-25T15:49:31.965823 | Duration: 7.8s (>= 0s threshold)
2025-07-25 15:49:31 | INFO     | devpulse_client.core.window_tracker.window_task:_log_window_event:75 - Logging window event for '● event_client.py - devpulse-client-v2 - Visual Studio Code' | Start: 2025-07-25T15:49:24.156383 | End: 2025-07-25T15:49:31.965823 | Duration: 7.8s
2025-07-25 15:49:31 | DEBUG    | devpulse_client.core.window_tracker.window_task:_start_tracking_new_window:68 - Started tracking window: 'event_client.py - devpulse-client-v2 - Visual Studio Code'
2025-07-25 15:49:33 | INFO     | devpulse_client.ingest.client.event_client:run:63 - Logging activity: System Stopped
2025-07-25 15:49:33 | INFO     | devpulse_client.app.app:start:100 - Received interrupt, shutting down
2025-07-25 15:49:33 | ERROR    | devpulse_client.cli.commands:run:48 - ❌ Failed to start client
