2025-07-25 15:52:26 | INFO     | devpulse_client.app.app:__init__:49 - Initialized DevPulse client for server: http://localhost:8000
2025-07-25 15:52:26 | INFO     | devpulse_client.app.app:start:76 - Validating credentials with server...
2025-07-25 15:52:26 | INFO     | devpulse_client.auth.collectors.device_collector:collect_fingerprint:20 - Collecting device fingerprint
2025-07-25 15:52:26 | INFO     | devpulse_client.auth.collectors.device_collector:collect_fingerprint:23 - Collecting device fingerprint: 18:60:24:92:da:75
2025-07-25 15:52:26 | INFO     | devpulse_client.auth.collectors.device_collector:collect_fingerprint:26 - Collecting device fingerprint: OKEY
2025-07-25 15:52:26 | DEBUG    | devpulse_client.auth.collectors.device_collector:collect_fingerprint:29 - Collected device fingerprint: MAC=18:60:24:92:da:75
2025-07-25 15:52:27 | INFO     | devpulse_client.auth.client.auth_client:_send_login_request:144 - Credential validation successful: {'access_token': 'eyJhbGciOiJIUzI1NiIsInR5cCI6IkpXVCJ9.eyJzdWIiOiJ5YW1hbiIsImRldmljZV9tYWMiOiIxODo2MDoyNDo5MjpkYTo3NSJ9.Tpu5dPrmlxNTPDWFGQzhKpsOGf-H2KHv7WlZTQ0a3KI', 'token_type': 'bearer', 'expires': False}
2025-07-25 15:52:27 | INFO     | devpulse_client.app.app:start:83 - ✅ Access token recieved.
2025-07-25 15:52:27 | INFO     | devpulse_client.ingest.client.event_client:run:33 - Starting activity tracker
2025-07-25 15:52:27 | INFO     | devpulse_client.ingest.client.event_client:run:43 - Logging activity: System Started
2025-07-25 15:52:27 | DEBUG    | devpulse_client.core.window_tracker.window_task:_start_tracking_new_window:68 - Started tracking window: 'event_client.py - devpulse-client-v2 - Visual Studio Code'
2025-07-25 15:52:27 | INFO     | devpulse_client.core.activity_state_tracker.activity_state_task:tick:74 - Logging activity: User Active
2025-07-25 15:52:32 | ERROR    | devpulse_client.ingest.client.event_client:_send_events:89 - Error sending events: Object of type datetime is not JSON serializable
2025-07-25 15:52:37 | ERROR    | devpulse_client.ingest.client.event_client:_send_events:89 - Error sending events: Object of type datetime is not JSON serializable
2025-07-25 15:52:40 | INFO     | devpulse_client.core.window_tracker.window_task:_log_previous_window_if_needed:51 - Window 'event_client.py - devpulse-client-v2 - Visual Studio Code' met duration threshold | Start: 2025-07-25T15:52:27.197392 | End: 2025-07-25T15:52:40.172028 | Duration: 13.0s (>= 0s threshold)
2025-07-25 15:52:40 | INFO     | devpulse_client.core.window_tracker.window_task:_log_window_event:75 - Logging window event for 'event_client.py - devpulse-client-v2 - Visual Studio Code' | Start: 2025-07-25T15:52:27.197392 | End: 2025-07-25T15:52:40.172028 | Duration: 13.0s
2025-07-25 15:52:40 | DEBUG    | devpulse_client.core.window_tracker.window_task:_start_tracking_new_window:68 - Started tracking window: 'router.py - devpulse-server - Visual Studio Code'
2025-07-25 15:52:42 | ERROR    | devpulse_client.ingest.client.event_client:_send_events:89 - Error sending events: Object of type datetime is not JSON serializable
2025-07-25 15:52:47 | ERROR    | devpulse_client.ingest.client.event_client:_send_events:89 - Error sending events: Object of type datetime is not JSON serializable
2025-07-25 15:52:50 | INFO     | devpulse_client.core.window_tracker.window_task:_log_previous_window_if_needed:51 - Window 'router.py - devpulse-server - Visual Studio Code' met duration threshold | Start: 2025-07-25T15:52:40.172028 | End: 2025-07-25T15:52:50.670179 | Duration: 10.5s (>= 0s threshold)
2025-07-25 15:52:50 | INFO     | devpulse_client.core.window_tracker.window_task:_log_window_event:75 - Logging window event for 'router.py - devpulse-server - Visual Studio Code' | Start: 2025-07-25T15:52:40.172028 | End: 2025-07-25T15:52:50.670179 | Duration: 10.5s
2025-07-25 15:52:50 | DEBUG    | devpulse_client.core.window_tracker.window_task:_start_tracking_new_window:68 - Started tracking window: '● router.py - devpulse-server - Visual Studio Code'
2025-07-25 15:52:52 | ERROR    | devpulse_client.ingest.client.event_client:_send_events:89 - Error sending events: Object of type datetime is not JSON serializable
2025-07-25 15:52:57 | ERROR    | devpulse_client.ingest.client.event_client:_send_events:89 - Error sending events: Object of type datetime is not JSON serializable
2025-07-25 15:53:02 | INFO     | devpulse_client.core.window_tracker.window_task:_log_previous_window_if_needed:51 - Window '● router.py - devpulse-server - Visual Studio Code' met duration threshold | Start: 2025-07-25T15:52:50.670179 | End: 2025-07-25T15:53:02.220279 | Duration: 11.6s (>= 0s threshold)
2025-07-25 15:53:02 | INFO     | devpulse_client.core.window_tracker.window_task:_log_window_event:75 - Logging window event for '● router.py - devpulse-server - Visual Studio Code' | Start: 2025-07-25T15:52:50.670179 | End: 2025-07-25T15:53:02.220279 | Duration: 11.6s
2025-07-25 15:53:02 | DEBUG    | devpulse_client.core.window_tracker.window_task:_start_tracking_new_window:68 - Started tracking window: 'router.py - devpulse-server - Visual Studio Code'
2025-07-25 15:53:02 | ERROR    | devpulse_client.ingest.client.event_client:_send_events:89 - Error sending events: Object of type datetime is not JSON serializable
2025-07-25 15:53:03 | INFO     | devpulse_client.core.window_tracker.window_task:_log_previous_window_if_needed:51 - Window 'router.py - devpulse-server - Visual Studio Code' met duration threshold | Start: 2025-07-25T15:53:02.220279 | End: 2025-07-25T15:53:03.637782 | Duration: 1.4s (>= 0s threshold)
2025-07-25 15:53:03 | INFO     | devpulse_client.core.window_tracker.window_task:_log_window_event:75 - Logging window event for 'router.py - devpulse-server - Visual Studio Code' | Start: 2025-07-25T15:53:02.220279 | End: 2025-07-25T15:53:03.637782 | Duration: 1.4s
2025-07-25 15:53:03 | DEBUG    | devpulse_client.core.window_tracker.window_task:_start_tracking_new_window:68 - Started tracking window: '● router.py - devpulse-server - Visual Studio Code'
2025-07-25 15:53:07 | ERROR    | devpulse_client.ingest.client.event_client:_send_events:89 - Error sending events: Object of type datetime is not JSON serializable
2025-07-25 15:53:08 | INFO     | devpulse_client.core.window_tracker.window_task:_log_previous_window_if_needed:51 - Window '● router.py - devpulse-server - Visual Studio Code' met duration threshold | Start: 2025-07-25T15:53:03.637782 | End: 2025-07-25T15:53:08.377381 | Duration: 4.7s (>= 0s threshold)
2025-07-25 15:53:08 | INFO     | devpulse_client.core.window_tracker.window_task:_log_window_event:75 - Logging window event for '● router.py - devpulse-server - Visual Studio Code' | Start: 2025-07-25T15:53:03.637782 | End: 2025-07-25T15:53:08.377381 | Duration: 4.7s
2025-07-25 15:53:08 | DEBUG    | devpulse_client.core.window_tracker.window_task:_start_tracking_new_window:68 - Started tracking window: 'router.py - devpulse-server - Visual Studio Code'
2025-07-25 15:53:09 | INFO     | devpulse_client.core.window_tracker.window_task:_log_previous_window_if_needed:51 - Window 'router.py - devpulse-server - Visual Studio Code' met duration threshold | Start: 2025-07-25T15:53:08.377381 | End: 2025-07-25T15:53:09.712582 | Duration: 1.3s (>= 0s threshold)
2025-07-25 15:53:09 | INFO     | devpulse_client.core.window_tracker.window_task:_log_window_event:75 - Logging window event for 'router.py - devpulse-server - Visual Studio Code' | Start: 2025-07-25T15:53:08.377381 | End: 2025-07-25T15:53:09.712582 | Duration: 1.3s
2025-07-25 15:53:09 | DEBUG    | devpulse_client.core.window_tracker.window_task:_start_tracking_new_window:68 - Started tracking window: 'event_client.py - devpulse-client-v2 - Visual Studio Code'
2025-07-25 15:53:09 | INFO     | devpulse_client.ingest.client.event_client:run:63 - Logging activity: System Stopped
2025-07-25 15:53:09 | INFO     | devpulse_client.app.app:start:100 - Received interrupt, shutting down
2025-07-25 15:53:09 | ERROR    | devpulse_client.cli.commands:run:48 - ❌ Failed to start client
