2025-07-30 15:54:39 | INFO     | devpulse_client.auth.collectors.device_collector:collect_fingerprint:20 - Collecting device fingerprint
2025-07-30 15:54:39 | INFO     | devpulse_client.auth.collectors.device_collector:collect_fingerprint:23 - Collecting device fingerprint: 18:60:24:92:da:75
2025-07-30 15:54:39 | INFO     | devpulse_client.auth.collectors.device_collector:collect_fingerprint:26 - Collecting device fingerprint: OKEY
2025-07-30 15:54:39 | DEBUG    | devpulse_client.auth.collectors.device_collector:collect_fingerprint:29 - Collected device fingerprint: MAC=18:60:24:92:da:75
2025-07-30 15:54:39 | INFO     | devpulse_client.auth.client.auth_client:_send_login_request:144 - Credential validation successful: {'access_token': 'eyJhbGciOiJIUzI1NiIsInR5cCI6IkpXVCJ9.eyJzdWIiOiJmYXJ1ayIsImRldmljZV9tYWMiOiIxODo2MDoyNDo5MjpkYTo3NSJ9.mdvGKPs6tdby8LCZ1GdpPUjIwZ7I28mBg07IeLUbcuc', 'token_type': 'bearer', 'expires': False}
2025-07-30 15:54:39 | INFO     | devpulse_client.ingest.client.event_client:run:34 - Starting activity tracker
2025-07-30 15:54:39 | INFO     | devpulse_client.ingest.client.event_client:run:42 - Logging activity: System Started
2025-07-30 15:54:39 | DEBUG    | devpulse_client.core.window_tracker.window_task:_start_tracking_new_window:68 - Started tracking window: 'screen_locker.py - devpulse-client-v2 - Visual Studio Code'
2025-07-30 15:54:39 | INFO     | devpulse_client.core.activity_state_tracker.activity_state_task:tick:56 - Logging activity: User Active
2025-07-30 15:54:44 | INFO     | devpulse_client.core.window_tracker.window_task:_log_previous_window_if_needed:51 - Window 'screen_locker.py - devpulse-client-v2 - Visual Studio Code' met duration threshold | Start: 2025-07-30T15:54:39.661189 | End: 2025-07-30T15:54:44.745323 | Duration: 5.1s (>= 0s threshold)
2025-07-30 15:54:44 | INFO     | devpulse_client.core.window_tracker.window_task:_log_window_event:75 - Logging window event for 'screen_locker.py - devpulse-client-v2 - Visual Studio Code' | Start: 2025-07-30T15:54:39.661189 | End: 2025-07-30T15:54:44.745323 | Duration: 5.1s
2025-07-30 15:54:44 | DEBUG    | devpulse_client.core.window_tracker.window_task:_start_tracking_new_window:68 - Started tracking window: 'activity_state_task.py - devpulse-client-v2 - Visual Studio Code'
2025-07-30 15:54:52 | INFO     | devpulse_client.core.window_tracker.window_task:_log_previous_window_if_needed:51 - Window 'activity_state_task.py - devpulse-client-v2 - Visual Studio Code' met duration threshold | Start: 2025-07-30T15:54:44.745323 | End: 2025-07-30T15:54:52.709043 | Duration: 8.0s (>= 0s threshold)
2025-07-30 15:54:52 | INFO     | devpulse_client.core.window_tracker.window_task:_log_window_event:75 - Logging window event for 'activity_state_task.py - devpulse-client-v2 - Visual Studio Code' | Start: 2025-07-30T15:54:44.745323 | End: 2025-07-30T15:54:52.709043 | Duration: 8.0s
2025-07-30 15:54:52 | DEBUG    | devpulse_client.core.window_tracker.window_task:_start_tracking_new_window:68 - Started tracking window: '● activity_state_task.py - devpulse-client-v2 - Visual Studio Code'
2025-07-30 15:54:56 | INFO     | devpulse_client.core.window_tracker.window_task:_log_previous_window_if_needed:51 - Window '● activity_state_task.py - devpulse-client-v2 - Visual Studio Code' met duration threshold | Start: 2025-07-30T15:54:52.709043 | End: 2025-07-30T15:54:56.189029 | Duration: 3.5s (>= 0s threshold)
2025-07-30 15:54:56 | INFO     | devpulse_client.core.window_tracker.window_task:_log_window_event:75 - Logging window event for '● activity_state_task.py - devpulse-client-v2 - Visual Studio Code' | Start: 2025-07-30T15:54:52.709043 | End: 2025-07-30T15:54:56.189029 | Duration: 3.5s
2025-07-30 15:54:56 | DEBUG    | devpulse_client.core.window_tracker.window_task:_start_tracking_new_window:68 - Started tracking window: 'activity_state_task.py - devpulse-client-v2 - Visual Studio Code'
2025-07-30 15:55:06 | INFO     | devpulse_client.core.activity_state_tracker.activity_state_task:tick:83 - Logging activity: User Inactive
2025-07-30 15:55:09 | INFO     | devpulse_client.core.activity_state_tracker.activity_state_task:tick:39 - Screen locked by scheduler (based on config interval).
2025-07-30 15:55:09 | INFO     | devpulse_client.core.activity_state_tracker.activity_state_task:tick:64 - Logging activity: Screen Locked
2025-07-30 15:55:09 | INFO     | devpulse_client.core.window_tracker.window_task:_log_previous_window_if_needed:51 - Window 'activity_state_task.py - devpulse-client-v2 - Visual Studio Code' met duration threshold | Start: 2025-07-30T15:54:56.189029 | End: 2025-07-30T15:55:09.554394 | Duration: 13.4s (>= 0s threshold)
2025-07-30 15:55:09 | INFO     | devpulse_client.core.window_tracker.window_task:_log_window_event:75 - Logging window event for 'activity_state_task.py - devpulse-client-v2 - Visual Studio Code' | Start: 2025-07-30T15:54:56.189029 | End: 2025-07-30T15:55:09.554394 | Duration: 13.4s
2025-07-30 15:55:09 | DEBUG    | devpulse_client.core.window_tracker.window_task:_start_tracking_new_window:68 - Started tracking window: 'gnome-shell'
2025-07-30 15:55:16 | INFO     | devpulse_client.core.window_tracker.window_task:_log_previous_window_if_needed:51 - Window 'gnome-shell' met duration threshold | Start: 2025-07-30T15:55:09.554394 | End: 2025-07-30T15:55:16.490540 | Duration: 6.9s (>= 0s threshold)
2025-07-30 15:55:16 | INFO     | devpulse_client.core.window_tracker.window_task:_log_window_event:75 - Logging window event for 'gnome-shell' | Start: 2025-07-30T15:55:09.554394 | End: 2025-07-30T15:55:16.490540 | Duration: 6.9s
2025-07-30 15:55:16 | DEBUG    | devpulse_client.core.window_tracker.window_task:_start_tracking_new_window:68 - Started tracking window: 'activity_state_task.py - devpulse-client-v2 - Visual Studio Code'
2025-07-30 15:55:16 | INFO     | devpulse_client.core.window_tracker.window_task:_log_previous_window_if_needed:51 - Window 'activity_state_task.py - devpulse-client-v2 - Visual Studio Code' met duration threshold | Start: 2025-07-30T15:55:16.490540 | End: 2025-07-30T15:55:16.539840 | Duration: 0.0s (>= 0s threshold)
2025-07-30 15:55:16 | INFO     | devpulse_client.core.window_tracker.window_task:_log_window_event:75 - Logging window event for 'activity_state_task.py - devpulse-client-v2 - Visual Studio Code' | Start: 2025-07-30T15:55:16.490540 | End: 2025-07-30T15:55:16.539840 | Duration: 0.0s
2025-07-30 15:55:16 | DEBUG    | devpulse_client.core.window_tracker.window_task:_start_tracking_new_window:68 - Started tracking window: 'gnome-shell'
2025-07-30 15:55:16 | INFO     | devpulse_client.core.window_tracker.window_task:_log_previous_window_if_needed:51 - Window 'gnome-shell' met duration threshold | Start: 2025-07-30T15:55:16.539840 | End: 2025-07-30T15:55:16.847630 | Duration: 0.3s (>= 0s threshold)
2025-07-30 15:55:16 | INFO     | devpulse_client.core.window_tracker.window_task:_log_window_event:75 - Logging window event for 'gnome-shell' | Start: 2025-07-30T15:55:16.539840 | End: 2025-07-30T15:55:16.847630 | Duration: 0.3s
2025-07-30 15:55:16 | DEBUG    | devpulse_client.core.window_tracker.window_task:_start_tracking_new_window:68 - Started tracking window: 'activity_state_task.py - devpulse-client-v2 - Visual Studio Code'
2025-07-30 15:55:17 | INFO     | devpulse_client.core.activity_state_tracker.activity_state_task:tick:69 - Logging activity: Screen Unlocked
2025-07-30 15:55:17 | INFO     | devpulse_client.core.activity_state_tracker.activity_state_task:tick:73 - Logging activity: User Active
2025-07-30 15:55:19 | INFO     | devpulse_client.core.signal_handler.signal_handler:_handle_exit:54 - Received SIGINT – starting graceful shutdown…
2025-07-30 15:55:19 | INFO     | devpulse_client.ingest.client.event_client:run:61 - Logging activity: System Stopped
