2025-07-25 15:51:35 | INFO     | devpulse_client.app.app:__init__:49 - Initialized DevPulse client for server: http://localhost:8000
2025-07-25 15:51:35 | INFO     | devpulse_client.app.app:start:76 - Validating credentials with server...
2025-07-25 15:51:35 | INFO     | devpulse_client.auth.collectors.device_collector:collect_fingerprint:20 - Collecting device fingerprint
2025-07-25 15:51:35 | INFO     | devpulse_client.auth.collectors.device_collector:collect_fingerprint:23 - Collecting device fingerprint: 18:60:24:92:da:75
2025-07-25 15:51:35 | INFO     | devpulse_client.auth.collectors.device_collector:collect_fingerprint:26 - Collecting device fingerprint: OKEY
2025-07-25 15:51:35 | DEBUG    | devpulse_client.auth.collectors.device_collector:collect_fingerprint:29 - Collected device fingerprint: MAC=18:60:24:92:da:75
2025-07-25 15:51:36 | INFO     | devpulse_client.auth.client.auth_client:_send_login_request:144 - Credential validation successful: {'access_token': 'eyJhbGciOiJIUzI1NiIsInR5cCI6IkpXVCJ9.eyJzdWIiOiJ5YW1hbiIsImRldmljZV9tYWMiOiIxODo2MDoyNDo5MjpkYTo3NSJ9.Tpu5dPrmlxNTPDWFGQzhKpsOGf-H2KHv7WlZTQ0a3KI', 'token_type': 'bearer', 'expires': False}
2025-07-25 15:51:36 | INFO     | devpulse_client.app.app:start:83 - ✅ Access token recieved.
2025-07-25 15:51:36 | INFO     | devpulse_client.ingest.client.event_client:run:33 - Starting activity tracker
2025-07-25 15:51:36 | INFO     | devpulse_client.ingest.client.event_client:run:43 - Logging activity: System Started
2025-07-25 15:51:36 | DEBUG    | devpulse_client.core.window_tracker.window_task:_start_tracking_new_window:68 - Started tracking window: 'event_client.py - devpulse-client-v2 - Visual Studio Code'
2025-07-25 15:51:36 | INFO     | devpulse_client.core.activity_state_tracker.activity_state_task:tick:74 - Logging activity: User Active
2025-07-25 15:51:41 | ERROR    | devpulse_client.ingest.client.event_client:_send_events:85 - Failed to send events: 500 {"detail":"Error processing events: events"}
2025-07-25 15:51:45 | INFO     | devpulse_client.core.activity_state_tracker.activity_state_task:tick:101 - Logging activity: User Inactive
2025-07-25 15:51:46 | ERROR    | devpulse_client.ingest.client.event_client:_send_events:85 - Failed to send events: 500 {"detail":"Error processing events: events"}
2025-07-25 15:51:49 | INFO     | devpulse_client.core.activity_state_tracker.activity_state_task:tick:106 - Logging activity: User Active
2025-07-25 15:51:51 | ERROR    | devpulse_client.ingest.client.event_client:_send_events:85 - Failed to send events: 500 {"detail":"Error processing events: events"}
2025-07-25 15:51:53 | INFO     | devpulse_client.core.window_tracker.window_task:_log_previous_window_if_needed:51 - Window 'event_client.py - devpulse-client-v2 - Visual Studio Code' met duration threshold | Start: 2025-07-25T15:51:36.216257 | End: 2025-07-25T15:51:53.213858 | Duration: 17.0s (>= 0s threshold)
2025-07-25 15:51:53 | INFO     | devpulse_client.core.window_tracker.window_task:_log_window_event:75 - Logging window event for 'event_client.py - devpulse-client-v2 - Visual Studio Code' | Start: 2025-07-25T15:51:36.216257 | End: 2025-07-25T15:51:53.213858 | Duration: 17.0s
2025-07-25 15:51:53 | DEBUG    | devpulse_client.core.window_tracker.window_task:_start_tracking_new_window:68 - Started tracking window: 'router.py - devpulse-server - Visual Studio Code'
2025-07-25 15:51:56 | ERROR    | devpulse_client.ingest.client.event_client:_send_events:85 - Failed to send events: 500 {"detail":"Error processing events: events"}
2025-07-25 15:52:01 | ERROR    | devpulse_client.ingest.client.event_client:_send_events:85 - Failed to send events: 500 {"detail":"Error processing events: events"}
2025-07-25 15:52:06 | ERROR    | devpulse_client.ingest.client.event_client:_send_events:85 - Failed to send events: 500 {"detail":"Error processing events: events"}
2025-07-25 15:52:11 | ERROR    | devpulse_client.ingest.client.event_client:_send_events:85 - Failed to send events: 500 {"detail":"Error processing events: events"}
2025-07-25 15:52:16 | ERROR    | devpulse_client.ingest.client.event_client:_send_events:85 - Failed to send events: 500 {"detail":"Error processing events: events"}
2025-07-25 15:52:17 | INFO     | devpulse_client.core.window_tracker.window_task:_log_previous_window_if_needed:51 - Window 'router.py - devpulse-server - Visual Studio Code' met duration threshold | Start: 2025-07-25T15:51:53.213858 | End: 2025-07-25T15:52:17.288748 | Duration: 24.1s (>= 0s threshold)
2025-07-25 15:52:17 | INFO     | devpulse_client.core.window_tracker.window_task:_log_window_event:75 - Logging window event for 'router.py - devpulse-server - Visual Studio Code' | Start: 2025-07-25T15:51:53.213858 | End: 2025-07-25T15:52:17.288748 | Duration: 24.1s
2025-07-25 15:52:17 | DEBUG    | devpulse_client.core.window_tracker.window_task:_start_tracking_new_window:68 - Started tracking window: 'event_client.py - devpulse-client-v2 - Visual Studio Code'
2025-07-25 15:52:18 | INFO     | devpulse_client.core.window_tracker.window_task:_log_previous_window_if_needed:51 - Window 'event_client.py - devpulse-client-v2 - Visual Studio Code' met duration threshold | Start: 2025-07-25T15:52:17.288748 | End: 2025-07-25T15:52:18.264437 | Duration: 1.0s (>= 0s threshold)
2025-07-25 15:52:18 | INFO     | devpulse_client.core.window_tracker.window_task:_log_window_event:75 - Logging window event for 'event_client.py - devpulse-client-v2 - Visual Studio Code' | Start: 2025-07-25T15:52:17.288748 | End: 2025-07-25T15:52:18.264437 | Duration: 1.0s
2025-07-25 15:52:18 | DEBUG    | devpulse_client.core.window_tracker.window_task:_start_tracking_new_window:68 - Started tracking window: '● event_client.py - devpulse-client-v2 - Visual Studio Code'
2025-07-25 15:52:20 | INFO     | devpulse_client.core.window_tracker.window_task:_log_previous_window_if_needed:51 - Window '● event_client.py - devpulse-client-v2 - Visual Studio Code' met duration threshold | Start: 2025-07-25T15:52:18.264437 | End: 2025-07-25T15:52:20.069557 | Duration: 1.8s (>= 0s threshold)
2025-07-25 15:52:20 | INFO     | devpulse_client.core.window_tracker.window_task:_log_window_event:75 - Logging window event for '● event_client.py - devpulse-client-v2 - Visual Studio Code' | Start: 2025-07-25T15:52:18.264437 | End: 2025-07-25T15:52:20.069557 | Duration: 1.8s
2025-07-25 15:52:20 | DEBUG    | devpulse_client.core.window_tracker.window_task:_start_tracking_new_window:68 - Started tracking window: 'event_client.py - devpulse-client-v2 - Visual Studio Code'
2025-07-25 15:52:21 | ERROR    | devpulse_client.ingest.client.event_client:_send_events:85 - Failed to send events: 500 {"detail":"Error processing events: events"}
2025-07-25 15:52:25 | INFO     | devpulse_client.ingest.client.event_client:run:63 - Logging activity: System Stopped
2025-07-25 15:52:25 | INFO     | devpulse_client.app.app:start:100 - Received interrupt, shutting down
2025-07-25 15:52:25 | ERROR    | devpulse_client.cli.commands:run:48 - ❌ Failed to start client
