2025-07-28 12:04:55 | INFO     | devpulse_client.auth.collectors.device_collector:collect_fingerprint:20 - Collecting device fingerprint
2025-07-28 12:04:55 | INFO     | devpulse_client.auth.collectors.device_collector:collect_fingerprint:23 - Collecting device fingerprint: 18:60:24:92:da:75
2025-07-28 12:04:55 | INFO     | devpulse_client.auth.collectors.device_collector:collect_fingerprint:26 - Collecting device fingerprint: OKEY
2025-07-28 12:04:55 | DEBUG    | devpulse_client.auth.collectors.device_collector:collect_fingerprint:29 - Collected device fingerprint: MAC=18:60:24:92:da:75
2025-07-28 12:04:55 | INFO     | devpulse_client.auth.client.auth_client:_send_login_request:144 - Credential validation successful: {'access_token': 'eyJhbGciOiJIUzI1NiIsInR5cCI6IkpXVCJ9.eyJzdWIiOiJ5YW1hbiIsImRldmljZV9tYWMiOiIxODo2MDoyNDo5MjpkYTo3NSJ9.Tpu5dPrmlxNTPDWFGQzhKpsOGf-H2KHv7WlZTQ0a3KI', 'token_type': 'bearer', 'expires': False}
2025-07-28 12:04:55 | INFO     | devpulse_client.ingest.client.event_client:run:32 - Starting activity tracker
2025-07-28 12:04:55 | INFO     | devpulse_client.ingest.client.event_client:run:40 - Logging activity: System Started
2025-07-28 12:04:55 | DEBUG    | devpulse_client.core.window_tracker.window_task:_start_tracking_new_window:68 - Started tracking window: 'app.py - devpulse-client-v2 - Visual Studio Code'
2025-07-28 12:04:55 | INFO     | devpulse_client.core.activity_state_tracker.activity_state_task:tick:74 - Logging activity: User Active
2025-07-28 12:05:11 | INFO     | devpulse_client.core.window_tracker.window_task:_log_previous_window_if_needed:51 - Window 'app.py - devpulse-client-v2 - Visual Studio Code' met duration threshold | Start: 2025-07-28T12:04:55.756837 | End: 2025-07-28T12:05:11.650243 | Duration: 15.9s (>= 0s threshold)
2025-07-28 12:05:11 | INFO     | devpulse_client.core.window_tracker.window_task:_log_window_event:75 - Logging window event for 'app.py - devpulse-client-v2 - Visual Studio Code' | Start: 2025-07-28T12:04:55.756837 | End: 2025-07-28T12:05:11.650243 | Duration: 15.9s
2025-07-28 12:05:11 | DEBUG    | devpulse_client.core.window_tracker.window_task:_start_tracking_new_window:68 - Started tracking window: 'pgadmin4'
2025-07-28 12:05:11 | INFO     | devpulse_client.core.window_tracker.window_task:_log_previous_window_if_needed:51 - Window 'pgadmin4' met duration threshold | Start: 2025-07-28T12:05:11.650243 | End: 2025-07-28T12:05:11.855346 | Duration: 0.2s (>= 0s threshold)
2025-07-28 12:05:11 | INFO     | devpulse_client.core.window_tracker.window_task:_log_window_event:75 - Logging window event for 'pgadmin4' | Start: 2025-07-28T12:05:11.650243 | End: 2025-07-28T12:05:11.855346 | Duration: 0.2s
2025-07-28 12:05:11 | DEBUG    | devpulse_client.core.window_tracker.window_task:_start_tracking_new_window:68 - Started tracking window: 'pgAdmin 4'
2025-07-28 12:05:19 | INFO     | devpulse_client.core.window_tracker.window_task:_log_previous_window_if_needed:51 - Window 'pgAdmin 4' met duration threshold | Start: 2025-07-28T12:05:11.855346 | End: 2025-07-28T12:05:19.719631 | Duration: 7.9s (>= 0s threshold)
2025-07-28 12:05:19 | INFO     | devpulse_client.core.window_tracker.window_task:_log_window_event:75 - Logging window event for 'pgAdmin 4' | Start: 2025-07-28T12:05:11.855346 | End: 2025-07-28T12:05:19.719631 | Duration: 7.9s
2025-07-28 12:05:19 | DEBUG    | devpulse_client.core.window_tracker.window_task:_start_tracking_new_window:68 - Started tracking window: 'pgadmin4'
2025-07-28 12:05:19 | INFO     | devpulse_client.core.window_tracker.window_task:_log_previous_window_if_needed:51 - Window 'pgadmin4' met duration threshold | Start: 2025-07-28T12:05:19.719631 | End: 2025-07-28T12:05:19.769166 | Duration: 0.0s (>= 0s threshold)
2025-07-28 12:05:19 | INFO     | devpulse_client.core.window_tracker.window_task:_log_window_event:75 - Logging window event for 'pgadmin4' | Start: 2025-07-28T12:05:19.719631 | End: 2025-07-28T12:05:19.769166 | Duration: 0.0s
2025-07-28 12:05:19 | DEBUG    | devpulse_client.core.window_tracker.window_task:_start_tracking_new_window:68 - Started tracking window: 'pgAdmin 4'
2025-07-28 12:06:15 | INFO     | devpulse_client.core.window_tracker.window_task:_log_previous_window_if_needed:51 - Window 'pgAdmin 4' met duration threshold | Start: 2025-07-28T12:05:19.769166 | End: 2025-07-28T12:06:15.169646 | Duration: 55.4s (>= 0s threshold)
2025-07-28 12:06:15 | INFO     | devpulse_client.core.window_tracker.window_task:_log_window_event:75 - Logging window event for 'pgAdmin 4' | Start: 2025-07-28T12:05:19.769166 | End: 2025-07-28T12:06:15.169646 | Duration: 55.4s
2025-07-28 12:06:15 | DEBUG    | devpulse_client.core.window_tracker.window_task:_start_tracking_new_window:68 - Started tracking window: 'connection.py - devpulse-server - Visual Studio Code'
2025-07-28 12:06:15 | INFO     | devpulse_client.core.window_tracker.window_task:_log_previous_window_if_needed:51 - Window 'connection.py - devpulse-server - Visual Studio Code' met duration threshold | Start: 2025-07-28T12:06:15.169646 | End: 2025-07-28T12:06:15.358709 | Duration: 0.2s (>= 0s threshold)
2025-07-28 12:06:15 | INFO     | devpulse_client.core.window_tracker.window_task:_log_window_event:75 - Logging window event for 'connection.py - devpulse-server - Visual Studio Code' | Start: 2025-07-28T12:06:15.169646 | End: 2025-07-28T12:06:15.358709 | Duration: 0.2s
2025-07-28 12:06:15 | DEBUG    | devpulse_client.core.window_tracker.window_task:_start_tracking_new_window:68 - Started tracking window: 'event_models.py - devpulse-server - Visual Studio Code'
2025-07-28 12:06:20 | INFO     | devpulse_client.core.window_tracker.window_task:_log_previous_window_if_needed:51 - Window 'event_models.py - devpulse-server - Visual Studio Code' met duration threshold | Start: 2025-07-28T12:06:15.358709 | End: 2025-07-28T12:06:20.642852 | Duration: 5.3s (>= 0s threshold)
2025-07-28 12:06:20 | INFO     | devpulse_client.core.window_tracker.window_task:_log_window_event:75 - Logging window event for 'event_models.py - devpulse-server - Visual Studio Code' | Start: 2025-07-28T12:06:15.358709 | End: 2025-07-28T12:06:20.642852 | Duration: 5.3s
2025-07-28 12:06:20 | DEBUG    | devpulse_client.core.window_tracker.window_task:_start_tracking_new_window:68 - Started tracking window: 'gnome-shell'
2025-07-28 12:06:22 | INFO     | devpulse_client.core.window_tracker.window_task:_log_previous_window_if_needed:51 - Window 'gnome-shell' met duration threshold | Start: 2025-07-28T12:06:20.642852 | End: 2025-07-28T12:06:22.912152 | Duration: 2.3s (>= 0s threshold)
2025-07-28 12:06:22 | INFO     | devpulse_client.core.window_tracker.window_task:_log_window_event:75 - Logging window event for 'gnome-shell' | Start: 2025-07-28T12:06:20.642852 | End: 2025-07-28T12:06:22.912152 | Duration: 2.3s
2025-07-28 12:06:22 | DEBUG    | devpulse_client.core.window_tracker.window_task:_start_tracking_new_window:68 - Started tracking window: 'app.py - devpulse-client-v2 - Visual Studio Code'
2025-07-28 12:06:24 | INFO     | devpulse_client.core.window_tracker.window_task:_log_previous_window_if_needed:51 - Window 'app.py - devpulse-client-v2 - Visual Studio Code' met duration threshold | Start: 2025-07-28T12:06:22.912152 | End: 2025-07-28T12:06:24.747105 | Duration: 1.8s (>= 0s threshold)
2025-07-28 12:06:24 | INFO     | devpulse_client.core.window_tracker.window_task:_log_window_event:75 - Logging window event for 'app.py - devpulse-client-v2 - Visual Studio Code' | Start: 2025-07-28T12:06:22.912152 | End: 2025-07-28T12:06:24.747105 | Duration: 1.8s
2025-07-28 12:06:24 | DEBUG    | devpulse_client.core.window_tracker.window_task:_start_tracking_new_window:68 - Started tracking window: 'gnome-shell'
2025-07-28 12:06:27 | INFO     | devpulse_client.core.window_tracker.window_task:_log_previous_window_if_needed:51 - Window 'gnome-shell' met duration threshold | Start: 2025-07-28T12:06:24.747105 | End: 2025-07-28T12:06:27.057905 | Duration: 2.3s (>= 0s threshold)
2025-07-28 12:06:27 | INFO     | devpulse_client.core.window_tracker.window_task:_log_window_event:75 - Logging window event for 'gnome-shell' | Start: 2025-07-28T12:06:24.747105 | End: 2025-07-28T12:06:27.057905 | Duration: 2.3s
2025-07-28 12:06:27 | DEBUG    | devpulse_client.core.window_tracker.window_task:_start_tracking_new_window:68 - Started tracking window: 'event_models.py - devpulse-server - Visual Studio Code'
2025-07-28 12:06:34 | INFO     | devpulse_client.core.window_tracker.window_task:_log_previous_window_if_needed:51 - Window 'event_models.py - devpulse-server - Visual Studio Code' met duration threshold | Start: 2025-07-28T12:06:27.057905 | End: 2025-07-28T12:06:34.697531 | Duration: 7.6s (>= 0s threshold)
2025-07-28 12:06:34 | INFO     | devpulse_client.core.window_tracker.window_task:_log_window_event:75 - Logging window event for 'event_models.py - devpulse-server - Visual Studio Code' | Start: 2025-07-28T12:06:27.057905 | End: 2025-07-28T12:06:34.697531 | Duration: 7.6s
2025-07-28 12:06:34 | DEBUG    | devpulse_client.core.window_tracker.window_task:_start_tracking_new_window:68 - Started tracking window: 'router.py - devpulse-server - Visual Studio Code'
2025-07-28 12:06:45 | INFO     | devpulse_client.core.window_tracker.window_task:_log_previous_window_if_needed:51 - Window 'router.py - devpulse-server - Visual Studio Code' met duration threshold | Start: 2025-07-28T12:06:34.697531 | End: 2025-07-28T12:06:45.230147 | Duration: 10.5s (>= 0s threshold)
2025-07-28 12:06:45 | INFO     | devpulse_client.core.window_tracker.window_task:_log_window_event:75 - Logging window event for 'router.py - devpulse-server - Visual Studio Code' | Start: 2025-07-28T12:06:34.697531 | End: 2025-07-28T12:06:45.230147 | Duration: 10.5s
2025-07-28 12:06:45 | DEBUG    | devpulse_client.core.window_tracker.window_task:_start_tracking_new_window:68 - Started tracking window: 'pgAdmin 4'
2025-07-28 12:07:09 | INFO     | devpulse_client.core.window_tracker.window_task:_log_previous_window_if_needed:51 - Window 'pgAdmin 4' met duration threshold | Start: 2025-07-28T12:06:45.230147 | End: 2025-07-28T12:07:09.573685 | Duration: 24.3s (>= 0s threshold)
2025-07-28 12:07:09 | INFO     | devpulse_client.core.window_tracker.window_task:_log_window_event:75 - Logging window event for 'pgAdmin 4' | Start: 2025-07-28T12:06:45.230147 | End: 2025-07-28T12:07:09.573685 | Duration: 24.3s
2025-07-28 12:07:09 | DEBUG    | devpulse_client.core.window_tracker.window_task:_start_tracking_new_window:68 - Started tracking window: 'router.py - devpulse-server - Visual Studio Code'
2025-07-28 12:07:11 | ERROR    | devpulse_client.ingest.client.event_client:send_events:83 - Error sending events: [Errno 111] Connection refused
2025-07-28 12:07:12 | INFO     | devpulse_client.core.window_tracker.window_task:_log_previous_window_if_needed:51 - Window 'router.py - devpulse-server - Visual Studio Code' met duration threshold | Start: 2025-07-28T12:07:09.573685 | End: 2025-07-28T12:07:12.063977 | Duration: 2.5s (>= 0s threshold)
2025-07-28 12:07:12 | INFO     | devpulse_client.core.window_tracker.window_task:_log_window_event:75 - Logging window event for 'router.py - devpulse-server - Visual Studio Code' | Start: 2025-07-28T12:07:09.573685 | End: 2025-07-28T12:07:12.063977 | Duration: 2.5s
2025-07-28 12:07:12 | DEBUG    | devpulse_client.core.window_tracker.window_task:_start_tracking_new_window:68 - Started tracking window: 'app.py - devpulse-client-v2 - Visual Studio Code'
2025-07-28 12:07:12 | INFO     | devpulse_client.core.signal_handler.signal_handler:_handle_exit:54 - Received SIGINT – starting graceful shutdown…
2025-07-28 12:07:12 | ERROR    | devpulse_client.ingest.client.event_client:send_events:83 - Error sending events: [Errno 111] Connection refused
2025-07-28 12:07:12 | INFO     | devpulse_client.ingest.client.event_client:run:59 - Logging activity: System Stopped
