2025-07-30 15:40:40 | INFO     | devpulse_client.auth.collectors.device_collector:collect_fingerprint:20 - Collecting device fingerprint
2025-07-30 15:40:40 | INFO     | devpulse_client.auth.collectors.device_collector:collect_fingerprint:23 - Collecting device fingerprint: 18:60:24:92:da:75
2025-07-30 15:40:40 | INFO     | devpulse_client.auth.collectors.device_collector:collect_fingerprint:26 - Collecting device fingerprint: OKEY
2025-07-30 15:40:40 | DEBUG    | devpulse_client.auth.collectors.device_collector:collect_fingerprint:29 - Collected device fingerprint: MAC=18:60:24:92:da:75
2025-07-30 15:40:40 | INFO     | devpulse_client.auth.client.auth_client:_send_login_request:144 - Credential validation successful: {'access_token': 'eyJhbGciOiJIUzI1NiIsInR5cCI6IkpXVCJ9.eyJzdWIiOiJmYXJ1ayIsImRldmljZV9tYWMiOiIxODo2MDoyNDo5MjpkYTo3NSJ9.mdvGKPs6tdby8LCZ1GdpPUjIwZ7I28mBg07IeLUbcuc', 'token_type': 'bearer', 'expires': False}
2025-07-30 15:40:40 | INFO     | devpulse_client.ingest.client.event_client:run:34 - Starting activity tracker
2025-07-30 15:40:40 | INFO     | devpulse_client.ingest.client.event_client:run:42 - Logging activity: System Started
2025-07-30 15:40:40 | DEBUG    | devpulse_client.core.window_tracker.window_task:_start_tracking_new_window:68 - Started tracking window: 'gnome-shell'
2025-07-30 15:40:56 | INFO     | devpulse_client.core.window_tracker.window_task:_log_previous_window_if_needed:51 - Window 'gnome-shell' met duration threshold | Start: 2025-07-30T15:40:40.553147 | End: 2025-07-30T15:40:56.823385 | Duration: 16.3s (>= 0s threshold)
2025-07-30 15:40:56 | INFO     | devpulse_client.core.window_tracker.window_task:_log_window_event:75 - Logging window event for 'gnome-shell' | Start: 2025-07-30T15:40:40.553147 | End: 2025-07-30T15:40:56.823385 | Duration: 16.3s
2025-07-30 15:40:56 | DEBUG    | devpulse_client.core.window_tracker.window_task:_start_tracking_new_window:68 - Started tracking window: 'activity_state_task.py - devpulse-client-v2 - Visual Studio Code'
2025-07-30 15:40:56 | INFO     | devpulse_client.core.window_tracker.window_task:_log_previous_window_if_needed:51 - Window 'activity_state_task.py - devpulse-client-v2 - Visual Studio Code' met duration threshold | Start: 2025-07-30T15:40:56.823385 | End: 2025-07-30T15:40:56.890163 | Duration: 0.1s (>= 0s threshold)
2025-07-30 15:40:56 | INFO     | devpulse_client.core.window_tracker.window_task:_log_window_event:75 - Logging window event for 'activity_state_task.py - devpulse-client-v2 - Visual Studio Code' | Start: 2025-07-30T15:40:56.823385 | End: 2025-07-30T15:40:56.890163 | Duration: 0.1s
2025-07-30 15:40:56 | DEBUG    | devpulse_client.core.window_tracker.window_task:_start_tracking_new_window:68 - Started tracking window: 'gnome-shell'
2025-07-30 15:41:02 | INFO     | devpulse_client.core.window_tracker.window_task:_log_previous_window_if_needed:51 - Window 'gnome-shell' met duration threshold | Start: 2025-07-30T15:40:56.890163 | End: 2025-07-30T15:41:02.843560 | Duration: 6.0s (>= 0s threshold)
2025-07-30 15:41:02 | INFO     | devpulse_client.core.window_tracker.window_task:_log_window_event:75 - Logging window event for 'gnome-shell' | Start: 2025-07-30T15:40:56.890163 | End: 2025-07-30T15:41:02.843560 | Duration: 6.0s
2025-07-30 15:41:02 | DEBUG    | devpulse_client.core.window_tracker.window_task:_start_tracking_new_window:68 - Started tracking window: 'activity_state_task.py - devpulse-client-v2 - Visual Studio Code'
2025-07-30 15:41:10 | INFO     | devpulse_client.core.activity_state_tracker.activity_state_task:tick:38 - Screen locked by scheduler (based on config interval).
2025-07-30 15:41:10 | INFO     | devpulse_client.core.activity_state_tracker.activity_state_task:tick:55 - Logging activity: User Active
2025-07-30 15:41:10 | INFO     | devpulse_client.core.activity_state_tracker.activity_state_task:tick:63 - Logging activity: Screen Locked
2025-07-30 15:41:10 | INFO     | devpulse_client.core.window_tracker.window_task:_log_previous_window_if_needed:51 - Window 'activity_state_task.py - devpulse-client-v2 - Visual Studio Code' met duration threshold | Start: 2025-07-30T15:41:02.843560 | End: 2025-07-30T15:41:10.396669 | Duration: 7.6s (>= 0s threshold)
2025-07-30 15:41:10 | INFO     | devpulse_client.core.window_tracker.window_task:_log_window_event:75 - Logging window event for 'activity_state_task.py - devpulse-client-v2 - Visual Studio Code' | Start: 2025-07-30T15:41:02.843560 | End: 2025-07-30T15:41:10.396669 | Duration: 7.6s
2025-07-30 15:41:10 | DEBUG    | devpulse_client.core.window_tracker.window_task:_start_tracking_new_window:68 - Started tracking window: 'gnome-shell'
2025-07-30 15:41:17 | INFO     | devpulse_client.core.window_tracker.window_task:_log_previous_window_if_needed:51 - Window 'gnome-shell' met duration threshold | Start: 2025-07-30T15:41:10.396669 | End: 2025-07-30T15:41:17.939222 | Duration: 7.5s (>= 0s threshold)
2025-07-30 15:41:17 | INFO     | devpulse_client.core.window_tracker.window_task:_log_window_event:75 - Logging window event for 'gnome-shell' | Start: 2025-07-30T15:41:10.396669 | End: 2025-07-30T15:41:17.939222 | Duration: 7.5s
2025-07-30 15:41:17 | DEBUG    | devpulse_client.core.window_tracker.window_task:_start_tracking_new_window:68 - Started tracking window: 'activity_state_task.py - devpulse-client-v2 - Visual Studio Code'
2025-07-30 15:41:18 | INFO     | devpulse_client.core.activity_state_tracker.activity_state_task:tick:68 - Logging activity: Screen Unlocked
2025-07-30 15:41:18 | INFO     | devpulse_client.core.activity_state_tracker.activity_state_task:tick:72 - Logging activity: User Active
2025-07-30 15:41:19 | INFO     | devpulse_client.core.signal_handler.signal_handler:_handle_exit:54 - Received SIGINT – starting graceful shutdown…
2025-07-30 15:41:19 | INFO     | devpulse_client.ingest.client.event_client:run:61 - Logging activity: System Stopped
