2025-07-25 15:38:12 | INFO     | devpulse_client.app.app:__init__:49 - Initialized DevPulse client for server: http://localhost:8000
2025-07-25 15:38:12 | INFO     | devpulse_client.app.app:start:76 - Validating credentials with server...
2025-07-25 15:38:12 | INFO     | devpulse_client.auth.collectors.device_collector:collect_fingerprint:20 - Collecting device fingerprint
2025-07-25 15:38:12 | INFO     | devpulse_client.auth.collectors.device_collector:collect_fingerprint:23 - Collecting device fingerprint: 18:60:24:92:da:75
2025-07-25 15:38:12 | INFO     | devpulse_client.auth.collectors.device_collector:collect_fingerprint:26 - Collecting device fingerprint: OKEY
2025-07-25 15:38:12 | DEBUG    | devpulse_client.auth.collectors.device_collector:collect_fingerprint:29 - Collected device fingerprint: MAC=18:60:24:92:da:75
2025-07-25 15:38:12 | INFO     | devpulse_client.auth.client.auth_client:_send_login_request:144 - Credential validation successful: {'access_token': 'eyJhbGciOiJIUzI1NiIsInR5cCI6IkpXVCJ9.eyJzdWIiOiJ5YW1hbiIsImRldmljZV9tYWMiOiIxODo2MDoyNDo5MjpkYTo3NSJ9.Tpu5dPrmlxNTPDWFGQzhKpsOGf-H2KHv7WlZTQ0a3KI', 'token_type': 'bearer', 'expires': False}
2025-07-25 15:38:12 | INFO     | devpulse_client.app.app:start:83 - ✅ Access token recieved.
2025-07-25 15:38:12 | INFO     | devpulse_client.ingest.client.event_client:run:33 - Starting activity tracker
2025-07-25 15:38:12 | INFO     | devpulse_client.ingest.client.event_client:run:43 - Logging activity: System Started
2025-07-25 15:38:12 | DEBUG    | devpulse_client.core.window_tracker.window_task:_start_tracking_new_window:68 - Started tracking window: 'event_models.py - devpulse-client-v2 - Visual Studio Code'
2025-07-25 15:38:12 | INFO     | devpulse_client.core.activity_state_tracker.activity_state_task:tick:74 - Logging activity: User Active
2025-07-25 15:38:17 | INFO     | devpulse_client.core.window_tracker.window_task:_log_previous_window_if_needed:51 - Window 'event_models.py - devpulse-client-v2 - Visual Studio Code' met duration threshold | Start: 2025-07-25T15:38:12.558949 | End: 2025-07-25T15:38:17.317332 | Duration: 4.8s (>= 0s threshold)
2025-07-25 15:38:17 | INFO     | devpulse_client.core.window_tracker.window_task:_log_window_event:75 - Logging window event for 'event_models.py - devpulse-client-v2 - Visual Studio Code' | Start: 2025-07-25T15:38:12.558949 | End: 2025-07-25T15:38:17.317332 | Duration: 4.8s
2025-07-25 15:38:17 | DEBUG    | devpulse_client.core.window_tracker.window_task:_start_tracking_new_window:68 - Started tracking window: 'event_models.py - devpulse-server - Visual Studio Code'
2025-07-25 15:38:17 | ERROR    | devpulse_client.ingest.client.event_client:_send_events:90 - Error sending events: Object of type datetime is not JSON serializable
2025-07-25 15:38:19 | INFO     | devpulse_client.core.window_tracker.window_task:_log_previous_window_if_needed:51 - Window 'event_models.py - devpulse-server - Visual Studio Code' met duration threshold | Start: 2025-07-25T15:38:17.317332 | End: 2025-07-25T15:38:19.696311 | Duration: 2.4s (>= 0s threshold)
2025-07-25 15:38:19 | INFO     | devpulse_client.core.window_tracker.window_task:_log_window_event:75 - Logging window event for 'event_models.py - devpulse-server - Visual Studio Code' | Start: 2025-07-25T15:38:17.317332 | End: 2025-07-25T15:38:19.696311 | Duration: 2.4s
2025-07-25 15:38:19 | DEBUG    | devpulse_client.core.window_tracker.window_task:_start_tracking_new_window:68 - Started tracking window: 'event_models.py - devpulse-client-v2 - Visual Studio Code'
2025-07-25 15:38:21 | INFO     | devpulse_client.core.window_tracker.window_task:_log_previous_window_if_needed:51 - Window 'event_models.py - devpulse-client-v2 - Visual Studio Code' met duration threshold | Start: 2025-07-25T15:38:19.696311 | End: 2025-07-25T15:38:21.055543 | Duration: 1.4s (>= 0s threshold)
2025-07-25 15:38:21 | INFO     | devpulse_client.core.window_tracker.window_task:_log_window_event:75 - Logging window event for 'event_models.py - devpulse-client-v2 - Visual Studio Code' | Start: 2025-07-25T15:38:19.696311 | End: 2025-07-25T15:38:21.055543 | Duration: 1.4s
2025-07-25 15:38:21 | DEBUG    | devpulse_client.core.window_tracker.window_task:_start_tracking_new_window:68 - Started tracking window: 'event_models.py - devpulse-server - Visual Studio Code'
2025-07-25 15:38:22 | ERROR    | devpulse_client.ingest.client.event_client:_send_events:90 - Error sending events: Object of type datetime is not JSON serializable
2025-07-25 15:38:25 | INFO     | devpulse_client.core.window_tracker.window_task:_log_previous_window_if_needed:51 - Window 'event_models.py - devpulse-server - Visual Studio Code' met duration threshold | Start: 2025-07-25T15:38:21.055543 | End: 2025-07-25T15:38:25.870255 | Duration: 4.8s (>= 0s threshold)
2025-07-25 15:38:25 | INFO     | devpulse_client.core.window_tracker.window_task:_log_window_event:75 - Logging window event for 'event_models.py - devpulse-server - Visual Studio Code' | Start: 2025-07-25T15:38:21.055543 | End: 2025-07-25T15:38:25.870255 | Duration: 4.8s
2025-07-25 15:38:25 | DEBUG    | devpulse_client.core.window_tracker.window_task:_start_tracking_new_window:68 - Started tracking window: 'Fix JSON serialization — Mozilla Firefox'
2025-07-25 15:38:27 | ERROR    | devpulse_client.ingest.client.event_client:_send_events:90 - Error sending events: Object of type datetime is not JSON serializable
2025-07-25 15:38:33 | ERROR    | devpulse_client.ingest.client.event_client:_send_events:90 - Error sending events: Object of type datetime is not JSON serializable
2025-07-25 15:38:38 | ERROR    | devpulse_client.ingest.client.event_client:_send_events:90 - Error sending events: Object of type datetime is not JSON serializable
2025-07-25 15:38:43 | ERROR    | devpulse_client.ingest.client.event_client:_send_events:90 - Error sending events: Object of type datetime is not JSON serializable
2025-07-25 15:38:44 | INFO     | devpulse_client.core.window_tracker.window_task:_log_previous_window_if_needed:51 - Window 'Fix JSON serialization — Mozilla Firefox' met duration threshold | Start: 2025-07-25T15:38:25.870255 | End: 2025-07-25T15:38:44.208205 | Duration: 18.3s (>= 0s threshold)
2025-07-25 15:38:44 | INFO     | devpulse_client.core.window_tracker.window_task:_log_window_event:75 - Logging window event for 'Fix JSON serialization — Mozilla Firefox' | Start: 2025-07-25T15:38:25.870255 | End: 2025-07-25T15:38:44.208205 | Duration: 18.3s
2025-07-25 15:38:44 | DEBUG    | devpulse_client.core.window_tracker.window_task:_start_tracking_new_window:68 - Started tracking window: 'event_models.py - devpulse-client-v2 - Visual Studio Code'
2025-07-25 15:38:44 | INFO     | devpulse_client.core.window_tracker.window_task:_log_previous_window_if_needed:51 - Window 'event_models.py - devpulse-client-v2 - Visual Studio Code' met duration threshold | Start: 2025-07-25T15:38:44.208205 | End: 2025-07-25T15:38:44.462991 | Duration: 0.3s (>= 0s threshold)
2025-07-25 15:38:44 | INFO     | devpulse_client.core.window_tracker.window_task:_log_window_event:75 - Logging window event for 'event_models.py - devpulse-client-v2 - Visual Studio Code' | Start: 2025-07-25T15:38:44.208205 | End: 2025-07-25T15:38:44.462991 | Duration: 0.3s
2025-07-25 15:38:44 | DEBUG    | devpulse_client.core.window_tracker.window_task:_start_tracking_new_window:68 - Started tracking window: 'event_client.py - devpulse-client-v2 - Visual Studio Code'
2025-07-25 15:38:48 | ERROR    | devpulse_client.ingest.client.event_client:_send_events:90 - Error sending events: Object of type datetime is not JSON serializable
2025-07-25 15:38:49 | INFO     | devpulse_client.core.window_tracker.window_task:_log_previous_window_if_needed:51 - Window 'event_client.py - devpulse-client-v2 - Visual Studio Code' met duration threshold | Start: 2025-07-25T15:38:44.462991 | End: 2025-07-25T15:38:49.179147 | Duration: 4.7s (>= 0s threshold)
2025-07-25 15:38:49 | INFO     | devpulse_client.core.window_tracker.window_task:_log_window_event:75 - Logging window event for 'event_client.py - devpulse-client-v2 - Visual Studio Code' | Start: 2025-07-25T15:38:44.462991 | End: 2025-07-25T15:38:49.179147 | Duration: 4.7s
2025-07-25 15:38:49 | DEBUG    | devpulse_client.core.window_tracker.window_task:_start_tracking_new_window:68 - Started tracking window: '● event_client.py - devpulse-client-v2 - Visual Studio Code'
2025-07-25 15:38:53 | ERROR    | devpulse_client.ingest.client.event_client:_send_events:90 - Error sending events: Object of type datetime is not JSON serializable
2025-07-25 15:38:55 | INFO     | devpulse_client.core.window_tracker.window_task:_log_previous_window_if_needed:51 - Window '● event_client.py - devpulse-client-v2 - Visual Studio Code' met duration threshold | Start: 2025-07-25T15:38:49.179147 | End: 2025-07-25T15:38:55.446516 | Duration: 6.3s (>= 0s threshold)
2025-07-25 15:38:55 | INFO     | devpulse_client.core.window_tracker.window_task:_log_window_event:75 - Logging window event for '● event_client.py - devpulse-client-v2 - Visual Studio Code' | Start: 2025-07-25T15:38:49.179147 | End: 2025-07-25T15:38:55.446516 | Duration: 6.3s
2025-07-25 15:38:55 | DEBUG    | devpulse_client.core.window_tracker.window_task:_start_tracking_new_window:68 - Started tracking window: 'event_client.py - devpulse-client-v2 - Visual Studio Code'
2025-07-25 15:38:57 | INFO     | devpulse_client.ingest.client.event_client:run:63 - Logging activity: System Stopped
2025-07-25 15:38:57 | INFO     | devpulse_client.app.app:start:100 - Received interrupt, shutting down
2025-07-25 15:38:57 | ERROR    | devpulse_client.cli.commands:run:48 - ❌ Failed to start client
