2025-07-25 15:33:47 | INFO     | devpulse_client.app.app:__init__:49 - Initialized DevPulse client for server: http://localhost:8000
2025-07-25 15:33:47 | INFO     | devpulse_client.app.app:start:76 - Validating credentials with server...
2025-07-25 15:33:47 | INFO     | devpulse_client.auth.collectors.device_collector:collect_fingerprint:20 - Collecting device fingerprint
2025-07-25 15:33:47 | INFO     | devpulse_client.auth.collectors.device_collector:collect_fingerprint:23 - Collecting device fingerprint: 18:60:24:92:da:75
2025-07-25 15:33:47 | INFO     | devpulse_client.auth.collectors.device_collector:collect_fingerprint:26 - Collecting device fingerprint: OKEY
2025-07-25 15:33:47 | DEBUG    | devpulse_client.auth.collectors.device_collector:collect_fingerprint:29 - Collected device fingerprint: MAC=18:60:24:92:da:75
2025-07-25 15:33:47 | INFO     | devpulse_client.auth.client.auth_client:_send_login_request:144 - Credential validation successful: {'access_token': 'eyJhbGciOiJIUzI1NiIsInR5cCI6IkpXVCJ9.eyJzdWIiOiJ5YW1hbiIsImRldmljZV9tYWMiOiIxODo2MDoyNDo5MjpkYTo3NSJ9.Tpu5dPrmlxNTPDWFGQzhKpsOGf-H2KHv7WlZTQ0a3KI', 'token_type': 'bearer', 'expires': False}
2025-07-25 15:33:47 | INFO     | devpulse_client.app.app:start:83 - ✅ Access token recieved.
2025-07-25 15:33:47 | INFO     | devpulse_client.ingest.client.event_client:run:33 - Starting activity tracker
2025-07-25 15:33:47 | INFO     | devpulse_client.ingest.client.event_client:run:43 - Logging activity: System Started
2025-07-25 15:33:47 | DEBUG    | devpulse_client.core.window_tracker.window_task:_start_tracking_new_window:68 - Started tracking window: 'event_client.py - devpulse-client-v2 - Visual Studio Code'
2025-07-25 15:33:47 | INFO     | devpulse_client.core.activity_state_tracker.activity_state_task:tick:74 - Logging activity: User Active
2025-07-25 15:33:52 | ERROR    | devpulse_client.ingest.client.event_client:_send_events:90 - Error sending events: Object of type datetime is not JSON serializable
2025-07-25 15:33:57 | ERROR    | devpulse_client.ingest.client.event_client:_send_events:90 - Error sending events: Object of type datetime is not JSON serializable
2025-07-25 15:34:02 | ERROR    | devpulse_client.ingest.client.event_client:_send_events:90 - Error sending events: Object of type datetime is not JSON serializable
2025-07-25 15:34:07 | ERROR    | devpulse_client.ingest.client.event_client:_send_events:90 - Error sending events: Object of type datetime is not JSON serializable
2025-07-25 15:34:12 | ERROR    | devpulse_client.ingest.client.event_client:_send_events:90 - Error sending events: Object of type datetime is not JSON serializable
2025-07-25 15:34:17 | ERROR    | devpulse_client.ingest.client.event_client:_send_events:90 - Error sending events: Object of type datetime is not JSON serializable
2025-07-25 15:34:22 | ERROR    | devpulse_client.ingest.client.event_client:_send_events:90 - Error sending events: Object of type datetime is not JSON serializable
2025-07-25 15:34:27 | ERROR    | devpulse_client.ingest.client.event_client:_send_events:90 - Error sending events: Object of type datetime is not JSON serializable
2025-07-25 15:34:33 | ERROR    | devpulse_client.ingest.client.event_client:_send_events:90 - Error sending events: Object of type datetime is not JSON serializable
2025-07-25 15:34:33 | INFO     | devpulse_client.core.window_tracker.window_task:_log_previous_window_if_needed:51 - Window 'event_client.py - devpulse-client-v2 - Visual Studio Code' met duration threshold | Start: 2025-07-25T15:33:47.390225 | End: 2025-07-25T15:34:33.644332 | Duration: 46.3s (>= 0s threshold)
2025-07-25 15:34:33 | INFO     | devpulse_client.core.window_tracker.window_task:_log_window_event:75 - Logging window event for 'event_client.py - devpulse-client-v2 - Visual Studio Code' | Start: 2025-07-25T15:33:47.390225 | End: 2025-07-25T15:34:33.644332 | Duration: 46.3s
2025-07-25 15:34:33 | DEBUG    | devpulse_client.core.window_tracker.window_task:_start_tracking_new_window:68 - Started tracking window: 'event_models.py - devpulse-client-v2 - Visual Studio Code'
2025-07-25 15:34:38 | ERROR    | devpulse_client.ingest.client.event_client:_send_events:90 - Error sending events: Object of type datetime is not JSON serializable
2025-07-25 15:34:43 | ERROR    | devpulse_client.ingest.client.event_client:_send_events:90 - Error sending events: Object of type datetime is not JSON serializable
2025-07-25 15:34:48 | ERROR    | devpulse_client.ingest.client.event_client:_send_events:90 - Error sending events: Object of type datetime is not JSON serializable
2025-07-25 15:34:53 | ERROR    | devpulse_client.ingest.client.event_client:_send_events:90 - Error sending events: Object of type datetime is not JSON serializable
2025-07-25 15:34:56 | INFO     | devpulse_client.core.window_tracker.window_task:_log_previous_window_if_needed:51 - Window 'event_models.py - devpulse-client-v2 - Visual Studio Code' met duration threshold | Start: 2025-07-25T15:34:33.644332 | End: 2025-07-25T15:34:56.620688 | Duration: 23.0s (>= 0s threshold)
2025-07-25 15:34:56 | INFO     | devpulse_client.core.window_tracker.window_task:_log_window_event:75 - Logging window event for 'event_models.py - devpulse-client-v2 - Visual Studio Code' | Start: 2025-07-25T15:34:33.644332 | End: 2025-07-25T15:34:56.620688 | Duration: 23.0s
2025-07-25 15:34:56 | DEBUG    | devpulse_client.core.window_tracker.window_task:_start_tracking_new_window:68 - Started tracking window: 'event_client.py - devpulse-client-v2 - Visual Studio Code'
2025-07-25 15:34:58 | ERROR    | devpulse_client.ingest.client.event_client:_send_events:90 - Error sending events: Object of type datetime is not JSON serializable
2025-07-25 15:34:58 | INFO     | devpulse_client.core.window_tracker.window_task:_log_previous_window_if_needed:51 - Window 'event_client.py - devpulse-client-v2 - Visual Studio Code' met duration threshold | Start: 2025-07-25T15:34:56.620688 | End: 2025-07-25T15:34:58.831726 | Duration: 2.2s (>= 0s threshold)
2025-07-25 15:34:58 | INFO     | devpulse_client.core.window_tracker.window_task:_log_window_event:75 - Logging window event for 'event_client.py - devpulse-client-v2 - Visual Studio Code' | Start: 2025-07-25T15:34:56.620688 | End: 2025-07-25T15:34:58.831726 | Duration: 2.2s
2025-07-25 15:34:58 | DEBUG    | devpulse_client.core.window_tracker.window_task:_start_tracking_new_window:68 - Started tracking window: 'event_models.py - devpulse-client-v2 - Visual Studio Code'
2025-07-25 15:35:03 | ERROR    | devpulse_client.ingest.client.event_client:_send_events:90 - Error sending events: Object of type datetime is not JSON serializable
2025-07-25 15:35:08 | ERROR    | devpulse_client.ingest.client.event_client:_send_events:90 - Error sending events: Object of type datetime is not JSON serializable
2025-07-25 15:35:13 | ERROR    | devpulse_client.ingest.client.event_client:_send_events:90 - Error sending events: Object of type datetime is not JSON serializable
2025-07-25 15:35:18 | ERROR    | devpulse_client.ingest.client.event_client:_send_events:90 - Error sending events: Object of type datetime is not JSON serializable
2025-07-25 15:35:23 | INFO     | devpulse_client.core.window_tracker.window_task:_log_previous_window_if_needed:51 - Window 'event_models.py - devpulse-client-v2 - Visual Studio Code' met duration threshold | Start: 2025-07-25T15:34:58.831726 | End: 2025-07-25T15:35:23.084918 | Duration: 24.3s (>= 0s threshold)
2025-07-25 15:35:23 | INFO     | devpulse_client.core.window_tracker.window_task:_log_window_event:75 - Logging window event for 'event_models.py - devpulse-client-v2 - Visual Studio Code' | Start: 2025-07-25T15:34:58.831726 | End: 2025-07-25T15:35:23.084918 | Duration: 24.3s
2025-07-25 15:35:23 | DEBUG    | devpulse_client.core.window_tracker.window_task:_start_tracking_new_window:68 - Started tracking window: 'Mozilla Firefox'
2025-07-25 15:35:23 | ERROR    | devpulse_client.ingest.client.event_client:_send_events:90 - Error sending events: Object of type datetime is not JSON serializable
2025-07-25 15:35:24 | INFO     | devpulse_client.core.window_tracker.window_task:_log_previous_window_if_needed:51 - Window 'Mozilla Firefox' met duration threshold | Start: 2025-07-25T15:35:23.084918 | End: 2025-07-25T15:35:24.087068 | Duration: 1.0s (>= 0s threshold)
2025-07-25 15:35:24 | INFO     | devpulse_client.core.window_tracker.window_task:_log_window_event:75 - Logging window event for 'Mozilla Firefox' | Start: 2025-07-25T15:35:23.084918 | End: 2025-07-25T15:35:24.087068 | Duration: 1.0s
2025-07-25 15:35:24 | DEBUG    | devpulse_client.core.window_tracker.window_task:_start_tracking_new_window:68 - Started tracking window: 'event_models.py - devpulse-client-v2 - Visual Studio Code'
2025-07-25 15:35:24 | INFO     | devpulse_client.ingest.client.event_client:run:63 - Logging activity: System Stopped
2025-07-25 15:35:24 | INFO     | devpulse_client.app.app:start:100 - Received interrupt, shutting down
2025-07-25 15:35:24 | ERROR    | devpulse_client.cli.commands:run:48 - ❌ Failed to start client
