2025-07-30 13:28:02 | INFO     | devpulse_client.auth.collectors.device_collector:collect_fingerprint:20 - Collecting device fingerprint
2025-07-30 13:28:02 | INFO     | devpulse_client.auth.collectors.device_collector:collect_fingerprint:23 - Collecting device fingerprint: 18:60:24:92:da:75
2025-07-30 13:28:02 | INFO     | devpulse_client.auth.collectors.device_collector:collect_fingerprint:26 - Collecting device fingerprint: OKEY
2025-07-30 13:28:02 | DEBUG    | devpulse_client.auth.collectors.device_collector:collect_fingerprint:29 - Collected device fingerprint: MAC=18:60:24:92:da:75
2025-07-30 13:28:02 | INFO     | devpulse_client.auth.client.auth_client:_send_login_request:144 - Credential validation successful: {'access_token': 'eyJhbGciOiJIUzI1NiIsInR5cCI6IkpXVCJ9.eyJzdWIiOiJmYXJ1ayIsImRldmljZV9tYWMiOiIxODo2MDoyNDo5MjpkYTo3NSJ9.mdvGKPs6tdby8LCZ1GdpPUjIwZ7I28mBg07IeLUbcuc', 'token_type': 'bearer', 'expires': False}
2025-07-30 13:28:02 | INFO     | devpulse_client.ingest.client.event_client:run:34 - Starting activity tracker
2025-07-30 13:28:02 | INFO     | devpulse_client.ingest.client.event_client:run:42 - Logging activity: System Started
2025-07-30 13:28:02 | DEBUG    | devpulse_client.core.window_tracker.window_task:_start_tracking_new_window:68 - Started tracking window: 'tracker_config.py - devpulse-client-v2 - Visual Studio Code'
2025-07-30 13:28:02 | INFO     | devpulse_client.core.activity_state_tracker.activity_state_task:tick:74 - Logging activity: User Active
2025-07-30 13:28:03 | INFO     | devpulse_client.core.window_tracker.window_task:_log_previous_window_if_needed:51 - Window 'tracker_config.py - devpulse-client-v2 - Visual Studio Code' met duration threshold | Start: 2025-07-30T13:28:02.786102 | End: 2025-07-30T13:28:03.003112 | Duration: 0.2s (>= 0s threshold)
2025-07-30 13:28:03 | INFO     | devpulse_client.core.window_tracker.window_task:_log_window_event:75 - Logging window event for 'tracker_config.py - devpulse-client-v2 - Visual Studio Code' | Start: 2025-07-30T13:28:02.786102 | End: 2025-07-30T13:28:03.003112 | Duration: 0.2s
2025-07-30 13:28:03 | DEBUG    | devpulse_client.core.window_tracker.window_task:_start_tracking_new_window:68 - Started tracking window: 'Math Challenge'
2025-07-30 13:28:12 | INFO     | devpulse_client.core.activity_state_tracker.activity_state_task:tick:101 - Logging activity: User Inactive
2025-07-30 13:28:14 | INFO     | devpulse_client.core.activity_state_tracker.activity_state_task:tick:106 - Logging activity: User Active
2025-07-30 13:28:24 | INFO     | devpulse_client.core.window_tracker.window_task:_log_previous_window_if_needed:51 - Window 'Math Challenge' met duration threshold | Start: 2025-07-30T13:28:03.003112 | End: 2025-07-30T13:28:24.747028 | Duration: 21.7s (>= 0s threshold)
2025-07-30 13:28:24 | INFO     | devpulse_client.core.window_tracker.window_task:_log_window_event:75 - Logging window event for 'Math Challenge' | Start: 2025-07-30T13:28:03.003112 | End: 2025-07-30T13:28:24.747028 | Duration: 21.7s
2025-07-30 13:28:24 | DEBUG    | devpulse_client.core.window_tracker.window_task:_start_tracking_new_window:68 - Started tracking window: 'Captcha task update — Mozilla Firefox'
2025-07-30 13:28:31 | INFO     | devpulse_client.core.window_tracker.window_task:_log_previous_window_if_needed:51 - Window 'Captcha task update — Mozilla Firefox' met duration threshold | Start: 2025-07-30T13:28:24.747028 | End: 2025-07-30T13:28:31.555849 | Duration: 6.8s (>= 0s threshold)
2025-07-30 13:28:31 | INFO     | devpulse_client.core.window_tracker.window_task:_log_window_event:75 - Logging window event for 'Captcha task update — Mozilla Firefox' | Start: 2025-07-30T13:28:24.747028 | End: 2025-07-30T13:28:31.555849 | Duration: 6.8s
2025-07-30 13:28:31 | DEBUG    | devpulse_client.core.window_tracker.window_task:_start_tracking_new_window:68 - Started tracking window: 'tracker_config.py - devpulse-client-v2 - Visual Studio Code'
2025-07-30 13:28:32 | INFO     | devpulse_client.core.window_tracker.window_task:_log_previous_window_if_needed:51 - Window 'tracker_config.py - devpulse-client-v2 - Visual Studio Code' met duration threshold | Start: 2025-07-30T13:28:31.555849 | End: 2025-07-30T13:28:32.811023 | Duration: 1.3s (>= 0s threshold)
2025-07-30 13:28:32 | INFO     | devpulse_client.core.window_tracker.window_task:_log_window_event:75 - Logging window event for 'tracker_config.py - devpulse-client-v2 - Visual Studio Code' | Start: 2025-07-30T13:28:31.555849 | End: 2025-07-30T13:28:32.811023 | Duration: 1.3s
2025-07-30 13:28:32 | DEBUG    | devpulse_client.core.window_tracker.window_task:_start_tracking_new_window:68 - Started tracking window: '● tracker_config.py - devpulse-client-v2 - Visual Studio Code'
2025-07-30 13:28:33 | INFO     | devpulse_client.core.window_tracker.window_task:_log_previous_window_if_needed:51 - Window '● tracker_config.py - devpulse-client-v2 - Visual Studio Code' met duration threshold | Start: 2025-07-30T13:28:32.811023 | End: 2025-07-30T13:28:33.234306 | Duration: 0.4s (>= 0s threshold)
2025-07-30 13:28:33 | INFO     | devpulse_client.core.window_tracker.window_task:_log_window_event:75 - Logging window event for '● tracker_config.py - devpulse-client-v2 - Visual Studio Code' | Start: 2025-07-30T13:28:32.811023 | End: 2025-07-30T13:28:33.234306 | Duration: 0.4s
2025-07-30 13:28:33 | DEBUG    | devpulse_client.core.window_tracker.window_task:_start_tracking_new_window:68 - Started tracking window: 'Math Challenge'
2025-07-30 13:28:34 | INFO     | devpulse_client.core.window_tracker.window_task:_log_previous_window_if_needed:51 - Window 'Math Challenge' met duration threshold | Start: 2025-07-30T13:28:33.234306 | End: 2025-07-30T13:28:34.272846 | Duration: 1.0s (>= 0s threshold)
2025-07-30 13:28:34 | INFO     | devpulse_client.core.window_tracker.window_task:_log_window_event:75 - Logging window event for 'Math Challenge' | Start: 2025-07-30T13:28:33.234306 | End: 2025-07-30T13:28:34.272846 | Duration: 1.0s
2025-07-30 13:28:34 | DEBUG    | devpulse_client.core.window_tracker.window_task:_start_tracking_new_window:68 - Started tracking window: '● tracker_config.py - devpulse-client-v2 - Visual Studio Code'
2025-07-30 13:28:34 | INFO     | devpulse_client.core.window_tracker.window_task:_log_previous_window_if_needed:51 - Window '● tracker_config.py - devpulse-client-v2 - Visual Studio Code' met duration threshold | Start: 2025-07-30T13:28:34.272846 | End: 2025-07-30T13:28:34.440896 | Duration: 0.2s (>= 0s threshold)
2025-07-30 13:28:34 | INFO     | devpulse_client.core.window_tracker.window_task:_log_window_event:75 - Logging window event for '● tracker_config.py - devpulse-client-v2 - Visual Studio Code' | Start: 2025-07-30T13:28:34.272846 | End: 2025-07-30T13:28:34.440896 | Duration: 0.2s
2025-07-30 13:28:34 | DEBUG    | devpulse_client.core.window_tracker.window_task:_start_tracking_new_window:68 - Started tracking window: 'Math Challenge'
2025-07-30 13:28:34 | INFO     | devpulse_client.core.window_tracker.window_task:_log_previous_window_if_needed:51 - Window 'Math Challenge' met duration threshold | Start: 2025-07-30T13:28:34.440896 | End: 2025-07-30T13:28:34.816497 | Duration: 0.4s (>= 0s threshold)
2025-07-30 13:28:34 | INFO     | devpulse_client.core.window_tracker.window_task:_log_window_event:75 - Logging window event for 'Math Challenge' | Start: 2025-07-30T13:28:34.440896 | End: 2025-07-30T13:28:34.816497 | Duration: 0.4s
2025-07-30 13:28:34 | DEBUG    | devpulse_client.core.window_tracker.window_task:_start_tracking_new_window:68 - Started tracking window: '● tracker_config.py - devpulse-client-v2 - Visual Studio Code'
2025-07-30 13:28:34 | INFO     | devpulse_client.core.signal_handler.signal_handler:_handle_exit:54 - Received SIGINT – starting graceful shutdown…
2025-07-30 13:28:35 | INFO     | devpulse_client.ingest.client.event_client:run:61 - Logging activity: System Stopped
