2025-07-25 15:13:06 | INFO     | devpulse_client.app.app:__init__:53 - Initialized DevPulse client for server: http://localhost:8000
2025-07-25 15:13:06 | INFO     | devpulse_client.app.app:start:80 - Validating credentials with server...
2025-07-25 15:13:06 | INFO     | devpulse_client.auth.collectors.device_collector:collect_fingerprint:20 - Collecting device fingerprint
2025-07-25 15:13:06 | INFO     | devpulse_client.auth.collectors.device_collector:collect_fingerprint:23 - Collecting device fingerprint: 18:60:24:92:da:75
2025-07-25 15:13:06 | INFO     | devpulse_client.auth.collectors.device_collector:collect_fingerprint:26 - Collecting device fingerprint: OKEY
2025-07-25 15:13:06 | DEBUG    | devpulse_client.auth.collectors.device_collector:collect_fingerprint:29 - Collected device fingerprint: MAC=18:60:24:92:da:75
2025-07-25 15:13:06 | INFO     | devpulse_client.auth.client.auth_client:_send_login_request:144 - Credential validation successful: {'access_token': 'eyJhbGciOiJIUzI1NiIsInR5cCI6IkpXVCJ9.eyJzdWIiOiJ5YW1hbiIsImRldmljZV9tYWMiOiIxODo2MDoyNDo5MjpkYTo3NSJ9.Tpu5dPrmlxNTPDWFGQzhKpsOGf-H2KHv7WlZTQ0a3KI', 'token_type': 'bearer', 'expires': False}
2025-07-25 15:13:06 | INFO     | devpulse_client.app.app:start:87 - ✅ Access token recieved.
2025-07-25 15:13:06 | INFO     | devpulse_client.ingest.client.event_client:run:32 - Starting activity tracker
2025-07-25 15:13:06 | INFO     | devpulse_client.ingest.client.event_client:run:42 - Logging activity: System Started
2025-07-25 15:13:06 | DEBUG    | devpulse_client.core.window_tracker.window_task:_start_tracking_new_window:68 - Started tracking window: 'tracker_config.py - devpulse-client-v2 - Visual Studio Code'
2025-07-25 15:13:06 | INFO     | devpulse_client.core.activity_state_tracker.activity_state_task:tick:74 - Logging activity: User Active
2025-07-25 15:13:12 | INFO     | devpulse_client.core.window_tracker.window_task:_log_previous_window_if_needed:51 - Window 'tracker_config.py - devpulse-client-v2 - Visual Studio Code' met duration threshold | Start: 2025-07-25T15:13:06.789233 | End: 2025-07-25T15:13:12.058791 | Duration: 5.3s (>= 0s threshold)
2025-07-25 15:13:12 | INFO     | devpulse_client.core.window_tracker.window_task:_log_window_event:75 - Logging window event for 'tracker_config.py - devpulse-client-v2 - Visual Studio Code' | Start: 2025-07-25T15:13:06.789233 | End: 2025-07-25T15:13:12.058791 | Duration: 5.3s
2025-07-25 15:13:12 | DEBUG    | devpulse_client.core.window_tracker.window_task:_start_tracking_new_window:68 - Started tracking window: 'Settings Management - Pydantic — Mozilla Firefox'
2025-07-25 15:13:12 | INFO     | devpulse_client.core.window_tracker.window_task:_log_previous_window_if_needed:51 - Window 'Settings Management - Pydantic — Mozilla Firefox' met duration threshold | Start: 2025-07-25T15:13:12.058791 | End: 2025-07-25T15:13:12.214579 | Duration: 0.2s (>= 0s threshold)
2025-07-25 15:13:12 | INFO     | devpulse_client.core.window_tracker.window_task:_log_window_event:75 - Logging window event for 'Settings Management - Pydantic — Mozilla Firefox' | Start: 2025-07-25T15:13:12.058791 | End: 2025-07-25T15:13:12.214579 | Duration: 0.2s
2025-07-25 15:13:12 | DEBUG    | devpulse_client.core.window_tracker.window_task:_start_tracking_new_window:68 - Started tracking window: 'tracker_config.py - devpulse-client-v2 - Visual Studio Code'
2025-07-25 15:13:14 | INFO     | devpulse_client.core.window_tracker.window_task:_log_previous_window_if_needed:51 - Window 'tracker_config.py - devpulse-client-v2 - Visual Studio Code' met duration threshold | Start: 2025-07-25T15:13:12.214579 | End: 2025-07-25T15:13:14.053641 | Duration: 1.8s (>= 0s threshold)
2025-07-25 15:13:14 | INFO     | devpulse_client.core.window_tracker.window_task:_log_window_event:75 - Logging window event for 'tracker_config.py - devpulse-client-v2 - Visual Studio Code' | Start: 2025-07-25T15:13:12.214579 | End: 2025-07-25T15:13:14.053641 | Duration: 1.8s
2025-07-25 15:13:14 | DEBUG    | devpulse_client.core.window_tracker.window_task:_start_tracking_new_window:68 - Started tracking window: 'router.py - devpulse-server - Visual Studio Code'
2025-07-25 15:13:15 | INFO     | devpulse_client.core.window_tracker.window_task:_log_previous_window_if_needed:51 - Window 'router.py - devpulse-server - Visual Studio Code' met duration threshold | Start: 2025-07-25T15:13:14.053641 | End: 2025-07-25T15:13:15.055167 | Duration: 1.0s (>= 0s threshold)
2025-07-25 15:13:15 | INFO     | devpulse_client.core.window_tracker.window_task:_log_window_event:75 - Logging window event for 'router.py - devpulse-server - Visual Studio Code' | Start: 2025-07-25T15:13:14.053641 | End: 2025-07-25T15:13:15.055167 | Duration: 1.0s
2025-07-25 15:13:15 | DEBUG    | devpulse_client.core.window_tracker.window_task:_start_tracking_new_window:68 - Started tracking window: 'tracker_config.py - devpulse-client-v2 - Visual Studio Code'
2025-07-25 15:13:19 | INFO     | devpulse_client.core.window_tracker.window_task:_log_previous_window_if_needed:51 - Window 'tracker_config.py - devpulse-client-v2 - Visual Studio Code' met duration threshold | Start: 2025-07-25T15:13:15.055167 | End: 2025-07-25T15:13:19.634346 | Duration: 4.6s (>= 0s threshold)
2025-07-25 15:13:19 | INFO     | devpulse_client.core.window_tracker.window_task:_log_window_event:75 - Logging window event for 'tracker_config.py - devpulse-client-v2 - Visual Studio Code' | Start: 2025-07-25T15:13:15.055167 | End: 2025-07-25T15:13:19.634346 | Duration: 4.6s
2025-07-25 15:13:19 | DEBUG    | devpulse_client.core.window_tracker.window_task:_start_tracking_new_window:68 - Started tracking window: 'router.py - devpulse-server - Visual Studio Code'
2025-07-25 15:13:20 | INFO     | devpulse_client.core.window_tracker.window_task:_log_previous_window_if_needed:51 - Window 'router.py - devpulse-server - Visual Studio Code' met duration threshold | Start: 2025-07-25T15:13:19.634346 | End: 2025-07-25T15:13:20.324637 | Duration: 0.7s (>= 0s threshold)
2025-07-25 15:13:20 | INFO     | devpulse_client.core.window_tracker.window_task:_log_window_event:75 - Logging window event for 'router.py - devpulse-server - Visual Studio Code' | Start: 2025-07-25T15:13:19.634346 | End: 2025-07-25T15:13:20.324637 | Duration: 0.7s
2025-07-25 15:13:20 | DEBUG    | devpulse_client.core.window_tracker.window_task:_start_tracking_new_window:68 - Started tracking window: 'tracker_config.py - devpulse-client-v2 - Visual Studio Code'
2025-07-25 15:13:20 | INFO     | devpulse_client.core.window_tracker.window_task:_log_previous_window_if_needed:51 - Window 'tracker_config.py - devpulse-client-v2 - Visual Studio Code' met duration threshold | Start: 2025-07-25T15:13:20.324637 | End: 2025-07-25T15:13:20.721232 | Duration: 0.4s (>= 0s threshold)
2025-07-25 15:13:20 | INFO     | devpulse_client.core.window_tracker.window_task:_log_window_event:75 - Logging window event for 'tracker_config.py - devpulse-client-v2 - Visual Studio Code' | Start: 2025-07-25T15:13:20.324637 | End: 2025-07-25T15:13:20.721232 | Duration: 0.4s
2025-07-25 15:13:20 | DEBUG    | devpulse_client.core.window_tracker.window_task:_start_tracking_new_window:68 - Started tracking window: 'router.py - devpulse-server - Visual Studio Code'
2025-07-25 15:13:21 | INFO     | devpulse_client.core.window_tracker.window_task:_log_previous_window_if_needed:51 - Window 'router.py - devpulse-server - Visual Studio Code' met duration threshold | Start: 2025-07-25T15:13:20.721232 | End: 2025-07-25T15:13:21.853844 | Duration: 1.1s (>= 0s threshold)
2025-07-25 15:13:21 | INFO     | devpulse_client.core.window_tracker.window_task:_log_window_event:75 - Logging window event for 'router.py - devpulse-server - Visual Studio Code' | Start: 2025-07-25T15:13:20.721232 | End: 2025-07-25T15:13:21.853844 | Duration: 1.1s
2025-07-25 15:13:21 | DEBUG    | devpulse_client.core.window_tracker.window_task:_start_tracking_new_window:68 - Started tracking window: 'tracker_config.py - devpulse-client-v2 - Visual Studio Code'
2025-07-25 15:13:22 | INFO     | devpulse_client.core.window_tracker.window_task:_log_previous_window_if_needed:51 - Window 'tracker_config.py - devpulse-client-v2 - Visual Studio Code' met duration threshold | Start: 2025-07-25T15:13:21.853844 | End: 2025-07-25T15:13:22.360576 | Duration: 0.5s (>= 0s threshold)
2025-07-25 15:13:22 | INFO     | devpulse_client.core.window_tracker.window_task:_log_window_event:75 - Logging window event for 'tracker_config.py - devpulse-client-v2 - Visual Studio Code' | Start: 2025-07-25T15:13:21.853844 | End: 2025-07-25T15:13:22.360576 | Duration: 0.5s
2025-07-25 15:13:22 | DEBUG    | devpulse_client.core.window_tracker.window_task:_start_tracking_new_window:68 - Started tracking window: 'router.py - devpulse-server - Visual Studio Code'
2025-07-25 15:13:23 | INFO     | devpulse_client.core.window_tracker.window_task:_log_previous_window_if_needed:51 - Window 'router.py - devpulse-server - Visual Studio Code' met duration threshold | Start: 2025-07-25T15:13:22.360576 | End: 2025-07-25T15:13:23.161233 | Duration: 0.8s (>= 0s threshold)
2025-07-25 15:13:23 | INFO     | devpulse_client.core.window_tracker.window_task:_log_window_event:75 - Logging window event for 'router.py - devpulse-server - Visual Studio Code' | Start: 2025-07-25T15:13:22.360576 | End: 2025-07-25T15:13:23.161233 | Duration: 0.8s
2025-07-25 15:13:23 | DEBUG    | devpulse_client.core.window_tracker.window_task:_start_tracking_new_window:68 - Started tracking window: 'tracker_config.py - devpulse-client-v2 - Visual Studio Code'
2025-07-25 15:13:23 | INFO     | devpulse_client.core.window_tracker.window_task:_log_previous_window_if_needed:51 - Window 'tracker_config.py - devpulse-client-v2 - Visual Studio Code' met duration threshold | Start: 2025-07-25T15:13:23.161233 | End: 2025-07-25T15:13:23.950995 | Duration: 0.8s (>= 0s threshold)
2025-07-25 15:13:23 | INFO     | devpulse_client.core.window_tracker.window_task:_log_window_event:75 - Logging window event for 'tracker_config.py - devpulse-client-v2 - Visual Studio Code' | Start: 2025-07-25T15:13:23.161233 | End: 2025-07-25T15:13:23.950995 | Duration: 0.8s
2025-07-25 15:13:23 | DEBUG    | devpulse_client.core.window_tracker.window_task:_start_tracking_new_window:68 - Started tracking window: 'router.py - devpulse-server - Visual Studio Code'
2025-07-25 15:13:26 | INFO     | devpulse_client.ingest.client.event_client:run:62 - Logging activity: System Stopped
2025-07-25 15:13:26 | ERROR    | devpulse_client.app.app:start:96 - Failed to run tracker: devpulse_client.ingest.models.event_models.EventRequest() argument after ** must be a mapping, not list
2025-07-25 15:13:26 | ERROR    | devpulse_client.cli.commands:run:48 - ❌ Failed to start client
